###############################################################
#  Generated by:      Cadence Innovus 18.10-p002_1
#  OS:                Linux x86_64(Host ID ensc-esil-17)
#  Generated on:      Tue Apr 20 18:54:01 2021
#  Design:            ensc450
#  Command:           report_timing -net -format {instance arc cell slew net annotation load delay arrival} -max_paths 10 > results/timing/04-place.setup.rpt
###############################################################
Path 1: MET Setup Check with Pin My_DMA/raddr_reg_reg[31]/CK 
Endpoint:   My_DMA/raddr_reg_reg[31]/D (v) checked with  leading edge of 'CLK'
Beginpoint: My_DMA/raddr_reg_reg[0]/Q  (v) triggered by  leading edge of 'CLK'
Path Groups: {CLK}
Analysis View: ensc_av
Other End Arrival Time          0.000
- Setup                         0.160
+ Phase Shift                  10.000
= Required Time                 9.840
- Arrival Time                  9.183
= Slack Time                    0.657
     Clock Rise Edge                 0.000
     + Clock Network Latency (Ideal) 0.000
     = Beginpoint Arrival Time       0.000
     +---------------------------------------------------------------------------------------------------------------------------------+ 
     |         Instance         |     Arc      |   Cell   |  Slew |           Net            |    Arc     |   Load   | Delay | Arrival | 
     |                          |              |          |       |                          | Annotation |          |       |  Time   | 
     |--------------------------+--------------+----------+-------+--------------------------+------------+----------+-------+---------| 
     | My_DMA/raddr_reg_reg[0]  | CK ^         |          | 0.000 | clk                      |            | 1512.020 |       |   0.000 | 
     | My_DMA/raddr_reg_reg[0]  | CK ^ -> Q v  | DFF_X1   | 0.031 | My_DMA/raddr_reg[0]      |            |    7.595 | 0.263 |   0.263 | 
     | My_DMA/add_115/U14       |              | NAND2_X1 | 0.031 | My_DMA/raddr_reg[0]      |       SPEF |    7.595 | 0.000 |   0.263 | 
     | My_DMA/add_115/U14       | A2 v -> ZN ^ | NAND2_X1 | 0.034 | My_DMA/add_115/n9        |            |    1.978 | 0.062 |   0.325 | 
     | My_DMA/add_115/U15       |              | INV_X1   | 0.034 | My_DMA/add_115/n9        |       SPEF |    1.978 | 0.000 |   0.325 | 
     | My_DMA/add_115/U15       | A ^ -> ZN v  | INV_X1   | 0.013 | My_DMA/add_115/carry[1]  |            |    2.886 | 0.029 |   0.354 | 
     | My_DMA/add_115/U1_1      |              | FA_X1    | 0.013 | My_DMA/add_115/carry[1]  |       SPEF |    2.886 | 0.000 |   0.354 | 
     | My_DMA/add_115/U1_1      | CI v -> CO v | FA_X1    | 0.054 | My_DMA/add_115/carry[2]  |            |    3.926 | 0.271 |   0.625 | 
     | My_DMA/add_115/U1_2      |              | FA_X1    | 0.054 | My_DMA/add_115/carry[2]  |       SPEF |    3.926 | 0.000 |   0.625 | 
     | My_DMA/add_115/U1_2      | CI v -> CO v | FA_X1    | 0.052 | My_DMA/add_115/carry[3]  |            |    3.546 | 0.285 |   0.910 | 
     | My_DMA/add_115/U1_3      |              | FA_X1    | 0.052 | My_DMA/add_115/carry[3]  |       SPEF |    3.546 | 0.000 |   0.910 | 
     | My_DMA/add_115/U1_3      | CI v -> CO v | FA_X1    | 0.054 | My_DMA/add_115/carry[4]  |            |    4.134 | 0.289 |   1.199 | 
     | My_DMA/add_115/U1_4      |              | FA_X1    | 0.054 | My_DMA/add_115/carry[4]  |       SPEF |    4.134 | 0.000 |   1.199 | 
     | My_DMA/add_115/U1_4      | CI v -> CO v | FA_X1    | 0.052 | My_DMA/add_115/carry[5]  |            |    3.461 | 0.285 |   1.484 | 
     | My_DMA/add_115/U1_5      |              | FA_X1    | 0.052 | My_DMA/add_115/carry[5]  |       SPEF |    3.461 | 0.000 |   1.484 | 
     | My_DMA/add_115/U1_5      | CI v -> CO v | FA_X1    | 0.052 | My_DMA/add_115/carry[6]  |            |    3.471 | 0.283 |   1.768 | 
     | My_DMA/add_115/U1_6      |              | FA_X1    | 0.052 | My_DMA/add_115/carry[6]  |       SPEF |    3.471 | 0.000 |   1.768 | 
     | My_DMA/add_115/U1_6      | CI v -> CO v | FA_X1    | 0.053 | My_DMA/add_115/carry[7]  |            |    3.736 | 0.286 |   2.053 | 
     | My_DMA/add_115/U1_7      |              | FA_X1    | 0.053 | My_DMA/add_115/carry[7]  |       SPEF |    3.736 | 0.000 |   2.054 | 
     | My_DMA/add_115/U1_7      | CI v -> CO v | FA_X1    | 0.054 | My_DMA/add_115/carry[8]  |            |    3.933 | 0.288 |   2.341 | 
     | My_DMA/add_115/U1_8      |              | FA_X1    | 0.054 | My_DMA/add_115/carry[8]  |       SPEF |    3.933 | 0.000 |   2.341 | 
     | My_DMA/add_115/U1_8      | CI v -> CO v | FA_X1    | 0.055 | My_DMA/add_115/carry[9]  |            |    4.311 | 0.291 |   2.632 | 
     | My_DMA/add_115/U1_9      |              | FA_X1    | 0.055 | My_DMA/add_115/carry[9]  |       SPEF |    4.311 | 0.000 |   2.633 | 
     | My_DMA/add_115/U1_9      | CI v -> CO v | FA_X1    | 0.055 | My_DMA/add_115/carry[10] |            |    4.362 | 0.292 |   2.924 | 
     | My_DMA/add_115/U1_10     |              | FA_X1    | 0.055 | My_DMA/add_115/carry[10] |       SPEF |    4.362 | 0.000 |   2.925 | 
     | My_DMA/add_115/U1_10     | CI v -> CO v | FA_X1    | 0.050 | My_DMA/add_115/carry[11] |            |    3.121 | 0.282 |   3.207 | 
     | My_DMA/add_115/U1_11     |              | FA_X1    | 0.050 | My_DMA/add_115/carry[11] |       SPEF |    3.121 | 0.000 |   3.207 | 
     | My_DMA/add_115/U1_11     | CI v -> CO v | FA_X1    | 0.052 | My_DMA/add_115/carry[12] |            |    3.654 | 0.284 |   3.491 | 
     | My_DMA/add_115/U1_12     |              | FA_X1    | 0.052 | My_DMA/add_115/carry[12] |       SPEF |    3.654 | 0.000 |   3.491 | 
     | My_DMA/add_115/U1_12     | CI v -> CO v | FA_X1    | 0.050 | My_DMA/add_115/carry[13] |            |    3.115 | 0.281 |   3.772 | 
     | My_DMA/add_115/U1_13     |              | FA_X1    | 0.050 | My_DMA/add_115/carry[13] |       SPEF |    3.115 | 0.000 |   3.772 | 
     | My_DMA/add_115/U1_13     | CI v -> CO v | FA_X1    | 0.063 | My_DMA/add_115/carry[14] |            |    6.402 | 0.304 |   4.077 | 
     | My_DMA/add_115/U10       |              | NAND2_X1 | 0.063 | My_DMA/add_115/carry[14] |       SPEF |    6.402 | 0.000 |   4.077 | 
     | My_DMA/add_115/U10       | A1 v -> ZN ^ | NAND2_X1 | 0.034 | My_DMA/add_115/n7        |            |    1.893 | 0.072 |   4.149 | 
     | My_DMA/add_115/U12       |              | NAND3_X1 | 0.034 | My_DMA/add_115/n7        |       SPEF |    1.893 | 0.000 |   4.149 | 
     | My_DMA/add_115/U12       | A3 ^ -> ZN v | NAND3_X1 | 0.036 | My_DMA/add_115/carry[15] |            |    3.421 | 0.073 |   4.222 | 
     | My_DMA/add_115/U1_15     |              | FA_X1    | 0.036 | My_DMA/add_115/carry[15] |       SPEF |    3.421 | 0.000 |   4.222 | 
     | My_DMA/add_115/U1_15     | CI v -> CO v | FA_X1    | 0.050 | My_DMA/add_115/carry[16] |            |    3.060 | 0.273 |   4.495 | 
     | My_DMA/add_115/U1_16     |              | FA_X1    | 0.050 | My_DMA/add_115/carry[16] |       SPEF |    3.060 | 0.000 |   4.495 | 
     | My_DMA/add_115/U1_16     | CI v -> CO v | FA_X1    | 0.053 | My_DMA/add_115/carry[17] |            |    3.715 | 0.285 |   4.780 | 
     | My_DMA/add_115/U1_17     |              | FA_X1    | 0.053 | My_DMA/add_115/carry[17] |       SPEF |    3.715 | 0.000 |   4.780 | 
     | My_DMA/add_115/U1_17     | CI v -> CO v | FA_X1    | 0.052 | My_DMA/add_115/carry[18] |            |    3.481 | 0.284 |   5.064 | 
     | My_DMA/add_115/U1_18     |              | FA_X1    | 0.052 | My_DMA/add_115/carry[18] |       SPEF |    3.481 | 0.000 |   5.064 | 
     | My_DMA/add_115/U1_18     | CI v -> CO v | FA_X1    | 0.053 | My_DMA/add_115/carry[19] |            |    3.718 | 0.285 |   5.350 | 
     | My_DMA/add_115/U1_19     |              | FA_X1    | 0.053 | My_DMA/add_115/carry[19] |       SPEF |    3.718 | 0.000 |   5.350 | 
     | My_DMA/add_115/U1_19     | CI v -> CO v | FA_X1    | 0.054 | My_DMA/add_115/carry[20] |            |    4.169 | 0.289 |   5.639 | 
     | My_DMA/add_115/U1_20     |              | FA_X1    | 0.054 | My_DMA/add_115/carry[20] |       SPEF |    4.169 | 0.000 |   5.640 | 
     | My_DMA/add_115/U1_20     | CI v -> CO v | FA_X1    | 0.049 | My_DMA/add_115/carry[21] |            |    2.856 | 0.280 |   5.919 | 
     | My_DMA/add_115/U1_21     |              | FA_X1    | 0.049 | My_DMA/add_115/carry[21] |       SPEF |    2.856 | 0.000 |   5.919 | 
     | My_DMA/add_115/U1_21     | CI v -> CO v | FA_X1    | 0.050 | My_DMA/add_115/carry[22] |            |    3.129 | 0.279 |   6.199 | 
     | My_DMA/add_115/U1_22     |              | FA_X1    | 0.050 | My_DMA/add_115/carry[22] |       SPEF |    3.129 | 0.000 |   6.199 | 
     | My_DMA/add_115/U1_22     | CI v -> CO v | FA_X1    | 0.052 | My_DMA/add_115/carry[23] |            |    3.616 | 0.284 |   6.483 | 
     | My_DMA/add_115/U1_23     |              | FA_X1    | 0.052 | My_DMA/add_115/carry[23] |       SPEF |    3.616 | 0.000 |   6.483 | 
     | My_DMA/add_115/U1_23     | CI v -> CO v | FA_X1    | 0.064 | My_DMA/add_115/carry[24] |            |    6.792 | 0.308 |   6.791 | 
     | My_DMA/add_115/U4        |              | NAND2_X1 | 0.064 | My_DMA/add_115/carry[24] |       SPEF |    6.792 | 0.000 |   6.791 | 
     | My_DMA/add_115/U4        | A1 v -> ZN ^ | NAND2_X1 | 0.034 | My_DMA/add_115/n3        |            |    1.751 | 0.071 |   6.862 | 
     | My_DMA/add_115/U6        |              | NAND3_X1 | 0.034 | My_DMA/add_115/n3        |       SPEF |    1.751 | 0.000 |   6.862 | 
     | My_DMA/add_115/U6        | A3 ^ -> ZN v | NAND3_X1 | 0.040 | My_DMA/add_115/carry[25] |            |    3.954 | 0.077 |   6.939 | 
     | My_DMA/add_115/U1_25     |              | FA_X1    | 0.040 | My_DMA/add_115/carry[25] |       SPEF |    3.954 | 0.000 |   6.939 | 
     | My_DMA/add_115/U1_25     | CI v -> CO v | FA_X1    | 0.052 | My_DMA/add_115/carry[26] |            |    3.488 | 0.278 |   7.218 | 
     | My_DMA/add_115/U1_26     |              | FA_X1    | 0.052 | My_DMA/add_115/carry[26] |       SPEF |    3.488 | 0.000 |   7.218 | 
     | My_DMA/add_115/U1_26     | CI v -> CO v | FA_X1    | 0.051 | My_DMA/add_115/carry[27] |            |    3.384 | 0.283 |   7.501 | 
     | My_DMA/add_115/U1_27     |              | FA_X1    | 0.051 | My_DMA/add_115/carry[27] |       SPEF |    3.384 | 0.000 |   7.501 | 
     | My_DMA/add_115/U1_27     | CI v -> CO v | FA_X1    | 0.054 | My_DMA/add_115/carry[28] |            |    4.012 | 0.287 |   7.788 | 
     | My_DMA/add_115/U1_28     |              | FA_X1    | 0.054 | My_DMA/add_115/carry[28] |       SPEF |    4.012 | 0.000 |   7.788 | 
     | My_DMA/add_115/U1_28     | CI v -> CO v | FA_X1    | 0.051 | My_DMA/add_115/carry[29] |            |    3.254 | 0.283 |   8.071 | 
     | My_DMA/add_115/U1_29     |              | FA_X1    | 0.051 | My_DMA/add_115/carry[29] |       SPEF |    3.254 | 0.000 |   8.071 | 
     | My_DMA/add_115/U1_29     | CI v -> CO v | FA_X1    | 0.054 | My_DMA/add_115/carry[30] |            |    4.012 | 0.287 |   8.359 | 
     | My_DMA/add_115/U1_30     |              | FA_X1    | 0.054 | My_DMA/add_115/carry[30] |       SPEF |    4.012 | 0.000 |   8.359 | 
     | My_DMA/add_115/U1_30     | CI v -> CO v | FA_X1    | 0.051 | My_DMA/add_115/carry[31] |            |    3.189 | 0.282 |   8.641 | 
     | My_DMA/add_115/U1_31     |              | FA_X1    | 0.051 | My_DMA/add_115/carry[31] |       SPEF |    3.189 | 0.000 |   8.641 | 
     | My_DMA/add_115/U1_31     | CI v -> S v  | FA_X1    | 0.055 | My_DMA/N71               |            |    1.896 | 0.352 |   8.993 | 
     | My_DMA/U13               |              | AOI22_X1 | 0.055 | My_DMA/N71               |       SPEF |    1.896 | 0.000 |   8.993 | 
     | My_DMA/U13               | A1 v -> ZN ^ | AOI22_X1 | 0.093 | My_DMA/n23               |            |    1.805 | 0.130 |   9.124 | 
     | My_DMA/U671              |              | NAND2_X1 | 0.093 | My_DMA/n23               |       SPEF |    1.805 | 0.000 |   9.124 | 
     | My_DMA/U671              | A2 ^ -> ZN v | NAND2_X1 | 0.022 | My_DMA/n580              |            |    1.564 | 0.059 |   9.183 | 
     | My_DMA/raddr_reg_reg[31] |              | DFF_X1   | 0.022 | My_DMA/n580              |       SPEF |    1.564 | 0.000 |   9.183 | 
     +---------------------------------------------------------------------------------------------------------------------------------+ 
Path 2: MET Setup Check with Pin My_DMA/waddr_reg_reg[31]/CK 
Endpoint:   My_DMA/waddr_reg_reg[31]/D (v) checked with  leading edge of 'CLK'
Beginpoint: My_DMA/waddr_reg_reg[0]/Q  (v) triggered by  leading edge of 'CLK'
Path Groups: {CLK}
Analysis View: ensc_av
Other End Arrival Time          0.000
- Setup                         0.160
+ Phase Shift                  10.000
= Required Time                 9.840
- Arrival Time                  9.145
= Slack Time                    0.695
     Clock Rise Edge                 0.000
     + Clock Network Latency (Ideal) 0.000
     = Beginpoint Arrival Time       0.000
     +---------------------------------------------------------------------------------------------------------------------------------+ 
     |         Instance         |     Arc      |   Cell   |  Slew |           Net            |    Arc     |   Load   | Delay | Arrival | 
     |                          |              |          |       |                          | Annotation |          |       |  Time   | 
     |--------------------------+--------------+----------+-------+--------------------------+------------+----------+-------+---------| 
     | My_DMA/waddr_reg_reg[0]  | CK ^         |          | 0.000 | clk                      |            | 1512.020 |       |   0.000 | 
     | My_DMA/waddr_reg_reg[0]  | CK ^ -> Q v  | DFF_X1   | 0.031 | My_DMA/waddr_reg[0]      |            |    7.869 | 0.264 |   0.264 | 
     | My_DMA/add_116/U13       |              | NAND2_X2 | 0.031 | My_DMA/waddr_reg[0]      |       SPEF |    7.869 | 0.000 |   0.264 | 
     | My_DMA/add_116/U13       | A2 v -> ZN ^ | NAND2_X2 | 0.032 | My_DMA/add_116/n9        |            |    3.363 | 0.060 |   0.325 | 
     | My_DMA/add_116/U14       |              | INV_X2   | 0.032 | My_DMA/add_116/n9        |       SPEF |    3.363 | 0.000 |   0.325 | 
     | My_DMA/add_116/U14       | A ^ -> ZN v  | INV_X2   | 0.010 | My_DMA/add_116/carry[1]  |            |    3.115 | 0.024 |   0.348 | 
     | My_DMA/add_116/U1_1      |              | FA_X1    | 0.010 | My_DMA/add_116/carry[1]  |       SPEF |    3.115 | 0.000 |   0.348 | 
     | My_DMA/add_116/U1_1      | CI v -> CO v | FA_X1    | 0.049 | My_DMA/add_116/carry[2]  |            |    2.733 | 0.260 |   0.608 | 
     | My_DMA/add_116/U1_2      |              | FA_X1    | 0.049 | My_DMA/add_116/carry[2]  |       SPEF |    2.733 | 0.000 |   0.608 | 
     | My_DMA/add_116/U1_2      | CI v -> CO v | FA_X1    | 0.055 | My_DMA/add_116/carry[3]  |            |    4.385 | 0.289 |   0.897 | 
     | My_DMA/add_116/U1_3      |              | FA_X1    | 0.055 | My_DMA/add_116/carry[3]  |       SPEF |    4.385 | 0.000 |   0.898 | 
     | My_DMA/add_116/U1_3      | CI v -> CO v | FA_X1    | 0.055 | My_DMA/add_116/carry[4]  |            |    4.207 | 0.291 |   1.189 | 
     | My_DMA/add_116/U1_4      |              | FA_X1    | 0.055 | My_DMA/add_116/carry[4]  |       SPEF |    4.207 | 0.000 |   1.189 | 
     | My_DMA/add_116/U1_4      | CI v -> CO v | FA_X1    | 0.049 | My_DMA/add_116/carry[5]  |            |    2.779 | 0.279 |   1.468 | 
     | My_DMA/add_116/U1_5      |              | FA_X1    | 0.049 | My_DMA/add_116/carry[5]  |       SPEF |    2.779 | 0.000 |   1.468 | 
     | My_DMA/add_116/U1_5      | CI v -> CO v | FA_X1    | 0.052 | My_DMA/add_116/carry[6]  |            |    3.643 | 0.283 |   1.751 | 
     | My_DMA/add_116/U1_6      |              | FA_X1    | 0.052 | My_DMA/add_116/carry[6]  |       SPEF |    3.643 | 0.000 |   1.752 | 
     | My_DMA/add_116/U1_6      | CI v -> CO v | FA_X1    | 0.050 | My_DMA/add_116/carry[7]  |            |    2.987 | 0.280 |   2.031 | 
     | My_DMA/add_116/U1_7      |              | FA_X1    | 0.050 | My_DMA/add_116/carry[7]  |       SPEF |    2.987 | 0.000 |   2.031 | 
     | My_DMA/add_116/U1_7      | CI v -> CO v | FA_X1    | 0.051 | My_DMA/add_116/carry[8]  |            |    3.315 | 0.281 |   2.313 | 
     | My_DMA/add_116/U1_8      |              | FA_X1    | 0.051 | My_DMA/add_116/carry[8]  |       SPEF |    3.315 | 0.000 |   2.313 | 
     | My_DMA/add_116/U1_8      | CI v -> CO v | FA_X1    | 0.056 | My_DMA/add_116/carry[9]  |            |    4.430 | 0.291 |   2.603 | 
     | My_DMA/add_116/U1_9      |              | FA_X1    | 0.056 | My_DMA/add_116/carry[9]  |       SPEF |    4.430 | 0.000 |   2.604 | 
     | My_DMA/add_116/U1_9      | CI v -> CO v | FA_X1    | 0.055 | My_DMA/add_116/carry[10] |            |    4.374 | 0.292 |   2.896 | 
     | My_DMA/add_116/U1_10     |              | FA_X1    | 0.055 | My_DMA/add_116/carry[10] |       SPEF |    4.374 | 0.000 |   2.896 | 
     | My_DMA/add_116/U1_10     | CI v -> CO v | FA_X1    | 0.051 | My_DMA/add_116/carry[11] |            |    3.270 | 0.283 |   3.180 | 
     | My_DMA/add_116/U1_11     |              | FA_X1    | 0.051 | My_DMA/add_116/carry[11] |       SPEF |    3.270 | 0.000 |   3.180 | 
     | My_DMA/add_116/U1_11     | CI v -> CO v | FA_X1    | 0.051 | My_DMA/add_116/carry[12] |            |    3.323 | 0.282 |   3.462 | 
     | My_DMA/add_116/U1_12     |              | FA_X1    | 0.051 | My_DMA/add_116/carry[12] |       SPEF |    3.323 | 0.000 |   3.462 | 
     | My_DMA/add_116/U1_12     | CI v -> CO v | FA_X1    | 0.052 | My_DMA/add_116/carry[13] |            |    3.686 | 0.285 |   3.747 | 
     | My_DMA/add_116/U1_13     |              | FA_X1    | 0.052 | My_DMA/add_116/carry[13] |       SPEF |    3.686 | 0.000 |   3.747 | 
     | My_DMA/add_116/U1_13     | CI v -> CO v | FA_X1    | 0.063 | My_DMA/add_116/carry[14] |            |    6.257 | 0.305 |   4.051 | 
     | My_DMA/add_116/U10       |              | NAND2_X1 | 0.063 | My_DMA/add_116/carry[14] |       SPEF |    6.257 | 0.000 |   4.052 | 
     | My_DMA/add_116/U10       | A1 v -> ZN ^ | NAND2_X1 | 0.034 | My_DMA/add_116/n7        |            |    1.926 | 0.072 |   4.124 | 
     | My_DMA/add_116/U12       |              | NAND3_X1 | 0.034 | My_DMA/add_116/n7        |       SPEF |    1.926 | 0.000 |   4.124 | 
     | My_DMA/add_116/U12       | A3 ^ -> ZN v | NAND3_X1 | 0.033 | My_DMA/add_116/carry[15] |            |    2.847 | 0.069 |   4.193 | 
     | My_DMA/add_116/U1_15     |              | FA_X1    | 0.033 | My_DMA/add_116/carry[15] |       SPEF |    2.847 | 0.000 |   4.193 | 
     | My_DMA/add_116/U1_15     | CI v -> CO v | FA_X1    | 0.050 | My_DMA/add_116/carry[16] |            |    3.100 | 0.272 |   4.465 | 
     | My_DMA/add_116/U1_16     |              | FA_X1    | 0.050 | My_DMA/add_116/carry[16] |       SPEF |    3.100 | 0.000 |   4.465 | 
     | My_DMA/add_116/U1_16     | CI v -> CO v | FA_X1    | 0.053 | My_DMA/add_116/carry[17] |            |    3.750 | 0.285 |   4.750 | 
     | My_DMA/add_116/U1_17     |              | FA_X1    | 0.053 | My_DMA/add_116/carry[17] |       SPEF |    3.750 | 0.000 |   4.750 | 
     | My_DMA/add_116/U1_17     | CI v -> CO v | FA_X1    | 0.053 | My_DMA/add_116/carry[18] |            |    3.814 | 0.287 |   5.037 | 
     | My_DMA/add_116/U1_18     |              | FA_X1    | 0.053 | My_DMA/add_116/carry[18] |       SPEF |    3.814 | 0.000 |   5.037 | 
     | My_DMA/add_116/U1_18     | CI v -> CO v | FA_X1    | 0.051 | My_DMA/add_116/carry[19] |            |    3.181 | 0.282 |   5.318 | 
     | My_DMA/add_116/U1_19     |              | FA_X1    | 0.051 | My_DMA/add_116/carry[19] |       SPEF |    3.181 | 0.000 |   5.319 | 
     | My_DMA/add_116/U1_19     | CI v -> CO v | FA_X1    | 0.052 | My_DMA/add_116/carry[20] |            |    3.566 | 0.284 |   5.602 | 
     | My_DMA/add_116/U1_20     |              | FA_X1    | 0.052 | My_DMA/add_116/carry[20] |       SPEF |    3.566 | 0.000 |   5.602 | 
     | My_DMA/add_116/U1_20     | CI v -> CO v | FA_X1    | 0.050 | My_DMA/add_116/carry[21] |            |    3.126 | 0.281 |   5.883 | 
     | My_DMA/add_116/U1_21     |              | FA_X1    | 0.050 | My_DMA/add_116/carry[21] |       SPEF |    3.126 | 0.000 |   5.883 | 
     | My_DMA/add_116/U1_21     | CI v -> CO v | FA_X1    | 0.055 | My_DMA/add_116/carry[22] |            |    4.351 | 0.290 |   6.173 | 
     | My_DMA/add_116/U1_22     |              | FA_X1    | 0.055 | My_DMA/add_116/carry[22] |       SPEF |    4.351 | 0.000 |   6.173 | 
     | My_DMA/add_116/U1_22     | CI v -> CO v | FA_X1    | 0.051 | My_DMA/add_116/carry[23] |            |    3.289 | 0.284 |   6.457 | 
     | My_DMA/add_116/U1_23     |              | FA_X1    | 0.051 | My_DMA/add_116/carry[23] |       SPEF |    3.289 | 0.000 |   6.457 | 
     | My_DMA/add_116/U1_23     | CI v -> CO v | FA_X1    | 0.066 | My_DMA/add_116/carry[24] |            |    7.328 | 0.311 |   6.767 | 
     | My_DMA/add_116/U4        |              | NAND2_X1 | 0.066 | My_DMA/add_116/carry[24] |       SPEF |    7.328 | 0.000 |   6.768 | 
     | My_DMA/add_116/U4        | A1 v -> ZN ^ | NAND2_X1 | 0.034 | My_DMA/add_116/n3        |            |    1.806 | 0.073 |   6.841 | 
     | My_DMA/add_116/U6        |              | NAND3_X1 | 0.034 | My_DMA/add_116/n3        |       SPEF |    1.806 | 0.000 |   6.841 | 
     | My_DMA/add_116/U6        | A3 ^ -> ZN v | NAND3_X1 | 0.036 | My_DMA/add_116/carry[25] |            |    3.424 | 0.073 |   6.914 | 
     | My_DMA/add_116/U1_25     |              | FA_X1    | 0.036 | My_DMA/add_116/carry[25] |       SPEF |    3.424 | 0.000 |   6.914 | 
     | My_DMA/add_116/U1_25     | CI v -> CO v | FA_X1    | 0.052 | My_DMA/add_116/carry[26] |            |    3.437 | 0.276 |   7.190 | 
     | My_DMA/add_116/U1_26     |              | FA_X1    | 0.052 | My_DMA/add_116/carry[26] |       SPEF |    3.437 | 0.000 |   7.190 | 
     | My_DMA/add_116/U1_26     | CI v -> CO v | FA_X1    | 0.050 | My_DMA/add_116/carry[27] |            |    3.048 | 0.280 |   7.470 | 
     | My_DMA/add_116/U1_27     |              | FA_X1    | 0.050 | My_DMA/add_116/carry[27] |       SPEF |    3.048 | 0.000 |   7.470 | 
     | My_DMA/add_116/U1_27     | CI v -> CO v | FA_X1    | 0.053 | My_DMA/add_116/carry[28] |            |    3.805 | 0.285 |   7.755 | 
     | My_DMA/add_116/U1_28     |              | FA_X1    | 0.053 | My_DMA/add_116/carry[28] |       SPEF |    3.805 | 0.000 |   7.756 | 
     | My_DMA/add_116/U1_28     | CI v -> CO v | FA_X1    | 0.051 | My_DMA/add_116/carry[29] |            |    3.406 | 0.284 |   8.039 | 
     | My_DMA/add_116/U1_29     |              | FA_X1    | 0.051 | My_DMA/add_116/carry[29] |       SPEF |    3.406 | 0.000 |   8.039 | 
     | My_DMA/add_116/U1_29     | CI v -> CO v | FA_X1    | 0.052 | My_DMA/add_116/carry[30] |            |    3.424 | 0.283 |   8.322 | 
     | My_DMA/add_116/U1_30     |              | FA_X1    | 0.052 | My_DMA/add_116/carry[30] |       SPEF |    3.424 | 0.000 |   8.322 | 
     | My_DMA/add_116/U1_30     | CI v -> CO v | FA_X1    | 0.050 | My_DMA/add_116/carry[31] |            |    3.077 | 0.280 |   8.602 | 
     | My_DMA/add_116/U1_31     |              | FA_X1    | 0.050 | My_DMA/add_116/carry[31] |       SPEF |    3.077 | 0.000 |   8.603 | 
     | My_DMA/add_116/U1_31     | CI v -> S v  | FA_X1    | 0.054 | My_DMA/N103              |            |    1.627 | 0.349 |   8.951 | 
     | My_DMA/U77               |              | AOI22_X1 | 0.054 | My_DMA/N103              |       SPEF |    1.627 | 0.000 |   8.951 | 
     | My_DMA/U77               | A1 v -> ZN ^ | AOI22_X1 | 0.097 | My_DMA/n89               |            |    2.045 | 0.134 |   9.086 | 
     | My_DMA/U673              |              | NAND2_X1 | 0.097 | My_DMA/n89               |       SPEF |    2.045 | 0.000 |   9.086 | 
     | My_DMA/U673              | A2 ^ -> ZN v | NAND2_X1 | 0.022 | My_DMA/n612              |            |    1.336 | 0.059 |   9.145 | 
     | My_DMA/waddr_reg_reg[31] |              | DFF_X1   | 0.022 | My_DMA/n612              |       SPEF |    1.336 | 0.000 |   9.145 | 
     +---------------------------------------------------------------------------------------------------------------------------------+ 
Path 3: MET Setup Check with Pin my_aes/clock 
Endpoint:   my_aes/keyOrPlain[22] (v) checked with  leading edge of 'CLK'
Beginpoint: EXT_BUSY              (v) triggered by  leading edge of 'CLK'
Path Groups: {CLK}
Analysis View: ensc_av
Other End Arrival Time          0.000
- Setup                         4.374
+ Phase Shift                  10.000
= Required Time                 5.626
- Arrival Time                  4.827
= Slack Time                    0.799
     Clock Rise Edge                      0.000
     + Input Delay                        0.800
     = Beginpoint Arrival Time            0.800
     +-------------------------------------------------------------------------------------------------------------------+ 
     |  Instance   |     Arc      |       Cell       |  Slew |       Net        |    Arc     |  Load   | Delay | Arrival | 
     |             |              |                  |       |                  | Annotation |         |       |  Time   | 
     |-------------+--------------+------------------+-------+------------------+------------+---------+-------+---------| 
     |             | EXT_BUSY v   |                  | 0.100 | EXT_BUSY         |       SPEF |  15.842 |       |   0.800 | 
     | My_bus/U641 |              | AOI22_X1         | 0.100 | EXT_BUSY         |       SPEF |  15.842 | 0.002 |   0.802 | 
     | My_bus/U641 | B1 v -> ZN ^ | AOI22_X1         | 0.085 | My_bus/n319      |            |   1.897 | 0.175 |   0.977 | 
     | My_bus/U640 |              | NOR3_X1          | 0.085 | My_bus/n319      |       SPEF |   1.897 | 0.000 |   0.978 | 
     | My_bus/U640 | A3 ^ -> ZN v | NOR3_X1          | 0.037 | My_bus/n109      |            |   9.814 | 0.082 |   1.059 | 
     | My_bus/U639 |              | AOI21_X1         | 0.038 | My_bus/n109      |       SPEF |   9.814 | 0.000 |   1.060 | 
     | My_bus/U639 | A v -> ZN ^  | AOI21_X1         | 0.156 | My_bus/n20       |            |   6.057 | 0.237 |   1.297 | 
     | My_bus/U638 |              | INV_X1           | 0.156 | My_bus/n20       |       SPEF |   6.057 | 0.000 |   1.297 | 
     | My_bus/U638 | A ^ -> ZN v  | INV_X1           | 0.081 | My_bus/n69       |            |  30.666 | 0.172 |   1.469 | 
     | My_bus/U629 |              | OAI21_X1         | 0.081 | My_bus/n69       |       SPEF |  30.666 | 0.003 |   1.471 | 
     | My_bus/U629 | B1 v -> ZN ^ | OAI21_X1         | 1.355 | My_bus/n110      |            |  77.662 | 1.545 |   3.017 | 
     | My_bus/U598 |              | AOI22_X1         | 1.355 | My_bus/n110      |       SPEF |  77.662 | 0.002 |   3.019 | 
     | My_bus/U598 | A2 ^ -> ZN v | AOI22_X1         | 0.282 | My_bus/n95       |            |  20.946 | 0.589 |   3.608 | 
     | My_bus/U597 |              | AND4_X1          | 0.283 | My_bus/n95       |       SPEF |  20.946 | 0.004 |   3.612 | 
     | My_bus/U597 | A4 v -> ZN v | AND4_X1          | 0.028 | My_bus/n307      |            |   1.403 | 0.280 |   3.892 | 
     | My_bus/U596 |              | AND2_X1          | 0.028 | My_bus/n307      |       SPEF |   1.403 | 0.000 |   3.892 | 
     | My_bus/U596 | A2 v -> ZN v | AND2_X1          | 0.024 | My_bus/n288      |            |   4.246 | 0.120 |   4.012 | 
     | My_bus/U595 |              | AND4_X1          | 0.024 | My_bus/n288      |       SPEF |   4.246 | 0.000 |   4.012 | 
     | My_bus/U595 | A4 v -> ZN v | AND4_X1          | 0.028 | My_bus/n305      |            |   1.035 | 0.130 |   4.142 | 
     | My_bus/U586 |              | AND4_X1          | 0.028 | My_bus/n305      |       SPEF |   1.035 | 0.000 |   4.142 | 
     | My_bus/U586 | A1 v -> ZN v | AND4_X1          | 0.028 | My_bus/n304      |            |   1.545 | 0.114 |   4.256 | 
     | My_bus/U585 |              | NAND3_X1         | 0.028 | My_bus/n304      |       SPEF |   1.545 | 0.000 |   4.256 | 
     | My_bus/U585 | A3 v -> ZN ^ | NAND3_X1         | 0.071 | My_bus/n274      |            |   5.673 | 0.103 |   4.359 | 
     | My_bus/U569 |              | NAND2_X1         | 0.071 | My_bus/n274      |       SPEF |   5.673 | 0.000 |   4.359 | 
     | My_bus/U569 | A1 ^ -> ZN v | NAND2_X1         | 0.035 | My_bus/n272      |            |   4.589 | 0.072 |   4.431 | 
     | My_bus/U29  |              | INV_X2           | 0.035 | My_bus/n272      |       SPEF |   4.589 | 0.000 |   4.431 | 
     | My_bus/U29  | A v -> ZN ^  | INV_X2           | 0.044 | My_bus/n21       |            |   9.095 | 0.073 |   4.504 | 
     | My_bus/U28  |              | NOR2_X2          | 0.044 | My_bus/n21       |       SPEF |   9.095 | 0.000 |   4.504 | 
     | My_bus/U28  | A2 ^ -> ZN v | NOR2_X2          | 0.033 | YOUR_ADDRBUS[29] |            |  24.355 | 0.064 |   4.568 | 
     | My_bus/U32  |              | INV_X8           | 0.034 | YOUR_ADDRBUS[29] |       SPEF |  24.355 | 0.002 |   4.570 | 
     | My_bus/U32  | A v -> ZN ^  | INV_X8           | 0.127 | My_bus/n103      |            | 117.814 | 0.155 |   4.725 | 
     | My_bus/U226 |              | NOR2_X1          | 0.127 | My_bus/n103      |       SPEF | 117.814 | 0.004 |   4.730 | 
     | My_bus/U226 | A2 ^ -> ZN v | NOR2_X1          | 0.088 | YOUR_ADDRBUS[22] |            |   9.700 | 0.095 |   4.825 | 
     | my_aes      |              | aes128keyWrapper | 0.088 | YOUR_ADDRBUS[22] |       SPEF |   9.700 | 0.002 |   4.827 | 
     +-------------------------------------------------------------------------------------------------------------------+ 
Path 4: MET Setup Check with Pin my_aes/clock 
Endpoint:   my_aes/keyOrPlain[23] (v) checked with  leading edge of 'CLK'
Beginpoint: EXT_BUSY              (v) triggered by  leading edge of 'CLK'
Path Groups: {CLK}
Analysis View: ensc_av
Other End Arrival Time          0.000
- Setup                         4.373
+ Phase Shift                  10.000
= Required Time                 5.627
- Arrival Time                  4.827
= Slack Time                    0.801
     Clock Rise Edge                      0.000
     + Input Delay                        0.800
     = Beginpoint Arrival Time            0.800
     +-------------------------------------------------------------------------------------------------------------------+ 
     |  Instance   |     Arc      |       Cell       |  Slew |       Net        |    Arc     |  Load   | Delay | Arrival | 
     |             |              |                  |       |                  | Annotation |         |       |  Time   | 
     |-------------+--------------+------------------+-------+------------------+------------+---------+-------+---------| 
     |             | EXT_BUSY v   |                  | 0.100 | EXT_BUSY         |       SPEF |  15.842 |       |   0.800 | 
     | My_bus/U641 |              | AOI22_X1         | 0.100 | EXT_BUSY         |       SPEF |  15.842 | 0.002 |   0.802 | 
     | My_bus/U641 | B1 v -> ZN ^ | AOI22_X1         | 0.085 | My_bus/n319      |            |   1.897 | 0.175 |   0.977 | 
     | My_bus/U640 |              | NOR3_X1          | 0.085 | My_bus/n319      |       SPEF |   1.897 | 0.000 |   0.978 | 
     | My_bus/U640 | A3 ^ -> ZN v | NOR3_X1          | 0.037 | My_bus/n109      |            |   9.814 | 0.082 |   1.059 | 
     | My_bus/U639 |              | AOI21_X1         | 0.038 | My_bus/n109      |       SPEF |   9.814 | 0.000 |   1.060 | 
     | My_bus/U639 | A v -> ZN ^  | AOI21_X1         | 0.156 | My_bus/n20       |            |   6.057 | 0.237 |   1.297 | 
     | My_bus/U638 |              | INV_X1           | 0.156 | My_bus/n20       |       SPEF |   6.057 | 0.000 |   1.297 | 
     | My_bus/U638 | A ^ -> ZN v  | INV_X1           | 0.081 | My_bus/n69       |            |  30.666 | 0.172 |   1.469 | 
     | My_bus/U629 |              | OAI21_X1         | 0.081 | My_bus/n69       |       SPEF |  30.666 | 0.003 |   1.471 | 
     | My_bus/U629 | B1 v -> ZN ^ | OAI21_X1         | 1.355 | My_bus/n110      |            |  77.662 | 1.545 |   3.017 | 
     | My_bus/U598 |              | AOI22_X1         | 1.355 | My_bus/n110      |       SPEF |  77.662 | 0.002 |   3.019 | 
     | My_bus/U598 | A2 ^ -> ZN v | AOI22_X1         | 0.282 | My_bus/n95       |            |  20.946 | 0.589 |   3.608 | 
     | My_bus/U597 |              | AND4_X1          | 0.283 | My_bus/n95       |       SPEF |  20.946 | 0.004 |   3.612 | 
     | My_bus/U597 | A4 v -> ZN v | AND4_X1          | 0.028 | My_bus/n307      |            |   1.403 | 0.280 |   3.892 | 
     | My_bus/U596 |              | AND2_X1          | 0.028 | My_bus/n307      |       SPEF |   1.403 | 0.000 |   3.892 | 
     | My_bus/U596 | A2 v -> ZN v | AND2_X1          | 0.024 | My_bus/n288      |            |   4.246 | 0.120 |   4.012 | 
     | My_bus/U595 |              | AND4_X1          | 0.024 | My_bus/n288      |       SPEF |   4.246 | 0.000 |   4.012 | 
     | My_bus/U595 | A4 v -> ZN v | AND4_X1          | 0.028 | My_bus/n305      |            |   1.035 | 0.130 |   4.142 | 
     | My_bus/U586 |              | AND4_X1          | 0.028 | My_bus/n305      |       SPEF |   1.035 | 0.000 |   4.142 | 
     | My_bus/U586 | A1 v -> ZN v | AND4_X1          | 0.028 | My_bus/n304      |            |   1.545 | 0.114 |   4.256 | 
     | My_bus/U585 |              | NAND3_X1         | 0.028 | My_bus/n304      |       SPEF |   1.545 | 0.000 |   4.256 | 
     | My_bus/U585 | A3 v -> ZN ^ | NAND3_X1         | 0.071 | My_bus/n274      |            |   5.673 | 0.103 |   4.359 | 
     | My_bus/U569 |              | NAND2_X1         | 0.071 | My_bus/n274      |       SPEF |   5.673 | 0.000 |   4.359 | 
     | My_bus/U569 | A1 ^ -> ZN v | NAND2_X1         | 0.035 | My_bus/n272      |            |   4.589 | 0.072 |   4.431 | 
     | My_bus/U29  |              | INV_X2           | 0.035 | My_bus/n272      |       SPEF |   4.589 | 0.000 |   4.431 | 
     | My_bus/U29  | A v -> ZN ^  | INV_X2           | 0.044 | My_bus/n21       |            |   9.095 | 0.073 |   4.504 | 
     | My_bus/U28  |              | NOR2_X2          | 0.044 | My_bus/n21       |       SPEF |   9.095 | 0.000 |   4.504 | 
     | My_bus/U28  | A2 ^ -> ZN v | NOR2_X2          | 0.033 | YOUR_ADDRBUS[29] |            |  24.355 | 0.064 |   4.568 | 
     | My_bus/U32  |              | INV_X8           | 0.034 | YOUR_ADDRBUS[29] |       SPEF |  24.355 | 0.002 |   4.570 | 
     | My_bus/U32  | A v -> ZN ^  | INV_X8           | 0.127 | My_bus/n103      |            | 117.814 | 0.155 |   4.725 | 
     | My_bus/U225 |              | NOR2_X1          | 0.127 | My_bus/n103      |       SPEF | 117.814 | 0.004 |   4.730 | 
     | My_bus/U225 | A2 ^ -> ZN v | NOR2_X1          | 0.079 | YOUR_ADDRBUS[23] |            |   9.630 | 0.095 |   4.825 | 
     | my_aes      |              | aes128keyWrapper | 0.079 | YOUR_ADDRBUS[23] |       SPEF |   9.630 | 0.002 |   4.827 | 
     +-------------------------------------------------------------------------------------------------------------------+ 
Path 5: MET Setup Check with Pin my_aes/clock 
Endpoint:   my_aes/keyOrPlain[21] (v) checked with  leading edge of 'CLK'
Beginpoint: EXT_BUSY              (v) triggered by  leading edge of 'CLK'
Path Groups: {CLK}
Analysis View: ensc_av
Other End Arrival Time          0.000
- Setup                         4.300
+ Phase Shift                  10.000
= Required Time                 5.700
- Arrival Time                  4.825
= Slack Time                    0.875
     Clock Rise Edge                      0.000
     + Input Delay                        0.800
     = Beginpoint Arrival Time            0.800
     +-------------------------------------------------------------------------------------------------------------------+ 
     |  Instance   |     Arc      |       Cell       |  Slew |       Net        |    Arc     |  Load   | Delay | Arrival | 
     |             |              |                  |       |                  | Annotation |         |       |  Time   | 
     |-------------+--------------+------------------+-------+------------------+------------+---------+-------+---------| 
     |             | EXT_BUSY v   |                  | 0.100 | EXT_BUSY         |       SPEF |  15.842 |       |   0.800 | 
     | My_bus/U641 |              | AOI22_X1         | 0.100 | EXT_BUSY         |       SPEF |  15.842 | 0.002 |   0.802 | 
     | My_bus/U641 | B1 v -> ZN ^ | AOI22_X1         | 0.085 | My_bus/n319      |            |   1.897 | 0.175 |   0.977 | 
     | My_bus/U640 |              | NOR3_X1          | 0.085 | My_bus/n319      |       SPEF |   1.897 | 0.000 |   0.978 | 
     | My_bus/U640 | A3 ^ -> ZN v | NOR3_X1          | 0.037 | My_bus/n109      |            |   9.814 | 0.082 |   1.059 | 
     | My_bus/U639 |              | AOI21_X1         | 0.038 | My_bus/n109      |       SPEF |   9.814 | 0.000 |   1.060 | 
     | My_bus/U639 | A v -> ZN ^  | AOI21_X1         | 0.156 | My_bus/n20       |            |   6.057 | 0.237 |   1.297 | 
     | My_bus/U638 |              | INV_X1           | 0.156 | My_bus/n20       |       SPEF |   6.057 | 0.000 |   1.297 | 
     | My_bus/U638 | A ^ -> ZN v  | INV_X1           | 0.081 | My_bus/n69       |            |  30.666 | 0.172 |   1.469 | 
     | My_bus/U629 |              | OAI21_X1         | 0.081 | My_bus/n69       |       SPEF |  30.666 | 0.003 |   1.471 | 
     | My_bus/U629 | B1 v -> ZN ^ | OAI21_X1         | 1.355 | My_bus/n110      |            |  77.662 | 1.545 |   3.017 | 
     | My_bus/U598 |              | AOI22_X1         | 1.355 | My_bus/n110      |       SPEF |  77.662 | 0.002 |   3.019 | 
     | My_bus/U598 | A2 ^ -> ZN v | AOI22_X1         | 0.282 | My_bus/n95       |            |  20.946 | 0.589 |   3.608 | 
     | My_bus/U597 |              | AND4_X1          | 0.283 | My_bus/n95       |       SPEF |  20.946 | 0.004 |   3.612 | 
     | My_bus/U597 | A4 v -> ZN v | AND4_X1          | 0.028 | My_bus/n307      |            |   1.403 | 0.280 |   3.892 | 
     | My_bus/U596 |              | AND2_X1          | 0.028 | My_bus/n307      |       SPEF |   1.403 | 0.000 |   3.892 | 
     | My_bus/U596 | A2 v -> ZN v | AND2_X1          | 0.024 | My_bus/n288      |            |   4.246 | 0.120 |   4.012 | 
     | My_bus/U595 |              | AND4_X1          | 0.024 | My_bus/n288      |       SPEF |   4.246 | 0.000 |   4.012 | 
     | My_bus/U595 | A4 v -> ZN v | AND4_X1          | 0.028 | My_bus/n305      |            |   1.035 | 0.130 |   4.142 | 
     | My_bus/U586 |              | AND4_X1          | 0.028 | My_bus/n305      |       SPEF |   1.035 | 0.000 |   4.142 | 
     | My_bus/U586 | A1 v -> ZN v | AND4_X1          | 0.028 | My_bus/n304      |            |   1.545 | 0.114 |   4.256 | 
     | My_bus/U585 |              | NAND3_X1         | 0.028 | My_bus/n304      |       SPEF |   1.545 | 0.000 |   4.256 | 
     | My_bus/U585 | A3 v -> ZN ^ | NAND3_X1         | 0.071 | My_bus/n274      |            |   5.673 | 0.103 |   4.359 | 
     | My_bus/U569 |              | NAND2_X1         | 0.071 | My_bus/n274      |       SPEF |   5.673 | 0.000 |   4.359 | 
     | My_bus/U569 | A1 ^ -> ZN v | NAND2_X1         | 0.035 | My_bus/n272      |            |   4.589 | 0.072 |   4.431 | 
     | My_bus/U29  |              | INV_X2           | 0.035 | My_bus/n272      |       SPEF |   4.589 | 0.000 |   4.431 | 
     | My_bus/U29  | A v -> ZN ^  | INV_X2           | 0.044 | My_bus/n21       |            |   9.095 | 0.073 |   4.504 | 
     | My_bus/U28  |              | NOR2_X2          | 0.044 | My_bus/n21       |       SPEF |   9.095 | 0.000 |   4.504 | 
     | My_bus/U28  | A2 ^ -> ZN v | NOR2_X2          | 0.033 | YOUR_ADDRBUS[29] |            |  24.355 | 0.064 |   4.568 | 
     | My_bus/U32  |              | INV_X8           | 0.034 | YOUR_ADDRBUS[29] |       SPEF |  24.355 | 0.002 |   4.570 | 
     | My_bus/U32  | A v -> ZN ^  | INV_X8           | 0.127 | My_bus/n103      |            | 117.814 | 0.155 |   4.725 | 
     | My_bus/U227 |              | NOR2_X1          | 0.127 | My_bus/n103      |       SPEF | 117.814 | 0.004 |   4.729 | 
     | My_bus/U227 | A2 ^ -> ZN v | NOR2_X1          | 0.097 | YOUR_ADDRBUS[21] |            |   9.343 | 0.094 |   4.823 | 
     | my_aes      |              | aes128keyWrapper | 0.097 | YOUR_ADDRBUS[21] |       SPEF |   9.343 | 0.002 |   4.825 | 
     +-------------------------------------------------------------------------------------------------------------------+ 
Path 6: MET Setup Check with Pin My_DMA/raddr_reg_reg[30]/CK 
Endpoint:   My_DMA/raddr_reg_reg[30]/D (v) checked with  leading edge of 'CLK'
Beginpoint: My_DMA/raddr_reg_reg[0]/Q  (v) triggered by  leading edge of 'CLK'
Path Groups: {CLK}
Analysis View: ensc_av
Other End Arrival Time          0.000
- Setup                         0.184
+ Phase Shift                  10.000
= Required Time                 9.816
- Arrival Time                  8.915
= Slack Time                    0.901
     Clock Rise Edge                 0.000
     + Clock Network Latency (Ideal) 0.000
     = Beginpoint Arrival Time       0.000
     +---------------------------------------------------------------------------------------------------------------------------------+ 
     |         Instance         |     Arc      |   Cell   |  Slew |           Net            |    Arc     |   Load   | Delay | Arrival | 
     |                          |              |          |       |                          | Annotation |          |       |  Time   | 
     |--------------------------+--------------+----------+-------+--------------------------+------------+----------+-------+---------| 
     | My_DMA/raddr_reg_reg[0]  | CK ^         |          | 0.000 | clk                      |            | 1512.020 |       |   0.000 | 
     | My_DMA/raddr_reg_reg[0]  | CK ^ -> Q v  | DFF_X1   | 0.031 | My_DMA/raddr_reg[0]      |            |    7.595 | 0.263 |   0.263 | 
     | My_DMA/add_115/U14       |              | NAND2_X1 | 0.031 | My_DMA/raddr_reg[0]      |       SPEF |    7.595 | 0.000 |   0.263 | 
     | My_DMA/add_115/U14       | A2 v -> ZN ^ | NAND2_X1 | 0.034 | My_DMA/add_115/n9        |            |    1.978 | 0.062 |   0.325 | 
     | My_DMA/add_115/U15       |              | INV_X1   | 0.034 | My_DMA/add_115/n9        |       SPEF |    1.978 | 0.000 |   0.325 | 
     | My_DMA/add_115/U15       | A ^ -> ZN v  | INV_X1   | 0.013 | My_DMA/add_115/carry[1]  |            |    2.886 | 0.029 |   0.354 | 
     | My_DMA/add_115/U1_1      |              | FA_X1    | 0.013 | My_DMA/add_115/carry[1]  |       SPEF |    2.886 | 0.000 |   0.354 | 
     | My_DMA/add_115/U1_1      | CI v -> CO v | FA_X1    | 0.054 | My_DMA/add_115/carry[2]  |            |    3.926 | 0.271 |   0.625 | 
     | My_DMA/add_115/U1_2      |              | FA_X1    | 0.054 | My_DMA/add_115/carry[2]  |       SPEF |    3.926 | 0.000 |   0.625 | 
     | My_DMA/add_115/U1_2      | CI v -> CO v | FA_X1    | 0.052 | My_DMA/add_115/carry[3]  |            |    3.546 | 0.285 |   0.910 | 
     | My_DMA/add_115/U1_3      |              | FA_X1    | 0.052 | My_DMA/add_115/carry[3]  |       SPEF |    3.546 | 0.000 |   0.910 | 
     | My_DMA/add_115/U1_3      | CI v -> CO v | FA_X1    | 0.054 | My_DMA/add_115/carry[4]  |            |    4.134 | 0.289 |   1.199 | 
     | My_DMA/add_115/U1_4      |              | FA_X1    | 0.054 | My_DMA/add_115/carry[4]  |       SPEF |    4.134 | 0.000 |   1.199 | 
     | My_DMA/add_115/U1_4      | CI v -> CO v | FA_X1    | 0.052 | My_DMA/add_115/carry[5]  |            |    3.461 | 0.285 |   1.484 | 
     | My_DMA/add_115/U1_5      |              | FA_X1    | 0.052 | My_DMA/add_115/carry[5]  |       SPEF |    3.461 | 0.000 |   1.484 | 
     | My_DMA/add_115/U1_5      | CI v -> CO v | FA_X1    | 0.052 | My_DMA/add_115/carry[6]  |            |    3.471 | 0.283 |   1.768 | 
     | My_DMA/add_115/U1_6      |              | FA_X1    | 0.052 | My_DMA/add_115/carry[6]  |       SPEF |    3.471 | 0.000 |   1.768 | 
     | My_DMA/add_115/U1_6      | CI v -> CO v | FA_X1    | 0.053 | My_DMA/add_115/carry[7]  |            |    3.736 | 0.286 |   2.053 | 
     | My_DMA/add_115/U1_7      |              | FA_X1    | 0.053 | My_DMA/add_115/carry[7]  |       SPEF |    3.736 | 0.000 |   2.054 | 
     | My_DMA/add_115/U1_7      | CI v -> CO v | FA_X1    | 0.054 | My_DMA/add_115/carry[8]  |            |    3.933 | 0.288 |   2.341 | 
     | My_DMA/add_115/U1_8      |              | FA_X1    | 0.054 | My_DMA/add_115/carry[8]  |       SPEF |    3.933 | 0.000 |   2.341 | 
     | My_DMA/add_115/U1_8      | CI v -> CO v | FA_X1    | 0.055 | My_DMA/add_115/carry[9]  |            |    4.311 | 0.291 |   2.632 | 
     | My_DMA/add_115/U1_9      |              | FA_X1    | 0.055 | My_DMA/add_115/carry[9]  |       SPEF |    4.311 | 0.000 |   2.633 | 
     | My_DMA/add_115/U1_9      | CI v -> CO v | FA_X1    | 0.055 | My_DMA/add_115/carry[10] |            |    4.362 | 0.292 |   2.924 | 
     | My_DMA/add_115/U1_10     |              | FA_X1    | 0.055 | My_DMA/add_115/carry[10] |       SPEF |    4.362 | 0.000 |   2.925 | 
     | My_DMA/add_115/U1_10     | CI v -> CO v | FA_X1    | 0.050 | My_DMA/add_115/carry[11] |            |    3.121 | 0.282 |   3.207 | 
     | My_DMA/add_115/U1_11     |              | FA_X1    | 0.050 | My_DMA/add_115/carry[11] |       SPEF |    3.121 | 0.000 |   3.207 | 
     | My_DMA/add_115/U1_11     | CI v -> CO v | FA_X1    | 0.052 | My_DMA/add_115/carry[12] |            |    3.654 | 0.284 |   3.491 | 
     | My_DMA/add_115/U1_12     |              | FA_X1    | 0.052 | My_DMA/add_115/carry[12] |       SPEF |    3.654 | 0.000 |   3.491 | 
     | My_DMA/add_115/U1_12     | CI v -> CO v | FA_X1    | 0.050 | My_DMA/add_115/carry[13] |            |    3.115 | 0.281 |   3.772 | 
     | My_DMA/add_115/U1_13     |              | FA_X1    | 0.050 | My_DMA/add_115/carry[13] |       SPEF |    3.115 | 0.000 |   3.772 | 
     | My_DMA/add_115/U1_13     | CI v -> CO v | FA_X1    | 0.063 | My_DMA/add_115/carry[14] |            |    6.402 | 0.304 |   4.077 | 
     | My_DMA/add_115/U10       |              | NAND2_X1 | 0.063 | My_DMA/add_115/carry[14] |       SPEF |    6.402 | 0.000 |   4.077 | 
     | My_DMA/add_115/U10       | A1 v -> ZN ^ | NAND2_X1 | 0.034 | My_DMA/add_115/n7        |            |    1.893 | 0.072 |   4.149 | 
     | My_DMA/add_115/U12       |              | NAND3_X1 | 0.034 | My_DMA/add_115/n7        |       SPEF |    1.893 | 0.000 |   4.149 | 
     | My_DMA/add_115/U12       | A3 ^ -> ZN v | NAND3_X1 | 0.036 | My_DMA/add_115/carry[15] |            |    3.421 | 0.073 |   4.222 | 
     | My_DMA/add_115/U1_15     |              | FA_X1    | 0.036 | My_DMA/add_115/carry[15] |       SPEF |    3.421 | 0.000 |   4.222 | 
     | My_DMA/add_115/U1_15     | CI v -> CO v | FA_X1    | 0.050 | My_DMA/add_115/carry[16] |            |    3.060 | 0.273 |   4.495 | 
     | My_DMA/add_115/U1_16     |              | FA_X1    | 0.050 | My_DMA/add_115/carry[16] |       SPEF |    3.060 | 0.000 |   4.496 | 
     | My_DMA/add_115/U1_16     | CI v -> CO v | FA_X1    | 0.053 | My_DMA/add_115/carry[17] |            |    3.715 | 0.285 |   4.780 | 
     | My_DMA/add_115/U1_17     |              | FA_X1    | 0.053 | My_DMA/add_115/carry[17] |       SPEF |    3.715 | 0.000 |   4.780 | 
     | My_DMA/add_115/U1_17     | CI v -> CO v | FA_X1    | 0.052 | My_DMA/add_115/carry[18] |            |    3.481 | 0.284 |   5.064 | 
     | My_DMA/add_115/U1_18     |              | FA_X1    | 0.052 | My_DMA/add_115/carry[18] |       SPEF |    3.481 | 0.000 |   5.064 | 
     | My_DMA/add_115/U1_18     | CI v -> CO v | FA_X1    | 0.053 | My_DMA/add_115/carry[19] |            |    3.718 | 0.285 |   5.350 | 
     | My_DMA/add_115/U1_19     |              | FA_X1    | 0.053 | My_DMA/add_115/carry[19] |       SPEF |    3.718 | 0.000 |   5.350 | 
     | My_DMA/add_115/U1_19     | CI v -> CO v | FA_X1    | 0.054 | My_DMA/add_115/carry[20] |            |    4.169 | 0.289 |   5.639 | 
     | My_DMA/add_115/U1_20     |              | FA_X1    | 0.054 | My_DMA/add_115/carry[20] |       SPEF |    4.169 | 0.000 |   5.640 | 
     | My_DMA/add_115/U1_20     | CI v -> CO v | FA_X1    | 0.049 | My_DMA/add_115/carry[21] |            |    2.856 | 0.280 |   5.919 | 
     | My_DMA/add_115/U1_21     |              | FA_X1    | 0.049 | My_DMA/add_115/carry[21] |       SPEF |    2.856 | 0.000 |   5.919 | 
     | My_DMA/add_115/U1_21     | CI v -> CO v | FA_X1    | 0.050 | My_DMA/add_115/carry[22] |            |    3.129 | 0.279 |   6.199 | 
     | My_DMA/add_115/U1_22     |              | FA_X1    | 0.050 | My_DMA/add_115/carry[22] |       SPEF |    3.129 | 0.000 |   6.199 | 
     | My_DMA/add_115/U1_22     | CI v -> CO v | FA_X1    | 0.052 | My_DMA/add_115/carry[23] |            |    3.616 | 0.284 |   6.483 | 
     | My_DMA/add_115/U1_23     |              | FA_X1    | 0.052 | My_DMA/add_115/carry[23] |       SPEF |    3.616 | 0.000 |   6.483 | 
     | My_DMA/add_115/U1_23     | CI v -> CO v | FA_X1    | 0.064 | My_DMA/add_115/carry[24] |            |    6.792 | 0.308 |   6.791 | 
     | My_DMA/add_115/U4        |              | NAND2_X1 | 0.064 | My_DMA/add_115/carry[24] |       SPEF |    6.792 | 0.000 |   6.791 | 
     | My_DMA/add_115/U4        | A1 v -> ZN ^ | NAND2_X1 | 0.034 | My_DMA/add_115/n3        |            |    1.751 | 0.071 |   6.862 | 
     | My_DMA/add_115/U6        |              | NAND3_X1 | 0.034 | My_DMA/add_115/n3        |       SPEF |    1.751 | 0.000 |   6.862 | 
     | My_DMA/add_115/U6        | A3 ^ -> ZN v | NAND3_X1 | 0.040 | My_DMA/add_115/carry[25] |            |    3.954 | 0.077 |   6.939 | 
     | My_DMA/add_115/U1_25     |              | FA_X1    | 0.040 | My_DMA/add_115/carry[25] |       SPEF |    3.954 | 0.000 |   6.939 | 
     | My_DMA/add_115/U1_25     | CI v -> CO v | FA_X1    | 0.052 | My_DMA/add_115/carry[26] |            |    3.488 | 0.278 |   7.218 | 
     | My_DMA/add_115/U1_26     |              | FA_X1    | 0.052 | My_DMA/add_115/carry[26] |       SPEF |    3.488 | 0.000 |   7.218 | 
     | My_DMA/add_115/U1_26     | CI v -> CO v | FA_X1    | 0.051 | My_DMA/add_115/carry[27] |            |    3.384 | 0.283 |   7.501 | 
     | My_DMA/add_115/U1_27     |              | FA_X1    | 0.051 | My_DMA/add_115/carry[27] |       SPEF |    3.384 | 0.000 |   7.501 | 
     | My_DMA/add_115/U1_27     | CI v -> CO v | FA_X1    | 0.054 | My_DMA/add_115/carry[28] |            |    4.012 | 0.287 |   7.788 | 
     | My_DMA/add_115/U1_28     |              | FA_X1    | 0.054 | My_DMA/add_115/carry[28] |       SPEF |    4.012 | 0.000 |   7.788 | 
     | My_DMA/add_115/U1_28     | CI v -> CO v | FA_X1    | 0.051 | My_DMA/add_115/carry[29] |            |    3.254 | 0.283 |   8.071 | 
     | My_DMA/add_115/U1_29     |              | FA_X1    | 0.051 | My_DMA/add_115/carry[29] |       SPEF |    3.254 | 0.000 |   8.071 | 
     | My_DMA/add_115/U1_29     | CI v -> CO v | FA_X1    | 0.054 | My_DMA/add_115/carry[30] |            |    4.012 | 0.287 |   8.359 | 
     | My_DMA/add_115/U1_30     |              | FA_X1    | 0.054 | My_DMA/add_115/carry[30] |       SPEF |    4.012 | 0.000 |   8.359 | 
     | My_DMA/add_115/U1_30     | CI v -> S v  | FA_X1    | 0.055 | My_DMA/N70               |            |    1.978 | 0.354 |   8.713 | 
     | My_DMA/U15               |              | AOI22_X1 | 0.055 | My_DMA/N70               |       SPEF |    1.978 | 0.000 |   8.713 | 
     | My_DMA/U15               | A1 v -> ZN ^ | AOI22_X1 | 0.093 | My_DMA/n27               |            |    1.804 | 0.130 |   8.844 | 
     | My_DMA/U14               |              | OAI21_X1 | 0.093 | My_DMA/n27               |       SPEF |    1.804 | 0.000 |   8.844 | 
     | My_DMA/U14               | A ^ -> ZN v  | OAI21_X1 | 0.067 | My_DMA/n581              |            |    1.260 | 0.071 |   8.915 | 
     | My_DMA/raddr_reg_reg[30] |              | DFF_X1   | 0.067 | My_DMA/n581              |       SPEF |    1.260 | 0.000 |   8.915 | 
     +---------------------------------------------------------------------------------------------------------------------------------+ 
Path 7: MET Setup Check with Pin My_DMA/waddr_reg_reg[30]/CK 
Endpoint:   My_DMA/waddr_reg_reg[30]/D (v) checked with  leading edge of 'CLK'
Beginpoint: My_DMA/waddr_reg_reg[0]/Q  (v) triggered by  leading edge of 'CLK'
Path Groups: {CLK}
Analysis View: ensc_av
Other End Arrival Time          0.000
- Setup                         0.183
+ Phase Shift                  10.000
= Required Time                 9.817
- Arrival Time                  8.879
= Slack Time                    0.938
     Clock Rise Edge                 0.000
     + Clock Network Latency (Ideal) 0.000
     = Beginpoint Arrival Time       0.000
     +---------------------------------------------------------------------------------------------------------------------------------+ 
     |         Instance         |     Arc      |   Cell   |  Slew |           Net            |    Arc     |   Load   | Delay | Arrival | 
     |                          |              |          |       |                          | Annotation |          |       |  Time   | 
     |--------------------------+--------------+----------+-------+--------------------------+------------+----------+-------+---------| 
     | My_DMA/waddr_reg_reg[0]  | CK ^         |          | 0.000 | clk                      |            | 1512.020 |       |   0.000 | 
     | My_DMA/waddr_reg_reg[0]  | CK ^ -> Q v  | DFF_X1   | 0.031 | My_DMA/waddr_reg[0]      |            |    7.869 | 0.264 |   0.264 | 
     | My_DMA/add_116/U13       |              | NAND2_X2 | 0.031 | My_DMA/waddr_reg[0]      |       SPEF |    7.869 | 0.000 |   0.264 | 
     | My_DMA/add_116/U13       | A2 v -> ZN ^ | NAND2_X2 | 0.032 | My_DMA/add_116/n9        |            |    3.363 | 0.060 |   0.325 | 
     | My_DMA/add_116/U14       |              | INV_X2   | 0.032 | My_DMA/add_116/n9        |       SPEF |    3.363 | 0.000 |   0.325 | 
     | My_DMA/add_116/U14       | A ^ -> ZN v  | INV_X2   | 0.010 | My_DMA/add_116/carry[1]  |            |    3.115 | 0.024 |   0.348 | 
     | My_DMA/add_116/U1_1      |              | FA_X1    | 0.010 | My_DMA/add_116/carry[1]  |       SPEF |    3.115 | 0.000 |   0.348 | 
     | My_DMA/add_116/U1_1      | CI v -> CO v | FA_X1    | 0.049 | My_DMA/add_116/carry[2]  |            |    2.733 | 0.260 |   0.608 | 
     | My_DMA/add_116/U1_2      |              | FA_X1    | 0.049 | My_DMA/add_116/carry[2]  |       SPEF |    2.733 | 0.000 |   0.608 | 
     | My_DMA/add_116/U1_2      | CI v -> CO v | FA_X1    | 0.055 | My_DMA/add_116/carry[3]  |            |    4.385 | 0.289 |   0.897 | 
     | My_DMA/add_116/U1_3      |              | FA_X1    | 0.055 | My_DMA/add_116/carry[3]  |       SPEF |    4.385 | 0.000 |   0.898 | 
     | My_DMA/add_116/U1_3      | CI v -> CO v | FA_X1    | 0.055 | My_DMA/add_116/carry[4]  |            |    4.207 | 0.291 |   1.189 | 
     | My_DMA/add_116/U1_4      |              | FA_X1    | 0.055 | My_DMA/add_116/carry[4]  |       SPEF |    4.207 | 0.000 |   1.189 | 
     | My_DMA/add_116/U1_4      | CI v -> CO v | FA_X1    | 0.049 | My_DMA/add_116/carry[5]  |            |    2.779 | 0.279 |   1.468 | 
     | My_DMA/add_116/U1_5      |              | FA_X1    | 0.049 | My_DMA/add_116/carry[5]  |       SPEF |    2.779 | 0.000 |   1.468 | 
     | My_DMA/add_116/U1_5      | CI v -> CO v | FA_X1    | 0.052 | My_DMA/add_116/carry[6]  |            |    3.643 | 0.283 |   1.751 | 
     | My_DMA/add_116/U1_6      |              | FA_X1    | 0.052 | My_DMA/add_116/carry[6]  |       SPEF |    3.643 | 0.000 |   1.752 | 
     | My_DMA/add_116/U1_6      | CI v -> CO v | FA_X1    | 0.050 | My_DMA/add_116/carry[7]  |            |    2.987 | 0.280 |   2.031 | 
     | My_DMA/add_116/U1_7      |              | FA_X1    | 0.050 | My_DMA/add_116/carry[7]  |       SPEF |    2.987 | 0.000 |   2.031 | 
     | My_DMA/add_116/U1_7      | CI v -> CO v | FA_X1    | 0.051 | My_DMA/add_116/carry[8]  |            |    3.315 | 0.281 |   2.313 | 
     | My_DMA/add_116/U1_8      |              | FA_X1    | 0.051 | My_DMA/add_116/carry[8]  |       SPEF |    3.315 | 0.000 |   2.313 | 
     | My_DMA/add_116/U1_8      | CI v -> CO v | FA_X1    | 0.056 | My_DMA/add_116/carry[9]  |            |    4.430 | 0.291 |   2.603 | 
     | My_DMA/add_116/U1_9      |              | FA_X1    | 0.056 | My_DMA/add_116/carry[9]  |       SPEF |    4.430 | 0.000 |   2.604 | 
     | My_DMA/add_116/U1_9      | CI v -> CO v | FA_X1    | 0.055 | My_DMA/add_116/carry[10] |            |    4.374 | 0.292 |   2.896 | 
     | My_DMA/add_116/U1_10     |              | FA_X1    | 0.055 | My_DMA/add_116/carry[10] |       SPEF |    4.374 | 0.000 |   2.896 | 
     | My_DMA/add_116/U1_10     | CI v -> CO v | FA_X1    | 0.051 | My_DMA/add_116/carry[11] |            |    3.270 | 0.283 |   3.180 | 
     | My_DMA/add_116/U1_11     |              | FA_X1    | 0.051 | My_DMA/add_116/carry[11] |       SPEF |    3.270 | 0.000 |   3.180 | 
     | My_DMA/add_116/U1_11     | CI v -> CO v | FA_X1    | 0.051 | My_DMA/add_116/carry[12] |            |    3.323 | 0.282 |   3.462 | 
     | My_DMA/add_116/U1_12     |              | FA_X1    | 0.051 | My_DMA/add_116/carry[12] |       SPEF |    3.323 | 0.000 |   3.462 | 
     | My_DMA/add_116/U1_12     | CI v -> CO v | FA_X1    | 0.052 | My_DMA/add_116/carry[13] |            |    3.686 | 0.285 |   3.747 | 
     | My_DMA/add_116/U1_13     |              | FA_X1    | 0.052 | My_DMA/add_116/carry[13] |       SPEF |    3.686 | 0.000 |   3.747 | 
     | My_DMA/add_116/U1_13     | CI v -> CO v | FA_X1    | 0.063 | My_DMA/add_116/carry[14] |            |    6.257 | 0.305 |   4.052 | 
     | My_DMA/add_116/U10       |              | NAND2_X1 | 0.063 | My_DMA/add_116/carry[14] |       SPEF |    6.257 | 0.000 |   4.052 | 
     | My_DMA/add_116/U10       | A1 v -> ZN ^ | NAND2_X1 | 0.034 | My_DMA/add_116/n7        |            |    1.926 | 0.072 |   4.124 | 
     | My_DMA/add_116/U12       |              | NAND3_X1 | 0.034 | My_DMA/add_116/n7        |       SPEF |    1.926 | 0.000 |   4.124 | 
     | My_DMA/add_116/U12       | A3 ^ -> ZN v | NAND3_X1 | 0.033 | My_DMA/add_116/carry[15] |            |    2.847 | 0.069 |   4.193 | 
     | My_DMA/add_116/U1_15     |              | FA_X1    | 0.033 | My_DMA/add_116/carry[15] |       SPEF |    2.847 | 0.000 |   4.193 | 
     | My_DMA/add_116/U1_15     | CI v -> CO v | FA_X1    | 0.050 | My_DMA/add_116/carry[16] |            |    3.100 | 0.272 |   4.465 | 
     | My_DMA/add_116/U1_16     |              | FA_X1    | 0.050 | My_DMA/add_116/carry[16] |       SPEF |    3.100 | 0.000 |   4.465 | 
     | My_DMA/add_116/U1_16     | CI v -> CO v | FA_X1    | 0.053 | My_DMA/add_116/carry[17] |            |    3.750 | 0.285 |   4.750 | 
     | My_DMA/add_116/U1_17     |              | FA_X1    | 0.053 | My_DMA/add_116/carry[17] |       SPEF |    3.750 | 0.000 |   4.750 | 
     | My_DMA/add_116/U1_17     | CI v -> CO v | FA_X1    | 0.053 | My_DMA/add_116/carry[18] |            |    3.814 | 0.287 |   5.037 | 
     | My_DMA/add_116/U1_18     |              | FA_X1    | 0.053 | My_DMA/add_116/carry[18] |       SPEF |    3.814 | 0.000 |   5.037 | 
     | My_DMA/add_116/U1_18     | CI v -> CO v | FA_X1    | 0.051 | My_DMA/add_116/carry[19] |            |    3.181 | 0.282 |   5.318 | 
     | My_DMA/add_116/U1_19     |              | FA_X1    | 0.051 | My_DMA/add_116/carry[19] |       SPEF |    3.181 | 0.000 |   5.319 | 
     | My_DMA/add_116/U1_19     | CI v -> CO v | FA_X1    | 0.052 | My_DMA/add_116/carry[20] |            |    3.566 | 0.284 |   5.602 | 
     | My_DMA/add_116/U1_20     |              | FA_X1    | 0.052 | My_DMA/add_116/carry[20] |       SPEF |    3.566 | 0.000 |   5.602 | 
     | My_DMA/add_116/U1_20     | CI v -> CO v | FA_X1    | 0.050 | My_DMA/add_116/carry[21] |            |    3.126 | 0.281 |   5.883 | 
     | My_DMA/add_116/U1_21     |              | FA_X1    | 0.050 | My_DMA/add_116/carry[21] |       SPEF |    3.126 | 0.000 |   5.883 | 
     | My_DMA/add_116/U1_21     | CI v -> CO v | FA_X1    | 0.055 | My_DMA/add_116/carry[22] |            |    4.351 | 0.290 |   6.173 | 
     | My_DMA/add_116/U1_22     |              | FA_X1    | 0.055 | My_DMA/add_116/carry[22] |       SPEF |    4.351 | 0.000 |   6.173 | 
     | My_DMA/add_116/U1_22     | CI v -> CO v | FA_X1    | 0.051 | My_DMA/add_116/carry[23] |            |    3.289 | 0.284 |   6.457 | 
     | My_DMA/add_116/U1_23     |              | FA_X1    | 0.051 | My_DMA/add_116/carry[23] |       SPEF |    3.289 | 0.000 |   6.457 | 
     | My_DMA/add_116/U1_23     | CI v -> CO v | FA_X1    | 0.066 | My_DMA/add_116/carry[24] |            |    7.328 | 0.311 |   6.767 | 
     | My_DMA/add_116/U4        |              | NAND2_X1 | 0.066 | My_DMA/add_116/carry[24] |       SPEF |    7.328 | 0.000 |   6.768 | 
     | My_DMA/add_116/U4        | A1 v -> ZN ^ | NAND2_X1 | 0.034 | My_DMA/add_116/n3        |            |    1.806 | 0.073 |   6.841 | 
     | My_DMA/add_116/U6        |              | NAND3_X1 | 0.034 | My_DMA/add_116/n3        |       SPEF |    1.806 | 0.000 |   6.841 | 
     | My_DMA/add_116/U6        | A3 ^ -> ZN v | NAND3_X1 | 0.036 | My_DMA/add_116/carry[25] |            |    3.424 | 0.073 |   6.914 | 
     | My_DMA/add_116/U1_25     |              | FA_X1    | 0.036 | My_DMA/add_116/carry[25] |       SPEF |    3.424 | 0.000 |   6.914 | 
     | My_DMA/add_116/U1_25     | CI v -> CO v | FA_X1    | 0.052 | My_DMA/add_116/carry[26] |            |    3.437 | 0.276 |   7.190 | 
     | My_DMA/add_116/U1_26     |              | FA_X1    | 0.052 | My_DMA/add_116/carry[26] |       SPEF |    3.437 | 0.000 |   7.190 | 
     | My_DMA/add_116/U1_26     | CI v -> CO v | FA_X1    | 0.050 | My_DMA/add_116/carry[27] |            |    3.048 | 0.280 |   7.470 | 
     | My_DMA/add_116/U1_27     |              | FA_X1    | 0.050 | My_DMA/add_116/carry[27] |       SPEF |    3.048 | 0.000 |   7.470 | 
     | My_DMA/add_116/U1_27     | CI v -> CO v | FA_X1    | 0.053 | My_DMA/add_116/carry[28] |            |    3.805 | 0.285 |   7.755 | 
     | My_DMA/add_116/U1_28     |              | FA_X1    | 0.053 | My_DMA/add_116/carry[28] |       SPEF |    3.805 | 0.000 |   7.756 | 
     | My_DMA/add_116/U1_28     | CI v -> CO v | FA_X1    | 0.051 | My_DMA/add_116/carry[29] |            |    3.406 | 0.284 |   8.039 | 
     | My_DMA/add_116/U1_29     |              | FA_X1    | 0.051 | My_DMA/add_116/carry[29] |       SPEF |    3.406 | 0.000 |   8.039 | 
     | My_DMA/add_116/U1_29     | CI v -> CO v | FA_X1    | 0.052 | My_DMA/add_116/carry[30] |            |    3.424 | 0.283 |   8.322 | 
     | My_DMA/add_116/U1_30     |              | FA_X1    | 0.052 | My_DMA/add_116/carry[30] |       SPEF |    3.424 | 0.000 |   8.322 | 
     | My_DMA/add_116/U1_30     | CI v -> S v  | FA_X1    | 0.055 | My_DMA/N102              |            |    1.773 | 0.351 |   8.674 | 
     | My_DMA/U79               |              | AOI22_X1 | 0.055 | My_DMA/N102              |       SPEF |    1.773 | 0.000 |   8.674 | 
     | My_DMA/U79               | A1 v -> ZN ^ | AOI22_X1 | 0.095 | My_DMA/n91               |            |    1.954 | 0.133 |   8.807 | 
     | My_DMA/U78               |              | OAI21_X1 | 0.095 | My_DMA/n91               |       SPEF |    1.954 | 0.000 |   8.807 | 
     | My_DMA/U78               | A ^ -> ZN v  | OAI21_X1 | 0.067 | My_DMA/n613              |            |    1.203 | 0.072 |   8.879 | 
     | My_DMA/waddr_reg_reg[30] |              | DFF_X1   | 0.067 | My_DMA/n613              |       SPEF |    1.203 | 0.000 |   8.879 | 
     +---------------------------------------------------------------------------------------------------------------------------------+ 
Path 8: MET Setup Check with Pin my_aes/clock 
Endpoint:   my_aes/keyOrPlain[27] (v) checked with  leading edge of 'CLK'
Beginpoint: EXT_BUSY              (v) triggered by  leading edge of 'CLK'
Path Groups: {CLK}
Analysis View: ensc_av
Other End Arrival Time          0.000
- Setup                         4.227
+ Phase Shift                  10.000
= Required Time                 5.773
- Arrival Time                  4.825
= Slack Time                    0.948
     Clock Rise Edge                      0.000
     + Input Delay                        0.800
     = Beginpoint Arrival Time            0.800
     +-------------------------------------------------------------------------------------------------------------------+ 
     |  Instance   |     Arc      |       Cell       |  Slew |       Net        |    Arc     |  Load   | Delay | Arrival | 
     |             |              |                  |       |                  | Annotation |         |       |  Time   | 
     |-------------+--------------+------------------+-------+------------------+------------+---------+-------+---------| 
     |             | EXT_BUSY v   |                  | 0.100 | EXT_BUSY         |       SPEF |  15.842 |       |   0.800 | 
     | My_bus/U641 |              | AOI22_X1         | 0.100 | EXT_BUSY         |       SPEF |  15.842 | 0.002 |   0.802 | 
     | My_bus/U641 | B1 v -> ZN ^ | AOI22_X1         | 0.085 | My_bus/n319      |            |   1.897 | 0.175 |   0.977 | 
     | My_bus/U640 |              | NOR3_X1          | 0.085 | My_bus/n319      |       SPEF |   1.897 | 0.000 |   0.978 | 
     | My_bus/U640 | A3 ^ -> ZN v | NOR3_X1          | 0.037 | My_bus/n109      |            |   9.814 | 0.082 |   1.059 | 
     | My_bus/U639 |              | AOI21_X1         | 0.038 | My_bus/n109      |       SPEF |   9.814 | 0.000 |   1.060 | 
     | My_bus/U639 | A v -> ZN ^  | AOI21_X1         | 0.156 | My_bus/n20       |            |   6.057 | 0.237 |   1.297 | 
     | My_bus/U638 |              | INV_X1           | 0.156 | My_bus/n20       |       SPEF |   6.057 | 0.000 |   1.297 | 
     | My_bus/U638 | A ^ -> ZN v  | INV_X1           | 0.081 | My_bus/n69       |            |  30.666 | 0.172 |   1.469 | 
     | My_bus/U629 |              | OAI21_X1         | 0.081 | My_bus/n69       |       SPEF |  30.666 | 0.003 |   1.471 | 
     | My_bus/U629 | B1 v -> ZN ^ | OAI21_X1         | 1.355 | My_bus/n110      |            |  77.662 | 1.545 |   3.017 | 
     | My_bus/U598 |              | AOI22_X1         | 1.355 | My_bus/n110      |       SPEF |  77.662 | 0.002 |   3.019 | 
     | My_bus/U598 | A2 ^ -> ZN v | AOI22_X1         | 0.282 | My_bus/n95       |            |  20.946 | 0.589 |   3.608 | 
     | My_bus/U597 |              | AND4_X1          | 0.283 | My_bus/n95       |       SPEF |  20.946 | 0.004 |   3.612 | 
     | My_bus/U597 | A4 v -> ZN v | AND4_X1          | 0.028 | My_bus/n307      |            |   1.403 | 0.280 |   3.892 | 
     | My_bus/U596 |              | AND2_X1          | 0.028 | My_bus/n307      |       SPEF |   1.403 | 0.000 |   3.892 | 
     | My_bus/U596 | A2 v -> ZN v | AND2_X1          | 0.024 | My_bus/n288      |            |   4.246 | 0.120 |   4.012 | 
     | My_bus/U595 |              | AND4_X1          | 0.024 | My_bus/n288      |       SPEF |   4.246 | 0.000 |   4.012 | 
     | My_bus/U595 | A4 v -> ZN v | AND4_X1          | 0.028 | My_bus/n305      |            |   1.035 | 0.130 |   4.142 | 
     | My_bus/U586 |              | AND4_X1          | 0.028 | My_bus/n305      |       SPEF |   1.035 | 0.000 |   4.142 | 
     | My_bus/U586 | A1 v -> ZN v | AND4_X1          | 0.028 | My_bus/n304      |            |   1.545 | 0.114 |   4.256 | 
     | My_bus/U585 |              | NAND3_X1         | 0.028 | My_bus/n304      |       SPEF |   1.545 | 0.000 |   4.256 | 
     | My_bus/U585 | A3 v -> ZN ^ | NAND3_X1         | 0.071 | My_bus/n274      |            |   5.673 | 0.103 |   4.359 | 
     | My_bus/U569 |              | NAND2_X1         | 0.071 | My_bus/n274      |       SPEF |   5.673 | 0.000 |   4.359 | 
     | My_bus/U569 | A1 ^ -> ZN v | NAND2_X1         | 0.035 | My_bus/n272      |            |   4.589 | 0.072 |   4.431 | 
     | My_bus/U29  |              | INV_X2           | 0.035 | My_bus/n272      |       SPEF |   4.589 | 0.000 |   4.431 | 
     | My_bus/U29  | A v -> ZN ^  | INV_X2           | 0.044 | My_bus/n21       |            |   9.095 | 0.073 |   4.504 | 
     | My_bus/U28  |              | NOR2_X2          | 0.044 | My_bus/n21       |       SPEF |   9.095 | 0.000 |   4.504 | 
     | My_bus/U28  | A2 ^ -> ZN v | NOR2_X2          | 0.033 | YOUR_ADDRBUS[29] |            |  24.355 | 0.064 |   4.568 | 
     | My_bus/U32  |              | INV_X8           | 0.034 | YOUR_ADDRBUS[29] |       SPEF |  24.355 | 0.002 |   4.570 | 
     | My_bus/U32  | A v -> ZN ^  | INV_X8           | 0.127 | My_bus/n103      |            | 117.814 | 0.155 |   4.725 | 
     | My_bus/U221 |              | NOR2_X1          | 0.127 | My_bus/n103      |       SPEF | 117.814 | 0.004 |   4.730 | 
     | My_bus/U221 | A2 ^ -> ZN v | NOR2_X1          | 0.090 | YOUR_ADDRBUS[27] |            |   9.322 | 0.094 |   4.823 | 
     | my_aes      |              | aes128keyWrapper | 0.090 | YOUR_ADDRBUS[27] |       SPEF |   9.322 | 0.002 |   4.825 | 
     +-------------------------------------------------------------------------------------------------------------------+ 
Path 9: MET Setup Check with Pin my_aes/clock 
Endpoint:   my_aes/keyOrPlain[26] (v) checked with  leading edge of 'CLK'
Beginpoint: EXT_BUSY              (v) triggered by  leading edge of 'CLK'
Path Groups: {CLK}
Analysis View: ensc_av
Other End Arrival Time          0.000
- Setup                         4.228
+ Phase Shift                  10.000
= Required Time                 5.772
- Arrival Time                  4.821
= Slack Time                    0.951
     Clock Rise Edge                      0.000
     + Input Delay                        0.800
     = Beginpoint Arrival Time            0.800
     +-------------------------------------------------------------------------------------------------------------------+ 
     |  Instance   |     Arc      |       Cell       |  Slew |       Net        |    Arc     |  Load   | Delay | Arrival | 
     |             |              |                  |       |                  | Annotation |         |       |  Time   | 
     |-------------+--------------+------------------+-------+------------------+------------+---------+-------+---------| 
     |             | EXT_BUSY v   |                  | 0.100 | EXT_BUSY         |       SPEF |  15.842 |       |   0.800 | 
     | My_bus/U641 |              | AOI22_X1         | 0.100 | EXT_BUSY         |       SPEF |  15.842 | 0.002 |   0.802 | 
     | My_bus/U641 | B1 v -> ZN ^ | AOI22_X1         | 0.085 | My_bus/n319      |            |   1.897 | 0.175 |   0.977 | 
     | My_bus/U640 |              | NOR3_X1          | 0.085 | My_bus/n319      |       SPEF |   1.897 | 0.000 |   0.978 | 
     | My_bus/U640 | A3 ^ -> ZN v | NOR3_X1          | 0.037 | My_bus/n109      |            |   9.814 | 0.082 |   1.059 | 
     | My_bus/U639 |              | AOI21_X1         | 0.038 | My_bus/n109      |       SPEF |   9.814 | 0.000 |   1.060 | 
     | My_bus/U639 | A v -> ZN ^  | AOI21_X1         | 0.156 | My_bus/n20       |            |   6.057 | 0.237 |   1.297 | 
     | My_bus/U638 |              | INV_X1           | 0.156 | My_bus/n20       |       SPEF |   6.057 | 0.000 |   1.297 | 
     | My_bus/U638 | A ^ -> ZN v  | INV_X1           | 0.081 | My_bus/n69       |            |  30.666 | 0.172 |   1.469 | 
     | My_bus/U629 |              | OAI21_X1         | 0.081 | My_bus/n69       |       SPEF |  30.666 | 0.003 |   1.471 | 
     | My_bus/U629 | B1 v -> ZN ^ | OAI21_X1         | 1.355 | My_bus/n110      |            |  77.662 | 1.545 |   3.017 | 
     | My_bus/U598 |              | AOI22_X1         | 1.355 | My_bus/n110      |       SPEF |  77.662 | 0.002 |   3.019 | 
     | My_bus/U598 | A2 ^ -> ZN v | AOI22_X1         | 0.282 | My_bus/n95       |            |  20.946 | 0.589 |   3.608 | 
     | My_bus/U597 |              | AND4_X1          | 0.283 | My_bus/n95       |       SPEF |  20.946 | 0.004 |   3.612 | 
     | My_bus/U597 | A4 v -> ZN v | AND4_X1          | 0.028 | My_bus/n307      |            |   1.403 | 0.280 |   3.892 | 
     | My_bus/U596 |              | AND2_X1          | 0.028 | My_bus/n307      |       SPEF |   1.403 | 0.000 |   3.892 | 
     | My_bus/U596 | A2 v -> ZN v | AND2_X1          | 0.024 | My_bus/n288      |            |   4.246 | 0.120 |   4.012 | 
     | My_bus/U595 |              | AND4_X1          | 0.024 | My_bus/n288      |       SPEF |   4.246 | 0.000 |   4.012 | 
     | My_bus/U595 | A4 v -> ZN v | AND4_X1          | 0.028 | My_bus/n305      |            |   1.035 | 0.130 |   4.142 | 
     | My_bus/U586 |              | AND4_X1          | 0.028 | My_bus/n305      |       SPEF |   1.035 | 0.000 |   4.142 | 
     | My_bus/U586 | A1 v -> ZN v | AND4_X1          | 0.028 | My_bus/n304      |            |   1.545 | 0.114 |   4.256 | 
     | My_bus/U585 |              | NAND3_X1         | 0.028 | My_bus/n304      |       SPEF |   1.545 | 0.000 |   4.256 | 
     | My_bus/U585 | A3 v -> ZN ^ | NAND3_X1         | 0.071 | My_bus/n274      |            |   5.673 | 0.103 |   4.359 | 
     | My_bus/U569 |              | NAND2_X1         | 0.071 | My_bus/n274      |       SPEF |   5.673 | 0.000 |   4.359 | 
     | My_bus/U569 | A1 ^ -> ZN v | NAND2_X1         | 0.035 | My_bus/n272      |            |   4.589 | 0.072 |   4.431 | 
     | My_bus/U29  |              | INV_X2           | 0.035 | My_bus/n272      |       SPEF |   4.589 | 0.000 |   4.431 | 
     | My_bus/U29  | A v -> ZN ^  | INV_X2           | 0.044 | My_bus/n21       |            |   9.095 | 0.073 |   4.504 | 
     | My_bus/U28  |              | NOR2_X2          | 0.044 | My_bus/n21       |       SPEF |   9.095 | 0.000 |   4.504 | 
     | My_bus/U28  | A2 ^ -> ZN v | NOR2_X2          | 0.033 | YOUR_ADDRBUS[29] |            |  24.355 | 0.064 |   4.568 | 
     | My_bus/U32  |              | INV_X8           | 0.034 | YOUR_ADDRBUS[29] |       SPEF |  24.355 | 0.002 |   4.570 | 
     | My_bus/U32  | A v -> ZN ^  | INV_X8           | 0.127 | My_bus/n103      |            | 117.814 | 0.155 |   4.725 | 
     | My_bus/U222 |              | NOR2_X1          | 0.127 | My_bus/n103      |       SPEF | 117.814 | 0.004 |   4.729 | 
     | My_bus/U222 | A2 ^ -> ZN v | NOR2_X1          | 0.083 | YOUR_ADDRBUS[26] |            |   8.631 | 0.091 |   4.820 | 
     | my_aes      |              | aes128keyWrapper | 0.083 | YOUR_ADDRBUS[26] |       SPEF |   8.631 | 0.002 |   4.821 | 
     +-------------------------------------------------------------------------------------------------------------------+ 
Path 10: MET Setup Check with Pin my_aes/clock 
Endpoint:   my_aes/keyOrPlain[31] (v) checked with  leading edge of 'CLK'
Beginpoint: EXT_BUSY              (v) triggered by  leading edge of 'CLK'
Path Groups: {CLK}
Analysis View: ensc_av
Other End Arrival Time          0.000
- Setup                         4.219
+ Phase Shift                  10.000
= Required Time                 5.781
- Arrival Time                  4.821
= Slack Time                    0.960
     Clock Rise Edge                      0.000
     + Input Delay                        0.800
     = Beginpoint Arrival Time            0.800
     +-------------------------------------------------------------------------------------------------------------------+ 
     |  Instance   |     Arc      |       Cell       |  Slew |       Net        |    Arc     |  Load   | Delay | Arrival | 
     |             |              |                  |       |                  | Annotation |         |       |  Time   | 
     |-------------+--------------+------------------+-------+------------------+------------+---------+-------+---------| 
     |             | EXT_BUSY v   |                  | 0.100 | EXT_BUSY         |       SPEF |  15.842 |       |   0.800 | 
     | My_bus/U641 |              | AOI22_X1         | 0.100 | EXT_BUSY         |       SPEF |  15.842 | 0.002 |   0.802 | 
     | My_bus/U641 | B1 v -> ZN ^ | AOI22_X1         | 0.085 | My_bus/n319      |            |   1.897 | 0.175 |   0.977 | 
     | My_bus/U640 |              | NOR3_X1          | 0.085 | My_bus/n319      |       SPEF |   1.897 | 0.000 |   0.978 | 
     | My_bus/U640 | A3 ^ -> ZN v | NOR3_X1          | 0.037 | My_bus/n109      |            |   9.814 | 0.082 |   1.059 | 
     | My_bus/U639 |              | AOI21_X1         | 0.038 | My_bus/n109      |       SPEF |   9.814 | 0.000 |   1.060 | 
     | My_bus/U639 | A v -> ZN ^  | AOI21_X1         | 0.156 | My_bus/n20       |            |   6.057 | 0.237 |   1.297 | 
     | My_bus/U638 |              | INV_X1           | 0.156 | My_bus/n20       |       SPEF |   6.057 | 0.000 |   1.297 | 
     | My_bus/U638 | A ^ -> ZN v  | INV_X1           | 0.081 | My_bus/n69       |            |  30.666 | 0.172 |   1.469 | 
     | My_bus/U629 |              | OAI21_X1         | 0.081 | My_bus/n69       |       SPEF |  30.666 | 0.003 |   1.471 | 
     | My_bus/U629 | B1 v -> ZN ^ | OAI21_X1         | 1.355 | My_bus/n110      |            |  77.662 | 1.545 |   3.017 | 
     | My_bus/U598 |              | AOI22_X1         | 1.355 | My_bus/n110      |       SPEF |  77.662 | 0.002 |   3.019 | 
     | My_bus/U598 | A2 ^ -> ZN v | AOI22_X1         | 0.282 | My_bus/n95       |            |  20.946 | 0.589 |   3.608 | 
     | My_bus/U597 |              | AND4_X1          | 0.283 | My_bus/n95       |       SPEF |  20.946 | 0.004 |   3.612 | 
     | My_bus/U597 | A4 v -> ZN v | AND4_X1          | 0.028 | My_bus/n307      |            |   1.403 | 0.280 |   3.892 | 
     | My_bus/U596 |              | AND2_X1          | 0.028 | My_bus/n307      |       SPEF |   1.403 | 0.000 |   3.892 | 
     | My_bus/U596 | A2 v -> ZN v | AND2_X1          | 0.024 | My_bus/n288      |            |   4.246 | 0.120 |   4.012 | 
     | My_bus/U595 |              | AND4_X1          | 0.024 | My_bus/n288      |       SPEF |   4.246 | 0.000 |   4.012 | 
     | My_bus/U595 | A4 v -> ZN v | AND4_X1          | 0.028 | My_bus/n305      |            |   1.035 | 0.130 |   4.142 | 
     | My_bus/U586 |              | AND4_X1          | 0.028 | My_bus/n305      |       SPEF |   1.035 | 0.000 |   4.142 | 
     | My_bus/U586 | A1 v -> ZN v | AND4_X1          | 0.028 | My_bus/n304      |            |   1.545 | 0.114 |   4.256 | 
     | My_bus/U585 |              | NAND3_X1         | 0.028 | My_bus/n304      |       SPEF |   1.545 | 0.000 |   4.256 | 
     | My_bus/U585 | A3 v -> ZN ^ | NAND3_X1         | 0.071 | My_bus/n274      |            |   5.673 | 0.103 |   4.359 | 
     | My_bus/U569 |              | NAND2_X1         | 0.071 | My_bus/n274      |       SPEF |   5.673 | 0.000 |   4.359 | 
     | My_bus/U569 | A1 ^ -> ZN v | NAND2_X1         | 0.035 | My_bus/n272      |            |   4.589 | 0.072 |   4.431 | 
     | My_bus/U29  |              | INV_X2           | 0.035 | My_bus/n272      |       SPEF |   4.589 | 0.000 |   4.431 | 
     | My_bus/U29  | A v -> ZN ^  | INV_X2           | 0.044 | My_bus/n21       |            |   9.095 | 0.073 |   4.504 | 
     | My_bus/U28  |              | NOR2_X2          | 0.044 | My_bus/n21       |       SPEF |   9.095 | 0.000 |   4.504 | 
     | My_bus/U28  | A2 ^ -> ZN v | NOR2_X2          | 0.033 | YOUR_ADDRBUS[29] |            |  24.355 | 0.064 |   4.568 | 
     | My_bus/U32  |              | INV_X8           | 0.034 | YOUR_ADDRBUS[29] |       SPEF |  24.355 | 0.002 |   4.570 | 
     | My_bus/U32  | A v -> ZN ^  | INV_X8           | 0.127 | My_bus/n103      |            | 117.814 | 0.155 |   4.725 | 
     | My_bus/U217 |              | NOR2_X1          | 0.127 | My_bus/n103      |       SPEF | 117.814 | 0.002 |   4.727 | 
     | My_bus/U217 | A2 ^ -> ZN v | NOR2_X1          | 0.090 | YOUR_ADDRBUS[31] |            |   8.932 | 0.092 |   4.819 | 
     | my_aes      |              | aes128keyWrapper | 0.090 | YOUR_ADDRBUS[31] |       SPEF |   8.932 | 0.002 |   4.821 | 
     +-------------------------------------------------------------------------------------------------------------------+ 

