###############################################################
#  Generated by:      Cadence Innovus 18.10-p002_1
#  OS:                Linux x86_64(Host ID ensc-esil-17)
#  Generated on:      Tue Apr 20 18:54:30 2021
#  Design:            ensc450
#  Command:           report_timing -net -format {instance arc cell slew net annotation load delay arrival} -max_paths 10 > results/timing/05-postPlaceOpt.rpt
###############################################################
Path 1: MET Setup Check with Pin My_DMA/raddr_reg_reg[31]/CK 
Endpoint:   My_DMA/raddr_reg_reg[31]/D (v) checked with  leading edge of 'CLK'
Beginpoint: My_DMA/raddr_reg_reg[0]/Q  (v) triggered by  leading edge of 'CLK'
Path Groups: {CLK}
Analysis View: ensc_av
Other End Arrival Time          0.000
- Setup                         0.160
+ Phase Shift                  10.000
= Required Time                 9.840
- Arrival Time                  9.120
= Slack Time                    0.720
     Clock Rise Edge                 0.000
     + Clock Network Latency (Ideal) 0.000
     = Beginpoint Arrival Time       0.000
     +---------------------------------------------------------------------------------------------------------------------------------+ 
     |         Instance         |     Arc      |   Cell   |  Slew |           Net            |    Arc     |   Load   | Delay | Arrival | 
     |                          |              |          |       |                          | Annotation |          |       |  Time   | 
     |--------------------------+--------------+----------+-------+--------------------------+------------+----------+-------+---------| 
     | My_DMA/raddr_reg_reg[0]  | CK ^         |          | 0.000 | clk                      |            | 1523.374 |       |   0.000 | 
     | My_DMA/raddr_reg_reg[0]  | CK ^ -> Q v  | DFF_X1   | 0.029 | My_DMA/raddr_reg[0]      |            |    6.826 | 0.260 |   0.260 | 
     | My_DMA/add_115/U14       |              | NAND2_X1 | 0.029 | My_DMA/raddr_reg[0]      |       SPEF |    6.826 | 0.000 |   0.260 | 
     | My_DMA/add_115/U14       | A2 v -> ZN ^ | NAND2_X1 | 0.032 | My_DMA/add_115/n9        |            |    1.727 | 0.059 |   0.319 | 
     | My_DMA/add_115/U15       |              | INV_X1   | 0.032 | My_DMA/add_115/n9        |       SPEF |    1.727 | 0.000 |   0.319 | 
     | My_DMA/add_115/U15       | A ^ -> ZN v  | INV_X1   | 0.012 | My_DMA/add_115/carry[1]  |            |    2.946 | 0.029 |   0.348 | 
     | My_DMA/add_115/U1_1      |              | FA_X1    | 0.012 | My_DMA/add_115/carry[1]  |       SPEF |    2.946 | 0.000 |   0.348 | 
     | My_DMA/add_115/U1_1      | CI v -> CO v | FA_X1    | 0.051 | My_DMA/add_115/carry[2]  |            |    3.340 | 0.266 |   0.614 | 
     | My_DMA/add_115/U1_2      |              | FA_X1    | 0.051 | My_DMA/add_115/carry[2]  |       SPEF |    3.340 | 0.000 |   0.614 | 
     | My_DMA/add_115/U1_2      | CI v -> CO v | FA_X1    | 0.051 | My_DMA/add_115/carry[3]  |            |    3.398 | 0.283 |   0.897 | 
     | My_DMA/add_115/U1_3      |              | FA_X1    | 0.051 | My_DMA/add_115/carry[3]  |       SPEF |    3.398 | 0.000 |   0.897 | 
     | My_DMA/add_115/U1_3      | CI v -> CO v | FA_X1    | 0.055 | My_DMA/add_115/carry[4]  |            |    4.424 | 0.291 |   1.188 | 
     | My_DMA/add_115/U1_4      |              | FA_X1    | 0.056 | My_DMA/add_115/carry[4]  |       SPEF |    4.424 | 0.000 |   1.188 | 
     | My_DMA/add_115/U1_4      | CI v -> CO v | FA_X1    | 0.049 | My_DMA/add_115/carry[5]  |            |    2.925 | 0.281 |   1.469 | 
     | My_DMA/add_115/U1_5      |              | FA_X1    | 0.049 | My_DMA/add_115/carry[5]  |       SPEF |    2.925 | 0.000 |   1.469 | 
     | My_DMA/add_115/U1_5      | CI v -> CO v | FA_X1    | 0.050 | My_DMA/add_115/carry[6]  |            |    2.995 | 0.278 |   1.747 | 
     | My_DMA/add_115/U1_6      |              | FA_X1    | 0.050 | My_DMA/add_115/carry[6]  |       SPEF |    2.995 | 0.000 |   1.747 | 
     | My_DMA/add_115/U1_6      | CI v -> CO v | FA_X1    | 0.052 | My_DMA/add_115/carry[7]  |            |    3.431 | 0.282 |   2.029 | 
     | My_DMA/add_115/U1_7      |              | FA_X1    | 0.052 | My_DMA/add_115/carry[7]  |       SPEF |    3.431 | 0.000 |   2.030 | 
     | My_DMA/add_115/U1_7      | CI v -> CO v | FA_X1    | 0.052 | My_DMA/add_115/carry[8]  |            |    3.524 | 0.284 |   2.313 | 
     | My_DMA/add_115/U1_8      |              | FA_X1    | 0.052 | My_DMA/add_115/carry[8]  |       SPEF |    3.524 | 0.000 |   2.314 | 
     | My_DMA/add_115/U1_8      | CI v -> CO v | FA_X1    | 0.053 | My_DMA/add_115/carry[9]  |            |    3.826 | 0.286 |   2.600 | 
     | My_DMA/add_115/U1_9      |              | FA_X1    | 0.053 | My_DMA/add_115/carry[9]  |       SPEF |    3.826 | 0.000 |   2.600 | 
     | My_DMA/add_115/U1_9      | CI v -> CO v | FA_X1    | 0.055 | My_DMA/add_115/carry[10] |            |    4.250 | 0.290 |   2.891 | 
     | My_DMA/add_115/U1_10     |              | FA_X1    | 0.055 | My_DMA/add_115/carry[10] |       SPEF |    4.250 | 0.000 |   2.891 | 
     | My_DMA/add_115/U1_10     | CI v -> CO v | FA_X1    | 0.050 | My_DMA/add_115/carry[11] |            |    3.164 | 0.282 |   3.173 | 
     | My_DMA/add_115/U1_11     |              | FA_X1    | 0.050 | My_DMA/add_115/carry[11] |       SPEF |    3.164 | 0.000 |   3.173 | 
     | My_DMA/add_115/U1_11     | CI v -> CO v | FA_X1    | 0.050 | My_DMA/add_115/carry[12] |            |    3.013 | 0.279 |   3.452 | 
     | My_DMA/add_115/U1_12     |              | FA_X1    | 0.050 | My_DMA/add_115/carry[12] |       SPEF |    3.013 | 0.000 |   3.452 | 
     | My_DMA/add_115/U1_12     | CI v -> CO v | FA_X1    | 0.052 | My_DMA/add_115/carry[13] |            |    3.593 | 0.283 |   3.736 | 
     | My_DMA/add_115/U1_13     |              | FA_X1    | 0.052 | My_DMA/add_115/carry[13] |       SPEF |    3.593 | 0.000 |   3.736 | 
     | My_DMA/add_115/U1_13     | CI v -> CO v | FA_X1    | 0.062 | My_DMA/add_115/carry[14] |            |    6.062 | 0.303 |   4.039 | 
     | My_DMA/add_115/U10       |              | NAND2_X1 | 0.062 | My_DMA/add_115/carry[14] |       SPEF |    6.062 | 0.000 |   4.040 | 
     | My_DMA/add_115/U10       | A1 v -> ZN ^ | NAND2_X1 | 0.032 | My_DMA/add_115/n7        |            |    1.683 | 0.069 |   4.109 | 
     | My_DMA/add_115/U12       |              | NAND3_X1 | 0.032 | My_DMA/add_115/n7        |       SPEF |    1.683 | 0.000 |   4.109 | 
     | My_DMA/add_115/U12       | A3 ^ -> ZN v | NAND3_X1 | 0.036 | My_DMA/add_115/carry[15] |            |    3.306 | 0.072 |   4.181 | 
     | My_DMA/add_115/U1_15     |              | FA_X1    | 0.036 | My_DMA/add_115/carry[15] |       SPEF |    3.306 | 0.000 |   4.181 | 
     | My_DMA/add_115/U1_15     | CI v -> CO v | FA_X1    | 0.052 | My_DMA/add_115/carry[16] |            |    3.431 | 0.276 |   4.457 | 
     | My_DMA/add_115/U1_16     |              | FA_X1    | 0.052 | My_DMA/add_115/carry[16] |       SPEF |    3.431 | 0.000 |   4.457 | 
     | My_DMA/add_115/U1_16     | CI v -> CO v | FA_X1    | 0.050 | My_DMA/add_115/carry[17] |            |    3.117 | 0.280 |   4.737 | 
     | My_DMA/add_115/U1_17     |              | FA_X1    | 0.050 | My_DMA/add_115/carry[17] |       SPEF |    3.117 | 0.000 |   4.737 | 
     | My_DMA/add_115/U1_17     | CI v -> CO v | FA_X1    | 0.054 | My_DMA/add_115/carry[18] |            |    3.963 | 0.287 |   5.024 | 
     | My_DMA/add_115/U1_18     |              | FA_X1    | 0.054 | My_DMA/add_115/carry[18] |       SPEF |    3.963 | 0.000 |   5.024 | 
     | My_DMA/add_115/U1_18     | CI v -> CO v | FA_X1    | 0.052 | My_DMA/add_115/carry[19] |            |    3.671 | 0.286 |   5.310 | 
     | My_DMA/add_115/U1_19     |              | FA_X1    | 0.052 | My_DMA/add_115/carry[19] |       SPEF |    3.671 | 0.000 |   5.310 | 
     | My_DMA/add_115/U1_19     | CI v -> CO v | FA_X1    | 0.050 | My_DMA/add_115/carry[20] |            |    3.048 | 0.280 |   5.590 | 
     | My_DMA/add_115/U1_20     |              | FA_X1    | 0.050 | My_DMA/add_115/carry[20] |       SPEF |    3.048 | 0.000 |   5.590 | 
     | My_DMA/add_115/U1_20     | CI v -> CO v | FA_X1    | 0.053 | My_DMA/add_115/carry[21] |            |    3.750 | 0.285 |   5.875 | 
     | My_DMA/add_115/U1_21     |              | FA_X1    | 0.053 | My_DMA/add_115/carry[21] |       SPEF |    3.750 | 0.000 |   5.876 | 
     | My_DMA/add_115/U1_21     | CI v -> CO v | FA_X1    | 0.050 | My_DMA/add_115/carry[22] |            |    2.963 | 0.280 |   6.155 | 
     | My_DMA/add_115/U1_22     |              | FA_X1    | 0.050 | My_DMA/add_115/carry[22] |       SPEF |    2.963 | 0.000 |   6.155 | 
     | My_DMA/add_115/U1_22     | CI v -> CO v | FA_X1    | 0.050 | My_DMA/add_115/carry[23] |            |    3.131 | 0.280 |   6.435 | 
     | My_DMA/add_115/U1_23     |              | FA_X1    | 0.050 | My_DMA/add_115/carry[23] |       SPEF |    3.131 | 0.000 |   6.435 | 
     | My_DMA/add_115/U1_23     | CI v -> CO v | FA_X1    | 0.064 | My_DMA/add_115/carry[24] |            |    6.563 | 0.306 |   6.741 | 
     | My_DMA/add_115/U4        |              | NAND2_X1 | 0.064 | My_DMA/add_115/carry[24] |       SPEF |    6.563 | 0.000 |   6.741 | 
     | My_DMA/add_115/U4        | A1 v -> ZN ^ | NAND2_X1 | 0.033 | My_DMA/add_115/n3        |            |    1.748 | 0.071 |   6.812 | 
     | My_DMA/add_115/U6        |              | NAND3_X1 | 0.033 | My_DMA/add_115/n3        |       SPEF |    1.748 | 0.000 |   6.812 | 
     | My_DMA/add_115/U6        | A3 ^ -> ZN v | NAND3_X1 | 0.035 | My_DMA/add_115/carry[25] |            |    3.269 | 0.072 |   6.884 | 
     | My_DMA/add_115/U1_25     |              | FA_X1    | 0.035 | My_DMA/add_115/carry[25] |       SPEF |    3.269 | 0.000 |   6.884 | 
     | My_DMA/add_115/U1_25     | CI v -> CO v | FA_X1    | 0.051 | My_DMA/add_115/carry[26] |            |    3.268 | 0.274 |   7.158 | 
     | My_DMA/add_115/U1_26     |              | FA_X1    | 0.051 | My_DMA/add_115/carry[26] |       SPEF |    3.268 | 0.000 |   7.158 | 
     | My_DMA/add_115/U1_26     | CI v -> CO v | FA_X1    | 0.053 | My_DMA/add_115/carry[27] |            |    3.709 | 0.285 |   7.443 | 
     | My_DMA/add_115/U1_27     |              | FA_X1    | 0.053 | My_DMA/add_115/carry[27] |       SPEF |    3.709 | 0.000 |   7.443 | 
     | My_DMA/add_115/U1_27     | CI v -> CO v | FA_X1    | 0.052 | My_DMA/add_115/carry[28] |            |    3.567 | 0.285 |   7.728 | 
     | My_DMA/add_115/U1_28     |              | FA_X1    | 0.052 | My_DMA/add_115/carry[28] |       SPEF |    3.567 | 0.000 |   7.728 | 
     | My_DMA/add_115/U1_28     | CI v -> CO v | FA_X1    | 0.051 | My_DMA/add_115/carry[29] |            |    3.283 | 0.282 |   8.010 | 
     | My_DMA/add_115/U1_29     |              | FA_X1    | 0.051 | My_DMA/add_115/carry[29] |       SPEF |    3.283 | 0.000 |   8.011 | 
     | My_DMA/add_115/U1_29     | CI v -> CO v | FA_X1    | 0.052 | My_DMA/add_115/carry[30] |            |    3.431 | 0.283 |   8.293 | 
     | My_DMA/add_115/U1_30     |              | FA_X1    | 0.052 | My_DMA/add_115/carry[30] |       SPEF |    3.431 | 0.000 |   8.294 | 
     | My_DMA/add_115/U1_30     | CI v -> CO v | FA_X1    | 0.052 | My_DMA/add_115/carry[31] |            |    3.556 | 0.284 |   8.578 | 
     | My_DMA/add_115/U1_31     |              | FA_X1    | 0.052 | My_DMA/add_115/carry[31] |       SPEF |    3.556 | 0.000 |   8.578 | 
     | My_DMA/add_115/U1_31     | CI v -> S v  | FA_X1    | 0.056 | My_DMA/N71               |            |    2.024 | 0.354 |   8.932 | 
     | My_DMA/U13               |              | AOI22_X1 | 0.056 | My_DMA/N71               |       SPEF |    2.024 | 0.000 |   8.932 | 
     | My_DMA/U13               | A1 v -> ZN ^ | AOI22_X1 | 0.093 | My_DMA/n23               |            |    1.811 | 0.130 |   9.063 | 
     | My_DMA/U671              |              | NAND2_X1 | 0.093 | My_DMA/n23               |       SPEF |    1.811 | 0.000 |   9.063 | 
     | My_DMA/U671              | A2 ^ -> ZN v | NAND2_X1 | 0.021 | My_DMA/n580              |            |    1.291 | 0.057 |   9.120 | 
     | My_DMA/raddr_reg_reg[31] |              | DFF_X1   | 0.021 | My_DMA/n580              |       SPEF |    1.291 | 0.000 |   9.120 | 
     +---------------------------------------------------------------------------------------------------------------------------------+ 
Path 2: MET Setup Check with Pin My_DMA/waddr_reg_reg[31]/CK 
Endpoint:   My_DMA/waddr_reg_reg[31]/D (v) checked with  leading edge of 'CLK'
Beginpoint: My_DMA/wstep_reg_reg[0]/Q  (v) triggered by  leading edge of 'CLK'
Path Groups: {CLK}
Analysis View: ensc_av
Other End Arrival Time          0.000
- Setup                         0.160
+ Phase Shift                  10.000
= Required Time                 9.840
- Arrival Time                  9.118
= Slack Time                    0.721
     Clock Rise Edge                 0.000
     + Clock Network Latency (Ideal) 0.000
     = Beginpoint Arrival Time       0.000
     +---------------------------------------------------------------------------------------------------------------------------------+ 
     |         Instance         |     Arc      |   Cell   |  Slew |           Net            |    Arc     |   Load   | Delay | Arrival | 
     |                          |              |          |       |                          | Annotation |          |       |  Time   | 
     |--------------------------+--------------+----------+-------+--------------------------+------------+----------+-------+---------| 
     | My_DMA/wstep_reg_reg[0]  | CK ^         |          | 0.000 | clk                      |            | 1523.374 |       |   0.000 | 
     | My_DMA/wstep_reg_reg[0]  | CK ^ -> Q v  | DFF_X1   | 0.029 | My_DMA/wstep_reg[0]      |            |    6.826 | 0.260 |   0.260 | 
     | My_DMA/add_116/U13       |              | NAND2_X1 | 0.029 | My_DMA/wstep_reg[0]      |       SPEF |    6.826 | 0.000 |   0.260 | 
     | My_DMA/add_116/U13       | A1 v -> ZN ^ | NAND2_X1 | 0.032 | My_DMA/add_116/n9        |            |    1.755 | 0.051 |   0.312 | 
     | My_DMA/add_116/U14       |              | INV_X1   | 0.032 | My_DMA/add_116/n9        |       SPEF |    1.755 | 0.000 |   0.312 | 
     | My_DMA/add_116/U14       | A ^ -> ZN v  | INV_X1   | 0.012 | My_DMA/add_116/carry[1]  |            |    2.951 | 0.029 |   0.340 | 
     | My_DMA/add_116/U1_1      |              | FA_X1    | 0.012 | My_DMA/add_116/carry[1]  |       SPEF |    2.951 | 0.000 |   0.340 | 
     | My_DMA/add_116/U1_1      | CI v -> CO v | FA_X1    | 0.051 | My_DMA/add_116/carry[2]  |            |    3.240 | 0.265 |   0.606 | 
     | My_DMA/add_116/U1_2      |              | FA_X1    | 0.051 | My_DMA/add_116/carry[2]  |       SPEF |    3.240 | 0.000 |   0.606 | 
     | My_DMA/add_116/U1_2      | CI v -> CO v | FA_X1    | 0.052 | My_DMA/add_116/carry[3]  |            |    3.442 | 0.283 |   0.889 | 
     | My_DMA/add_116/U1_3      |              | FA_X1    | 0.052 | My_DMA/add_116/carry[3]  |       SPEF |    3.442 | 0.000 |   0.889 | 
     | My_DMA/add_116/U1_3      | CI v -> CO v | FA_X1    | 0.055 | My_DMA/add_116/carry[4]  |            |    4.205 | 0.289 |   1.178 | 
     | My_DMA/add_116/U1_4      |              | FA_X1    | 0.055 | My_DMA/add_116/carry[4]  |       SPEF |    4.205 | 0.000 |   1.178 | 
     | My_DMA/add_116/U1_4      | CI v -> CO v | FA_X1    | 0.049 | My_DMA/add_116/carry[5]  |            |    2.865 | 0.280 |   1.458 | 
     | My_DMA/add_116/U1_5      |              | FA_X1    | 0.049 | My_DMA/add_116/carry[5]  |       SPEF |    2.865 | 0.000 |   1.458 | 
     | My_DMA/add_116/U1_5      | CI v -> CO v | FA_X1    | 0.049 | My_DMA/add_116/carry[6]  |            |    2.933 | 0.278 |   1.736 | 
     | My_DMA/add_116/U1_6      |              | FA_X1    | 0.049 | My_DMA/add_116/carry[6]  |       SPEF |    2.933 | 0.000 |   1.736 | 
     | My_DMA/add_116/U1_6      | CI v -> CO v | FA_X1    | 0.052 | My_DMA/add_116/carry[7]  |            |    3.427 | 0.282 |   2.018 | 
     | My_DMA/add_116/U1_7      |              | FA_X1    | 0.052 | My_DMA/add_116/carry[7]  |       SPEF |    3.427 | 0.000 |   2.018 | 
     | My_DMA/add_116/U1_7      | CI v -> CO v | FA_X1    | 0.052 | My_DMA/add_116/carry[8]  |            |    3.581 | 0.284 |   2.302 | 
     | My_DMA/add_116/U1_8      |              | FA_X1    | 0.052 | My_DMA/add_116/carry[8]  |       SPEF |    3.581 | 0.000 |   2.303 | 
     | My_DMA/add_116/U1_8      | CI v -> CO v | FA_X1    | 0.054 | My_DMA/add_116/carry[9]  |            |    4.115 | 0.289 |   2.591 | 
     | My_DMA/add_116/U1_9      |              | FA_X1    | 0.054 | My_DMA/add_116/carry[9]  |       SPEF |    4.115 | 0.000 |   2.592 | 
     | My_DMA/add_116/U1_9      | CI v -> CO v | FA_X1    | 0.054 | My_DMA/add_116/carry[10] |            |    4.188 | 0.290 |   2.882 | 
     | My_DMA/add_116/U1_10     |              | FA_X1    | 0.054 | My_DMA/add_116/carry[10] |       SPEF |    4.188 | 0.000 |   2.882 | 
     | My_DMA/add_116/U1_10     | CI v -> CO v | FA_X1    | 0.050 | My_DMA/add_116/carry[11] |            |    3.103 | 0.282 |   3.164 | 
     | My_DMA/add_116/U1_11     |              | FA_X1    | 0.050 | My_DMA/add_116/carry[11] |       SPEF |    3.103 | 0.000 |   3.164 | 
     | My_DMA/add_116/U1_11     | CI v -> CO v | FA_X1    | 0.051 | My_DMA/add_116/carry[12] |            |    3.328 | 0.282 |   3.446 | 
     | My_DMA/add_116/U1_12     |              | FA_X1    | 0.051 | My_DMA/add_116/carry[12] |       SPEF |    3.328 | 0.000 |   3.446 | 
     | My_DMA/add_116/U1_12     | CI v -> CO v | FA_X1    | 0.052 | My_DMA/add_116/carry[13] |            |    3.602 | 0.284 |   3.730 | 
     | My_DMA/add_116/U1_13     |              | FA_X1    | 0.052 | My_DMA/add_116/carry[13] |       SPEF |    3.602 | 0.000 |   3.730 | 
     | My_DMA/add_116/U1_13     | CI v -> CO v | FA_X1    | 0.063 | My_DMA/add_116/carry[14] |            |    6.272 | 0.305 |   4.035 | 
     | My_DMA/add_116/U10       |              | NAND2_X1 | 0.063 | My_DMA/add_116/carry[14] |       SPEF |    6.272 | 0.000 |   4.035 | 
     | My_DMA/add_116/U10       | A1 v -> ZN ^ | NAND2_X1 | 0.033 | My_DMA/add_116/n7        |            |    1.742 | 0.070 |   4.105 | 
     | My_DMA/add_116/U12       |              | NAND3_X1 | 0.033 | My_DMA/add_116/n7        |       SPEF |    1.742 | 0.000 |   4.105 | 
     | My_DMA/add_116/U12       | A3 ^ -> ZN v | NAND3_X1 | 0.035 | My_DMA/add_116/carry[15] |            |    3.190 | 0.071 |   4.176 | 
     | My_DMA/add_116/U1_15     |              | FA_X1    | 0.035 | My_DMA/add_116/carry[15] |       SPEF |    3.190 | 0.000 |   4.176 | 
     | My_DMA/add_116/U1_15     | CI v -> CO v | FA_X1    | 0.051 | My_DMA/add_116/carry[16] |            |    3.199 | 0.274 |   4.450 | 
     | My_DMA/add_116/U1_16     |              | FA_X1    | 0.051 | My_DMA/add_116/carry[16] |       SPEF |    3.199 | 0.000 |   4.450 | 
     | My_DMA/add_116/U1_16     | CI v -> CO v | FA_X1    | 0.052 | My_DMA/add_116/carry[17] |            |    3.448 | 0.283 |   4.733 | 
     | My_DMA/add_116/U1_17     |              | FA_X1    | 0.052 | My_DMA/add_116/carry[17] |       SPEF |    3.448 | 0.000 |   4.733 | 
     | My_DMA/add_116/U1_17     | CI v -> CO v | FA_X1    | 0.053 | My_DMA/add_116/carry[18] |            |    3.738 | 0.286 |   5.018 | 
     | My_DMA/add_116/U1_18     |              | FA_X1    | 0.053 | My_DMA/add_116/carry[18] |       SPEF |    3.738 | 0.000 |   5.019 | 
     | My_DMA/add_116/U1_18     | CI v -> CO v | FA_X1    | 0.050 | My_DMA/add_116/carry[19] |            |    3.107 | 0.281 |   5.300 | 
     | My_DMA/add_116/U1_19     |              | FA_X1    | 0.050 | My_DMA/add_116/carry[19] |       SPEF |    3.107 | 0.000 |   5.300 | 
     | My_DMA/add_116/U1_19     | CI v -> CO v | FA_X1    | 0.052 | My_DMA/add_116/carry[20] |            |    3.506 | 0.283 |   5.583 | 
     | My_DMA/add_116/U1_20     |              | FA_X1    | 0.052 | My_DMA/add_116/carry[20] |       SPEF |    3.506 | 0.000 |   5.583 | 
     | My_DMA/add_116/U1_20     | CI v -> CO v | FA_X1    | 0.050 | My_DMA/add_116/carry[21] |            |    3.138 | 0.281 |   5.864 | 
     | My_DMA/add_116/U1_21     |              | FA_X1    | 0.050 | My_DMA/add_116/carry[21] |       SPEF |    3.138 | 0.000 |   5.864 | 
     | My_DMA/add_116/U1_21     | CI v -> CO v | FA_X1    | 0.052 | My_DMA/add_116/carry[22] |            |    3.610 | 0.284 |   6.148 | 
     | My_DMA/add_116/U1_22     |              | FA_X1    | 0.052 | My_DMA/add_116/carry[22] |       SPEF |    3.610 | 0.000 |   6.148 | 
     | My_DMA/add_116/U1_22     | CI v -> CO v | FA_X1    | 0.051 | My_DMA/add_116/carry[23] |            |    3.377 | 0.283 |   6.431 | 
     | My_DMA/add_116/U1_23     |              | FA_X1    | 0.051 | My_DMA/add_116/carry[23] |       SPEF |    3.377 | 0.000 |   6.431 | 
     | My_DMA/add_116/U1_23     | CI v -> CO v | FA_X1    | 0.062 | My_DMA/add_116/carry[24] |            |    6.124 | 0.303 |   6.734 | 
     | My_DMA/add_116/U4        |              | NAND2_X1 | 0.062 | My_DMA/add_116/carry[24] |       SPEF |    6.124 | 0.000 |   6.734 | 
     | My_DMA/add_116/U4        | A1 v -> ZN ^ | NAND2_X1 | 0.033 | My_DMA/add_116/n3        |            |    1.790 | 0.070 |   6.805 | 
     | My_DMA/add_116/U6        |              | NAND3_X1 | 0.033 | My_DMA/add_116/n3        |       SPEF |    1.790 | 0.000 |   6.805 | 
     | My_DMA/add_116/U6        | A3 ^ -> ZN v | NAND3_X1 | 0.034 | My_DMA/add_116/carry[25] |            |    3.074 | 0.070 |   6.875 | 
     | My_DMA/add_116/U1_25     |              | FA_X1    | 0.034 | My_DMA/add_116/carry[25] |       SPEF |    3.074 | 0.000 |   6.875 | 
     | My_DMA/add_116/U1_25     | CI v -> CO v | FA_X1    | 0.055 | My_DMA/add_116/carry[26] |            |    4.279 | 0.282 |   7.157 | 
     | My_DMA/add_116/U1_26     |              | FA_X1    | 0.055 | My_DMA/add_116/carry[26] |       SPEF |    4.279 | 0.000 |   7.158 | 
     | My_DMA/add_116/U1_26     | CI v -> CO v | FA_X1    | 0.051 | My_DMA/add_116/carry[27] |            |    3.364 | 0.284 |   7.442 | 
     | My_DMA/add_116/U1_27     |              | FA_X1    | 0.051 | My_DMA/add_116/carry[27] |       SPEF |    3.364 | 0.000 |   7.442 | 
     | My_DMA/add_116/U1_27     | CI v -> CO v | FA_X1    | 0.054 | My_DMA/add_116/carry[28] |            |    4.004 | 0.287 |   7.729 | 
     | My_DMA/add_116/U1_28     |              | FA_X1    | 0.054 | My_DMA/add_116/carry[28] |       SPEF |    4.004 | 0.000 |   7.729 | 
     | My_DMA/add_116/U1_28     | CI v -> CO v | FA_X1    | 0.051 | My_DMA/add_116/carry[29] |            |    3.220 | 0.282 |   8.012 | 
     | My_DMA/add_116/U1_29     |              | FA_X1    | 0.051 | My_DMA/add_116/carry[29] |       SPEF |    3.220 | 0.000 |   8.012 | 
     | My_DMA/add_116/U1_29     | CI v -> CO v | FA_X1    | 0.050 | My_DMA/add_116/carry[30] |            |    3.090 | 0.280 |   8.292 | 
     | My_DMA/add_116/U1_30     |              | FA_X1    | 0.050 | My_DMA/add_116/carry[30] |       SPEF |    3.090 | 0.000 |   8.292 | 
     | My_DMA/add_116/U1_30     | CI v -> CO v | FA_X1    | 0.052 | My_DMA/add_116/carry[31] |            |    3.682 | 0.284 |   8.576 | 
     | My_DMA/add_116/U1_31     |              | FA_X1    | 0.052 | My_DMA/add_116/carry[31] |       SPEF |    3.682 | 0.000 |   8.576 | 
     | My_DMA/add_116/U1_31     | CI v -> S v  | FA_X1    | 0.054 | My_DMA/N103              |            |    1.713 | 0.351 |   8.927 | 
     | My_DMA/U77               |              | AOI22_X1 | 0.054 | My_DMA/N103              |       SPEF |    1.713 | 0.000 |   8.927 | 
     | My_DMA/U77               | A1 v -> ZN ^ | AOI22_X1 | 0.094 | My_DMA/n89               |            |    1.907 | 0.132 |   9.059 | 
     | My_DMA/U673              |              | NAND2_X1 | 0.094 | My_DMA/n89               |       SPEF |    1.907 | 0.000 |   9.059 | 
     | My_DMA/U673              | A2 ^ -> ZN v | NAND2_X1 | 0.022 | My_DMA/n612              |            |    1.459 | 0.059 |   9.118 | 
     | My_DMA/waddr_reg_reg[31] |              | DFF_X1   | 0.022 | My_DMA/n612              |       SPEF |    1.459 | 0.000 |   9.118 | 
     +---------------------------------------------------------------------------------------------------------------------------------+ 
Path 3: MET Setup Check with Pin My_DMA/raddr_reg_reg[30]/CK 
Endpoint:   My_DMA/raddr_reg_reg[30]/D (v) checked with  leading edge of 'CLK'
Beginpoint: My_DMA/raddr_reg_reg[0]/Q  (v) triggered by  leading edge of 'CLK'
Path Groups: {CLK}
Analysis View: ensc_av
Other End Arrival Time          0.000
- Setup                         0.183
+ Phase Shift                  10.000
= Required Time                 9.817
- Arrival Time                  8.846
= Slack Time                    0.971
     Clock Rise Edge                 0.000
     + Clock Network Latency (Ideal) 0.000
     = Beginpoint Arrival Time       0.000
     +---------------------------------------------------------------------------------------------------------------------------------+ 
     |         Instance         |     Arc      |   Cell   |  Slew |           Net            |    Arc     |   Load   | Delay | Arrival | 
     |                          |              |          |       |                          | Annotation |          |       |  Time   | 
     |--------------------------+--------------+----------+-------+--------------------------+------------+----------+-------+---------| 
     | My_DMA/raddr_reg_reg[0]  | CK ^         |          | 0.000 | clk                      |            | 1523.374 |       |   0.000 | 
     | My_DMA/raddr_reg_reg[0]  | CK ^ -> Q v  | DFF_X1   | 0.029 | My_DMA/raddr_reg[0]      |            |    6.826 | 0.260 |   0.260 | 
     | My_DMA/add_115/U14       |              | NAND2_X1 | 0.029 | My_DMA/raddr_reg[0]      |       SPEF |    6.826 | 0.000 |   0.260 | 
     | My_DMA/add_115/U14       | A2 v -> ZN ^ | NAND2_X1 | 0.032 | My_DMA/add_115/n9        |            |    1.727 | 0.059 |   0.319 | 
     | My_DMA/add_115/U15       |              | INV_X1   | 0.032 | My_DMA/add_115/n9        |       SPEF |    1.727 | 0.000 |   0.319 | 
     | My_DMA/add_115/U15       | A ^ -> ZN v  | INV_X1   | 0.012 | My_DMA/add_115/carry[1]  |            |    2.946 | 0.029 |   0.348 | 
     | My_DMA/add_115/U1_1      |              | FA_X1    | 0.012 | My_DMA/add_115/carry[1]  |       SPEF |    2.946 | 0.000 |   0.348 | 
     | My_DMA/add_115/U1_1      | CI v -> CO v | FA_X1    | 0.051 | My_DMA/add_115/carry[2]  |            |    3.340 | 0.266 |   0.614 | 
     | My_DMA/add_115/U1_2      |              | FA_X1    | 0.051 | My_DMA/add_115/carry[2]  |       SPEF |    3.340 | 0.000 |   0.614 | 
     | My_DMA/add_115/U1_2      | CI v -> CO v | FA_X1    | 0.051 | My_DMA/add_115/carry[3]  |            |    3.398 | 0.283 |   0.897 | 
     | My_DMA/add_115/U1_3      |              | FA_X1    | 0.051 | My_DMA/add_115/carry[3]  |       SPEF |    3.398 | 0.000 |   0.897 | 
     | My_DMA/add_115/U1_3      | CI v -> CO v | FA_X1    | 0.055 | My_DMA/add_115/carry[4]  |            |    4.424 | 0.291 |   1.188 | 
     | My_DMA/add_115/U1_4      |              | FA_X1    | 0.056 | My_DMA/add_115/carry[4]  |       SPEF |    4.424 | 0.000 |   1.188 | 
     | My_DMA/add_115/U1_4      | CI v -> CO v | FA_X1    | 0.049 | My_DMA/add_115/carry[5]  |            |    2.925 | 0.281 |   1.469 | 
     | My_DMA/add_115/U1_5      |              | FA_X1    | 0.049 | My_DMA/add_115/carry[5]  |       SPEF |    2.925 | 0.000 |   1.469 | 
     | My_DMA/add_115/U1_5      | CI v -> CO v | FA_X1    | 0.050 | My_DMA/add_115/carry[6]  |            |    2.995 | 0.278 |   1.747 | 
     | My_DMA/add_115/U1_6      |              | FA_X1    | 0.050 | My_DMA/add_115/carry[6]  |       SPEF |    2.995 | 0.000 |   1.747 | 
     | My_DMA/add_115/U1_6      | CI v -> CO v | FA_X1    | 0.052 | My_DMA/add_115/carry[7]  |            |    3.431 | 0.282 |   2.029 | 
     | My_DMA/add_115/U1_7      |              | FA_X1    | 0.052 | My_DMA/add_115/carry[7]  |       SPEF |    3.431 | 0.000 |   2.030 | 
     | My_DMA/add_115/U1_7      | CI v -> CO v | FA_X1    | 0.052 | My_DMA/add_115/carry[8]  |            |    3.524 | 0.284 |   2.313 | 
     | My_DMA/add_115/U1_8      |              | FA_X1    | 0.052 | My_DMA/add_115/carry[8]  |       SPEF |    3.524 | 0.000 |   2.314 | 
     | My_DMA/add_115/U1_8      | CI v -> CO v | FA_X1    | 0.053 | My_DMA/add_115/carry[9]  |            |    3.826 | 0.286 |   2.600 | 
     | My_DMA/add_115/U1_9      |              | FA_X1    | 0.053 | My_DMA/add_115/carry[9]  |       SPEF |    3.826 | 0.000 |   2.600 | 
     | My_DMA/add_115/U1_9      | CI v -> CO v | FA_X1    | 0.055 | My_DMA/add_115/carry[10] |            |    4.250 | 0.290 |   2.891 | 
     | My_DMA/add_115/U1_10     |              | FA_X1    | 0.055 | My_DMA/add_115/carry[10] |       SPEF |    4.250 | 0.000 |   2.891 | 
     | My_DMA/add_115/U1_10     | CI v -> CO v | FA_X1    | 0.050 | My_DMA/add_115/carry[11] |            |    3.164 | 0.282 |   3.173 | 
     | My_DMA/add_115/U1_11     |              | FA_X1    | 0.050 | My_DMA/add_115/carry[11] |       SPEF |    3.164 | 0.000 |   3.173 | 
     | My_DMA/add_115/U1_11     | CI v -> CO v | FA_X1    | 0.050 | My_DMA/add_115/carry[12] |            |    3.013 | 0.279 |   3.452 | 
     | My_DMA/add_115/U1_12     |              | FA_X1    | 0.050 | My_DMA/add_115/carry[12] |       SPEF |    3.013 | 0.000 |   3.452 | 
     | My_DMA/add_115/U1_12     | CI v -> CO v | FA_X1    | 0.052 | My_DMA/add_115/carry[13] |            |    3.593 | 0.283 |   3.736 | 
     | My_DMA/add_115/U1_13     |              | FA_X1    | 0.052 | My_DMA/add_115/carry[13] |       SPEF |    3.593 | 0.000 |   3.736 | 
     | My_DMA/add_115/U1_13     | CI v -> CO v | FA_X1    | 0.062 | My_DMA/add_115/carry[14] |            |    6.062 | 0.303 |   4.039 | 
     | My_DMA/add_115/U10       |              | NAND2_X1 | 0.062 | My_DMA/add_115/carry[14] |       SPEF |    6.062 | 0.000 |   4.040 | 
     | My_DMA/add_115/U10       | A1 v -> ZN ^ | NAND2_X1 | 0.032 | My_DMA/add_115/n7        |            |    1.683 | 0.069 |   4.109 | 
     | My_DMA/add_115/U12       |              | NAND3_X1 | 0.032 | My_DMA/add_115/n7        |       SPEF |    1.683 | 0.000 |   4.109 | 
     | My_DMA/add_115/U12       | A3 ^ -> ZN v | NAND3_X1 | 0.036 | My_DMA/add_115/carry[15] |            |    3.306 | 0.072 |   4.181 | 
     | My_DMA/add_115/U1_15     |              | FA_X1    | 0.036 | My_DMA/add_115/carry[15] |       SPEF |    3.306 | 0.000 |   4.181 | 
     | My_DMA/add_115/U1_15     | CI v -> CO v | FA_X1    | 0.052 | My_DMA/add_115/carry[16] |            |    3.431 | 0.276 |   4.457 | 
     | My_DMA/add_115/U1_16     |              | FA_X1    | 0.052 | My_DMA/add_115/carry[16] |       SPEF |    3.431 | 0.000 |   4.457 | 
     | My_DMA/add_115/U1_16     | CI v -> CO v | FA_X1    | 0.050 | My_DMA/add_115/carry[17] |            |    3.117 | 0.280 |   4.737 | 
     | My_DMA/add_115/U1_17     |              | FA_X1    | 0.050 | My_DMA/add_115/carry[17] |       SPEF |    3.117 | 0.000 |   4.737 | 
     | My_DMA/add_115/U1_17     | CI v -> CO v | FA_X1    | 0.054 | My_DMA/add_115/carry[18] |            |    3.963 | 0.287 |   5.024 | 
     | My_DMA/add_115/U1_18     |              | FA_X1    | 0.054 | My_DMA/add_115/carry[18] |       SPEF |    3.963 | 0.000 |   5.024 | 
     | My_DMA/add_115/U1_18     | CI v -> CO v | FA_X1    | 0.052 | My_DMA/add_115/carry[19] |            |    3.671 | 0.286 |   5.310 | 
     | My_DMA/add_115/U1_19     |              | FA_X1    | 0.052 | My_DMA/add_115/carry[19] |       SPEF |    3.671 | 0.000 |   5.310 | 
     | My_DMA/add_115/U1_19     | CI v -> CO v | FA_X1    | 0.050 | My_DMA/add_115/carry[20] |            |    3.048 | 0.280 |   5.590 | 
     | My_DMA/add_115/U1_20     |              | FA_X1    | 0.050 | My_DMA/add_115/carry[20] |       SPEF |    3.048 | 0.000 |   5.590 | 
     | My_DMA/add_115/U1_20     | CI v -> CO v | FA_X1    | 0.053 | My_DMA/add_115/carry[21] |            |    3.750 | 0.285 |   5.875 | 
     | My_DMA/add_115/U1_21     |              | FA_X1    | 0.053 | My_DMA/add_115/carry[21] |       SPEF |    3.750 | 0.000 |   5.876 | 
     | My_DMA/add_115/U1_21     | CI v -> CO v | FA_X1    | 0.050 | My_DMA/add_115/carry[22] |            |    2.963 | 0.280 |   6.155 | 
     | My_DMA/add_115/U1_22     |              | FA_X1    | 0.050 | My_DMA/add_115/carry[22] |       SPEF |    2.963 | 0.000 |   6.155 | 
     | My_DMA/add_115/U1_22     | CI v -> CO v | FA_X1    | 0.050 | My_DMA/add_115/carry[23] |            |    3.131 | 0.280 |   6.435 | 
     | My_DMA/add_115/U1_23     |              | FA_X1    | 0.050 | My_DMA/add_115/carry[23] |       SPEF |    3.131 | 0.000 |   6.435 | 
     | My_DMA/add_115/U1_23     | CI v -> CO v | FA_X1    | 0.064 | My_DMA/add_115/carry[24] |            |    6.563 | 0.306 |   6.741 | 
     | My_DMA/add_115/U4        |              | NAND2_X1 | 0.064 | My_DMA/add_115/carry[24] |       SPEF |    6.563 | 0.000 |   6.741 | 
     | My_DMA/add_115/U4        | A1 v -> ZN ^ | NAND2_X1 | 0.033 | My_DMA/add_115/n3        |            |    1.748 | 0.071 |   6.812 | 
     | My_DMA/add_115/U6        |              | NAND3_X1 | 0.033 | My_DMA/add_115/n3        |       SPEF |    1.748 | 0.000 |   6.812 | 
     | My_DMA/add_115/U6        | A3 ^ -> ZN v | NAND3_X1 | 0.035 | My_DMA/add_115/carry[25] |            |    3.269 | 0.072 |   6.884 | 
     | My_DMA/add_115/U1_25     |              | FA_X1    | 0.035 | My_DMA/add_115/carry[25] |       SPEF |    3.269 | 0.000 |   6.884 | 
     | My_DMA/add_115/U1_25     | CI v -> CO v | FA_X1    | 0.051 | My_DMA/add_115/carry[26] |            |    3.268 | 0.274 |   7.158 | 
     | My_DMA/add_115/U1_26     |              | FA_X1    | 0.051 | My_DMA/add_115/carry[26] |       SPEF |    3.268 | 0.000 |   7.158 | 
     | My_DMA/add_115/U1_26     | CI v -> CO v | FA_X1    | 0.053 | My_DMA/add_115/carry[27] |            |    3.709 | 0.285 |   7.443 | 
     | My_DMA/add_115/U1_27     |              | FA_X1    | 0.053 | My_DMA/add_115/carry[27] |       SPEF |    3.709 | 0.000 |   7.443 | 
     | My_DMA/add_115/U1_27     | CI v -> CO v | FA_X1    | 0.052 | My_DMA/add_115/carry[28] |            |    3.567 | 0.285 |   7.728 | 
     | My_DMA/add_115/U1_28     |              | FA_X1    | 0.052 | My_DMA/add_115/carry[28] |       SPEF |    3.567 | 0.000 |   7.728 | 
     | My_DMA/add_115/U1_28     | CI v -> CO v | FA_X1    | 0.051 | My_DMA/add_115/carry[29] |            |    3.283 | 0.282 |   8.010 | 
     | My_DMA/add_115/U1_29     |              | FA_X1    | 0.051 | My_DMA/add_115/carry[29] |       SPEF |    3.283 | 0.000 |   8.011 | 
     | My_DMA/add_115/U1_29     | CI v -> CO v | FA_X1    | 0.052 | My_DMA/add_115/carry[30] |            |    3.431 | 0.283 |   8.293 | 
     | My_DMA/add_115/U1_30     |              | FA_X1    | 0.052 | My_DMA/add_115/carry[30] |       SPEF |    3.431 | 0.000 |   8.294 | 
     | My_DMA/add_115/U1_30     | CI v -> S v  | FA_X1    | 0.054 | My_DMA/N70               |            |    1.632 | 0.349 |   8.643 | 
     | My_DMA/U15               |              | AOI22_X1 | 0.054 | My_DMA/N70               |       SPEF |    1.632 | 0.000 |   8.643 | 
     | My_DMA/U15               | A1 v -> ZN ^ | AOI22_X1 | 0.094 | My_DMA/n27               |            |    1.883 | 0.131 |   8.774 | 
     | My_DMA/U14               |              | OAI21_X1 | 0.094 | My_DMA/n27               |       SPEF |    1.883 | 0.000 |   8.774 | 
     | My_DMA/U14               | A ^ -> ZN v  | OAI21_X1 | 0.066 | My_DMA/n581              |            |    1.202 | 0.071 |   8.846 | 
     | My_DMA/raddr_reg_reg[30] |              | DFF_X1   | 0.066 | My_DMA/n581              |       SPEF |    1.202 | 0.000 |   8.846 | 
     +---------------------------------------------------------------------------------------------------------------------------------+ 
Path 4: MET Setup Check with Pin My_DMA/waddr_reg_reg[30]/CK 
Endpoint:   My_DMA/waddr_reg_reg[30]/D (v) checked with  leading edge of 'CLK'
Beginpoint: My_DMA/wstep_reg_reg[0]/Q  (v) triggered by  leading edge of 'CLK'
Path Groups: {CLK}
Analysis View: ensc_av
Other End Arrival Time          0.000
- Setup                         0.184
+ Phase Shift                  10.000
= Required Time                 9.816
- Arrival Time                  8.842
= Slack Time                    0.975
     Clock Rise Edge                 0.000
     + Clock Network Latency (Ideal) 0.000
     = Beginpoint Arrival Time       0.000
     +---------------------------------------------------------------------------------------------------------------------------------+ 
     |         Instance         |     Arc      |   Cell   |  Slew |           Net            |    Arc     |   Load   | Delay | Arrival | 
     |                          |              |          |       |                          | Annotation |          |       |  Time   | 
     |--------------------------+--------------+----------+-------+--------------------------+------------+----------+-------+---------| 
     | My_DMA/wstep_reg_reg[0]  | CK ^         |          | 0.000 | clk                      |            | 1523.374 |       |   0.000 | 
     | My_DMA/wstep_reg_reg[0]  | CK ^ -> Q v  | DFF_X1   | 0.029 | My_DMA/wstep_reg[0]      |            |    6.826 | 0.260 |   0.260 | 
     | My_DMA/add_116/U13       |              | NAND2_X1 | 0.029 | My_DMA/wstep_reg[0]      |       SPEF |    6.826 | 0.000 |   0.260 | 
     | My_DMA/add_116/U13       | A1 v -> ZN ^ | NAND2_X1 | 0.032 | My_DMA/add_116/n9        |            |    1.755 | 0.051 |   0.312 | 
     | My_DMA/add_116/U14       |              | INV_X1   | 0.032 | My_DMA/add_116/n9        |       SPEF |    1.755 | 0.000 |   0.312 | 
     | My_DMA/add_116/U14       | A ^ -> ZN v  | INV_X1   | 0.012 | My_DMA/add_116/carry[1]  |            |    2.951 | 0.029 |   0.340 | 
     | My_DMA/add_116/U1_1      |              | FA_X1    | 0.012 | My_DMA/add_116/carry[1]  |       SPEF |    2.951 | 0.000 |   0.340 | 
     | My_DMA/add_116/U1_1      | CI v -> CO v | FA_X1    | 0.051 | My_DMA/add_116/carry[2]  |            |    3.240 | 0.265 |   0.606 | 
     | My_DMA/add_116/U1_2      |              | FA_X1    | 0.051 | My_DMA/add_116/carry[2]  |       SPEF |    3.240 | 0.000 |   0.606 | 
     | My_DMA/add_116/U1_2      | CI v -> CO v | FA_X1    | 0.052 | My_DMA/add_116/carry[3]  |            |    3.442 | 0.283 |   0.889 | 
     | My_DMA/add_116/U1_3      |              | FA_X1    | 0.052 | My_DMA/add_116/carry[3]  |       SPEF |    3.442 | 0.000 |   0.889 | 
     | My_DMA/add_116/U1_3      | CI v -> CO v | FA_X1    | 0.055 | My_DMA/add_116/carry[4]  |            |    4.205 | 0.289 |   1.178 | 
     | My_DMA/add_116/U1_4      |              | FA_X1    | 0.055 | My_DMA/add_116/carry[4]  |       SPEF |    4.205 | 0.000 |   1.178 | 
     | My_DMA/add_116/U1_4      | CI v -> CO v | FA_X1    | 0.049 | My_DMA/add_116/carry[5]  |            |    2.865 | 0.280 |   1.458 | 
     | My_DMA/add_116/U1_5      |              | FA_X1    | 0.049 | My_DMA/add_116/carry[5]  |       SPEF |    2.865 | 0.000 |   1.458 | 
     | My_DMA/add_116/U1_5      | CI v -> CO v | FA_X1    | 0.049 | My_DMA/add_116/carry[6]  |            |    2.933 | 0.278 |   1.736 | 
     | My_DMA/add_116/U1_6      |              | FA_X1    | 0.049 | My_DMA/add_116/carry[6]  |       SPEF |    2.933 | 0.000 |   1.736 | 
     | My_DMA/add_116/U1_6      | CI v -> CO v | FA_X1    | 0.052 | My_DMA/add_116/carry[7]  |            |    3.427 | 0.282 |   2.018 | 
     | My_DMA/add_116/U1_7      |              | FA_X1    | 0.052 | My_DMA/add_116/carry[7]  |       SPEF |    3.427 | 0.000 |   2.018 | 
     | My_DMA/add_116/U1_7      | CI v -> CO v | FA_X1    | 0.052 | My_DMA/add_116/carry[8]  |            |    3.581 | 0.284 |   2.302 | 
     | My_DMA/add_116/U1_8      |              | FA_X1    | 0.052 | My_DMA/add_116/carry[8]  |       SPEF |    3.581 | 0.000 |   2.303 | 
     | My_DMA/add_116/U1_8      | CI v -> CO v | FA_X1    | 0.054 | My_DMA/add_116/carry[9]  |            |    4.115 | 0.289 |   2.591 | 
     | My_DMA/add_116/U1_9      |              | FA_X1    | 0.054 | My_DMA/add_116/carry[9]  |       SPEF |    4.115 | 0.000 |   2.592 | 
     | My_DMA/add_116/U1_9      | CI v -> CO v | FA_X1    | 0.054 | My_DMA/add_116/carry[10] |            |    4.188 | 0.290 |   2.882 | 
     | My_DMA/add_116/U1_10     |              | FA_X1    | 0.054 | My_DMA/add_116/carry[10] |       SPEF |    4.188 | 0.000 |   2.882 | 
     | My_DMA/add_116/U1_10     | CI v -> CO v | FA_X1    | 0.050 | My_DMA/add_116/carry[11] |            |    3.103 | 0.282 |   3.164 | 
     | My_DMA/add_116/U1_11     |              | FA_X1    | 0.050 | My_DMA/add_116/carry[11] |       SPEF |    3.103 | 0.000 |   3.164 | 
     | My_DMA/add_116/U1_11     | CI v -> CO v | FA_X1    | 0.051 | My_DMA/add_116/carry[12] |            |    3.328 | 0.282 |   3.446 | 
     | My_DMA/add_116/U1_12     |              | FA_X1    | 0.051 | My_DMA/add_116/carry[12] |       SPEF |    3.328 | 0.000 |   3.446 | 
     | My_DMA/add_116/U1_12     | CI v -> CO v | FA_X1    | 0.052 | My_DMA/add_116/carry[13] |            |    3.602 | 0.284 |   3.730 | 
     | My_DMA/add_116/U1_13     |              | FA_X1    | 0.052 | My_DMA/add_116/carry[13] |       SPEF |    3.602 | 0.000 |   3.730 | 
     | My_DMA/add_116/U1_13     | CI v -> CO v | FA_X1    | 0.063 | My_DMA/add_116/carry[14] |            |    6.272 | 0.305 |   4.035 | 
     | My_DMA/add_116/U10       |              | NAND2_X1 | 0.063 | My_DMA/add_116/carry[14] |       SPEF |    6.272 | 0.000 |   4.035 | 
     | My_DMA/add_116/U10       | A1 v -> ZN ^ | NAND2_X1 | 0.033 | My_DMA/add_116/n7        |            |    1.742 | 0.070 |   4.105 | 
     | My_DMA/add_116/U12       |              | NAND3_X1 | 0.033 | My_DMA/add_116/n7        |       SPEF |    1.742 | 0.000 |   4.105 | 
     | My_DMA/add_116/U12       | A3 ^ -> ZN v | NAND3_X1 | 0.035 | My_DMA/add_116/carry[15] |            |    3.190 | 0.071 |   4.176 | 
     | My_DMA/add_116/U1_15     |              | FA_X1    | 0.035 | My_DMA/add_116/carry[15] |       SPEF |    3.190 | 0.000 |   4.176 | 
     | My_DMA/add_116/U1_15     | CI v -> CO v | FA_X1    | 0.051 | My_DMA/add_116/carry[16] |            |    3.199 | 0.274 |   4.450 | 
     | My_DMA/add_116/U1_16     |              | FA_X1    | 0.051 | My_DMA/add_116/carry[16] |       SPEF |    3.199 | 0.000 |   4.450 | 
     | My_DMA/add_116/U1_16     | CI v -> CO v | FA_X1    | 0.052 | My_DMA/add_116/carry[17] |            |    3.448 | 0.283 |   4.733 | 
     | My_DMA/add_116/U1_17     |              | FA_X1    | 0.052 | My_DMA/add_116/carry[17] |       SPEF |    3.448 | 0.000 |   4.733 | 
     | My_DMA/add_116/U1_17     | CI v -> CO v | FA_X1    | 0.053 | My_DMA/add_116/carry[18] |            |    3.738 | 0.286 |   5.018 | 
     | My_DMA/add_116/U1_18     |              | FA_X1    | 0.053 | My_DMA/add_116/carry[18] |       SPEF |    3.738 | 0.000 |   5.019 | 
     | My_DMA/add_116/U1_18     | CI v -> CO v | FA_X1    | 0.050 | My_DMA/add_116/carry[19] |            |    3.107 | 0.281 |   5.300 | 
     | My_DMA/add_116/U1_19     |              | FA_X1    | 0.050 | My_DMA/add_116/carry[19] |       SPEF |    3.107 | 0.000 |   5.300 | 
     | My_DMA/add_116/U1_19     | CI v -> CO v | FA_X1    | 0.052 | My_DMA/add_116/carry[20] |            |    3.506 | 0.283 |   5.583 | 
     | My_DMA/add_116/U1_20     |              | FA_X1    | 0.052 | My_DMA/add_116/carry[20] |       SPEF |    3.506 | 0.000 |   5.583 | 
     | My_DMA/add_116/U1_20     | CI v -> CO v | FA_X1    | 0.050 | My_DMA/add_116/carry[21] |            |    3.138 | 0.281 |   5.864 | 
     | My_DMA/add_116/U1_21     |              | FA_X1    | 0.050 | My_DMA/add_116/carry[21] |       SPEF |    3.138 | 0.000 |   5.864 | 
     | My_DMA/add_116/U1_21     | CI v -> CO v | FA_X1    | 0.052 | My_DMA/add_116/carry[22] |            |    3.610 | 0.284 |   6.148 | 
     | My_DMA/add_116/U1_22     |              | FA_X1    | 0.052 | My_DMA/add_116/carry[22] |       SPEF |    3.610 | 0.000 |   6.148 | 
     | My_DMA/add_116/U1_22     | CI v -> CO v | FA_X1    | 0.051 | My_DMA/add_116/carry[23] |            |    3.377 | 0.283 |   6.431 | 
     | My_DMA/add_116/U1_23     |              | FA_X1    | 0.051 | My_DMA/add_116/carry[23] |       SPEF |    3.377 | 0.000 |   6.431 | 
     | My_DMA/add_116/U1_23     | CI v -> CO v | FA_X1    | 0.062 | My_DMA/add_116/carry[24] |            |    6.124 | 0.303 |   6.734 | 
     | My_DMA/add_116/U4        |              | NAND2_X1 | 0.062 | My_DMA/add_116/carry[24] |       SPEF |    6.124 | 0.000 |   6.734 | 
     | My_DMA/add_116/U4        | A1 v -> ZN ^ | NAND2_X1 | 0.033 | My_DMA/add_116/n3        |            |    1.790 | 0.070 |   6.805 | 
     | My_DMA/add_116/U6        |              | NAND3_X1 | 0.033 | My_DMA/add_116/n3        |       SPEF |    1.790 | 0.000 |   6.805 | 
     | My_DMA/add_116/U6        | A3 ^ -> ZN v | NAND3_X1 | 0.034 | My_DMA/add_116/carry[25] |            |    3.074 | 0.070 |   6.875 | 
     | My_DMA/add_116/U1_25     |              | FA_X1    | 0.034 | My_DMA/add_116/carry[25] |       SPEF |    3.074 | 0.000 |   6.875 | 
     | My_DMA/add_116/U1_25     | CI v -> CO v | FA_X1    | 0.055 | My_DMA/add_116/carry[26] |            |    4.279 | 0.282 |   7.157 | 
     | My_DMA/add_116/U1_26     |              | FA_X1    | 0.055 | My_DMA/add_116/carry[26] |       SPEF |    4.279 | 0.000 |   7.158 | 
     | My_DMA/add_116/U1_26     | CI v -> CO v | FA_X1    | 0.051 | My_DMA/add_116/carry[27] |            |    3.364 | 0.284 |   7.442 | 
     | My_DMA/add_116/U1_27     |              | FA_X1    | 0.051 | My_DMA/add_116/carry[27] |       SPEF |    3.364 | 0.000 |   7.442 | 
     | My_DMA/add_116/U1_27     | CI v -> CO v | FA_X1    | 0.054 | My_DMA/add_116/carry[28] |            |    4.004 | 0.287 |   7.729 | 
     | My_DMA/add_116/U1_28     |              | FA_X1    | 0.054 | My_DMA/add_116/carry[28] |       SPEF |    4.004 | 0.000 |   7.729 | 
     | My_DMA/add_116/U1_28     | CI v -> CO v | FA_X1    | 0.051 | My_DMA/add_116/carry[29] |            |    3.220 | 0.282 |   8.012 | 
     | My_DMA/add_116/U1_29     |              | FA_X1    | 0.051 | My_DMA/add_116/carry[29] |       SPEF |    3.220 | 0.000 |   8.012 | 
     | My_DMA/add_116/U1_29     | CI v -> CO v | FA_X1    | 0.050 | My_DMA/add_116/carry[30] |            |    3.090 | 0.280 |   8.292 | 
     | My_DMA/add_116/U1_30     |              | FA_X1    | 0.050 | My_DMA/add_116/carry[30] |       SPEF |    3.090 | 0.000 |   8.292 | 
     | My_DMA/add_116/U1_30     | CI v -> S v  | FA_X1    | 0.054 | My_DMA/N102              |            |    1.576 | 0.348 |   8.640 | 
     | My_DMA/U79               |              | AOI22_X1 | 0.054 | My_DMA/N102              |       SPEF |    1.576 | 0.000 |   8.640 | 
     | My_DMA/U79               | A1 v -> ZN ^ | AOI22_X1 | 0.092 | My_DMA/n91               |            |    1.771 | 0.129 |   8.769 | 
     | My_DMA/U78               |              | OAI21_X1 | 0.092 | My_DMA/n91               |       SPEF |    1.771 | 0.000 |   8.769 | 
     | My_DMA/U78               | A ^ -> ZN v  | OAI21_X1 | 0.067 | My_DMA/n613              |            |    1.457 | 0.073 |   8.842 | 
     | My_DMA/waddr_reg_reg[30] |              | DFF_X1   | 0.067 | My_DMA/n613              |       SPEF |    1.457 | 0.000 |   8.842 | 
     +---------------------------------------------------------------------------------------------------------------------------------+ 
Path 5: MET Setup Check with Pin My_DMA/raddr_reg_reg[29]/CK 
Endpoint:   My_DMA/raddr_reg_reg[29]/D (v) checked with  leading edge of 'CLK'
Beginpoint: My_DMA/raddr_reg_reg[0]/Q  (v) triggered by  leading edge of 'CLK'
Path Groups: {CLK}
Analysis View: ensc_av
Other End Arrival Time          0.000
- Setup                         0.184
+ Phase Shift                  10.000
= Required Time                 9.816
- Arrival Time                  8.577
= Slack Time                    1.239
     Clock Rise Edge                 0.000
     + Clock Network Latency (Ideal) 0.000
     = Beginpoint Arrival Time       0.000
     +---------------------------------------------------------------------------------------------------------------------------------+ 
     |         Instance         |     Arc      |   Cell   |  Slew |           Net            |    Arc     |   Load   | Delay | Arrival | 
     |                          |              |          |       |                          | Annotation |          |       |  Time   | 
     |--------------------------+--------------+----------+-------+--------------------------+------------+----------+-------+---------| 
     | My_DMA/raddr_reg_reg[0]  | CK ^         |          | 0.000 | clk                      |            | 1523.374 |       |   0.000 | 
     | My_DMA/raddr_reg_reg[0]  | CK ^ -> Q v  | DFF_X1   | 0.029 | My_DMA/raddr_reg[0]      |            |    6.826 | 0.260 |   0.260 | 
     | My_DMA/add_115/U14       |              | NAND2_X1 | 0.029 | My_DMA/raddr_reg[0]      |       SPEF |    6.826 | 0.000 |   0.260 | 
     | My_DMA/add_115/U14       | A2 v -> ZN ^ | NAND2_X1 | 0.032 | My_DMA/add_115/n9        |            |    1.727 | 0.059 |   0.319 | 
     | My_DMA/add_115/U15       |              | INV_X1   | 0.032 | My_DMA/add_115/n9        |       SPEF |    1.727 | 0.000 |   0.319 | 
     | My_DMA/add_115/U15       | A ^ -> ZN v  | INV_X1   | 0.012 | My_DMA/add_115/carry[1]  |            |    2.946 | 0.029 |   0.348 | 
     | My_DMA/add_115/U1_1      |              | FA_X1    | 0.012 | My_DMA/add_115/carry[1]  |       SPEF |    2.946 | 0.000 |   0.348 | 
     | My_DMA/add_115/U1_1      | CI v -> CO v | FA_X1    | 0.051 | My_DMA/add_115/carry[2]  |            |    3.340 | 0.266 |   0.614 | 
     | My_DMA/add_115/U1_2      |              | FA_X1    | 0.051 | My_DMA/add_115/carry[2]  |       SPEF |    3.340 | 0.000 |   0.614 | 
     | My_DMA/add_115/U1_2      | CI v -> CO v | FA_X1    | 0.051 | My_DMA/add_115/carry[3]  |            |    3.398 | 0.283 |   0.897 | 
     | My_DMA/add_115/U1_3      |              | FA_X1    | 0.051 | My_DMA/add_115/carry[3]  |       SPEF |    3.398 | 0.000 |   0.897 | 
     | My_DMA/add_115/U1_3      | CI v -> CO v | FA_X1    | 0.055 | My_DMA/add_115/carry[4]  |            |    4.424 | 0.291 |   1.188 | 
     | My_DMA/add_115/U1_4      |              | FA_X1    | 0.056 | My_DMA/add_115/carry[4]  |       SPEF |    4.424 | 0.000 |   1.188 | 
     | My_DMA/add_115/U1_4      | CI v -> CO v | FA_X1    | 0.049 | My_DMA/add_115/carry[5]  |            |    2.925 | 0.281 |   1.469 | 
     | My_DMA/add_115/U1_5      |              | FA_X1    | 0.049 | My_DMA/add_115/carry[5]  |       SPEF |    2.925 | 0.000 |   1.469 | 
     | My_DMA/add_115/U1_5      | CI v -> CO v | FA_X1    | 0.050 | My_DMA/add_115/carry[6]  |            |    2.995 | 0.278 |   1.747 | 
     | My_DMA/add_115/U1_6      |              | FA_X1    | 0.050 | My_DMA/add_115/carry[6]  |       SPEF |    2.995 | 0.000 |   1.747 | 
     | My_DMA/add_115/U1_6      | CI v -> CO v | FA_X1    | 0.052 | My_DMA/add_115/carry[7]  |            |    3.431 | 0.282 |   2.029 | 
     | My_DMA/add_115/U1_7      |              | FA_X1    | 0.052 | My_DMA/add_115/carry[7]  |       SPEF |    3.431 | 0.000 |   2.030 | 
     | My_DMA/add_115/U1_7      | CI v -> CO v | FA_X1    | 0.052 | My_DMA/add_115/carry[8]  |            |    3.524 | 0.284 |   2.313 | 
     | My_DMA/add_115/U1_8      |              | FA_X1    | 0.052 | My_DMA/add_115/carry[8]  |       SPEF |    3.524 | 0.000 |   2.314 | 
     | My_DMA/add_115/U1_8      | CI v -> CO v | FA_X1    | 0.053 | My_DMA/add_115/carry[9]  |            |    3.826 | 0.286 |   2.600 | 
     | My_DMA/add_115/U1_9      |              | FA_X1    | 0.053 | My_DMA/add_115/carry[9]  |       SPEF |    3.826 | 0.000 |   2.600 | 
     | My_DMA/add_115/U1_9      | CI v -> CO v | FA_X1    | 0.055 | My_DMA/add_115/carry[10] |            |    4.250 | 0.290 |   2.891 | 
     | My_DMA/add_115/U1_10     |              | FA_X1    | 0.055 | My_DMA/add_115/carry[10] |       SPEF |    4.250 | 0.000 |   2.891 | 
     | My_DMA/add_115/U1_10     | CI v -> CO v | FA_X1    | 0.050 | My_DMA/add_115/carry[11] |            |    3.164 | 0.282 |   3.173 | 
     | My_DMA/add_115/U1_11     |              | FA_X1    | 0.050 | My_DMA/add_115/carry[11] |       SPEF |    3.164 | 0.000 |   3.173 | 
     | My_DMA/add_115/U1_11     | CI v -> CO v | FA_X1    | 0.050 | My_DMA/add_115/carry[12] |            |    3.013 | 0.279 |   3.452 | 
     | My_DMA/add_115/U1_12     |              | FA_X1    | 0.050 | My_DMA/add_115/carry[12] |       SPEF |    3.013 | 0.000 |   3.452 | 
     | My_DMA/add_115/U1_12     | CI v -> CO v | FA_X1    | 0.052 | My_DMA/add_115/carry[13] |            |    3.593 | 0.283 |   3.736 | 
     | My_DMA/add_115/U1_13     |              | FA_X1    | 0.052 | My_DMA/add_115/carry[13] |       SPEF |    3.593 | 0.000 |   3.736 | 
     | My_DMA/add_115/U1_13     | CI v -> CO v | FA_X1    | 0.062 | My_DMA/add_115/carry[14] |            |    6.062 | 0.303 |   4.039 | 
     | My_DMA/add_115/U10       |              | NAND2_X1 | 0.062 | My_DMA/add_115/carry[14] |       SPEF |    6.062 | 0.000 |   4.040 | 
     | My_DMA/add_115/U10       | A1 v -> ZN ^ | NAND2_X1 | 0.032 | My_DMA/add_115/n7        |            |    1.683 | 0.069 |   4.109 | 
     | My_DMA/add_115/U12       |              | NAND3_X1 | 0.032 | My_DMA/add_115/n7        |       SPEF |    1.683 | 0.000 |   4.109 | 
     | My_DMA/add_115/U12       | A3 ^ -> ZN v | NAND3_X1 | 0.036 | My_DMA/add_115/carry[15] |            |    3.306 | 0.072 |   4.181 | 
     | My_DMA/add_115/U1_15     |              | FA_X1    | 0.036 | My_DMA/add_115/carry[15] |       SPEF |    3.306 | 0.000 |   4.181 | 
     | My_DMA/add_115/U1_15     | CI v -> CO v | FA_X1    | 0.052 | My_DMA/add_115/carry[16] |            |    3.431 | 0.276 |   4.457 | 
     | My_DMA/add_115/U1_16     |              | FA_X1    | 0.052 | My_DMA/add_115/carry[16] |       SPEF |    3.431 | 0.000 |   4.457 | 
     | My_DMA/add_115/U1_16     | CI v -> CO v | FA_X1    | 0.050 | My_DMA/add_115/carry[17] |            |    3.117 | 0.280 |   4.737 | 
     | My_DMA/add_115/U1_17     |              | FA_X1    | 0.050 | My_DMA/add_115/carry[17] |       SPEF |    3.117 | 0.000 |   4.737 | 
     | My_DMA/add_115/U1_17     | CI v -> CO v | FA_X1    | 0.054 | My_DMA/add_115/carry[18] |            |    3.963 | 0.287 |   5.024 | 
     | My_DMA/add_115/U1_18     |              | FA_X1    | 0.054 | My_DMA/add_115/carry[18] |       SPEF |    3.963 | 0.000 |   5.024 | 
     | My_DMA/add_115/U1_18     | CI v -> CO v | FA_X1    | 0.052 | My_DMA/add_115/carry[19] |            |    3.671 | 0.286 |   5.310 | 
     | My_DMA/add_115/U1_19     |              | FA_X1    | 0.052 | My_DMA/add_115/carry[19] |       SPEF |    3.671 | 0.000 |   5.310 | 
     | My_DMA/add_115/U1_19     | CI v -> CO v | FA_X1    | 0.050 | My_DMA/add_115/carry[20] |            |    3.048 | 0.280 |   5.590 | 
     | My_DMA/add_115/U1_20     |              | FA_X1    | 0.050 | My_DMA/add_115/carry[20] |       SPEF |    3.048 | 0.000 |   5.590 | 
     | My_DMA/add_115/U1_20     | CI v -> CO v | FA_X1    | 0.053 | My_DMA/add_115/carry[21] |            |    3.750 | 0.285 |   5.875 | 
     | My_DMA/add_115/U1_21     |              | FA_X1    | 0.053 | My_DMA/add_115/carry[21] |       SPEF |    3.750 | 0.000 |   5.876 | 
     | My_DMA/add_115/U1_21     | CI v -> CO v | FA_X1    | 0.050 | My_DMA/add_115/carry[22] |            |    2.963 | 0.280 |   6.155 | 
     | My_DMA/add_115/U1_22     |              | FA_X1    | 0.050 | My_DMA/add_115/carry[22] |       SPEF |    2.963 | 0.000 |   6.155 | 
     | My_DMA/add_115/U1_22     | CI v -> CO v | FA_X1    | 0.050 | My_DMA/add_115/carry[23] |            |    3.131 | 0.280 |   6.435 | 
     | My_DMA/add_115/U1_23     |              | FA_X1    | 0.050 | My_DMA/add_115/carry[23] |       SPEF |    3.131 | 0.000 |   6.435 | 
     | My_DMA/add_115/U1_23     | CI v -> CO v | FA_X1    | 0.064 | My_DMA/add_115/carry[24] |            |    6.563 | 0.306 |   6.741 | 
     | My_DMA/add_115/U4        |              | NAND2_X1 | 0.064 | My_DMA/add_115/carry[24] |       SPEF |    6.563 | 0.000 |   6.741 | 
     | My_DMA/add_115/U4        | A1 v -> ZN ^ | NAND2_X1 | 0.033 | My_DMA/add_115/n3        |            |    1.748 | 0.071 |   6.812 | 
     | My_DMA/add_115/U6        |              | NAND3_X1 | 0.033 | My_DMA/add_115/n3        |       SPEF |    1.748 | 0.000 |   6.812 | 
     | My_DMA/add_115/U6        | A3 ^ -> ZN v | NAND3_X1 | 0.035 | My_DMA/add_115/carry[25] |            |    3.269 | 0.072 |   6.884 | 
     | My_DMA/add_115/U1_25     |              | FA_X1    | 0.035 | My_DMA/add_115/carry[25] |       SPEF |    3.269 | 0.000 |   6.884 | 
     | My_DMA/add_115/U1_25     | CI v -> CO v | FA_X1    | 0.051 | My_DMA/add_115/carry[26] |            |    3.268 | 0.274 |   7.158 | 
     | My_DMA/add_115/U1_26     |              | FA_X1    | 0.051 | My_DMA/add_115/carry[26] |       SPEF |    3.268 | 0.000 |   7.158 | 
     | My_DMA/add_115/U1_26     | CI v -> CO v | FA_X1    | 0.053 | My_DMA/add_115/carry[27] |            |    3.709 | 0.285 |   7.443 | 
     | My_DMA/add_115/U1_27     |              | FA_X1    | 0.053 | My_DMA/add_115/carry[27] |       SPEF |    3.709 | 0.000 |   7.443 | 
     | My_DMA/add_115/U1_27     | CI v -> CO v | FA_X1    | 0.052 | My_DMA/add_115/carry[28] |            |    3.567 | 0.285 |   7.728 | 
     | My_DMA/add_115/U1_28     |              | FA_X1    | 0.052 | My_DMA/add_115/carry[28] |       SPEF |    3.567 | 0.000 |   7.728 | 
     | My_DMA/add_115/U1_28     | CI v -> CO v | FA_X1    | 0.051 | My_DMA/add_115/carry[29] |            |    3.283 | 0.282 |   8.010 | 
     | My_DMA/add_115/U1_29     |              | FA_X1    | 0.051 | My_DMA/add_115/carry[29] |       SPEF |    3.283 | 0.000 |   8.011 | 
     | My_DMA/add_115/U1_29     | CI v -> S v  | FA_X1    | 0.056 | My_DMA/N69               |            |    2.130 | 0.355 |   8.366 | 
     | My_DMA/U17               |              | AOI22_X1 | 0.056 | My_DMA/N69               |       SPEF |    2.130 | 0.000 |   8.366 | 
     | My_DMA/U17               | A1 v -> ZN ^ | AOI22_X1 | 0.099 | My_DMA/n29               |            |    2.128 | 0.137 |   8.503 | 
     | My_DMA/U16               |              | OAI21_X1 | 0.099 | My_DMA/n29               |       SPEF |    2.128 | 0.000 |   8.503 | 
     | My_DMA/U16               | A ^ -> ZN v  | OAI21_X1 | 0.067 | My_DMA/n582              |            |    1.419 | 0.074 |   8.577 | 
     | My_DMA/raddr_reg_reg[29] |              | DFF_X1   | 0.067 | My_DMA/n582              |       SPEF |    1.419 | 0.000 |   8.577 | 
     +---------------------------------------------------------------------------------------------------------------------------------+ 
Path 6: MET Setup Check with Pin My_DMA/waddr_reg_reg[29]/CK 
Endpoint:   My_DMA/waddr_reg_reg[29]/D (v) checked with  leading edge of 'CLK'
Beginpoint: My_DMA/wstep_reg_reg[0]/Q  (v) triggered by  leading edge of 'CLK'
Path Groups: {CLK}
Analysis View: ensc_av
Other End Arrival Time          0.000
- Setup                         0.183
+ Phase Shift                  10.000
= Required Time                 9.817
- Arrival Time                  8.565
= Slack Time                    1.252
     Clock Rise Edge                 0.000
     + Clock Network Latency (Ideal) 0.000
     = Beginpoint Arrival Time       0.000
     +---------------------------------------------------------------------------------------------------------------------------------+ 
     |         Instance         |     Arc      |   Cell   |  Slew |           Net            |    Arc     |   Load   | Delay | Arrival | 
     |                          |              |          |       |                          | Annotation |          |       |  Time   | 
     |--------------------------+--------------+----------+-------+--------------------------+------------+----------+-------+---------| 
     | My_DMA/wstep_reg_reg[0]  | CK ^         |          | 0.000 | clk                      |            | 1523.374 |       |   0.000 | 
     | My_DMA/wstep_reg_reg[0]  | CK ^ -> Q v  | DFF_X1   | 0.029 | My_DMA/wstep_reg[0]      |            |    6.826 | 0.260 |   0.260 | 
     | My_DMA/add_116/U13       |              | NAND2_X1 | 0.029 | My_DMA/wstep_reg[0]      |       SPEF |    6.826 | 0.000 |   0.260 | 
     | My_DMA/add_116/U13       | A1 v -> ZN ^ | NAND2_X1 | 0.032 | My_DMA/add_116/n9        |            |    1.755 | 0.051 |   0.312 | 
     | My_DMA/add_116/U14       |              | INV_X1   | 0.032 | My_DMA/add_116/n9        |       SPEF |    1.755 | 0.000 |   0.312 | 
     | My_DMA/add_116/U14       | A ^ -> ZN v  | INV_X1   | 0.012 | My_DMA/add_116/carry[1]  |            |    2.951 | 0.029 |   0.340 | 
     | My_DMA/add_116/U1_1      |              | FA_X1    | 0.012 | My_DMA/add_116/carry[1]  |       SPEF |    2.951 | 0.000 |   0.340 | 
     | My_DMA/add_116/U1_1      | CI v -> CO v | FA_X1    | 0.051 | My_DMA/add_116/carry[2]  |            |    3.240 | 0.265 |   0.606 | 
     | My_DMA/add_116/U1_2      |              | FA_X1    | 0.051 | My_DMA/add_116/carry[2]  |       SPEF |    3.240 | 0.000 |   0.606 | 
     | My_DMA/add_116/U1_2      | CI v -> CO v | FA_X1    | 0.052 | My_DMA/add_116/carry[3]  |            |    3.442 | 0.283 |   0.889 | 
     | My_DMA/add_116/U1_3      |              | FA_X1    | 0.052 | My_DMA/add_116/carry[3]  |       SPEF |    3.442 | 0.000 |   0.889 | 
     | My_DMA/add_116/U1_3      | CI v -> CO v | FA_X1    | 0.055 | My_DMA/add_116/carry[4]  |            |    4.205 | 0.289 |   1.178 | 
     | My_DMA/add_116/U1_4      |              | FA_X1    | 0.055 | My_DMA/add_116/carry[4]  |       SPEF |    4.205 | 0.000 |   1.178 | 
     | My_DMA/add_116/U1_4      | CI v -> CO v | FA_X1    | 0.049 | My_DMA/add_116/carry[5]  |            |    2.865 | 0.280 |   1.458 | 
     | My_DMA/add_116/U1_5      |              | FA_X1    | 0.049 | My_DMA/add_116/carry[5]  |       SPEF |    2.865 | 0.000 |   1.458 | 
     | My_DMA/add_116/U1_5      | CI v -> CO v | FA_X1    | 0.049 | My_DMA/add_116/carry[6]  |            |    2.933 | 0.278 |   1.736 | 
     | My_DMA/add_116/U1_6      |              | FA_X1    | 0.049 | My_DMA/add_116/carry[6]  |       SPEF |    2.933 | 0.000 |   1.736 | 
     | My_DMA/add_116/U1_6      | CI v -> CO v | FA_X1    | 0.052 | My_DMA/add_116/carry[7]  |            |    3.427 | 0.282 |   2.018 | 
     | My_DMA/add_116/U1_7      |              | FA_X1    | 0.052 | My_DMA/add_116/carry[7]  |       SPEF |    3.427 | 0.000 |   2.018 | 
     | My_DMA/add_116/U1_7      | CI v -> CO v | FA_X1    | 0.052 | My_DMA/add_116/carry[8]  |            |    3.581 | 0.284 |   2.302 | 
     | My_DMA/add_116/U1_8      |              | FA_X1    | 0.052 | My_DMA/add_116/carry[8]  |       SPEF |    3.581 | 0.000 |   2.303 | 
     | My_DMA/add_116/U1_8      | CI v -> CO v | FA_X1    | 0.054 | My_DMA/add_116/carry[9]  |            |    4.115 | 0.289 |   2.591 | 
     | My_DMA/add_116/U1_9      |              | FA_X1    | 0.054 | My_DMA/add_116/carry[9]  |       SPEF |    4.115 | 0.000 |   2.592 | 
     | My_DMA/add_116/U1_9      | CI v -> CO v | FA_X1    | 0.054 | My_DMA/add_116/carry[10] |            |    4.188 | 0.290 |   2.882 | 
     | My_DMA/add_116/U1_10     |              | FA_X1    | 0.054 | My_DMA/add_116/carry[10] |       SPEF |    4.188 | 0.000 |   2.882 | 
     | My_DMA/add_116/U1_10     | CI v -> CO v | FA_X1    | 0.050 | My_DMA/add_116/carry[11] |            |    3.103 | 0.282 |   3.164 | 
     | My_DMA/add_116/U1_11     |              | FA_X1    | 0.050 | My_DMA/add_116/carry[11] |       SPEF |    3.103 | 0.000 |   3.164 | 
     | My_DMA/add_116/U1_11     | CI v -> CO v | FA_X1    | 0.051 | My_DMA/add_116/carry[12] |            |    3.328 | 0.282 |   3.446 | 
     | My_DMA/add_116/U1_12     |              | FA_X1    | 0.051 | My_DMA/add_116/carry[12] |       SPEF |    3.328 | 0.000 |   3.446 | 
     | My_DMA/add_116/U1_12     | CI v -> CO v | FA_X1    | 0.052 | My_DMA/add_116/carry[13] |            |    3.602 | 0.284 |   3.730 | 
     | My_DMA/add_116/U1_13     |              | FA_X1    | 0.052 | My_DMA/add_116/carry[13] |       SPEF |    3.602 | 0.000 |   3.730 | 
     | My_DMA/add_116/U1_13     | CI v -> CO v | FA_X1    | 0.063 | My_DMA/add_116/carry[14] |            |    6.272 | 0.305 |   4.035 | 
     | My_DMA/add_116/U10       |              | NAND2_X1 | 0.063 | My_DMA/add_116/carry[14] |       SPEF |    6.272 | 0.000 |   4.035 | 
     | My_DMA/add_116/U10       | A1 v -> ZN ^ | NAND2_X1 | 0.033 | My_DMA/add_116/n7        |            |    1.742 | 0.070 |   4.105 | 
     | My_DMA/add_116/U12       |              | NAND3_X1 | 0.033 | My_DMA/add_116/n7        |       SPEF |    1.742 | 0.000 |   4.105 | 
     | My_DMA/add_116/U12       | A3 ^ -> ZN v | NAND3_X1 | 0.035 | My_DMA/add_116/carry[15] |            |    3.190 | 0.071 |   4.176 | 
     | My_DMA/add_116/U1_15     |              | FA_X1    | 0.035 | My_DMA/add_116/carry[15] |       SPEF |    3.190 | 0.000 |   4.176 | 
     | My_DMA/add_116/U1_15     | CI v -> CO v | FA_X1    | 0.051 | My_DMA/add_116/carry[16] |            |    3.199 | 0.274 |   4.450 | 
     | My_DMA/add_116/U1_16     |              | FA_X1    | 0.051 | My_DMA/add_116/carry[16] |       SPEF |    3.199 | 0.000 |   4.450 | 
     | My_DMA/add_116/U1_16     | CI v -> CO v | FA_X1    | 0.052 | My_DMA/add_116/carry[17] |            |    3.448 | 0.283 |   4.733 | 
     | My_DMA/add_116/U1_17     |              | FA_X1    | 0.052 | My_DMA/add_116/carry[17] |       SPEF |    3.448 | 0.000 |   4.733 | 
     | My_DMA/add_116/U1_17     | CI v -> CO v | FA_X1    | 0.053 | My_DMA/add_116/carry[18] |            |    3.738 | 0.286 |   5.018 | 
     | My_DMA/add_116/U1_18     |              | FA_X1    | 0.053 | My_DMA/add_116/carry[18] |       SPEF |    3.738 | 0.000 |   5.019 | 
     | My_DMA/add_116/U1_18     | CI v -> CO v | FA_X1    | 0.050 | My_DMA/add_116/carry[19] |            |    3.107 | 0.281 |   5.300 | 
     | My_DMA/add_116/U1_19     |              | FA_X1    | 0.050 | My_DMA/add_116/carry[19] |       SPEF |    3.107 | 0.000 |   5.300 | 
     | My_DMA/add_116/U1_19     | CI v -> CO v | FA_X1    | 0.052 | My_DMA/add_116/carry[20] |            |    3.506 | 0.283 |   5.583 | 
     | My_DMA/add_116/U1_20     |              | FA_X1    | 0.052 | My_DMA/add_116/carry[20] |       SPEF |    3.506 | 0.000 |   5.583 | 
     | My_DMA/add_116/U1_20     | CI v -> CO v | FA_X1    | 0.050 | My_DMA/add_116/carry[21] |            |    3.138 | 0.281 |   5.864 | 
     | My_DMA/add_116/U1_21     |              | FA_X1    | 0.050 | My_DMA/add_116/carry[21] |       SPEF |    3.138 | 0.000 |   5.864 | 
     | My_DMA/add_116/U1_21     | CI v -> CO v | FA_X1    | 0.052 | My_DMA/add_116/carry[22] |            |    3.610 | 0.284 |   6.148 | 
     | My_DMA/add_116/U1_22     |              | FA_X1    | 0.052 | My_DMA/add_116/carry[22] |       SPEF |    3.610 | 0.000 |   6.148 | 
     | My_DMA/add_116/U1_22     | CI v -> CO v | FA_X1    | 0.051 | My_DMA/add_116/carry[23] |            |    3.377 | 0.283 |   6.431 | 
     | My_DMA/add_116/U1_23     |              | FA_X1    | 0.051 | My_DMA/add_116/carry[23] |       SPEF |    3.377 | 0.000 |   6.431 | 
     | My_DMA/add_116/U1_23     | CI v -> CO v | FA_X1    | 0.062 | My_DMA/add_116/carry[24] |            |    6.124 | 0.303 |   6.734 | 
     | My_DMA/add_116/U4        |              | NAND2_X1 | 0.062 | My_DMA/add_116/carry[24] |       SPEF |    6.124 | 0.000 |   6.734 | 
     | My_DMA/add_116/U4        | A1 v -> ZN ^ | NAND2_X1 | 0.033 | My_DMA/add_116/n3        |            |    1.790 | 0.070 |   6.805 | 
     | My_DMA/add_116/U6        |              | NAND3_X1 | 0.033 | My_DMA/add_116/n3        |       SPEF |    1.790 | 0.000 |   6.805 | 
     | My_DMA/add_116/U6        | A3 ^ -> ZN v | NAND3_X1 | 0.034 | My_DMA/add_116/carry[25] |            |    3.074 | 0.070 |   6.875 | 
     | My_DMA/add_116/U1_25     |              | FA_X1    | 0.034 | My_DMA/add_116/carry[25] |       SPEF |    3.074 | 0.000 |   6.875 | 
     | My_DMA/add_116/U1_25     | CI v -> CO v | FA_X1    | 0.055 | My_DMA/add_116/carry[26] |            |    4.279 | 0.282 |   7.157 | 
     | My_DMA/add_116/U1_26     |              | FA_X1    | 0.055 | My_DMA/add_116/carry[26] |       SPEF |    4.279 | 0.000 |   7.158 | 
     | My_DMA/add_116/U1_26     | CI v -> CO v | FA_X1    | 0.051 | My_DMA/add_116/carry[27] |            |    3.364 | 0.284 |   7.442 | 
     | My_DMA/add_116/U1_27     |              | FA_X1    | 0.051 | My_DMA/add_116/carry[27] |       SPEF |    3.364 | 0.000 |   7.442 | 
     | My_DMA/add_116/U1_27     | CI v -> CO v | FA_X1    | 0.054 | My_DMA/add_116/carry[28] |            |    4.004 | 0.287 |   7.729 | 
     | My_DMA/add_116/U1_28     |              | FA_X1    | 0.054 | My_DMA/add_116/carry[28] |       SPEF |    4.004 | 0.000 |   7.729 | 
     | My_DMA/add_116/U1_28     | CI v -> CO v | FA_X1    | 0.051 | My_DMA/add_116/carry[29] |            |    3.220 | 0.282 |   8.012 | 
     | My_DMA/add_116/U1_29     |              | FA_X1    | 0.051 | My_DMA/add_116/carry[29] |       SPEF |    3.220 | 0.000 |   8.012 | 
     | My_DMA/add_116/U1_29     | CI v -> S v  | FA_X1    | 0.055 | My_DMA/N101              |            |    1.761 | 0.351 |   8.363 | 
     | My_DMA/U81               |              | AOI22_X1 | 0.055 | My_DMA/N101              |       SPEF |    1.761 | 0.000 |   8.363 | 
     | My_DMA/U81               | A1 v -> ZN ^ | AOI22_X1 | 0.092 | My_DMA/n93               |            |    1.784 | 0.130 |   8.492 | 
     | My_DMA/U80               |              | OAI21_X1 | 0.092 | My_DMA/n93               |       SPEF |    1.784 | 0.000 |   8.492 | 
     | My_DMA/U80               | A ^ -> ZN v  | OAI21_X1 | 0.067 | My_DMA/n614              |            |    1.384 | 0.072 |   8.565 | 
     | My_DMA/waddr_reg_reg[29] |              | DFF_X1   | 0.067 | My_DMA/n614              |       SPEF |    1.384 | 0.000 |   8.565 | 
     +---------------------------------------------------------------------------------------------------------------------------------+ 
Path 7: MET Setup Check with Pin my_aes/clock 
Endpoint:   my_aes/keyOrPlain[22] (v) checked with  leading edge of 'CLK'
Beginpoint: EXT_BUSY              (^) triggered by  leading edge of 'CLK'
Path Groups: {CLK}
Analysis View: ensc_av
Other End Arrival Time          0.000
- Setup                         4.376
+ Phase Shift                  10.000
= Required Time                 5.624
- Arrival Time                  4.328
= Slack Time                    1.297
     Clock Rise Edge                      0.000
     + Input Delay                        0.800
     = Beginpoint Arrival Time            0.800
     +--------------------------------------------------------------------------------------------------------------------------------+ 
     |       Instance       |     Arc      |       Cell       |  Slew |         Net          |    Arc     |  Load   | Delay | Arrival | 
     |                      |              |                  |       |                      | Annotation |         |       |  Time   | 
     |----------------------+--------------+------------------+-------+----------------------+------------+---------+-------+---------| 
     |                      | EXT_BUSY ^   |                  | 0.100 | EXT_BUSY             |       SPEF |  16.998 |       |   0.800 | 
     | My_bus/U641          |              | AOI22_X1         | 0.100 | EXT_BUSY             |       SPEF |  16.998 | 0.003 |   0.803 | 
     | My_bus/U641          | B1 ^ -> ZN v | AOI22_X1         | 0.048 | My_bus/n319          |            |   1.849 | 0.082 |   0.885 | 
     | My_bus/U640          |              | NOR3_X1          | 0.048 | My_bus/n319          |       SPEF |   1.849 | 0.000 |   0.885 | 
     | My_bus/U640          | A3 v -> ZN ^ | NOR3_X1          | 0.306 | My_bus/n109          |            |   9.182 | 0.432 |   1.317 | 
     | My_bus/U632          |              | AOI211_X1        | 0.306 | My_bus/n109          |       SPEF |   9.182 | 0.000 |   1.317 | 
     | My_bus/U632          | A ^ -> ZN v  | AOI211_X1        | 0.082 | My_bus/n17           |            |   4.763 | 0.126 |   1.443 | 
     | My_bus/U631          |              | INV_X1           | 0.082 | My_bus/n17           |       SPEF |   4.763 | 0.000 |   1.443 | 
     | My_bus/U631          | A v -> ZN ^  | INV_X1           | 0.299 | My_bus/n68           |            |  37.074 | 0.366 |   1.809 | 
     | My_bus/U33           |              | NOR2_X4          | 0.299 | My_bus/n68           |       SPEF |  37.074 | 0.002 |   1.811 | 
     | My_bus/U33           | A1 ^ -> ZN v | NOR2_X4          | 0.095 | My_bus/n107          |            |  57.817 | 0.154 |   1.965 | 
     | My_bus/U630          |              | INV_X1           | 0.095 | My_bus/n107          |       SPEF |  57.817 | 0.001 |   1.966 | 
     | My_bus/U630          | A v -> ZN ^  | INV_X1           | 0.037 | My_bus/n314          |            |   1.709 | 0.078 |   2.044 | 
     | My_bus/U629          |              | OAI21_X1         | 0.037 | My_bus/n314          |       SPEF |   1.709 | 0.000 |   2.044 | 
     | My_bus/U629          | A ^ -> ZN v  | OAI21_X1         | 0.059 | My_bus/n110          |            |   1.340 | 0.051 |   2.094 | 
     | My_bus/FE_OFC77_n110 |              | CLKBUF_X2        | 0.059 | My_bus/n110          |       SPEF |   1.340 | 0.000 |   2.094 | 
     | My_bus/FE_OFC77_n110 | A v -> Z v   | CLKBUF_X2        | 0.165 | My_bus/FE_OFN77_n110 |            |  66.178 | 0.285 |   2.379 | 
     | My_bus/U606          |              | AOI22_X1         | 0.165 | My_bus/FE_OFN77_n110 |       SPEF |  66.178 | 0.002 |   2.381 | 
     | My_bus/U606          | A2 v -> ZN ^ | AOI22_X1         | 0.325 | My_bus/n94           |            |  14.832 | 0.461 |   2.842 | 
     | My_bus/U602          |              | AND4_X1          | 0.325 | My_bus/n94           |       SPEF |  14.832 | 0.002 |   2.844 | 
     | My_bus/U602          | A1 ^ -> ZN ^ | AND4_X1          | 0.039 | My_bus/n306          |            |   0.997 | 0.248 |   3.092 | 
     | My_bus/U596          |              | AND2_X1          | 0.039 | My_bus/n306          |       SPEF |   0.997 | 0.000 |   3.092 | 
     | My_bus/U596          | A1 ^ -> ZN ^ | AND2_X1          | 0.045 | My_bus/n288          |            |   4.209 | 0.118 |   3.210 | 
     | My_bus/U595          |              | AND4_X1          | 0.045 | My_bus/n288          |       SPEF |   4.209 | 0.000 |   3.210 | 
     | My_bus/U595          | A4 ^ -> ZN ^ | AND4_X1          | 0.035 | My_bus/n305          |            |   1.197 | 0.171 |   3.381 | 
     | My_bus/U586          |              | AND4_X1          | 0.035 | My_bus/n305          |       SPEF |   1.197 | 0.000 |   3.381 | 
     | My_bus/U586          | A1 ^ -> ZN ^ | AND4_X1          | 0.042 | My_bus/n304          |            |   1.838 | 0.155 |   3.536 | 
     | My_bus/U585          |              | NAND3_X1         | 0.042 | My_bus/n304          |       SPEF |   1.838 | 0.000 |   3.536 | 
     | My_bus/U585          | A3 ^ -> ZN v | NAND3_X1         | 0.082 | My_bus/n274          |            |   5.135 | 0.089 |   3.625 | 
     | My_bus/U574          |              | NAND2_X1         | 0.082 | My_bus/n274          |       SPEF |   5.135 | 0.000 |   3.625 | 
     | My_bus/U574          | A1 v -> ZN ^ | NAND2_X1         | 0.060 | My_bus/n273          |            |   5.075 | 0.113 |   3.738 | 
     | My_bus/U28           |              | NOR2_X2          | 0.060 | My_bus/n273          |       SPEF |   5.075 | 0.000 |   3.738 | 
     | My_bus/U28           | A1 ^ -> ZN v | NOR2_X2          | 0.035 | YOUR_ADDRBUS[29]     |            |  19.661 | 0.063 |   3.801 | 
     | My_bus/U32           |              | INV_X4           | 0.035 | YOUR_ADDRBUS[29]     |       SPEF |  19.661 | 0.002 |   3.803 | 
     | My_bus/U32           | A v -> ZN ^  | INV_X4           | 0.326 | My_bus/n103          |            | 159.831 | 0.362 |   4.165 | 
     | My_bus/U226          |              | NOR2_X1          | 0.326 | My_bus/n103          |       SPEF | 159.831 | 0.006 |   4.171 | 
     | My_bus/U226          | A2 ^ -> ZN v | NOR2_X1          | 0.091 | YOUR_ADDRBUS[22]     |            |  11.472 | 0.154 |   4.325 | 
     | my_aes               |              | aes128keyWrapper | 0.092 | YOUR_ADDRBUS[22]     |       SPEF |  11.472 | 0.003 |   4.328 | 
     +--------------------------------------------------------------------------------------------------------------------------------+ 
Path 8: MET Setup Check with Pin my_aes/clock 
Endpoint:   my_aes/keyOrPlain[23] (v) checked with  leading edge of 'CLK'
Beginpoint: EXT_BUSY              (^) triggered by  leading edge of 'CLK'
Path Groups: {CLK}
Analysis View: ensc_av
Other End Arrival Time          0.000
- Setup                         4.378
+ Phase Shift                  10.000
= Required Time                 5.622
- Arrival Time                  4.322
= Slack Time                    1.301
     Clock Rise Edge                      0.000
     + Input Delay                        0.800
     = Beginpoint Arrival Time            0.800
     +--------------------------------------------------------------------------------------------------------------------------------+ 
     |       Instance       |     Arc      |       Cell       |  Slew |         Net          |    Arc     |  Load   | Delay | Arrival | 
     |                      |              |                  |       |                      | Annotation |         |       |  Time   | 
     |----------------------+--------------+------------------+-------+----------------------+------------+---------+-------+---------| 
     |                      | EXT_BUSY ^   |                  | 0.100 | EXT_BUSY             |       SPEF |  16.998 |       |   0.800 | 
     | My_bus/U641          |              | AOI22_X1         | 0.100 | EXT_BUSY             |       SPEF |  16.998 | 0.003 |   0.803 | 
     | My_bus/U641          | B1 ^ -> ZN v | AOI22_X1         | 0.048 | My_bus/n319          |            |   1.849 | 0.082 |   0.885 | 
     | My_bus/U640          |              | NOR3_X1          | 0.048 | My_bus/n319          |       SPEF |   1.849 | 0.000 |   0.885 | 
     | My_bus/U640          | A3 v -> ZN ^ | NOR3_X1          | 0.306 | My_bus/n109          |            |   9.182 | 0.432 |   1.317 | 
     | My_bus/U632          |              | AOI211_X1        | 0.306 | My_bus/n109          |       SPEF |   9.182 | 0.000 |   1.317 | 
     | My_bus/U632          | A ^ -> ZN v  | AOI211_X1        | 0.082 | My_bus/n17           |            |   4.763 | 0.126 |   1.443 | 
     | My_bus/U631          |              | INV_X1           | 0.082 | My_bus/n17           |       SPEF |   4.763 | 0.000 |   1.443 | 
     | My_bus/U631          | A v -> ZN ^  | INV_X1           | 0.299 | My_bus/n68           |            |  37.074 | 0.366 |   1.809 | 
     | My_bus/U33           |              | NOR2_X4          | 0.299 | My_bus/n68           |       SPEF |  37.074 | 0.002 |   1.811 | 
     | My_bus/U33           | A1 ^ -> ZN v | NOR2_X4          | 0.095 | My_bus/n107          |            |  57.817 | 0.154 |   1.965 | 
     | My_bus/U630          |              | INV_X1           | 0.095 | My_bus/n107          |       SPEF |  57.817 | 0.001 |   1.966 | 
     | My_bus/U630          | A v -> ZN ^  | INV_X1           | 0.037 | My_bus/n314          |            |   1.709 | 0.078 |   2.044 | 
     | My_bus/U629          |              | OAI21_X1         | 0.037 | My_bus/n314          |       SPEF |   1.709 | 0.000 |   2.044 | 
     | My_bus/U629          | A ^ -> ZN v  | OAI21_X1         | 0.059 | My_bus/n110          |            |   1.340 | 0.051 |   2.094 | 
     | My_bus/FE_OFC77_n110 |              | CLKBUF_X2        | 0.059 | My_bus/n110          |       SPEF |   1.340 | 0.000 |   2.094 | 
     | My_bus/FE_OFC77_n110 | A v -> Z v   | CLKBUF_X2        | 0.165 | My_bus/FE_OFN77_n110 |            |  66.178 | 0.285 |   2.379 | 
     | My_bus/U606          |              | AOI22_X1         | 0.165 | My_bus/FE_OFN77_n110 |       SPEF |  66.178 | 0.002 |   2.381 | 
     | My_bus/U606          | A2 v -> ZN ^ | AOI22_X1         | 0.325 | My_bus/n94           |            |  14.832 | 0.461 |   2.842 | 
     | My_bus/U602          |              | AND4_X1          | 0.325 | My_bus/n94           |       SPEF |  14.832 | 0.002 |   2.844 | 
     | My_bus/U602          | A1 ^ -> ZN ^ | AND4_X1          | 0.039 | My_bus/n306          |            |   0.997 | 0.248 |   3.092 | 
     | My_bus/U596          |              | AND2_X1          | 0.039 | My_bus/n306          |       SPEF |   0.997 | 0.000 |   3.092 | 
     | My_bus/U596          | A1 ^ -> ZN ^ | AND2_X1          | 0.045 | My_bus/n288          |            |   4.209 | 0.118 |   3.210 | 
     | My_bus/U595          |              | AND4_X1          | 0.045 | My_bus/n288          |       SPEF |   4.209 | 0.000 |   3.210 | 
     | My_bus/U595          | A4 ^ -> ZN ^ | AND4_X1          | 0.035 | My_bus/n305          |            |   1.197 | 0.171 |   3.381 | 
     | My_bus/U586          |              | AND4_X1          | 0.035 | My_bus/n305          |       SPEF |   1.197 | 0.000 |   3.381 | 
     | My_bus/U586          | A1 ^ -> ZN ^ | AND4_X1          | 0.042 | My_bus/n304          |            |   1.838 | 0.155 |   3.536 | 
     | My_bus/U585          |              | NAND3_X1         | 0.042 | My_bus/n304          |       SPEF |   1.838 | 0.000 |   3.536 | 
     | My_bus/U585          | A3 ^ -> ZN v | NAND3_X1         | 0.082 | My_bus/n274          |            |   5.135 | 0.089 |   3.625 | 
     | My_bus/U574          |              | NAND2_X1         | 0.082 | My_bus/n274          |       SPEF |   5.135 | 0.000 |   3.625 | 
     | My_bus/U574          | A1 v -> ZN ^ | NAND2_X1         | 0.060 | My_bus/n273          |            |   5.075 | 0.113 |   3.738 | 
     | My_bus/U28           |              | NOR2_X2          | 0.060 | My_bus/n273          |       SPEF |   5.075 | 0.000 |   3.738 | 
     | My_bus/U28           | A1 ^ -> ZN v | NOR2_X2          | 0.035 | YOUR_ADDRBUS[29]     |            |  19.661 | 0.063 |   3.801 | 
     | My_bus/U32           |              | INV_X4           | 0.035 | YOUR_ADDRBUS[29]     |       SPEF |  19.661 | 0.002 |   3.803 | 
     | My_bus/U32           | A v -> ZN ^  | INV_X4           | 0.326 | My_bus/n103          |            | 159.831 | 0.362 |   4.165 | 
     | My_bus/U225          |              | NOR2_X1          | 0.326 | My_bus/n103          |       SPEF | 159.831 | 0.005 |   4.171 | 
     | My_bus/U225          | A2 ^ -> ZN v | NOR2_X1          | 0.090 | YOUR_ADDRBUS[23]     |            |  10.667 | 0.149 |   4.319 | 
     | my_aes               |              | aes128keyWrapper | 0.090 | YOUR_ADDRBUS[23]     |       SPEF |  10.667 | 0.002 |   4.322 | 
     +--------------------------------------------------------------------------------------------------------------------------------+ 
Path 9: MET Setup Check with Pin my_aes/clock 
Endpoint:   my_aes/keyOrPlain[21] (v) checked with  leading edge of 'CLK'
Beginpoint: EXT_BUSY              (^) triggered by  leading edge of 'CLK'
Path Groups: {CLK}
Analysis View: ensc_av
Other End Arrival Time          0.000
- Setup                         4.297
+ Phase Shift                  10.000
= Required Time                 5.703
- Arrival Time                  4.323
= Slack Time                    1.380
     Clock Rise Edge                      0.000
     + Input Delay                        0.800
     = Beginpoint Arrival Time            0.800
     +--------------------------------------------------------------------------------------------------------------------------------+ 
     |       Instance       |     Arc      |       Cell       |  Slew |         Net          |    Arc     |  Load   | Delay | Arrival | 
     |                      |              |                  |       |                      | Annotation |         |       |  Time   | 
     |----------------------+--------------+------------------+-------+----------------------+------------+---------+-------+---------| 
     |                      | EXT_BUSY ^   |                  | 0.100 | EXT_BUSY             |       SPEF |  16.998 |       |   0.800 | 
     | My_bus/U641          |              | AOI22_X1         | 0.100 | EXT_BUSY             |       SPEF |  16.998 | 0.003 |   0.803 | 
     | My_bus/U641          | B1 ^ -> ZN v | AOI22_X1         | 0.048 | My_bus/n319          |            |   1.849 | 0.082 |   0.885 | 
     | My_bus/U640          |              | NOR3_X1          | 0.048 | My_bus/n319          |       SPEF |   1.849 | 0.000 |   0.885 | 
     | My_bus/U640          | A3 v -> ZN ^ | NOR3_X1          | 0.306 | My_bus/n109          |            |   9.182 | 0.432 |   1.317 | 
     | My_bus/U632          |              | AOI211_X1        | 0.306 | My_bus/n109          |       SPEF |   9.182 | 0.000 |   1.317 | 
     | My_bus/U632          | A ^ -> ZN v  | AOI211_X1        | 0.082 | My_bus/n17           |            |   4.763 | 0.126 |   1.443 | 
     | My_bus/U631          |              | INV_X1           | 0.082 | My_bus/n17           |       SPEF |   4.763 | 0.000 |   1.443 | 
     | My_bus/U631          | A v -> ZN ^  | INV_X1           | 0.299 | My_bus/n68           |            |  37.074 | 0.366 |   1.809 | 
     | My_bus/U33           |              | NOR2_X4          | 0.299 | My_bus/n68           |       SPEF |  37.074 | 0.002 |   1.811 | 
     | My_bus/U33           | A1 ^ -> ZN v | NOR2_X4          | 0.095 | My_bus/n107          |            |  57.817 | 0.154 |   1.965 | 
     | My_bus/U630          |              | INV_X1           | 0.095 | My_bus/n107          |       SPEF |  57.817 | 0.001 |   1.966 | 
     | My_bus/U630          | A v -> ZN ^  | INV_X1           | 0.037 | My_bus/n314          |            |   1.709 | 0.078 |   2.044 | 
     | My_bus/U629          |              | OAI21_X1         | 0.037 | My_bus/n314          |       SPEF |   1.709 | 0.000 |   2.044 | 
     | My_bus/U629          | A ^ -> ZN v  | OAI21_X1         | 0.059 | My_bus/n110          |            |   1.340 | 0.051 |   2.094 | 
     | My_bus/FE_OFC77_n110 |              | CLKBUF_X2        | 0.059 | My_bus/n110          |       SPEF |   1.340 | 0.000 |   2.094 | 
     | My_bus/FE_OFC77_n110 | A v -> Z v   | CLKBUF_X2        | 0.165 | My_bus/FE_OFN77_n110 |            |  66.178 | 0.285 |   2.379 | 
     | My_bus/U606          |              | AOI22_X1         | 0.165 | My_bus/FE_OFN77_n110 |       SPEF |  66.178 | 0.002 |   2.381 | 
     | My_bus/U606          | A2 v -> ZN ^ | AOI22_X1         | 0.325 | My_bus/n94           |            |  14.832 | 0.461 |   2.842 | 
     | My_bus/U602          |              | AND4_X1          | 0.325 | My_bus/n94           |       SPEF |  14.832 | 0.002 |   2.844 | 
     | My_bus/U602          | A1 ^ -> ZN ^ | AND4_X1          | 0.039 | My_bus/n306          |            |   0.997 | 0.248 |   3.092 | 
     | My_bus/U596          |              | AND2_X1          | 0.039 | My_bus/n306          |       SPEF |   0.997 | 0.000 |   3.092 | 
     | My_bus/U596          | A1 ^ -> ZN ^ | AND2_X1          | 0.045 | My_bus/n288          |            |   4.209 | 0.118 |   3.210 | 
     | My_bus/U595          |              | AND4_X1          | 0.045 | My_bus/n288          |       SPEF |   4.209 | 0.000 |   3.210 | 
     | My_bus/U595          | A4 ^ -> ZN ^ | AND4_X1          | 0.035 | My_bus/n305          |            |   1.197 | 0.171 |   3.381 | 
     | My_bus/U586          |              | AND4_X1          | 0.035 | My_bus/n305          |       SPEF |   1.197 | 0.000 |   3.381 | 
     | My_bus/U586          | A1 ^ -> ZN ^ | AND4_X1          | 0.042 | My_bus/n304          |            |   1.838 | 0.155 |   3.536 | 
     | My_bus/U585          |              | NAND3_X1         | 0.042 | My_bus/n304          |       SPEF |   1.838 | 0.000 |   3.536 | 
     | My_bus/U585          | A3 ^ -> ZN v | NAND3_X1         | 0.082 | My_bus/n274          |            |   5.135 | 0.089 |   3.625 | 
     | My_bus/U574          |              | NAND2_X1         | 0.082 | My_bus/n274          |       SPEF |   5.135 | 0.000 |   3.625 | 
     | My_bus/U574          | A1 v -> ZN ^ | NAND2_X1         | 0.060 | My_bus/n273          |            |   5.075 | 0.113 |   3.738 | 
     | My_bus/U28           |              | NOR2_X2          | 0.060 | My_bus/n273          |       SPEF |   5.075 | 0.000 |   3.738 | 
     | My_bus/U28           | A1 ^ -> ZN v | NOR2_X2          | 0.035 | YOUR_ADDRBUS[29]     |            |  19.661 | 0.063 |   3.801 | 
     | My_bus/U32           |              | INV_X4           | 0.035 | YOUR_ADDRBUS[29]     |       SPEF |  19.661 | 0.002 |   3.803 | 
     | My_bus/U32           | A v -> ZN ^  | INV_X4           | 0.326 | My_bus/n103          |            | 159.831 | 0.362 |   4.165 | 
     | My_bus/U227          |              | NOR2_X1          | 0.326 | My_bus/n103          |       SPEF | 159.831 | 0.005 |   4.171 | 
     | My_bus/U227          | A2 ^ -> ZN v | NOR2_X1          | 0.090 | YOUR_ADDRBUS[21]     |            |  10.882 | 0.150 |   4.321 | 
     | my_aes               |              | aes128keyWrapper | 0.090 | YOUR_ADDRBUS[21]     |       SPEF |  10.882 | 0.002 |   4.323 | 
     +--------------------------------------------------------------------------------------------------------------------------------+ 
Path 10: MET Setup Check with Pin my_aes/clock 
Endpoint:   my_aes/keyOrPlain[26] (v) checked with  leading edge of 'CLK'
Beginpoint: EXT_BUSY              (^) triggered by  leading edge of 'CLK'
Path Groups: {CLK}
Analysis View: ensc_av
Other End Arrival Time          0.000
- Setup                         4.231
+ Phase Shift                  10.000
= Required Time                 5.769
- Arrival Time                  4.321
= Slack Time                    1.448
     Clock Rise Edge                      0.000
     + Input Delay                        0.800
     = Beginpoint Arrival Time            0.800
     +--------------------------------------------------------------------------------------------------------------------------------+ 
     |       Instance       |     Arc      |       Cell       |  Slew |         Net          |    Arc     |  Load   | Delay | Arrival | 
     |                      |              |                  |       |                      | Annotation |         |       |  Time   | 
     |----------------------+--------------+------------------+-------+----------------------+------------+---------+-------+---------| 
     |                      | EXT_BUSY ^   |                  | 0.100 | EXT_BUSY             |       SPEF |  16.998 |       |   0.800 | 
     | My_bus/U641          |              | AOI22_X1         | 0.100 | EXT_BUSY             |       SPEF |  16.998 | 0.003 |   0.803 | 
     | My_bus/U641          | B1 ^ -> ZN v | AOI22_X1         | 0.048 | My_bus/n319          |            |   1.849 | 0.082 |   0.885 | 
     | My_bus/U640          |              | NOR3_X1          | 0.048 | My_bus/n319          |       SPEF |   1.849 | 0.000 |   0.885 | 
     | My_bus/U640          | A3 v -> ZN ^ | NOR3_X1          | 0.306 | My_bus/n109          |            |   9.182 | 0.432 |   1.317 | 
     | My_bus/U632          |              | AOI211_X1        | 0.306 | My_bus/n109          |       SPEF |   9.182 | 0.000 |   1.317 | 
     | My_bus/U632          | A ^ -> ZN v  | AOI211_X1        | 0.082 | My_bus/n17           |            |   4.763 | 0.126 |   1.443 | 
     | My_bus/U631          |              | INV_X1           | 0.082 | My_bus/n17           |       SPEF |   4.763 | 0.000 |   1.443 | 
     | My_bus/U631          | A v -> ZN ^  | INV_X1           | 0.299 | My_bus/n68           |            |  37.074 | 0.366 |   1.809 | 
     | My_bus/U33           |              | NOR2_X4          | 0.299 | My_bus/n68           |       SPEF |  37.074 | 0.002 |   1.811 | 
     | My_bus/U33           | A1 ^ -> ZN v | NOR2_X4          | 0.095 | My_bus/n107          |            |  57.817 | 0.154 |   1.965 | 
     | My_bus/U630          |              | INV_X1           | 0.095 | My_bus/n107          |       SPEF |  57.817 | 0.001 |   1.966 | 
     | My_bus/U630          | A v -> ZN ^  | INV_X1           | 0.037 | My_bus/n314          |            |   1.709 | 0.078 |   2.044 | 
     | My_bus/U629          |              | OAI21_X1         | 0.037 | My_bus/n314          |       SPEF |   1.709 | 0.000 |   2.044 | 
     | My_bus/U629          | A ^ -> ZN v  | OAI21_X1         | 0.059 | My_bus/n110          |            |   1.340 | 0.051 |   2.094 | 
     | My_bus/FE_OFC77_n110 |              | CLKBUF_X2        | 0.059 | My_bus/n110          |       SPEF |   1.340 | 0.000 |   2.094 | 
     | My_bus/FE_OFC77_n110 | A v -> Z v   | CLKBUF_X2        | 0.165 | My_bus/FE_OFN77_n110 |            |  66.178 | 0.285 |   2.379 | 
     | My_bus/U606          |              | AOI22_X1         | 0.165 | My_bus/FE_OFN77_n110 |       SPEF |  66.178 | 0.002 |   2.381 | 
     | My_bus/U606          | A2 v -> ZN ^ | AOI22_X1         | 0.325 | My_bus/n94           |            |  14.832 | 0.461 |   2.842 | 
     | My_bus/U602          |              | AND4_X1          | 0.325 | My_bus/n94           |       SPEF |  14.832 | 0.002 |   2.844 | 
     | My_bus/U602          | A1 ^ -> ZN ^ | AND4_X1          | 0.039 | My_bus/n306          |            |   0.997 | 0.248 |   3.092 | 
     | My_bus/U596          |              | AND2_X1          | 0.039 | My_bus/n306          |       SPEF |   0.997 | 0.000 |   3.092 | 
     | My_bus/U596          | A1 ^ -> ZN ^ | AND2_X1          | 0.045 | My_bus/n288          |            |   4.209 | 0.118 |   3.210 | 
     | My_bus/U595          |              | AND4_X1          | 0.045 | My_bus/n288          |       SPEF |   4.209 | 0.000 |   3.210 | 
     | My_bus/U595          | A4 ^ -> ZN ^ | AND4_X1          | 0.035 | My_bus/n305          |            |   1.197 | 0.171 |   3.381 | 
     | My_bus/U586          |              | AND4_X1          | 0.035 | My_bus/n305          |       SPEF |   1.197 | 0.000 |   3.381 | 
     | My_bus/U586          | A1 ^ -> ZN ^ | AND4_X1          | 0.042 | My_bus/n304          |            |   1.838 | 0.155 |   3.536 | 
     | My_bus/U585          |              | NAND3_X1         | 0.042 | My_bus/n304          |       SPEF |   1.838 | 0.000 |   3.536 | 
     | My_bus/U585          | A3 ^ -> ZN v | NAND3_X1         | 0.082 | My_bus/n274          |            |   5.135 | 0.089 |   3.625 | 
     | My_bus/U574          |              | NAND2_X1         | 0.082 | My_bus/n274          |       SPEF |   5.135 | 0.000 |   3.625 | 
     | My_bus/U574          | A1 v -> ZN ^ | NAND2_X1         | 0.060 | My_bus/n273          |            |   5.075 | 0.113 |   3.738 | 
     | My_bus/U28           |              | NOR2_X2          | 0.060 | My_bus/n273          |       SPEF |   5.075 | 0.000 |   3.738 | 
     | My_bus/U28           | A1 ^ -> ZN v | NOR2_X2          | 0.035 | YOUR_ADDRBUS[29]     |            |  19.661 | 0.063 |   3.801 | 
     | My_bus/U32           |              | INV_X4           | 0.035 | YOUR_ADDRBUS[29]     |       SPEF |  19.661 | 0.002 |   3.803 | 
     | My_bus/U32           | A v -> ZN ^  | INV_X4           | 0.326 | My_bus/n103          |            | 159.831 | 0.362 |   4.165 | 
     | My_bus/U222          |              | NOR2_X1          | 0.326 | My_bus/n103          |       SPEF | 159.831 | 0.006 |   4.171 | 
     | My_bus/U222          | A2 ^ -> ZN v | NOR2_X1          | 0.089 | YOUR_ADDRBUS[26]     |            |  10.483 | 0.147 |   4.318 | 
     | my_aes               |              | aes128keyWrapper | 0.089 | YOUR_ADDRBUS[26]     |       SPEF |  10.483 | 0.002 |   4.321 | 
     +--------------------------------------------------------------------------------------------------------------------------------+ 

