###############################################################
#  Generated by:      Cadence Innovus 18.10-p002_1
#  OS:                Linux x86_64(Host ID ensc-esil-17)
#  Generated on:      Tue Apr 20 18:54:35 2021
#  Design:            ensc450
#  Command:           report_timing -net -format {instance arc cell slew net annotation load delay arrival} -max_paths 10 >  results/timing/06-cts_setup.rpt
###############################################################
Path 1: MET Setup Check with Pin My_DMA/raddr_reg_reg[31]/CK 
Endpoint:   My_DMA/raddr_reg_reg[31]/D (v) checked with  leading edge of 'CLK'
Beginpoint: My_DMA/raddr_reg_reg[0]/Q  (v) triggered by  leading edge of 'CLK'
Path Groups: {CLK}
Analysis View: ensc_av
Other End Arrival Time          0.000
- Setup                         0.160
+ Phase Shift                  10.000
= Required Time                 9.840
- Arrival Time                  9.133
= Slack Time                    0.707
     Clock Rise Edge                 0.000
     + Clock Network Latency (Ideal) 0.000
     = Beginpoint Arrival Time       0.000
     +---------------------------------------------------------------------------------------------------------------------------------+ 
     |         Instance         |     Arc      |   Cell   |  Slew |           Net            |    Arc     |   Load   | Delay | Arrival | 
     |                          |              |          |       |                          | Annotation |          |       |  Time   | 
     |--------------------------+--------------+----------+-------+--------------------------+------------+----------+-------+---------| 
     | My_DMA/raddr_reg_reg[0]  | CK ^         |          | 0.000 | clk                      |            | 1502.483 |       |   0.000 | 
     | My_DMA/raddr_reg_reg[0]  | CK ^ -> Q v  | DFF_X1   | 0.029 | My_DMA/raddr_reg[0]      |            |    6.835 | 0.260 |   0.260 | 
     | My_DMA/add_115/U14       |              | NAND2_X1 | 0.029 | My_DMA/raddr_reg[0]      |       SPEF |    6.835 | 0.000 |   0.260 | 
     | My_DMA/add_115/U14       | A2 v -> ZN ^ | NAND2_X1 | 0.031 | My_DMA/add_115/n9        |            |    1.721 | 0.059 |   0.319 | 
     | My_DMA/add_115/U15       |              | INV_X1   | 0.031 | My_DMA/add_115/n9        |       SPEF |    1.721 | 0.000 |   0.319 | 
     | My_DMA/add_115/U15       | A ^ -> ZN v  | INV_X1   | 0.012 | My_DMA/add_115/carry[1]  |            |    2.985 | 0.029 |   0.348 | 
     | My_DMA/add_115/U1_1      |              | FA_X1    | 0.012 | My_DMA/add_115/carry[1]  |       SPEF |    2.985 | 0.000 |   0.348 | 
     | My_DMA/add_115/U1_1      | CI v -> CO v | FA_X1    | 0.052 | My_DMA/add_115/carry[2]  |            |    3.433 | 0.267 |   0.615 | 
     | My_DMA/add_115/U1_2      |              | FA_X1    | 0.052 | My_DMA/add_115/carry[2]  |       SPEF |    3.433 | 0.000 |   0.615 | 
     | My_DMA/add_115/U1_2      | CI v -> CO v | FA_X1    | 0.052 | My_DMA/add_115/carry[3]  |            |    3.453 | 0.283 |   0.898 | 
     | My_DMA/add_115/U1_3      |              | FA_X1    | 0.052 | My_DMA/add_115/carry[3]  |       SPEF |    3.453 | 0.000 |   0.898 | 
     | My_DMA/add_115/U1_3      | CI v -> CO v | FA_X1    | 0.056 | My_DMA/add_115/carry[4]  |            |    4.440 | 0.291 |   1.189 | 
     | My_DMA/add_115/U1_4      |              | FA_X1    | 0.056 | My_DMA/add_115/carry[4]  |       SPEF |    4.440 | 0.000 |   1.190 | 
     | My_DMA/add_115/U1_4      | CI v -> CO v | FA_X1    | 0.049 | My_DMA/add_115/carry[5]  |            |    2.895 | 0.280 |   1.470 | 
     | My_DMA/add_115/U1_5      |              | FA_X1    | 0.049 | My_DMA/add_115/carry[5]  |       SPEF |    2.895 | 0.000 |   1.470 | 
     | My_DMA/add_115/U1_5      | CI v -> CO v | FA_X1    | 0.050 | My_DMA/add_115/carry[6]  |            |    3.022 | 0.279 |   1.749 | 
     | My_DMA/add_115/U1_6      |              | FA_X1    | 0.050 | My_DMA/add_115/carry[6]  |       SPEF |    3.022 | 0.000 |   1.749 | 
     | My_DMA/add_115/U1_6      | CI v -> CO v | FA_X1    | 0.052 | My_DMA/add_115/carry[7]  |            |    3.460 | 0.283 |   2.031 | 
     | My_DMA/add_115/U1_7      |              | FA_X1    | 0.052 | My_DMA/add_115/carry[7]  |       SPEF |    3.460 | 0.000 |   2.032 | 
     | My_DMA/add_115/U1_7      | CI v -> CO v | FA_X1    | 0.052 | My_DMA/add_115/carry[8]  |            |    3.533 | 0.284 |   2.315 | 
     | My_DMA/add_115/U1_8      |              | FA_X1    | 0.052 | My_DMA/add_115/carry[8]  |       SPEF |    3.533 | 0.000 |   2.316 | 
     | My_DMA/add_115/U1_8      | CI v -> CO v | FA_X1    | 0.053 | My_DMA/add_115/carry[9]  |            |    3.876 | 0.287 |   2.602 | 
     | My_DMA/add_115/U1_9      |              | FA_X1    | 0.053 | My_DMA/add_115/carry[9]  |       SPEF |    3.876 | 0.000 |   2.603 | 
     | My_DMA/add_115/U1_9      | CI v -> CO v | FA_X1    | 0.055 | My_DMA/add_115/carry[10] |            |    4.323 | 0.291 |   2.893 | 
     | My_DMA/add_115/U1_10     |              | FA_X1    | 0.055 | My_DMA/add_115/carry[10] |       SPEF |    4.323 | 0.000 |   2.894 | 
     | My_DMA/add_115/U1_10     | CI v -> CO v | FA_X1    | 0.051 | My_DMA/add_115/carry[11] |            |    3.194 | 0.283 |   3.176 | 
     | My_DMA/add_115/U1_11     |              | FA_X1    | 0.051 | My_DMA/add_115/carry[11] |       SPEF |    3.194 | 0.000 |   3.177 | 
     | My_DMA/add_115/U1_11     | CI v -> CO v | FA_X1    | 0.050 | My_DMA/add_115/carry[12] |            |    3.055 | 0.280 |   3.456 | 
     | My_DMA/add_115/U1_12     |              | FA_X1    | 0.050 | My_DMA/add_115/carry[12] |       SPEF |    3.055 | 0.000 |   3.456 | 
     | My_DMA/add_115/U1_12     | CI v -> CO v | FA_X1    | 0.053 | My_DMA/add_115/carry[13] |            |    3.732 | 0.285 |   3.741 | 
     | My_DMA/add_115/U1_13     |              | FA_X1    | 0.053 | My_DMA/add_115/carry[13] |       SPEF |    3.732 | 0.000 |   3.741 | 
     | My_DMA/add_115/U1_13     | CI v -> CO v | FA_X1    | 0.063 | My_DMA/add_115/carry[14] |            |    6.284 | 0.305 |   4.046 | 
     | My_DMA/add_115/U10       |              | NAND2_X1 | 0.063 | My_DMA/add_115/carry[14] |       SPEF |    6.284 | 0.000 |   4.046 | 
     | My_DMA/add_115/U10       | A1 v -> ZN ^ | NAND2_X1 | 0.033 | My_DMA/add_115/n7        |            |    1.686 | 0.070 |   4.116 | 
     | My_DMA/add_115/U12       |              | NAND3_X1 | 0.033 | My_DMA/add_115/n7        |       SPEF |    1.686 | 0.000 |   4.116 | 
     | My_DMA/add_115/U12       | A3 ^ -> ZN v | NAND3_X1 | 0.037 | My_DMA/add_115/carry[15] |            |    3.462 | 0.073 |   4.189 | 
     | My_DMA/add_115/U1_15     |              | FA_X1    | 0.037 | My_DMA/add_115/carry[15] |       SPEF |    3.462 | 0.000 |   4.189 | 
     | My_DMA/add_115/U1_15     | CI v -> CO v | FA_X1    | 0.052 | My_DMA/add_115/carry[16] |            |    3.569 | 0.278 |   4.466 | 
     | My_DMA/add_115/U1_16     |              | FA_X1    | 0.052 | My_DMA/add_115/carry[16] |       SPEF |    3.569 | 0.000 |   4.466 | 
     | My_DMA/add_115/U1_16     | CI v -> CO v | FA_X1    | 0.051 | My_DMA/add_115/carry[17] |            |    3.176 | 0.281 |   4.748 | 
     | My_DMA/add_115/U1_17     |              | FA_X1    | 0.051 | My_DMA/add_115/carry[17] |       SPEF |    3.176 | 0.000 |   4.748 | 
     | My_DMA/add_115/U1_17     | CI v -> CO v | FA_X1    | 0.054 | My_DMA/add_115/carry[18] |            |    3.932 | 0.286 |   5.034 | 
     | My_DMA/add_115/U1_18     |              | FA_X1    | 0.054 | My_DMA/add_115/carry[18] |       SPEF |    3.932 | 0.000 |   5.034 | 
     | My_DMA/add_115/U1_18     | CI v -> CO v | FA_X1    | 0.053 | My_DMA/add_115/carry[19] |            |    3.839 | 0.287 |   5.322 | 
     | My_DMA/add_115/U1_19     |              | FA_X1    | 0.053 | My_DMA/add_115/carry[19] |       SPEF |    3.839 | 0.000 |   5.322 | 
     | My_DMA/add_115/U1_19     | CI v -> CO v | FA_X1    | 0.050 | My_DMA/add_115/carry[20] |            |    3.111 | 0.281 |   5.603 | 
     | My_DMA/add_115/U1_20     |              | FA_X1    | 0.050 | My_DMA/add_115/carry[20] |       SPEF |    3.111 | 0.000 |   5.603 | 
     | My_DMA/add_115/U1_20     | CI v -> CO v | FA_X1    | 0.053 | My_DMA/add_115/carry[21] |            |    3.895 | 0.286 |   5.889 | 
     | My_DMA/add_115/U1_21     |              | FA_X1    | 0.053 | My_DMA/add_115/carry[21] |       SPEF |    3.895 | 0.000 |   5.889 | 
     | My_DMA/add_115/U1_21     | CI v -> CO v | FA_X1    | 0.050 | My_DMA/add_115/carry[22] |            |    3.046 | 0.281 |   6.170 | 
     | My_DMA/add_115/U1_22     |              | FA_X1    | 0.050 | My_DMA/add_115/carry[22] |       SPEF |    3.046 | 0.000 |   6.170 | 
     | My_DMA/add_115/U1_22     | CI v -> CO v | FA_X1    | 0.051 | My_DMA/add_115/carry[23] |            |    3.200 | 0.280 |   6.451 | 
     | My_DMA/add_115/U1_23     |              | FA_X1    | 0.051 | My_DMA/add_115/carry[23] |       SPEF |    3.200 | 0.000 |   6.451 | 
     | My_DMA/add_115/U1_23     | CI v -> CO v | FA_X1    | 0.064 | My_DMA/add_115/carry[24] |            |    6.593 | 0.306 |   6.757 | 
     | My_DMA/add_115/U4        |              | NAND2_X1 | 0.064 | My_DMA/add_115/carry[24] |       SPEF |    6.593 | 0.000 |   6.757 | 
     | My_DMA/add_115/U4        | A1 v -> ZN ^ | NAND2_X1 | 0.034 | My_DMA/add_115/n3        |            |    1.779 | 0.071 |   6.828 | 
     | My_DMA/add_115/U6        |              | NAND3_X1 | 0.034 | My_DMA/add_115/n3        |       SPEF |    1.779 | 0.000 |   6.828 | 
     | My_DMA/add_115/U6        | A3 ^ -> ZN v | NAND3_X1 | 0.035 | My_DMA/add_115/carry[25] |            |    3.217 | 0.071 |   6.899 | 
     | My_DMA/add_115/U1_25     |              | FA_X1    | 0.035 | My_DMA/add_115/carry[25] |       SPEF |    3.217 | 0.000 |   6.900 | 
     | My_DMA/add_115/U1_25     | CI v -> CO v | FA_X1    | 0.051 | My_DMA/add_115/carry[26] |            |    3.219 | 0.274 |   7.173 | 
     | My_DMA/add_115/U1_26     |              | FA_X1    | 0.051 | My_DMA/add_115/carry[26] |       SPEF |    3.219 | 0.000 |   7.174 | 
     | My_DMA/add_115/U1_26     | CI v -> CO v | FA_X1    | 0.052 | My_DMA/add_115/carry[27] |            |    3.636 | 0.284 |   7.458 | 
     | My_DMA/add_115/U1_27     |              | FA_X1    | 0.052 | My_DMA/add_115/carry[27] |       SPEF |    3.636 | 0.000 |   7.458 | 
     | My_DMA/add_115/U1_27     | CI v -> CO v | FA_X1    | 0.051 | My_DMA/add_115/carry[28] |            |    3.390 | 0.283 |   7.741 | 
     | My_DMA/add_115/U1_28     |              | FA_X1    | 0.051 | My_DMA/add_115/carry[28] |       SPEF |    3.390 | 0.000 |   7.741 | 
     | My_DMA/add_115/U1_28     | CI v -> CO v | FA_X1    | 0.051 | My_DMA/add_115/carry[29] |            |    3.304 | 0.282 |   8.023 | 
     | My_DMA/add_115/U1_29     |              | FA_X1    | 0.051 | My_DMA/add_115/carry[29] |       SPEF |    3.304 | 0.000 |   8.023 | 
     | My_DMA/add_115/U1_29     | CI v -> CO v | FA_X1    | 0.051 | My_DMA/add_115/carry[30] |            |    3.411 | 0.283 |   8.306 | 
     | My_DMA/add_115/U1_30     |              | FA_X1    | 0.051 | My_DMA/add_115/carry[30] |       SPEF |    3.411 | 0.000 |   8.306 | 
     | My_DMA/add_115/U1_30     | CI v -> CO v | FA_X1    | 0.052 | My_DMA/add_115/carry[31] |            |    3.487 | 0.283 |   8.589 | 
     | My_DMA/add_115/U1_31     |              | FA_X1    | 0.052 | My_DMA/add_115/carry[31] |       SPEF |    3.487 | 0.000 |   8.589 | 
     | My_DMA/add_115/U1_31     | CI v -> S v  | FA_X1    | 0.056 | My_DMA/N71               |            |    2.010 | 0.354 |   8.944 | 
     | My_DMA/U13               |              | AOI22_X1 | 0.056 | My_DMA/N71               |       SPEF |    2.010 | 0.000 |   8.944 | 
     | My_DMA/U13               | A1 v -> ZN ^ | AOI22_X1 | 0.094 | My_DMA/n23               |            |    1.865 | 0.132 |   9.075 | 
     | My_DMA/U671              |              | NAND2_X1 | 0.094 | My_DMA/n23               |       SPEF |    1.865 | 0.000 |   9.075 | 
     | My_DMA/U671              | A2 ^ -> ZN v | NAND2_X1 | 0.021 | My_DMA/n580              |            |    1.340 | 0.058 |   9.133 | 
     | My_DMA/raddr_reg_reg[31] |              | DFF_X1   | 0.021 | My_DMA/n580              |       SPEF |    1.340 | 0.000 |   9.133 | 
     +---------------------------------------------------------------------------------------------------------------------------------+ 
Path 2: MET Setup Check with Pin My_DMA/waddr_reg_reg[31]/CK 
Endpoint:   My_DMA/waddr_reg_reg[31]/D (v) checked with  leading edge of 'CLK'
Beginpoint: My_DMA/wstep_reg_reg[0]/Q  (v) triggered by  leading edge of 'CLK'
Path Groups: {CLK}
Analysis View: ensc_av
Other End Arrival Time          0.000
- Setup                         0.160
+ Phase Shift                  10.000
= Required Time                 9.840
- Arrival Time                  9.129
= Slack Time                    0.711
     Clock Rise Edge                 0.000
     + Clock Network Latency (Ideal) 0.000
     = Beginpoint Arrival Time       0.000
     +---------------------------------------------------------------------------------------------------------------------------------+ 
     |         Instance         |     Arc      |   Cell   |  Slew |           Net            |    Arc     |   Load   | Delay | Arrival | 
     |                          |              |          |       |                          | Annotation |          |       |  Time   | 
     |--------------------------+--------------+----------+-------+--------------------------+------------+----------+-------+---------| 
     | My_DMA/wstep_reg_reg[0]  | CK ^         |          | 0.000 | clk                      |            | 1502.483 |       |   0.000 | 
     | My_DMA/wstep_reg_reg[0]  | CK ^ -> Q v  | DFF_X1   | 0.029 | My_DMA/wstep_reg[0]      |            |    6.883 | 0.260 |   0.260 | 
     | My_DMA/add_116/U13       |              | NAND2_X1 | 0.029 | My_DMA/wstep_reg[0]      |       SPEF |    6.883 | 0.000 |   0.260 | 
     | My_DMA/add_116/U13       | A1 v -> ZN ^ | NAND2_X1 | 0.032 | My_DMA/add_116/n9        |            |    1.767 | 0.051 |   0.312 | 
     | My_DMA/add_116/U14       |              | INV_X1   | 0.032 | My_DMA/add_116/n9        |       SPEF |    1.767 | 0.000 |   0.312 | 
     | My_DMA/add_116/U14       | A ^ -> ZN v  | INV_X1   | 0.012 | My_DMA/add_116/carry[1]  |            |    2.971 | 0.029 |   0.341 | 
     | My_DMA/add_116/U1_1      |              | FA_X1    | 0.012 | My_DMA/add_116/carry[1]  |       SPEF |    2.971 | 0.000 |   0.341 | 
     | My_DMA/add_116/U1_1      | CI v -> CO v | FA_X1    | 0.051 | My_DMA/add_116/carry[2]  |            |    3.299 | 0.266 |   0.607 | 
     | My_DMA/add_116/U1_2      |              | FA_X1    | 0.051 | My_DMA/add_116/carry[2]  |       SPEF |    3.299 | 0.000 |   0.607 | 
     | My_DMA/add_116/U1_2      | CI v -> CO v | FA_X1    | 0.052 | My_DMA/add_116/carry[3]  |            |    3.463 | 0.283 |   0.890 | 
     | My_DMA/add_116/U1_3      |              | FA_X1    | 0.052 | My_DMA/add_116/carry[3]  |       SPEF |    3.463 | 0.000 |   0.890 | 
     | My_DMA/add_116/U1_3      | CI v -> CO v | FA_X1    | 0.055 | My_DMA/add_116/carry[4]  |            |    4.286 | 0.290 |   1.180 | 
     | My_DMA/add_116/U1_4      |              | FA_X1    | 0.055 | My_DMA/add_116/carry[4]  |       SPEF |    4.286 | 0.000 |   1.180 | 
     | My_DMA/add_116/U1_4      | CI v -> CO v | FA_X1    | 0.049 | My_DMA/add_116/carry[5]  |            |    2.854 | 0.280 |   1.460 | 
     | My_DMA/add_116/U1_5      |              | FA_X1    | 0.049 | My_DMA/add_116/carry[5]  |       SPEF |    2.854 | 0.000 |   1.460 | 
     | My_DMA/add_116/U1_5      | CI v -> CO v | FA_X1    | 0.049 | My_DMA/add_116/carry[6]  |            |    2.900 | 0.277 |   1.737 | 
     | My_DMA/add_116/U1_6      |              | FA_X1    | 0.049 | My_DMA/add_116/carry[6]  |       SPEF |    2.900 | 0.000 |   1.737 | 
     | My_DMA/add_116/U1_6      | CI v -> CO v | FA_X1    | 0.052 | My_DMA/add_116/carry[7]  |            |    3.451 | 0.282 |   2.020 | 
     | My_DMA/add_116/U1_7      |              | FA_X1    | 0.052 | My_DMA/add_116/carry[7]  |       SPEF |    3.451 | 0.000 |   2.020 | 
     | My_DMA/add_116/U1_7      | CI v -> CO v | FA_X1    | 0.052 | My_DMA/add_116/carry[8]  |            |    3.571 | 0.284 |   2.304 | 
     | My_DMA/add_116/U1_8      |              | FA_X1    | 0.052 | My_DMA/add_116/carry[8]  |       SPEF |    3.571 | 0.000 |   2.304 | 
     | My_DMA/add_116/U1_8      | CI v -> CO v | FA_X1    | 0.055 | My_DMA/add_116/carry[9]  |            |    4.247 | 0.290 |   2.594 | 
     | My_DMA/add_116/U1_9      |              | FA_X1    | 0.055 | My_DMA/add_116/carry[9]  |       SPEF |    4.247 | 0.000 |   2.594 | 
     | My_DMA/add_116/U1_9      | CI v -> CO v | FA_X1    | 0.055 | My_DMA/add_116/carry[10] |            |    4.273 | 0.291 |   2.885 | 
     | My_DMA/add_116/U1_10     |              | FA_X1    | 0.055 | My_DMA/add_116/carry[10] |       SPEF |    4.273 | 0.000 |   2.886 | 
     | My_DMA/add_116/U1_10     | CI v -> CO v | FA_X1    | 0.050 | My_DMA/add_116/carry[11] |            |    3.121 | 0.282 |   3.168 | 
     | My_DMA/add_116/U1_11     |              | FA_X1    | 0.050 | My_DMA/add_116/carry[11] |       SPEF |    3.121 | 0.000 |   3.168 | 
     | My_DMA/add_116/U1_11     | CI v -> CO v | FA_X1    | 0.051 | My_DMA/add_116/carry[12] |            |    3.362 | 0.282 |   3.450 | 
     | My_DMA/add_116/U1_12     |              | FA_X1    | 0.051 | My_DMA/add_116/carry[12] |       SPEF |    3.362 | 0.000 |   3.450 | 
     | My_DMA/add_116/U1_12     | CI v -> CO v | FA_X1    | 0.052 | My_DMA/add_116/carry[13] |            |    3.653 | 0.285 |   3.734 | 
     | My_DMA/add_116/U1_13     |              | FA_X1    | 0.052 | My_DMA/add_116/carry[13] |       SPEF |    3.653 | 0.000 |   3.735 | 
     | My_DMA/add_116/U1_13     | CI v -> CO v | FA_X1    | 0.063 | My_DMA/add_116/carry[14] |            |    6.373 | 0.305 |   4.040 | 
     | My_DMA/add_116/U10       |              | NAND2_X1 | 0.063 | My_DMA/add_116/carry[14] |       SPEF |    6.373 | 0.000 |   4.040 | 
     | My_DMA/add_116/U10       | A1 v -> ZN ^ | NAND2_X1 | 0.033 | My_DMA/add_116/n7        |            |    1.787 | 0.071 |   4.111 | 
     | My_DMA/add_116/U12       |              | NAND3_X1 | 0.033 | My_DMA/add_116/n7        |       SPEF |    1.787 | 0.000 |   4.111 | 
     | My_DMA/add_116/U12       | A3 ^ -> ZN v | NAND3_X1 | 0.035 | My_DMA/add_116/carry[15] |            |    3.257 | 0.072 |   4.183 | 
     | My_DMA/add_116/U1_15     |              | FA_X1    | 0.035 | My_DMA/add_116/carry[15] |       SPEF |    3.257 | 0.000 |   4.183 | 
     | My_DMA/add_116/U1_15     | CI v -> CO v | FA_X1    | 0.051 | My_DMA/add_116/carry[16] |            |    3.187 | 0.274 |   4.457 | 
     | My_DMA/add_116/U1_16     |              | FA_X1    | 0.051 | My_DMA/add_116/carry[16] |       SPEF |    3.187 | 0.000 |   4.457 | 
     | My_DMA/add_116/U1_16     | CI v -> CO v | FA_X1    | 0.052 | My_DMA/add_116/carry[17] |            |    3.479 | 0.283 |   4.740 | 
     | My_DMA/add_116/U1_17     |              | FA_X1    | 0.052 | My_DMA/add_116/carry[17] |       SPEF |    3.479 | 0.000 |   4.740 | 
     | My_DMA/add_116/U1_17     | CI v -> CO v | FA_X1    | 0.053 | My_DMA/add_116/carry[18] |            |    3.705 | 0.285 |   5.025 | 
     | My_DMA/add_116/U1_18     |              | FA_X1    | 0.053 | My_DMA/add_116/carry[18] |       SPEF |    3.705 | 0.000 |   5.025 | 
     | My_DMA/add_116/U1_18     | CI v -> CO v | FA_X1    | 0.050 | My_DMA/add_116/carry[19] |            |    3.162 | 0.281 |   5.307 | 
     | My_DMA/add_116/U1_19     |              | FA_X1    | 0.050 | My_DMA/add_116/carry[19] |       SPEF |    3.162 | 0.000 |   5.307 | 
     | My_DMA/add_116/U1_19     | CI v -> CO v | FA_X1    | 0.052 | My_DMA/add_116/carry[20] |            |    3.639 | 0.284 |   5.591 | 
     | My_DMA/add_116/U1_20     |              | FA_X1    | 0.052 | My_DMA/add_116/carry[20] |       SPEF |    3.639 | 0.000 |   5.591 | 
     | My_DMA/add_116/U1_20     | CI v -> CO v | FA_X1    | 0.051 | My_DMA/add_116/carry[21] |            |    3.205 | 0.282 |   5.873 | 
     | My_DMA/add_116/U1_21     |              | FA_X1    | 0.051 | My_DMA/add_116/carry[21] |       SPEF |    3.205 | 0.000 |   5.873 | 
     | My_DMA/add_116/U1_21     | CI v -> CO v | FA_X1    | 0.053 | My_DMA/add_116/carry[22] |            |    3.766 | 0.285 |   6.158 | 
     | My_DMA/add_116/U1_22     |              | FA_X1    | 0.053 | My_DMA/add_116/carry[22] |       SPEF |    3.766 | 0.000 |   6.158 | 
     | My_DMA/add_116/U1_22     | CI v -> CO v | FA_X1    | 0.052 | My_DMA/add_116/carry[23] |            |    3.487 | 0.284 |   6.442 | 
     | My_DMA/add_116/U1_23     |              | FA_X1    | 0.052 | My_DMA/add_116/carry[23] |       SPEF |    3.487 | 0.000 |   6.443 | 
     | My_DMA/add_116/U1_23     | CI v -> CO v | FA_X1    | 0.062 | My_DMA/add_116/carry[24] |            |    6.203 | 0.304 |   6.747 | 
     | My_DMA/add_116/U4        |              | NAND2_X1 | 0.062 | My_DMA/add_116/carry[24] |       SPEF |    6.203 | 0.000 |   6.747 | 
     | My_DMA/add_116/U4        | A1 v -> ZN ^ | NAND2_X1 | 0.033 | My_DMA/add_116/n3        |            |    1.820 | 0.071 |   6.818 | 
     | My_DMA/add_116/U6        |              | NAND3_X1 | 0.033 | My_DMA/add_116/n3        |       SPEF |    1.820 | 0.000 |   6.818 | 
     | My_DMA/add_116/U6        | A3 ^ -> ZN v | NAND3_X1 | 0.034 | My_DMA/add_116/carry[25] |            |    3.021 | 0.070 |   6.888 | 
     | My_DMA/add_116/U1_25     |              | FA_X1    | 0.034 | My_DMA/add_116/carry[25] |       SPEF |    3.021 | 0.000 |   6.888 | 
     | My_DMA/add_116/U1_25     | CI v -> CO v | FA_X1    | 0.055 | My_DMA/add_116/carry[26] |            |    4.230 | 0.281 |   7.169 | 
     | My_DMA/add_116/U1_26     |              | FA_X1    | 0.055 | My_DMA/add_116/carry[26] |       SPEF |    4.230 | 0.000 |   7.169 | 
     | My_DMA/add_116/U1_26     | CI v -> CO v | FA_X1    | 0.051 | My_DMA/add_116/carry[27] |            |    3.321 | 0.284 |   7.453 | 
     | My_DMA/add_116/U1_27     |              | FA_X1    | 0.051 | My_DMA/add_116/carry[27] |       SPEF |    3.321 | 0.000 |   7.453 | 
     | My_DMA/add_116/U1_27     | CI v -> CO v | FA_X1    | 0.054 | My_DMA/add_116/carry[28] |            |    4.019 | 0.287 |   7.741 | 
     | My_DMA/add_116/U1_28     |              | FA_X1    | 0.054 | My_DMA/add_116/carry[28] |       SPEF |    4.019 | 0.000 |   7.741 | 
     | My_DMA/add_116/U1_28     | CI v -> CO v | FA_X1    | 0.051 | My_DMA/add_116/carry[29] |            |    3.199 | 0.282 |   8.023 | 
     | My_DMA/add_116/U1_29     |              | FA_X1    | 0.051 | My_DMA/add_116/carry[29] |       SPEF |    3.199 | 0.000 |   8.023 | 
     | My_DMA/add_116/U1_29     | CI v -> CO v | FA_X1    | 0.050 | My_DMA/add_116/carry[30] |            |    3.117 | 0.280 |   8.303 | 
     | My_DMA/add_116/U1_30     |              | FA_X1    | 0.050 | My_DMA/add_116/carry[30] |       SPEF |    3.117 | 0.000 |   8.303 | 
     | My_DMA/add_116/U1_30     | CI v -> CO v | FA_X1    | 0.052 | My_DMA/add_116/carry[31] |            |    3.625 | 0.284 |   8.587 | 
     | My_DMA/add_116/U1_31     |              | FA_X1    | 0.052 | My_DMA/add_116/carry[31] |       SPEF |    3.625 | 0.000 |   8.588 | 
     | My_DMA/add_116/U1_31     | CI v -> S v  | FA_X1    | 0.054 | My_DMA/N103              |            |    1.679 | 0.350 |   8.938 | 
     | My_DMA/U77               |              | AOI22_X1 | 0.054 | My_DMA/N103              |       SPEF |    1.679 | 0.000 |   8.938 | 
     | My_DMA/U77               | A1 v -> ZN ^ | AOI22_X1 | 0.095 | My_DMA/n89               |            |    1.929 | 0.132 |   9.070 | 
     | My_DMA/U673              |              | NAND2_X1 | 0.095 | My_DMA/n89               |       SPEF |    1.929 | 0.000 |   9.070 | 
     | My_DMA/U673              | A2 ^ -> ZN v | NAND2_X1 | 0.022 | My_DMA/n612              |            |    1.376 | 0.058 |   9.129 | 
     | My_DMA/waddr_reg_reg[31] |              | DFF_X1   | 0.022 | My_DMA/n612              |       SPEF |    1.376 | 0.000 |   9.129 | 
     +---------------------------------------------------------------------------------------------------------------------------------+ 
Path 3: MET Setup Check with Pin My_DMA/raddr_reg_reg[30]/CK 
Endpoint:   My_DMA/raddr_reg_reg[30]/D (v) checked with  leading edge of 'CLK'
Beginpoint: My_DMA/raddr_reg_reg[0]/Q  (v) triggered by  leading edge of 'CLK'
Path Groups: {CLK}
Analysis View: ensc_av
Other End Arrival Time          0.000
- Setup                         0.183
+ Phase Shift                  10.000
= Required Time                 9.817
- Arrival Time                  8.857
= Slack Time                    0.960
     Clock Rise Edge                 0.000
     + Clock Network Latency (Ideal) 0.000
     = Beginpoint Arrival Time       0.000
     +---------------------------------------------------------------------------------------------------------------------------------+ 
     |         Instance         |     Arc      |   Cell   |  Slew |           Net            |    Arc     |   Load   | Delay | Arrival | 
     |                          |              |          |       |                          | Annotation |          |       |  Time   | 
     |--------------------------+--------------+----------+-------+--------------------------+------------+----------+-------+---------| 
     | My_DMA/raddr_reg_reg[0]  | CK ^         |          | 0.000 | clk                      |            | 1502.483 |       |   0.000 | 
     | My_DMA/raddr_reg_reg[0]  | CK ^ -> Q v  | DFF_X1   | 0.029 | My_DMA/raddr_reg[0]      |            |    6.835 | 0.260 |   0.260 | 
     | My_DMA/add_115/U14       |              | NAND2_X1 | 0.029 | My_DMA/raddr_reg[0]      |       SPEF |    6.835 | 0.000 |   0.260 | 
     | My_DMA/add_115/U14       | A2 v -> ZN ^ | NAND2_X1 | 0.031 | My_DMA/add_115/n9        |            |    1.721 | 0.059 |   0.319 | 
     | My_DMA/add_115/U15       |              | INV_X1   | 0.031 | My_DMA/add_115/n9        |       SPEF |    1.721 | 0.000 |   0.319 | 
     | My_DMA/add_115/U15       | A ^ -> ZN v  | INV_X1   | 0.012 | My_DMA/add_115/carry[1]  |            |    2.985 | 0.029 |   0.348 | 
     | My_DMA/add_115/U1_1      |              | FA_X1    | 0.012 | My_DMA/add_115/carry[1]  |       SPEF |    2.985 | 0.000 |   0.348 | 
     | My_DMA/add_115/U1_1      | CI v -> CO v | FA_X1    | 0.052 | My_DMA/add_115/carry[2]  |            |    3.433 | 0.267 |   0.615 | 
     | My_DMA/add_115/U1_2      |              | FA_X1    | 0.052 | My_DMA/add_115/carry[2]  |       SPEF |    3.433 | 0.000 |   0.615 | 
     | My_DMA/add_115/U1_2      | CI v -> CO v | FA_X1    | 0.052 | My_DMA/add_115/carry[3]  |            |    3.453 | 0.283 |   0.898 | 
     | My_DMA/add_115/U1_3      |              | FA_X1    | 0.052 | My_DMA/add_115/carry[3]  |       SPEF |    3.453 | 0.000 |   0.899 | 
     | My_DMA/add_115/U1_3      | CI v -> CO v | FA_X1    | 0.056 | My_DMA/add_115/carry[4]  |            |    4.440 | 0.291 |   1.189 | 
     | My_DMA/add_115/U1_4      |              | FA_X1    | 0.056 | My_DMA/add_115/carry[4]  |       SPEF |    4.440 | 0.000 |   1.190 | 
     | My_DMA/add_115/U1_4      | CI v -> CO v | FA_X1    | 0.049 | My_DMA/add_115/carry[5]  |            |    2.895 | 0.280 |   1.470 | 
     | My_DMA/add_115/U1_5      |              | FA_X1    | 0.049 | My_DMA/add_115/carry[5]  |       SPEF |    2.895 | 0.000 |   1.470 | 
     | My_DMA/add_115/U1_5      | CI v -> CO v | FA_X1    | 0.050 | My_DMA/add_115/carry[6]  |            |    3.022 | 0.279 |   1.749 | 
     | My_DMA/add_115/U1_6      |              | FA_X1    | 0.050 | My_DMA/add_115/carry[6]  |       SPEF |    3.022 | 0.000 |   1.749 | 
     | My_DMA/add_115/U1_6      | CI v -> CO v | FA_X1    | 0.052 | My_DMA/add_115/carry[7]  |            |    3.460 | 0.283 |   2.031 | 
     | My_DMA/add_115/U1_7      |              | FA_X1    | 0.052 | My_DMA/add_115/carry[7]  |       SPEF |    3.460 | 0.000 |   2.032 | 
     | My_DMA/add_115/U1_7      | CI v -> CO v | FA_X1    | 0.052 | My_DMA/add_115/carry[8]  |            |    3.533 | 0.284 |   2.316 | 
     | My_DMA/add_115/U1_8      |              | FA_X1    | 0.052 | My_DMA/add_115/carry[8]  |       SPEF |    3.533 | 0.000 |   2.316 | 
     | My_DMA/add_115/U1_8      | CI v -> CO v | FA_X1    | 0.053 | My_DMA/add_115/carry[9]  |            |    3.876 | 0.287 |   2.602 | 
     | My_DMA/add_115/U1_9      |              | FA_X1    | 0.053 | My_DMA/add_115/carry[9]  |       SPEF |    3.876 | 0.000 |   2.603 | 
     | My_DMA/add_115/U1_9      | CI v -> CO v | FA_X1    | 0.055 | My_DMA/add_115/carry[10] |            |    4.323 | 0.291 |   2.893 | 
     | My_DMA/add_115/U1_10     |              | FA_X1    | 0.055 | My_DMA/add_115/carry[10] |       SPEF |    4.323 | 0.000 |   2.894 | 
     | My_DMA/add_115/U1_10     | CI v -> CO v | FA_X1    | 0.051 | My_DMA/add_115/carry[11] |            |    3.194 | 0.283 |   3.177 | 
     | My_DMA/add_115/U1_11     |              | FA_X1    | 0.051 | My_DMA/add_115/carry[11] |       SPEF |    3.194 | 0.000 |   3.177 | 
     | My_DMA/add_115/U1_11     | CI v -> CO v | FA_X1    | 0.050 | My_DMA/add_115/carry[12] |            |    3.055 | 0.280 |   3.456 | 
     | My_DMA/add_115/U1_12     |              | FA_X1    | 0.050 | My_DMA/add_115/carry[12] |       SPEF |    3.055 | 0.000 |   3.456 | 
     | My_DMA/add_115/U1_12     | CI v -> CO v | FA_X1    | 0.053 | My_DMA/add_115/carry[13] |            |    3.732 | 0.285 |   3.741 | 
     | My_DMA/add_115/U1_13     |              | FA_X1    | 0.053 | My_DMA/add_115/carry[13] |       SPEF |    3.732 | 0.000 |   3.741 | 
     | My_DMA/add_115/U1_13     | CI v -> CO v | FA_X1    | 0.063 | My_DMA/add_115/carry[14] |            |    6.284 | 0.305 |   4.046 | 
     | My_DMA/add_115/U10       |              | NAND2_X1 | 0.063 | My_DMA/add_115/carry[14] |       SPEF |    6.284 | 0.000 |   4.046 | 
     | My_DMA/add_115/U10       | A1 v -> ZN ^ | NAND2_X1 | 0.033 | My_DMA/add_115/n7        |            |    1.686 | 0.070 |   4.116 | 
     | My_DMA/add_115/U12       |              | NAND3_X1 | 0.033 | My_DMA/add_115/n7        |       SPEF |    1.686 | 0.000 |   4.116 | 
     | My_DMA/add_115/U12       | A3 ^ -> ZN v | NAND3_X1 | 0.037 | My_DMA/add_115/carry[15] |            |    3.462 | 0.073 |   4.189 | 
     | My_DMA/add_115/U1_15     |              | FA_X1    | 0.037 | My_DMA/add_115/carry[15] |       SPEF |    3.462 | 0.000 |   4.189 | 
     | My_DMA/add_115/U1_15     | CI v -> CO v | FA_X1    | 0.052 | My_DMA/add_115/carry[16] |            |    3.569 | 0.278 |   4.466 | 
     | My_DMA/add_115/U1_16     |              | FA_X1    | 0.052 | My_DMA/add_115/carry[16] |       SPEF |    3.569 | 0.000 |   4.466 | 
     | My_DMA/add_115/U1_16     | CI v -> CO v | FA_X1    | 0.051 | My_DMA/add_115/carry[17] |            |    3.176 | 0.281 |   4.748 | 
     | My_DMA/add_115/U1_17     |              | FA_X1    | 0.051 | My_DMA/add_115/carry[17] |       SPEF |    3.176 | 0.000 |   4.748 | 
     | My_DMA/add_115/U1_17     | CI v -> CO v | FA_X1    | 0.054 | My_DMA/add_115/carry[18] |            |    3.932 | 0.286 |   5.034 | 
     | My_DMA/add_115/U1_18     |              | FA_X1    | 0.054 | My_DMA/add_115/carry[18] |       SPEF |    3.932 | 0.000 |   5.034 | 
     | My_DMA/add_115/U1_18     | CI v -> CO v | FA_X1    | 0.053 | My_DMA/add_115/carry[19] |            |    3.839 | 0.287 |   5.322 | 
     | My_DMA/add_115/U1_19     |              | FA_X1    | 0.053 | My_DMA/add_115/carry[19] |       SPEF |    3.839 | 0.000 |   5.322 | 
     | My_DMA/add_115/U1_19     | CI v -> CO v | FA_X1    | 0.050 | My_DMA/add_115/carry[20] |            |    3.111 | 0.281 |   5.603 | 
     | My_DMA/add_115/U1_20     |              | FA_X1    | 0.050 | My_DMA/add_115/carry[20] |       SPEF |    3.111 | 0.000 |   5.603 | 
     | My_DMA/add_115/U1_20     | CI v -> CO v | FA_X1    | 0.053 | My_DMA/add_115/carry[21] |            |    3.895 | 0.286 |   5.889 | 
     | My_DMA/add_115/U1_21     |              | FA_X1    | 0.053 | My_DMA/add_115/carry[21] |       SPEF |    3.895 | 0.000 |   5.889 | 
     | My_DMA/add_115/U1_21     | CI v -> CO v | FA_X1    | 0.050 | My_DMA/add_115/carry[22] |            |    3.046 | 0.281 |   6.170 | 
     | My_DMA/add_115/U1_22     |              | FA_X1    | 0.050 | My_DMA/add_115/carry[22] |       SPEF |    3.046 | 0.000 |   6.170 | 
     | My_DMA/add_115/U1_22     | CI v -> CO v | FA_X1    | 0.051 | My_DMA/add_115/carry[23] |            |    3.200 | 0.280 |   6.451 | 
     | My_DMA/add_115/U1_23     |              | FA_X1    | 0.051 | My_DMA/add_115/carry[23] |       SPEF |    3.200 | 0.000 |   6.451 | 
     | My_DMA/add_115/U1_23     | CI v -> CO v | FA_X1    | 0.064 | My_DMA/add_115/carry[24] |            |    6.593 | 0.306 |   6.757 | 
     | My_DMA/add_115/U4        |              | NAND2_X1 | 0.064 | My_DMA/add_115/carry[24] |       SPEF |    6.593 | 0.000 |   6.757 | 
     | My_DMA/add_115/U4        | A1 v -> ZN ^ | NAND2_X1 | 0.034 | My_DMA/add_115/n3        |            |    1.779 | 0.071 |   6.828 | 
     | My_DMA/add_115/U6        |              | NAND3_X1 | 0.034 | My_DMA/add_115/n3        |       SPEF |    1.779 | 0.000 |   6.828 | 
     | My_DMA/add_115/U6        | A3 ^ -> ZN v | NAND3_X1 | 0.035 | My_DMA/add_115/carry[25] |            |    3.217 | 0.071 |   6.899 | 
     | My_DMA/add_115/U1_25     |              | FA_X1    | 0.035 | My_DMA/add_115/carry[25] |       SPEF |    3.217 | 0.000 |   6.900 | 
     | My_DMA/add_115/U1_25     | CI v -> CO v | FA_X1    | 0.051 | My_DMA/add_115/carry[26] |            |    3.219 | 0.274 |   7.174 | 
     | My_DMA/add_115/U1_26     |              | FA_X1    | 0.051 | My_DMA/add_115/carry[26] |       SPEF |    3.219 | 0.000 |   7.174 | 
     | My_DMA/add_115/U1_26     | CI v -> CO v | FA_X1    | 0.052 | My_DMA/add_115/carry[27] |            |    3.636 | 0.284 |   7.458 | 
     | My_DMA/add_115/U1_27     |              | FA_X1    | 0.052 | My_DMA/add_115/carry[27] |       SPEF |    3.636 | 0.000 |   7.458 | 
     | My_DMA/add_115/U1_27     | CI v -> CO v | FA_X1    | 0.051 | My_DMA/add_115/carry[28] |            |    3.390 | 0.283 |   7.741 | 
     | My_DMA/add_115/U1_28     |              | FA_X1    | 0.051 | My_DMA/add_115/carry[28] |       SPEF |    3.390 | 0.000 |   7.741 | 
     | My_DMA/add_115/U1_28     | CI v -> CO v | FA_X1    | 0.051 | My_DMA/add_115/carry[29] |            |    3.304 | 0.282 |   8.023 | 
     | My_DMA/add_115/U1_29     |              | FA_X1    | 0.051 | My_DMA/add_115/carry[29] |       SPEF |    3.304 | 0.000 |   8.023 | 
     | My_DMA/add_115/U1_29     | CI v -> CO v | FA_X1    | 0.051 | My_DMA/add_115/carry[30] |            |    3.411 | 0.283 |   8.306 | 
     | My_DMA/add_115/U1_30     |              | FA_X1    | 0.051 | My_DMA/add_115/carry[30] |       SPEF |    3.411 | 0.000 |   8.306 | 
     | My_DMA/add_115/U1_30     | CI v -> S v  | FA_X1    | 0.054 | My_DMA/N70               |            |    1.644 | 0.350 |   8.656 | 
     | My_DMA/U15               |              | AOI22_X1 | 0.054 | My_DMA/N70               |       SPEF |    1.644 | 0.000 |   8.656 | 
     | My_DMA/U15               | A1 v -> ZN ^ | AOI22_X1 | 0.094 | My_DMA/n27               |            |    1.849 | 0.131 |   8.786 | 
     | My_DMA/U14               |              | OAI21_X1 | 0.094 | My_DMA/n27               |       SPEF |    1.849 | 0.000 |   8.786 | 
     | My_DMA/U14               | A ^ -> ZN v  | OAI21_X1 | 0.066 | My_DMA/n581              |            |    1.186 | 0.071 |   8.857 | 
     | My_DMA/raddr_reg_reg[30] |              | DFF_X1   | 0.066 | My_DMA/n581              |       SPEF |    1.186 | 0.000 |   8.857 | 
     +---------------------------------------------------------------------------------------------------------------------------------+ 
Path 4: MET Setup Check with Pin My_DMA/waddr_reg_reg[30]/CK 
Endpoint:   My_DMA/waddr_reg_reg[30]/D (v) checked with  leading edge of 'CLK'
Beginpoint: My_DMA/wstep_reg_reg[0]/Q  (v) triggered by  leading edge of 'CLK'
Path Groups: {CLK}
Analysis View: ensc_av
Other End Arrival Time          0.000
- Setup                         0.184
+ Phase Shift                  10.000
= Required Time                 9.816
- Arrival Time                  8.853
= Slack Time                    0.963
     Clock Rise Edge                 0.000
     + Clock Network Latency (Ideal) 0.000
     = Beginpoint Arrival Time       0.000
     +---------------------------------------------------------------------------------------------------------------------------------+ 
     |         Instance         |     Arc      |   Cell   |  Slew |           Net            |    Arc     |   Load   | Delay | Arrival | 
     |                          |              |          |       |                          | Annotation |          |       |  Time   | 
     |--------------------------+--------------+----------+-------+--------------------------+------------+----------+-------+---------| 
     | My_DMA/wstep_reg_reg[0]  | CK ^         |          | 0.000 | clk                      |            | 1502.483 |       |   0.000 | 
     | My_DMA/wstep_reg_reg[0]  | CK ^ -> Q v  | DFF_X1   | 0.029 | My_DMA/wstep_reg[0]      |            |    6.883 | 0.260 |   0.260 | 
     | My_DMA/add_116/U13       |              | NAND2_X1 | 0.029 | My_DMA/wstep_reg[0]      |       SPEF |    6.883 | 0.000 |   0.260 | 
     | My_DMA/add_116/U13       | A1 v -> ZN ^ | NAND2_X1 | 0.032 | My_DMA/add_116/n9        |            |    1.767 | 0.051 |   0.312 | 
     | My_DMA/add_116/U14       |              | INV_X1   | 0.032 | My_DMA/add_116/n9        |       SPEF |    1.767 | 0.000 |   0.312 | 
     | My_DMA/add_116/U14       | A ^ -> ZN v  | INV_X1   | 0.012 | My_DMA/add_116/carry[1]  |            |    2.971 | 0.029 |   0.341 | 
     | My_DMA/add_116/U1_1      |              | FA_X1    | 0.012 | My_DMA/add_116/carry[1]  |       SPEF |    2.971 | 0.000 |   0.341 | 
     | My_DMA/add_116/U1_1      | CI v -> CO v | FA_X1    | 0.051 | My_DMA/add_116/carry[2]  |            |    3.299 | 0.266 |   0.607 | 
     | My_DMA/add_116/U1_2      |              | FA_X1    | 0.051 | My_DMA/add_116/carry[2]  |       SPEF |    3.299 | 0.000 |   0.607 | 
     | My_DMA/add_116/U1_2      | CI v -> CO v | FA_X1    | 0.052 | My_DMA/add_116/carry[3]  |            |    3.463 | 0.283 |   0.890 | 
     | My_DMA/add_116/U1_3      |              | FA_X1    | 0.052 | My_DMA/add_116/carry[3]  |       SPEF |    3.463 | 0.000 |   0.890 | 
     | My_DMA/add_116/U1_3      | CI v -> CO v | FA_X1    | 0.055 | My_DMA/add_116/carry[4]  |            |    4.286 | 0.290 |   1.180 | 
     | My_DMA/add_116/U1_4      |              | FA_X1    | 0.055 | My_DMA/add_116/carry[4]  |       SPEF |    4.286 | 0.000 |   1.180 | 
     | My_DMA/add_116/U1_4      | CI v -> CO v | FA_X1    | 0.049 | My_DMA/add_116/carry[5]  |            |    2.854 | 0.280 |   1.460 | 
     | My_DMA/add_116/U1_5      |              | FA_X1    | 0.049 | My_DMA/add_116/carry[5]  |       SPEF |    2.854 | 0.000 |   1.460 | 
     | My_DMA/add_116/U1_5      | CI v -> CO v | FA_X1    | 0.049 | My_DMA/add_116/carry[6]  |            |    2.900 | 0.277 |   1.737 | 
     | My_DMA/add_116/U1_6      |              | FA_X1    | 0.049 | My_DMA/add_116/carry[6]  |       SPEF |    2.900 | 0.000 |   1.737 | 
     | My_DMA/add_116/U1_6      | CI v -> CO v | FA_X1    | 0.052 | My_DMA/add_116/carry[7]  |            |    3.451 | 0.282 |   2.020 | 
     | My_DMA/add_116/U1_7      |              | FA_X1    | 0.052 | My_DMA/add_116/carry[7]  |       SPEF |    3.451 | 0.000 |   2.020 | 
     | My_DMA/add_116/U1_7      | CI v -> CO v | FA_X1    | 0.052 | My_DMA/add_116/carry[8]  |            |    3.571 | 0.284 |   2.304 | 
     | My_DMA/add_116/U1_8      |              | FA_X1    | 0.052 | My_DMA/add_116/carry[8]  |       SPEF |    3.571 | 0.000 |   2.304 | 
     | My_DMA/add_116/U1_8      | CI v -> CO v | FA_X1    | 0.055 | My_DMA/add_116/carry[9]  |            |    4.247 | 0.290 |   2.594 | 
     | My_DMA/add_116/U1_9      |              | FA_X1    | 0.055 | My_DMA/add_116/carry[9]  |       SPEF |    4.247 | 0.000 |   2.594 | 
     | My_DMA/add_116/U1_9      | CI v -> CO v | FA_X1    | 0.055 | My_DMA/add_116/carry[10] |            |    4.273 | 0.291 |   2.885 | 
     | My_DMA/add_116/U1_10     |              | FA_X1    | 0.055 | My_DMA/add_116/carry[10] |       SPEF |    4.273 | 0.000 |   2.886 | 
     | My_DMA/add_116/U1_10     | CI v -> CO v | FA_X1    | 0.050 | My_DMA/add_116/carry[11] |            |    3.121 | 0.282 |   3.168 | 
     | My_DMA/add_116/U1_11     |              | FA_X1    | 0.050 | My_DMA/add_116/carry[11] |       SPEF |    3.121 | 0.000 |   3.168 | 
     | My_DMA/add_116/U1_11     | CI v -> CO v | FA_X1    | 0.051 | My_DMA/add_116/carry[12] |            |    3.362 | 0.282 |   3.450 | 
     | My_DMA/add_116/U1_12     |              | FA_X1    | 0.051 | My_DMA/add_116/carry[12] |       SPEF |    3.362 | 0.000 |   3.450 | 
     | My_DMA/add_116/U1_12     | CI v -> CO v | FA_X1    | 0.052 | My_DMA/add_116/carry[13] |            |    3.653 | 0.285 |   3.734 | 
     | My_DMA/add_116/U1_13     |              | FA_X1    | 0.052 | My_DMA/add_116/carry[13] |       SPEF |    3.653 | 0.000 |   3.735 | 
     | My_DMA/add_116/U1_13     | CI v -> CO v | FA_X1    | 0.063 | My_DMA/add_116/carry[14] |            |    6.373 | 0.305 |   4.040 | 
     | My_DMA/add_116/U10       |              | NAND2_X1 | 0.063 | My_DMA/add_116/carry[14] |       SPEF |    6.373 | 0.000 |   4.040 | 
     | My_DMA/add_116/U10       | A1 v -> ZN ^ | NAND2_X1 | 0.033 | My_DMA/add_116/n7        |            |    1.787 | 0.071 |   4.111 | 
     | My_DMA/add_116/U12       |              | NAND3_X1 | 0.033 | My_DMA/add_116/n7        |       SPEF |    1.787 | 0.000 |   4.111 | 
     | My_DMA/add_116/U12       | A3 ^ -> ZN v | NAND3_X1 | 0.035 | My_DMA/add_116/carry[15] |            |    3.257 | 0.072 |   4.183 | 
     | My_DMA/add_116/U1_15     |              | FA_X1    | 0.035 | My_DMA/add_116/carry[15] |       SPEF |    3.257 | 0.000 |   4.183 | 
     | My_DMA/add_116/U1_15     | CI v -> CO v | FA_X1    | 0.051 | My_DMA/add_116/carry[16] |            |    3.187 | 0.274 |   4.457 | 
     | My_DMA/add_116/U1_16     |              | FA_X1    | 0.051 | My_DMA/add_116/carry[16] |       SPEF |    3.187 | 0.000 |   4.457 | 
     | My_DMA/add_116/U1_16     | CI v -> CO v | FA_X1    | 0.052 | My_DMA/add_116/carry[17] |            |    3.479 | 0.283 |   4.740 | 
     | My_DMA/add_116/U1_17     |              | FA_X1    | 0.052 | My_DMA/add_116/carry[17] |       SPEF |    3.479 | 0.000 |   4.740 | 
     | My_DMA/add_116/U1_17     | CI v -> CO v | FA_X1    | 0.053 | My_DMA/add_116/carry[18] |            |    3.705 | 0.285 |   5.025 | 
     | My_DMA/add_116/U1_18     |              | FA_X1    | 0.053 | My_DMA/add_116/carry[18] |       SPEF |    3.705 | 0.000 |   5.025 | 
     | My_DMA/add_116/U1_18     | CI v -> CO v | FA_X1    | 0.050 | My_DMA/add_116/carry[19] |            |    3.162 | 0.281 |   5.307 | 
     | My_DMA/add_116/U1_19     |              | FA_X1    | 0.050 | My_DMA/add_116/carry[19] |       SPEF |    3.162 | 0.000 |   5.307 | 
     | My_DMA/add_116/U1_19     | CI v -> CO v | FA_X1    | 0.052 | My_DMA/add_116/carry[20] |            |    3.639 | 0.284 |   5.591 | 
     | My_DMA/add_116/U1_20     |              | FA_X1    | 0.052 | My_DMA/add_116/carry[20] |       SPEF |    3.639 | 0.000 |   5.591 | 
     | My_DMA/add_116/U1_20     | CI v -> CO v | FA_X1    | 0.051 | My_DMA/add_116/carry[21] |            |    3.205 | 0.282 |   5.873 | 
     | My_DMA/add_116/U1_21     |              | FA_X1    | 0.051 | My_DMA/add_116/carry[21] |       SPEF |    3.205 | 0.000 |   5.873 | 
     | My_DMA/add_116/U1_21     | CI v -> CO v | FA_X1    | 0.053 | My_DMA/add_116/carry[22] |            |    3.766 | 0.285 |   6.158 | 
     | My_DMA/add_116/U1_22     |              | FA_X1    | 0.053 | My_DMA/add_116/carry[22] |       SPEF |    3.766 | 0.000 |   6.158 | 
     | My_DMA/add_116/U1_22     | CI v -> CO v | FA_X1    | 0.052 | My_DMA/add_116/carry[23] |            |    3.487 | 0.284 |   6.442 | 
     | My_DMA/add_116/U1_23     |              | FA_X1    | 0.052 | My_DMA/add_116/carry[23] |       SPEF |    3.487 | 0.000 |   6.443 | 
     | My_DMA/add_116/U1_23     | CI v -> CO v | FA_X1    | 0.062 | My_DMA/add_116/carry[24] |            |    6.203 | 0.304 |   6.747 | 
     | My_DMA/add_116/U4        |              | NAND2_X1 | 0.062 | My_DMA/add_116/carry[24] |       SPEF |    6.203 | 0.000 |   6.747 | 
     | My_DMA/add_116/U4        | A1 v -> ZN ^ | NAND2_X1 | 0.033 | My_DMA/add_116/n3        |            |    1.820 | 0.071 |   6.818 | 
     | My_DMA/add_116/U6        |              | NAND3_X1 | 0.033 | My_DMA/add_116/n3        |       SPEF |    1.820 | 0.000 |   6.818 | 
     | My_DMA/add_116/U6        | A3 ^ -> ZN v | NAND3_X1 | 0.034 | My_DMA/add_116/carry[25] |            |    3.021 | 0.070 |   6.888 | 
     | My_DMA/add_116/U1_25     |              | FA_X1    | 0.034 | My_DMA/add_116/carry[25] |       SPEF |    3.021 | 0.000 |   6.888 | 
     | My_DMA/add_116/U1_25     | CI v -> CO v | FA_X1    | 0.055 | My_DMA/add_116/carry[26] |            |    4.230 | 0.281 |   7.169 | 
     | My_DMA/add_116/U1_26     |              | FA_X1    | 0.055 | My_DMA/add_116/carry[26] |       SPEF |    4.230 | 0.000 |   7.169 | 
     | My_DMA/add_116/U1_26     | CI v -> CO v | FA_X1    | 0.051 | My_DMA/add_116/carry[27] |            |    3.321 | 0.284 |   7.453 | 
     | My_DMA/add_116/U1_27     |              | FA_X1    | 0.051 | My_DMA/add_116/carry[27] |       SPEF |    3.321 | 0.000 |   7.453 | 
     | My_DMA/add_116/U1_27     | CI v -> CO v | FA_X1    | 0.054 | My_DMA/add_116/carry[28] |            |    4.019 | 0.287 |   7.741 | 
     | My_DMA/add_116/U1_28     |              | FA_X1    | 0.054 | My_DMA/add_116/carry[28] |       SPEF |    4.019 | 0.000 |   7.741 | 
     | My_DMA/add_116/U1_28     | CI v -> CO v | FA_X1    | 0.051 | My_DMA/add_116/carry[29] |            |    3.199 | 0.282 |   8.023 | 
     | My_DMA/add_116/U1_29     |              | FA_X1    | 0.051 | My_DMA/add_116/carry[29] |       SPEF |    3.199 | 0.000 |   8.023 | 
     | My_DMA/add_116/U1_29     | CI v -> CO v | FA_X1    | 0.050 | My_DMA/add_116/carry[30] |            |    3.117 | 0.280 |   8.303 | 
     | My_DMA/add_116/U1_30     |              | FA_X1    | 0.050 | My_DMA/add_116/carry[30] |       SPEF |    3.117 | 0.000 |   8.303 | 
     | My_DMA/add_116/U1_30     | CI v -> S v  | FA_X1    | 0.054 | My_DMA/N102              |            |    1.578 | 0.348 |   8.652 | 
     | My_DMA/U79               |              | AOI22_X1 | 0.054 | My_DMA/N102              |       SPEF |    1.578 | 0.000 |   8.652 | 
     | My_DMA/U79               | A1 v -> ZN ^ | AOI22_X1 | 0.092 | My_DMA/n91               |            |    1.781 | 0.129 |   8.781 | 
     | My_DMA/U78               |              | OAI21_X1 | 0.092 | My_DMA/n91               |       SPEF |    1.781 | 0.000 |   8.781 | 
     | My_DMA/U78               | A ^ -> ZN v  | OAI21_X1 | 0.068 | My_DMA/n613              |            |    1.428 | 0.072 |   8.853 | 
     | My_DMA/waddr_reg_reg[30] |              | DFF_X1   | 0.068 | My_DMA/n613              |       SPEF |    1.428 | 0.000 |   8.853 | 
     +---------------------------------------------------------------------------------------------------------------------------------+ 
Path 5: MET Setup Check with Pin My_DMA/raddr_reg_reg[29]/CK 
Endpoint:   My_DMA/raddr_reg_reg[29]/D (v) checked with  leading edge of 'CLK'
Beginpoint: My_DMA/raddr_reg_reg[0]/Q  (v) triggered by  leading edge of 'CLK'
Path Groups: {CLK}
Analysis View: ensc_av
Other End Arrival Time          0.000
- Setup                         0.184
+ Phase Shift                  10.000
= Required Time                 9.816
- Arrival Time                  8.589
= Slack Time                    1.227
     Clock Rise Edge                 0.000
     + Clock Network Latency (Ideal) 0.000
     = Beginpoint Arrival Time       0.000
     +---------------------------------------------------------------------------------------------------------------------------------+ 
     |         Instance         |     Arc      |   Cell   |  Slew |           Net            |    Arc     |   Load   | Delay | Arrival | 
     |                          |              |          |       |                          | Annotation |          |       |  Time   | 
     |--------------------------+--------------+----------+-------+--------------------------+------------+----------+-------+---------| 
     | My_DMA/raddr_reg_reg[0]  | CK ^         |          | 0.000 | clk                      |            | 1502.483 |       |   0.000 | 
     | My_DMA/raddr_reg_reg[0]  | CK ^ -> Q v  | DFF_X1   | 0.029 | My_DMA/raddr_reg[0]      |            |    6.835 | 0.260 |   0.260 | 
     | My_DMA/add_115/U14       |              | NAND2_X1 | 0.029 | My_DMA/raddr_reg[0]      |       SPEF |    6.835 | 0.000 |   0.260 | 
     | My_DMA/add_115/U14       | A2 v -> ZN ^ | NAND2_X1 | 0.031 | My_DMA/add_115/n9        |            |    1.721 | 0.059 |   0.319 | 
     | My_DMA/add_115/U15       |              | INV_X1   | 0.031 | My_DMA/add_115/n9        |       SPEF |    1.721 | 0.000 |   0.319 | 
     | My_DMA/add_115/U15       | A ^ -> ZN v  | INV_X1   | 0.012 | My_DMA/add_115/carry[1]  |            |    2.985 | 0.029 |   0.348 | 
     | My_DMA/add_115/U1_1      |              | FA_X1    | 0.012 | My_DMA/add_115/carry[1]  |       SPEF |    2.985 | 0.000 |   0.348 | 
     | My_DMA/add_115/U1_1      | CI v -> CO v | FA_X1    | 0.052 | My_DMA/add_115/carry[2]  |            |    3.433 | 0.267 |   0.615 | 
     | My_DMA/add_115/U1_2      |              | FA_X1    | 0.052 | My_DMA/add_115/carry[2]  |       SPEF |    3.433 | 0.000 |   0.615 | 
     | My_DMA/add_115/U1_2      | CI v -> CO v | FA_X1    | 0.052 | My_DMA/add_115/carry[3]  |            |    3.453 | 0.283 |   0.898 | 
     | My_DMA/add_115/U1_3      |              | FA_X1    | 0.052 | My_DMA/add_115/carry[3]  |       SPEF |    3.453 | 0.000 |   0.899 | 
     | My_DMA/add_115/U1_3      | CI v -> CO v | FA_X1    | 0.056 | My_DMA/add_115/carry[4]  |            |    4.440 | 0.291 |   1.189 | 
     | My_DMA/add_115/U1_4      |              | FA_X1    | 0.056 | My_DMA/add_115/carry[4]  |       SPEF |    4.440 | 0.000 |   1.190 | 
     | My_DMA/add_115/U1_4      | CI v -> CO v | FA_X1    | 0.049 | My_DMA/add_115/carry[5]  |            |    2.895 | 0.280 |   1.470 | 
     | My_DMA/add_115/U1_5      |              | FA_X1    | 0.049 | My_DMA/add_115/carry[5]  |       SPEF |    2.895 | 0.000 |   1.470 | 
     | My_DMA/add_115/U1_5      | CI v -> CO v | FA_X1    | 0.050 | My_DMA/add_115/carry[6]  |            |    3.022 | 0.279 |   1.749 | 
     | My_DMA/add_115/U1_6      |              | FA_X1    | 0.050 | My_DMA/add_115/carry[6]  |       SPEF |    3.022 | 0.000 |   1.749 | 
     | My_DMA/add_115/U1_6      | CI v -> CO v | FA_X1    | 0.052 | My_DMA/add_115/carry[7]  |            |    3.460 | 0.283 |   2.031 | 
     | My_DMA/add_115/U1_7      |              | FA_X1    | 0.052 | My_DMA/add_115/carry[7]  |       SPEF |    3.460 | 0.000 |   2.032 | 
     | My_DMA/add_115/U1_7      | CI v -> CO v | FA_X1    | 0.052 | My_DMA/add_115/carry[8]  |            |    3.533 | 0.284 |   2.316 | 
     | My_DMA/add_115/U1_8      |              | FA_X1    | 0.052 | My_DMA/add_115/carry[8]  |       SPEF |    3.533 | 0.000 |   2.316 | 
     | My_DMA/add_115/U1_8      | CI v -> CO v | FA_X1    | 0.053 | My_DMA/add_115/carry[9]  |            |    3.876 | 0.287 |   2.602 | 
     | My_DMA/add_115/U1_9      |              | FA_X1    | 0.053 | My_DMA/add_115/carry[9]  |       SPEF |    3.876 | 0.000 |   2.603 | 
     | My_DMA/add_115/U1_9      | CI v -> CO v | FA_X1    | 0.055 | My_DMA/add_115/carry[10] |            |    4.323 | 0.291 |   2.893 | 
     | My_DMA/add_115/U1_10     |              | FA_X1    | 0.055 | My_DMA/add_115/carry[10] |       SPEF |    4.323 | 0.000 |   2.894 | 
     | My_DMA/add_115/U1_10     | CI v -> CO v | FA_X1    | 0.051 | My_DMA/add_115/carry[11] |            |    3.194 | 0.283 |   3.177 | 
     | My_DMA/add_115/U1_11     |              | FA_X1    | 0.051 | My_DMA/add_115/carry[11] |       SPEF |    3.194 | 0.000 |   3.177 | 
     | My_DMA/add_115/U1_11     | CI v -> CO v | FA_X1    | 0.050 | My_DMA/add_115/carry[12] |            |    3.055 | 0.280 |   3.456 | 
     | My_DMA/add_115/U1_12     |              | FA_X1    | 0.050 | My_DMA/add_115/carry[12] |       SPEF |    3.055 | 0.000 |   3.456 | 
     | My_DMA/add_115/U1_12     | CI v -> CO v | FA_X1    | 0.053 | My_DMA/add_115/carry[13] |            |    3.732 | 0.285 |   3.741 | 
     | My_DMA/add_115/U1_13     |              | FA_X1    | 0.053 | My_DMA/add_115/carry[13] |       SPEF |    3.732 | 0.000 |   3.741 | 
     | My_DMA/add_115/U1_13     | CI v -> CO v | FA_X1    | 0.063 | My_DMA/add_115/carry[14] |            |    6.284 | 0.305 |   4.046 | 
     | My_DMA/add_115/U10       |              | NAND2_X1 | 0.063 | My_DMA/add_115/carry[14] |       SPEF |    6.284 | 0.000 |   4.046 | 
     | My_DMA/add_115/U10       | A1 v -> ZN ^ | NAND2_X1 | 0.033 | My_DMA/add_115/n7        |            |    1.686 | 0.070 |   4.116 | 
     | My_DMA/add_115/U12       |              | NAND3_X1 | 0.033 | My_DMA/add_115/n7        |       SPEF |    1.686 | 0.000 |   4.116 | 
     | My_DMA/add_115/U12       | A3 ^ -> ZN v | NAND3_X1 | 0.037 | My_DMA/add_115/carry[15] |            |    3.462 | 0.073 |   4.189 | 
     | My_DMA/add_115/U1_15     |              | FA_X1    | 0.037 | My_DMA/add_115/carry[15] |       SPEF |    3.462 | 0.000 |   4.189 | 
     | My_DMA/add_115/U1_15     | CI v -> CO v | FA_X1    | 0.052 | My_DMA/add_115/carry[16] |            |    3.569 | 0.278 |   4.466 | 
     | My_DMA/add_115/U1_16     |              | FA_X1    | 0.052 | My_DMA/add_115/carry[16] |       SPEF |    3.569 | 0.000 |   4.466 | 
     | My_DMA/add_115/U1_16     | CI v -> CO v | FA_X1    | 0.051 | My_DMA/add_115/carry[17] |            |    3.176 | 0.281 |   4.748 | 
     | My_DMA/add_115/U1_17     |              | FA_X1    | 0.051 | My_DMA/add_115/carry[17] |       SPEF |    3.176 | 0.000 |   4.748 | 
     | My_DMA/add_115/U1_17     | CI v -> CO v | FA_X1    | 0.054 | My_DMA/add_115/carry[18] |            |    3.932 | 0.286 |   5.034 | 
     | My_DMA/add_115/U1_18     |              | FA_X1    | 0.054 | My_DMA/add_115/carry[18] |       SPEF |    3.932 | 0.000 |   5.034 | 
     | My_DMA/add_115/U1_18     | CI v -> CO v | FA_X1    | 0.053 | My_DMA/add_115/carry[19] |            |    3.839 | 0.287 |   5.322 | 
     | My_DMA/add_115/U1_19     |              | FA_X1    | 0.053 | My_DMA/add_115/carry[19] |       SPEF |    3.839 | 0.000 |   5.322 | 
     | My_DMA/add_115/U1_19     | CI v -> CO v | FA_X1    | 0.050 | My_DMA/add_115/carry[20] |            |    3.111 | 0.281 |   5.603 | 
     | My_DMA/add_115/U1_20     |              | FA_X1    | 0.050 | My_DMA/add_115/carry[20] |       SPEF |    3.111 | 0.000 |   5.603 | 
     | My_DMA/add_115/U1_20     | CI v -> CO v | FA_X1    | 0.053 | My_DMA/add_115/carry[21] |            |    3.895 | 0.286 |   5.889 | 
     | My_DMA/add_115/U1_21     |              | FA_X1    | 0.053 | My_DMA/add_115/carry[21] |       SPEF |    3.895 | 0.000 |   5.889 | 
     | My_DMA/add_115/U1_21     | CI v -> CO v | FA_X1    | 0.050 | My_DMA/add_115/carry[22] |            |    3.046 | 0.281 |   6.170 | 
     | My_DMA/add_115/U1_22     |              | FA_X1    | 0.050 | My_DMA/add_115/carry[22] |       SPEF |    3.046 | 0.000 |   6.170 | 
     | My_DMA/add_115/U1_22     | CI v -> CO v | FA_X1    | 0.051 | My_DMA/add_115/carry[23] |            |    3.200 | 0.280 |   6.451 | 
     | My_DMA/add_115/U1_23     |              | FA_X1    | 0.051 | My_DMA/add_115/carry[23] |       SPEF |    3.200 | 0.000 |   6.451 | 
     | My_DMA/add_115/U1_23     | CI v -> CO v | FA_X1    | 0.064 | My_DMA/add_115/carry[24] |            |    6.593 | 0.306 |   6.757 | 
     | My_DMA/add_115/U4        |              | NAND2_X1 | 0.064 | My_DMA/add_115/carry[24] |       SPEF |    6.593 | 0.000 |   6.757 | 
     | My_DMA/add_115/U4        | A1 v -> ZN ^ | NAND2_X1 | 0.034 | My_DMA/add_115/n3        |            |    1.779 | 0.071 |   6.828 | 
     | My_DMA/add_115/U6        |              | NAND3_X1 | 0.034 | My_DMA/add_115/n3        |       SPEF |    1.779 | 0.000 |   6.828 | 
     | My_DMA/add_115/U6        | A3 ^ -> ZN v | NAND3_X1 | 0.035 | My_DMA/add_115/carry[25] |            |    3.217 | 0.071 |   6.899 | 
     | My_DMA/add_115/U1_25     |              | FA_X1    | 0.035 | My_DMA/add_115/carry[25] |       SPEF |    3.217 | 0.000 |   6.900 | 
     | My_DMA/add_115/U1_25     | CI v -> CO v | FA_X1    | 0.051 | My_DMA/add_115/carry[26] |            |    3.219 | 0.274 |   7.174 | 
     | My_DMA/add_115/U1_26     |              | FA_X1    | 0.051 | My_DMA/add_115/carry[26] |       SPEF |    3.219 | 0.000 |   7.174 | 
     | My_DMA/add_115/U1_26     | CI v -> CO v | FA_X1    | 0.052 | My_DMA/add_115/carry[27] |            |    3.636 | 0.284 |   7.458 | 
     | My_DMA/add_115/U1_27     |              | FA_X1    | 0.052 | My_DMA/add_115/carry[27] |       SPEF |    3.636 | 0.000 |   7.458 | 
     | My_DMA/add_115/U1_27     | CI v -> CO v | FA_X1    | 0.051 | My_DMA/add_115/carry[28] |            |    3.390 | 0.283 |   7.741 | 
     | My_DMA/add_115/U1_28     |              | FA_X1    | 0.051 | My_DMA/add_115/carry[28] |       SPEF |    3.390 | 0.000 |   7.741 | 
     | My_DMA/add_115/U1_28     | CI v -> CO v | FA_X1    | 0.051 | My_DMA/add_115/carry[29] |            |    3.304 | 0.282 |   8.023 | 
     | My_DMA/add_115/U1_29     |              | FA_X1    | 0.051 | My_DMA/add_115/carry[29] |       SPEF |    3.304 | 0.000 |   8.023 | 
     | My_DMA/add_115/U1_29     | CI v -> S v  | FA_X1    | 0.056 | My_DMA/N69               |            |    2.134 | 0.355 |   8.378 | 
     | My_DMA/U17               |              | AOI22_X1 | 0.056 | My_DMA/N69               |       SPEF |    2.134 | 0.000 |   8.379 | 
     | My_DMA/U17               | A1 v -> ZN ^ | AOI22_X1 | 0.098 | My_DMA/n29               |            |    2.106 | 0.137 |   8.515 | 
     | My_DMA/U16               |              | OAI21_X1 | 0.098 | My_DMA/n29               |       SPEF |    2.106 | 0.000 |   8.515 | 
     | My_DMA/U16               | A ^ -> ZN v  | OAI21_X1 | 0.067 | My_DMA/n582              |            |    1.361 | 0.074 |   8.589 | 
     | My_DMA/raddr_reg_reg[29] |              | DFF_X1   | 0.067 | My_DMA/n582              |       SPEF |    1.361 | 0.000 |   8.589 | 
     +---------------------------------------------------------------------------------------------------------------------------------+ 
Path 6: MET Setup Check with Pin My_DMA/waddr_reg_reg[29]/CK 
Endpoint:   My_DMA/waddr_reg_reg[29]/D (v) checked with  leading edge of 'CLK'
Beginpoint: My_DMA/wstep_reg_reg[0]/Q  (v) triggered by  leading edge of 'CLK'
Path Groups: {CLK}
Analysis View: ensc_av
Other End Arrival Time          0.000
- Setup                         0.183
+ Phase Shift                  10.000
= Required Time                 9.817
- Arrival Time                  8.576
= Slack Time                    1.241
     Clock Rise Edge                 0.000
     + Clock Network Latency (Ideal) 0.000
     = Beginpoint Arrival Time       0.000
     +---------------------------------------------------------------------------------------------------------------------------------+ 
     |         Instance         |     Arc      |   Cell   |  Slew |           Net            |    Arc     |   Load   | Delay | Arrival | 
     |                          |              |          |       |                          | Annotation |          |       |  Time   | 
     |--------------------------+--------------+----------+-------+--------------------------+------------+----------+-------+---------| 
     | My_DMA/wstep_reg_reg[0]  | CK ^         |          | 0.000 | clk                      |            | 1502.483 |       |   0.000 | 
     | My_DMA/wstep_reg_reg[0]  | CK ^ -> Q v  | DFF_X1   | 0.029 | My_DMA/wstep_reg[0]      |            |    6.883 | 0.260 |   0.260 | 
     | My_DMA/add_116/U13       |              | NAND2_X1 | 0.029 | My_DMA/wstep_reg[0]      |       SPEF |    6.883 | 0.000 |   0.260 | 
     | My_DMA/add_116/U13       | A1 v -> ZN ^ | NAND2_X1 | 0.032 | My_DMA/add_116/n9        |            |    1.767 | 0.051 |   0.312 | 
     | My_DMA/add_116/U14       |              | INV_X1   | 0.032 | My_DMA/add_116/n9        |       SPEF |    1.767 | 0.000 |   0.312 | 
     | My_DMA/add_116/U14       | A ^ -> ZN v  | INV_X1   | 0.012 | My_DMA/add_116/carry[1]  |            |    2.971 | 0.029 |   0.341 | 
     | My_DMA/add_116/U1_1      |              | FA_X1    | 0.012 | My_DMA/add_116/carry[1]  |       SPEF |    2.971 | 0.000 |   0.341 | 
     | My_DMA/add_116/U1_1      | CI v -> CO v | FA_X1    | 0.051 | My_DMA/add_116/carry[2]  |            |    3.299 | 0.266 |   0.607 | 
     | My_DMA/add_116/U1_2      |              | FA_X1    | 0.051 | My_DMA/add_116/carry[2]  |       SPEF |    3.299 | 0.000 |   0.607 | 
     | My_DMA/add_116/U1_2      | CI v -> CO v | FA_X1    | 0.052 | My_DMA/add_116/carry[3]  |            |    3.463 | 0.283 |   0.890 | 
     | My_DMA/add_116/U1_3      |              | FA_X1    | 0.052 | My_DMA/add_116/carry[3]  |       SPEF |    3.463 | 0.000 |   0.890 | 
     | My_DMA/add_116/U1_3      | CI v -> CO v | FA_X1    | 0.055 | My_DMA/add_116/carry[4]  |            |    4.286 | 0.290 |   1.180 | 
     | My_DMA/add_116/U1_4      |              | FA_X1    | 0.055 | My_DMA/add_116/carry[4]  |       SPEF |    4.286 | 0.000 |   1.180 | 
     | My_DMA/add_116/U1_4      | CI v -> CO v | FA_X1    | 0.049 | My_DMA/add_116/carry[5]  |            |    2.854 | 0.280 |   1.460 | 
     | My_DMA/add_116/U1_5      |              | FA_X1    | 0.049 | My_DMA/add_116/carry[5]  |       SPEF |    2.854 | 0.000 |   1.460 | 
     | My_DMA/add_116/U1_5      | CI v -> CO v | FA_X1    | 0.049 | My_DMA/add_116/carry[6]  |            |    2.900 | 0.277 |   1.737 | 
     | My_DMA/add_116/U1_6      |              | FA_X1    | 0.049 | My_DMA/add_116/carry[6]  |       SPEF |    2.900 | 0.000 |   1.737 | 
     | My_DMA/add_116/U1_6      | CI v -> CO v | FA_X1    | 0.052 | My_DMA/add_116/carry[7]  |            |    3.451 | 0.282 |   2.019 | 
     | My_DMA/add_116/U1_7      |              | FA_X1    | 0.052 | My_DMA/add_116/carry[7]  |       SPEF |    3.451 | 0.000 |   2.020 | 
     | My_DMA/add_116/U1_7      | CI v -> CO v | FA_X1    | 0.052 | My_DMA/add_116/carry[8]  |            |    3.571 | 0.284 |   2.304 | 
     | My_DMA/add_116/U1_8      |              | FA_X1    | 0.052 | My_DMA/add_116/carry[8]  |       SPEF |    3.571 | 0.000 |   2.304 | 
     | My_DMA/add_116/U1_8      | CI v -> CO v | FA_X1    | 0.055 | My_DMA/add_116/carry[9]  |            |    4.247 | 0.290 |   2.594 | 
     | My_DMA/add_116/U1_9      |              | FA_X1    | 0.055 | My_DMA/add_116/carry[9]  |       SPEF |    4.247 | 0.000 |   2.594 | 
     | My_DMA/add_116/U1_9      | CI v -> CO v | FA_X1    | 0.055 | My_DMA/add_116/carry[10] |            |    4.273 | 0.291 |   2.885 | 
     | My_DMA/add_116/U1_10     |              | FA_X1    | 0.055 | My_DMA/add_116/carry[10] |       SPEF |    4.273 | 0.000 |   2.885 | 
     | My_DMA/add_116/U1_10     | CI v -> CO v | FA_X1    | 0.050 | My_DMA/add_116/carry[11] |            |    3.121 | 0.282 |   3.168 | 
     | My_DMA/add_116/U1_11     |              | FA_X1    | 0.050 | My_DMA/add_116/carry[11] |       SPEF |    3.121 | 0.000 |   3.168 | 
     | My_DMA/add_116/U1_11     | CI v -> CO v | FA_X1    | 0.051 | My_DMA/add_116/carry[12] |            |    3.362 | 0.282 |   3.450 | 
     | My_DMA/add_116/U1_12     |              | FA_X1    | 0.051 | My_DMA/add_116/carry[12] |       SPEF |    3.362 | 0.000 |   3.450 | 
     | My_DMA/add_116/U1_12     | CI v -> CO v | FA_X1    | 0.052 | My_DMA/add_116/carry[13] |            |    3.653 | 0.285 |   3.734 | 
     | My_DMA/add_116/U1_13     |              | FA_X1    | 0.052 | My_DMA/add_116/carry[13] |       SPEF |    3.653 | 0.000 |   3.735 | 
     | My_DMA/add_116/U1_13     | CI v -> CO v | FA_X1    | 0.063 | My_DMA/add_116/carry[14] |            |    6.373 | 0.305 |   4.040 | 
     | My_DMA/add_116/U10       |              | NAND2_X1 | 0.063 | My_DMA/add_116/carry[14] |       SPEF |    6.373 | 0.000 |   4.040 | 
     | My_DMA/add_116/U10       | A1 v -> ZN ^ | NAND2_X1 | 0.033 | My_DMA/add_116/n7        |            |    1.787 | 0.071 |   4.111 | 
     | My_DMA/add_116/U12       |              | NAND3_X1 | 0.033 | My_DMA/add_116/n7        |       SPEF |    1.787 | 0.000 |   4.111 | 
     | My_DMA/add_116/U12       | A3 ^ -> ZN v | NAND3_X1 | 0.035 | My_DMA/add_116/carry[15] |            |    3.257 | 0.072 |   4.183 | 
     | My_DMA/add_116/U1_15     |              | FA_X1    | 0.035 | My_DMA/add_116/carry[15] |       SPEF |    3.257 | 0.000 |   4.183 | 
     | My_DMA/add_116/U1_15     | CI v -> CO v | FA_X1    | 0.051 | My_DMA/add_116/carry[16] |            |    3.187 | 0.274 |   4.457 | 
     | My_DMA/add_116/U1_16     |              | FA_X1    | 0.051 | My_DMA/add_116/carry[16] |       SPEF |    3.187 | 0.000 |   4.457 | 
     | My_DMA/add_116/U1_16     | CI v -> CO v | FA_X1    | 0.052 | My_DMA/add_116/carry[17] |            |    3.479 | 0.283 |   4.740 | 
     | My_DMA/add_116/U1_17     |              | FA_X1    | 0.052 | My_DMA/add_116/carry[17] |       SPEF |    3.479 | 0.000 |   4.740 | 
     | My_DMA/add_116/U1_17     | CI v -> CO v | FA_X1    | 0.053 | My_DMA/add_116/carry[18] |            |    3.705 | 0.285 |   5.025 | 
     | My_DMA/add_116/U1_18     |              | FA_X1    | 0.053 | My_DMA/add_116/carry[18] |       SPEF |    3.705 | 0.000 |   5.025 | 
     | My_DMA/add_116/U1_18     | CI v -> CO v | FA_X1    | 0.050 | My_DMA/add_116/carry[19] |            |    3.162 | 0.281 |   5.306 | 
     | My_DMA/add_116/U1_19     |              | FA_X1    | 0.050 | My_DMA/add_116/carry[19] |       SPEF |    3.162 | 0.000 |   5.307 | 
     | My_DMA/add_116/U1_19     | CI v -> CO v | FA_X1    | 0.052 | My_DMA/add_116/carry[20] |            |    3.639 | 0.284 |   5.591 | 
     | My_DMA/add_116/U1_20     |              | FA_X1    | 0.052 | My_DMA/add_116/carry[20] |       SPEF |    3.639 | 0.000 |   5.591 | 
     | My_DMA/add_116/U1_20     | CI v -> CO v | FA_X1    | 0.051 | My_DMA/add_116/carry[21] |            |    3.205 | 0.282 |   5.873 | 
     | My_DMA/add_116/U1_21     |              | FA_X1    | 0.051 | My_DMA/add_116/carry[21] |       SPEF |    3.205 | 0.000 |   5.873 | 
     | My_DMA/add_116/U1_21     | CI v -> CO v | FA_X1    | 0.053 | My_DMA/add_116/carry[22] |            |    3.766 | 0.285 |   6.158 | 
     | My_DMA/add_116/U1_22     |              | FA_X1    | 0.053 | My_DMA/add_116/carry[22] |       SPEF |    3.766 | 0.000 |   6.158 | 
     | My_DMA/add_116/U1_22     | CI v -> CO v | FA_X1    | 0.052 | My_DMA/add_116/carry[23] |            |    3.487 | 0.284 |   6.442 | 
     | My_DMA/add_116/U1_23     |              | FA_X1    | 0.052 | My_DMA/add_116/carry[23] |       SPEF |    3.487 | 0.000 |   6.443 | 
     | My_DMA/add_116/U1_23     | CI v -> CO v | FA_X1    | 0.062 | My_DMA/add_116/carry[24] |            |    6.203 | 0.304 |   6.747 | 
     | My_DMA/add_116/U4        |              | NAND2_X1 | 0.062 | My_DMA/add_116/carry[24] |       SPEF |    6.203 | 0.000 |   6.747 | 
     | My_DMA/add_116/U4        | A1 v -> ZN ^ | NAND2_X1 | 0.033 | My_DMA/add_116/n3        |            |    1.820 | 0.071 |   6.818 | 
     | My_DMA/add_116/U6        |              | NAND3_X1 | 0.033 | My_DMA/add_116/n3        |       SPEF |    1.820 | 0.000 |   6.818 | 
     | My_DMA/add_116/U6        | A3 ^ -> ZN v | NAND3_X1 | 0.034 | My_DMA/add_116/carry[25] |            |    3.021 | 0.070 |   6.888 | 
     | My_DMA/add_116/U1_25     |              | FA_X1    | 0.034 | My_DMA/add_116/carry[25] |       SPEF |    3.021 | 0.000 |   6.888 | 
     | My_DMA/add_116/U1_25     | CI v -> CO v | FA_X1    | 0.055 | My_DMA/add_116/carry[26] |            |    4.230 | 0.281 |   7.169 | 
     | My_DMA/add_116/U1_26     |              | FA_X1    | 0.055 | My_DMA/add_116/carry[26] |       SPEF |    4.230 | 0.000 |   7.169 | 
     | My_DMA/add_116/U1_26     | CI v -> CO v | FA_X1    | 0.051 | My_DMA/add_116/carry[27] |            |    3.321 | 0.284 |   7.453 | 
     | My_DMA/add_116/U1_27     |              | FA_X1    | 0.051 | My_DMA/add_116/carry[27] |       SPEF |    3.321 | 0.000 |   7.453 | 
     | My_DMA/add_116/U1_27     | CI v -> CO v | FA_X1    | 0.054 | My_DMA/add_116/carry[28] |            |    4.019 | 0.287 |   7.741 | 
     | My_DMA/add_116/U1_28     |              | FA_X1    | 0.054 | My_DMA/add_116/carry[28] |       SPEF |    4.019 | 0.000 |   7.741 | 
     | My_DMA/add_116/U1_28     | CI v -> CO v | FA_X1    | 0.051 | My_DMA/add_116/carry[29] |            |    3.199 | 0.282 |   8.023 | 
     | My_DMA/add_116/U1_29     |              | FA_X1    | 0.051 | My_DMA/add_116/carry[29] |       SPEF |    3.199 | 0.000 |   8.023 | 
     | My_DMA/add_116/U1_29     | CI v -> S v  | FA_X1    | 0.054 | My_DMA/N101              |            |    1.734 | 0.351 |   8.374 | 
     | My_DMA/U81               |              | AOI22_X1 | 0.054 | My_DMA/N101              |       SPEF |    1.734 | 0.000 |   8.374 | 
     | My_DMA/U81               | A1 v -> ZN ^ | AOI22_X1 | 0.093 | My_DMA/n93               |            |    1.809 | 0.130 |   8.504 | 
     | My_DMA/U80               |              | OAI21_X1 | 0.093 | My_DMA/n93               |       SPEF |    1.809 | 0.000 |   8.504 | 
     | My_DMA/U80               | A ^ -> ZN v  | OAI21_X1 | 0.067 | My_DMA/n614              |            |    1.331 | 0.072 |   8.576 | 
     | My_DMA/waddr_reg_reg[29] |              | DFF_X1   | 0.067 | My_DMA/n614              |       SPEF |    1.331 | 0.000 |   8.576 | 
     +---------------------------------------------------------------------------------------------------------------------------------+ 
Path 7: MET Setup Check with Pin my_aes/clock 
Endpoint:   my_aes/keyOrPlain[22] (v) checked with  leading edge of 'CLK'
Beginpoint: EXT_BUSY              (^) triggered by  leading edge of 'CLK'
Path Groups: {CLK}
Analysis View: ensc_av
Other End Arrival Time          0.000
- Setup                         4.374
+ Phase Shift                  10.000
= Required Time                 5.626
- Arrival Time                  4.319
= Slack Time                    1.307
     Clock Rise Edge                      0.000
     + Input Delay                        0.800
     = Beginpoint Arrival Time            0.800
     +--------------------------------------------------------------------------------------------------------------------------------+ 
     |       Instance       |     Arc      |       Cell       |  Slew |         Net          |    Arc     |  Load   | Delay | Arrival | 
     |                      |              |                  |       |                      | Annotation |         |       |  Time   | 
     |----------------------+--------------+------------------+-------+----------------------+------------+---------+-------+---------| 
     |                      | EXT_BUSY ^   |                  | 0.100 | EXT_BUSY             |       SPEF |  16.039 |       |   0.800 | 
     | My_bus/U641          |              | AOI22_X1         | 0.100 | EXT_BUSY             |       SPEF |  16.039 | 0.002 |   0.802 | 
     | My_bus/U641          | B1 ^ -> ZN v | AOI22_X1         | 0.049 | My_bus/n319          |            |   1.916 | 0.083 |   0.885 | 
     | My_bus/U640          |              | NOR3_X1          | 0.049 | My_bus/n319          |       SPEF |   1.916 | 0.000 |   0.885 | 
     | My_bus/U640          | A3 v -> ZN ^ | NOR3_X1          | 0.305 | My_bus/n109          |            |   9.166 | 0.432 |   1.317 | 
     | My_bus/U632          |              | AOI211_X1        | 0.305 | My_bus/n109          |       SPEF |   9.166 | 0.000 |   1.317 | 
     | My_bus/U632          | A ^ -> ZN v  | AOI211_X1        | 0.082 | My_bus/n17           |            |   5.099 | 0.128 |   1.446 | 
     | My_bus/U631          |              | INV_X1           | 0.082 | My_bus/n17           |       SPEF |   5.099 | 0.000 |   1.446 | 
     | My_bus/U631          | A v -> ZN ^  | INV_X1           | 0.297 | My_bus/n68           |            |  36.870 | 0.364 |   1.810 | 
     | My_bus/U33           |              | NOR2_X4          | 0.298 | My_bus/n68           |       SPEF |  36.870 | 0.002 |   1.813 | 
     | My_bus/U33           | A1 ^ -> ZN v | NOR2_X4          | 0.094 | My_bus/n107          |            |  58.346 | 0.156 |   1.969 | 
     | My_bus/U630          |              | INV_X1           | 0.094 | My_bus/n107          |       SPEF |  58.346 | 0.000 |   1.969 | 
     | My_bus/U630          | A v -> ZN ^  | INV_X1           | 0.037 | My_bus/n314          |            |   1.768 | 0.078 |   2.047 | 
     | My_bus/U629          |              | OAI21_X1         | 0.037 | My_bus/n314          |       SPEF |   1.768 | 0.000 |   2.047 | 
     | My_bus/U629          | A ^ -> ZN v  | OAI21_X1         | 0.060 | My_bus/n110          |            |   1.422 | 0.051 |   2.098 | 
     | My_bus/FE_OFC77_n110 |              | CLKBUF_X2        | 0.060 | My_bus/n110          |       SPEF |   1.422 | 0.000 |   2.098 | 
     | My_bus/FE_OFC77_n110 | A v -> Z v   | CLKBUF_X2        | 0.165 | My_bus/FE_OFN77_n110 |            |  66.398 | 0.286 |   2.384 | 
     | My_bus/U606          |              | AOI22_X1         | 0.165 | My_bus/FE_OFN77_n110 |       SPEF |  66.398 | 0.002 |   2.386 | 
     | My_bus/U606          | A2 v -> ZN ^ | AOI22_X1         | 0.322 | My_bus/n94           |            |  14.704 | 0.459 |   2.845 | 
     | My_bus/U602          |              | AND4_X1          | 0.323 | My_bus/n94           |       SPEF |  14.704 | 0.002 |   2.847 | 
     | My_bus/U602          | A1 ^ -> ZN ^ | AND4_X1          | 0.039 | My_bus/n306          |            |   1.018 | 0.248 |   3.094 | 
     | My_bus/U596          |              | AND2_X1          | 0.039 | My_bus/n306          |       SPEF |   1.018 | 0.000 |   3.094 | 
     | My_bus/U596          | A1 ^ -> ZN ^ | AND2_X1          | 0.045 | My_bus/n288          |            |   4.233 | 0.118 |   3.212 | 
     | My_bus/U595          |              | AND4_X1          | 0.045 | My_bus/n288          |       SPEF |   4.233 | 0.000 |   3.212 | 
     | My_bus/U595          | A4 ^ -> ZN ^ | AND4_X1          | 0.035 | My_bus/n305          |            |   1.170 | 0.170 |   3.383 | 
     | My_bus/U586          |              | AND4_X1          | 0.035 | My_bus/n305          |       SPEF |   1.170 | 0.000 |   3.383 | 
     | My_bus/U586          | A1 ^ -> ZN ^ | AND4_X1          | 0.042 | My_bus/n304          |            |   1.871 | 0.155 |   3.538 | 
     | My_bus/U585          |              | NAND3_X1         | 0.042 | My_bus/n304          |       SPEF |   1.871 | 0.000 |   3.538 | 
     | My_bus/U585          | A3 ^ -> ZN v | NAND3_X1         | 0.082 | My_bus/n274          |            |   5.109 | 0.089 |   3.628 | 
     | My_bus/U574          |              | NAND2_X1         | 0.082 | My_bus/n274          |       SPEF |   5.109 | 0.000 |   3.628 | 
     | My_bus/U574          | A1 v -> ZN ^ | NAND2_X1         | 0.060 | My_bus/n273          |            |   5.131 | 0.113 |   3.741 | 
     | My_bus/U28           |              | NOR2_X2          | 0.060 | My_bus/n273          |       SPEF |   5.131 | 0.000 |   3.741 | 
     | My_bus/U28           | A1 ^ -> ZN v | NOR2_X2          | 0.034 | YOUR_ADDRBUS[29]     |            |  18.998 | 0.064 |   3.805 | 
     | My_bus/U32           |              | INV_X4           | 0.034 | YOUR_ADDRBUS[29]     |       SPEF |  18.998 | 0.001 |   3.807 | 
     | My_bus/U32           | A v -> ZN ^  | INV_X4           | 0.324 | My_bus/n103          |            | 159.064 | 0.360 |   4.167 | 
     | My_bus/U226          |              | NOR2_X1          | 0.324 | My_bus/n103          |       SPEF | 159.064 | 0.003 |   4.170 | 
     | My_bus/U226          | A2 ^ -> ZN v | NOR2_X1          | 0.089 | YOUR_ADDRBUS[22]     |            |  10.342 | 0.146 |   4.317 | 
     | my_aes               |              | aes128keyWrapper | 0.089 | YOUR_ADDRBUS[22]     |       SPEF |  10.342 | 0.002 |   4.319 | 
     +--------------------------------------------------------------------------------------------------------------------------------+ 
Path 8: MET Setup Check with Pin my_aes/clock 
Endpoint:   my_aes/keyOrPlain[23] (v) checked with  leading edge of 'CLK'
Beginpoint: EXT_BUSY              (^) triggered by  leading edge of 'CLK'
Path Groups: {CLK}
Analysis View: ensc_av
Other End Arrival Time          0.000
- Setup                         4.376
+ Phase Shift                  10.000
= Required Time                 5.624
- Arrival Time                  4.313
= Slack Time                    1.310
     Clock Rise Edge                      0.000
     + Input Delay                        0.800
     = Beginpoint Arrival Time            0.800
     +--------------------------------------------------------------------------------------------------------------------------------+ 
     |       Instance       |     Arc      |       Cell       |  Slew |         Net          |    Arc     |  Load   | Delay | Arrival | 
     |                      |              |                  |       |                      | Annotation |         |       |  Time   | 
     |----------------------+--------------+------------------+-------+----------------------+------------+---------+-------+---------| 
     |                      | EXT_BUSY ^   |                  | 0.100 | EXT_BUSY             |       SPEF |  16.039 |       |   0.800 | 
     | My_bus/U641          |              | AOI22_X1         | 0.100 | EXT_BUSY             |       SPEF |  16.039 | 0.002 |   0.802 | 
     | My_bus/U641          | B1 ^ -> ZN v | AOI22_X1         | 0.049 | My_bus/n319          |            |   1.916 | 0.083 |   0.885 | 
     | My_bus/U640          |              | NOR3_X1          | 0.049 | My_bus/n319          |       SPEF |   1.916 | 0.000 |   0.885 | 
     | My_bus/U640          | A3 v -> ZN ^ | NOR3_X1          | 0.305 | My_bus/n109          |            |   9.166 | 0.432 |   1.317 | 
     | My_bus/U632          |              | AOI211_X1        | 0.305 | My_bus/n109          |       SPEF |   9.166 | 0.000 |   1.317 | 
     | My_bus/U632          | A ^ -> ZN v  | AOI211_X1        | 0.082 | My_bus/n17           |            |   5.099 | 0.128 |   1.446 | 
     | My_bus/U631          |              | INV_X1           | 0.082 | My_bus/n17           |       SPEF |   5.099 | 0.000 |   1.446 | 
     | My_bus/U631          | A v -> ZN ^  | INV_X1           | 0.297 | My_bus/n68           |            |  36.870 | 0.364 |   1.810 | 
     | My_bus/U33           |              | NOR2_X4          | 0.298 | My_bus/n68           |       SPEF |  36.870 | 0.002 |   1.813 | 
     | My_bus/U33           | A1 ^ -> ZN v | NOR2_X4          | 0.094 | My_bus/n107          |            |  58.346 | 0.156 |   1.969 | 
     | My_bus/U630          |              | INV_X1           | 0.094 | My_bus/n107          |       SPEF |  58.346 | 0.000 |   1.969 | 
     | My_bus/U630          | A v -> ZN ^  | INV_X1           | 0.037 | My_bus/n314          |            |   1.768 | 0.078 |   2.047 | 
     | My_bus/U629          |              | OAI21_X1         | 0.037 | My_bus/n314          |       SPEF |   1.768 | 0.000 |   2.047 | 
     | My_bus/U629          | A ^ -> ZN v  | OAI21_X1         | 0.060 | My_bus/n110          |            |   1.422 | 0.051 |   2.098 | 
     | My_bus/FE_OFC77_n110 |              | CLKBUF_X2        | 0.060 | My_bus/n110          |       SPEF |   1.422 | 0.000 |   2.098 | 
     | My_bus/FE_OFC77_n110 | A v -> Z v   | CLKBUF_X2        | 0.165 | My_bus/FE_OFN77_n110 |            |  66.398 | 0.286 |   2.384 | 
     | My_bus/U606          |              | AOI22_X1         | 0.165 | My_bus/FE_OFN77_n110 |       SPEF |  66.398 | 0.002 |   2.386 | 
     | My_bus/U606          | A2 v -> ZN ^ | AOI22_X1         | 0.322 | My_bus/n94           |            |  14.704 | 0.459 |   2.845 | 
     | My_bus/U602          |              | AND4_X1          | 0.323 | My_bus/n94           |       SPEF |  14.704 | 0.002 |   2.847 | 
     | My_bus/U602          | A1 ^ -> ZN ^ | AND4_X1          | 0.039 | My_bus/n306          |            |   1.018 | 0.248 |   3.094 | 
     | My_bus/U596          |              | AND2_X1          | 0.039 | My_bus/n306          |       SPEF |   1.018 | 0.000 |   3.094 | 
     | My_bus/U596          | A1 ^ -> ZN ^ | AND2_X1          | 0.045 | My_bus/n288          |            |   4.233 | 0.118 |   3.212 | 
     | My_bus/U595          |              | AND4_X1          | 0.045 | My_bus/n288          |       SPEF |   4.233 | 0.000 |   3.212 | 
     | My_bus/U595          | A4 ^ -> ZN ^ | AND4_X1          | 0.035 | My_bus/n305          |            |   1.170 | 0.170 |   3.383 | 
     | My_bus/U586          |              | AND4_X1          | 0.035 | My_bus/n305          |       SPEF |   1.170 | 0.000 |   3.383 | 
     | My_bus/U586          | A1 ^ -> ZN ^ | AND4_X1          | 0.042 | My_bus/n304          |            |   1.871 | 0.155 |   3.538 | 
     | My_bus/U585          |              | NAND3_X1         | 0.042 | My_bus/n304          |       SPEF |   1.871 | 0.000 |   3.538 | 
     | My_bus/U585          | A3 ^ -> ZN v | NAND3_X1         | 0.082 | My_bus/n274          |            |   5.109 | 0.089 |   3.628 | 
     | My_bus/U574          |              | NAND2_X1         | 0.082 | My_bus/n274          |       SPEF |   5.109 | 0.000 |   3.628 | 
     | My_bus/U574          | A1 v -> ZN ^ | NAND2_X1         | 0.060 | My_bus/n273          |            |   5.131 | 0.113 |   3.741 | 
     | My_bus/U28           |              | NOR2_X2          | 0.060 | My_bus/n273          |       SPEF |   5.131 | 0.000 |   3.741 | 
     | My_bus/U28           | A1 ^ -> ZN v | NOR2_X2          | 0.034 | YOUR_ADDRBUS[29]     |            |  18.998 | 0.064 |   3.805 | 
     | My_bus/U32           |              | INV_X4           | 0.034 | YOUR_ADDRBUS[29]     |       SPEF |  18.998 | 0.001 |   3.807 | 
     | My_bus/U32           | A v -> ZN ^  | INV_X4           | 0.324 | My_bus/n103          |            | 159.064 | 0.360 |   4.167 | 
     | My_bus/U225          |              | NOR2_X1          | 0.324 | My_bus/n103          |       SPEF | 159.064 | 0.004 |   4.171 | 
     | My_bus/U225          | A2 ^ -> ZN v | NOR2_X1          | 0.087 | YOUR_ADDRBUS[23]     |            |   9.605 | 0.141 |   4.311 | 
     | my_aes               |              | aes128keyWrapper | 0.087 | YOUR_ADDRBUS[23]     |       SPEF |   9.605 | 0.002 |   4.313 | 
     +--------------------------------------------------------------------------------------------------------------------------------+ 
Path 9: MET Setup Check with Pin my_aes/clock 
Endpoint:   my_aes/keyOrPlain[21] (v) checked with  leading edge of 'CLK'
Beginpoint: EXT_BUSY              (^) triggered by  leading edge of 'CLK'
Path Groups: {CLK}
Analysis View: ensc_av
Other End Arrival Time          0.000
- Setup                         4.296
+ Phase Shift                  10.000
= Required Time                 5.704
- Arrival Time                  4.317
= Slack Time                    1.386
     Clock Rise Edge                      0.000
     + Input Delay                        0.800
     = Beginpoint Arrival Time            0.800
     +--------------------------------------------------------------------------------------------------------------------------------+ 
     |       Instance       |     Arc      |       Cell       |  Slew |         Net          |    Arc     |  Load   | Delay | Arrival | 
     |                      |              |                  |       |                      | Annotation |         |       |  Time   | 
     |----------------------+--------------+------------------+-------+----------------------+------------+---------+-------+---------| 
     |                      | EXT_BUSY ^   |                  | 0.100 | EXT_BUSY             |       SPEF |  16.039 |       |   0.800 | 
     | My_bus/U641          |              | AOI22_X1         | 0.100 | EXT_BUSY             |       SPEF |  16.039 | 0.002 |   0.802 | 
     | My_bus/U641          | B1 ^ -> ZN v | AOI22_X1         | 0.049 | My_bus/n319          |            |   1.916 | 0.083 |   0.885 | 
     | My_bus/U640          |              | NOR3_X1          | 0.049 | My_bus/n319          |       SPEF |   1.916 | 0.000 |   0.885 | 
     | My_bus/U640          | A3 v -> ZN ^ | NOR3_X1          | 0.305 | My_bus/n109          |            |   9.166 | 0.432 |   1.317 | 
     | My_bus/U632          |              | AOI211_X1        | 0.305 | My_bus/n109          |       SPEF |   9.166 | 0.000 |   1.317 | 
     | My_bus/U632          | A ^ -> ZN v  | AOI211_X1        | 0.082 | My_bus/n17           |            |   5.099 | 0.128 |   1.446 | 
     | My_bus/U631          |              | INV_X1           | 0.082 | My_bus/n17           |       SPEF |   5.099 | 0.000 |   1.446 | 
     | My_bus/U631          | A v -> ZN ^  | INV_X1           | 0.297 | My_bus/n68           |            |  36.870 | 0.364 |   1.810 | 
     | My_bus/U33           |              | NOR2_X4          | 0.298 | My_bus/n68           |       SPEF |  36.870 | 0.002 |   1.813 | 
     | My_bus/U33           | A1 ^ -> ZN v | NOR2_X4          | 0.094 | My_bus/n107          |            |  58.346 | 0.156 |   1.969 | 
     | My_bus/U630          |              | INV_X1           | 0.094 | My_bus/n107          |       SPEF |  58.346 | 0.000 |   1.969 | 
     | My_bus/U630          | A v -> ZN ^  | INV_X1           | 0.037 | My_bus/n314          |            |   1.768 | 0.078 |   2.047 | 
     | My_bus/U629          |              | OAI21_X1         | 0.037 | My_bus/n314          |       SPEF |   1.768 | 0.000 |   2.047 | 
     | My_bus/U629          | A ^ -> ZN v  | OAI21_X1         | 0.060 | My_bus/n110          |            |   1.422 | 0.051 |   2.098 | 
     | My_bus/FE_OFC77_n110 |              | CLKBUF_X2        | 0.060 | My_bus/n110          |       SPEF |   1.422 | 0.000 |   2.098 | 
     | My_bus/FE_OFC77_n110 | A v -> Z v   | CLKBUF_X2        | 0.165 | My_bus/FE_OFN77_n110 |            |  66.398 | 0.286 |   2.384 | 
     | My_bus/U606          |              | AOI22_X1         | 0.165 | My_bus/FE_OFN77_n110 |       SPEF |  66.398 | 0.002 |   2.386 | 
     | My_bus/U606          | A2 v -> ZN ^ | AOI22_X1         | 0.322 | My_bus/n94           |            |  14.704 | 0.459 |   2.845 | 
     | My_bus/U602          |              | AND4_X1          | 0.323 | My_bus/n94           |       SPEF |  14.704 | 0.002 |   2.847 | 
     | My_bus/U602          | A1 ^ -> ZN ^ | AND4_X1          | 0.039 | My_bus/n306          |            |   1.018 | 0.248 |   3.094 | 
     | My_bus/U596          |              | AND2_X1          | 0.039 | My_bus/n306          |       SPEF |   1.018 | 0.000 |   3.094 | 
     | My_bus/U596          | A1 ^ -> ZN ^ | AND2_X1          | 0.045 | My_bus/n288          |            |   4.233 | 0.118 |   3.212 | 
     | My_bus/U595          |              | AND4_X1          | 0.045 | My_bus/n288          |       SPEF |   4.233 | 0.000 |   3.212 | 
     | My_bus/U595          | A4 ^ -> ZN ^ | AND4_X1          | 0.035 | My_bus/n305          |            |   1.170 | 0.170 |   3.383 | 
     | My_bus/U586          |              | AND4_X1          | 0.035 | My_bus/n305          |       SPEF |   1.170 | 0.000 |   3.383 | 
     | My_bus/U586          | A1 ^ -> ZN ^ | AND4_X1          | 0.042 | My_bus/n304          |            |   1.871 | 0.155 |   3.538 | 
     | My_bus/U585          |              | NAND3_X1         | 0.042 | My_bus/n304          |       SPEF |   1.871 | 0.000 |   3.538 | 
     | My_bus/U585          | A3 ^ -> ZN v | NAND3_X1         | 0.082 | My_bus/n274          |            |   5.109 | 0.089 |   3.628 | 
     | My_bus/U574          |              | NAND2_X1         | 0.082 | My_bus/n274          |       SPEF |   5.109 | 0.000 |   3.628 | 
     | My_bus/U574          | A1 v -> ZN ^ | NAND2_X1         | 0.060 | My_bus/n273          |            |   5.131 | 0.113 |   3.741 | 
     | My_bus/U28           |              | NOR2_X2          | 0.060 | My_bus/n273          |       SPEF |   5.131 | 0.000 |   3.741 | 
     | My_bus/U28           | A1 ^ -> ZN v | NOR2_X2          | 0.034 | YOUR_ADDRBUS[29]     |            |  18.998 | 0.064 |   3.805 | 
     | My_bus/U32           |              | INV_X4           | 0.034 | YOUR_ADDRBUS[29]     |       SPEF |  18.998 | 0.001 |   3.807 | 
     | My_bus/U32           | A v -> ZN ^  | INV_X4           | 0.324 | My_bus/n103          |            | 159.064 | 0.360 |   4.167 | 
     | My_bus/U227          |              | NOR2_X1          | 0.324 | My_bus/n103          |       SPEF | 159.064 | 0.004 |   4.171 | 
     | My_bus/U227          | A2 ^ -> ZN v | NOR2_X1          | 0.088 | YOUR_ADDRBUS[21]     |            |  10.126 | 0.144 |   4.315 | 
     | my_aes               |              | aes128keyWrapper | 0.088 | YOUR_ADDRBUS[21]     |       SPEF |  10.126 | 0.002 |   4.317 | 
     +--------------------------------------------------------------------------------------------------------------------------------+ 
Path 10: MET Setup Check with Pin my_aes/clock 
Endpoint:   my_aes/keyOrPlain[26] (v) checked with  leading edge of 'CLK'
Beginpoint: EXT_BUSY              (^) triggered by  leading edge of 'CLK'
Path Groups: {CLK}
Analysis View: ensc_av
Other End Arrival Time          0.000
- Setup                         4.230
+ Phase Shift                  10.000
= Required Time                 5.770
- Arrival Time                  4.312
= Slack Time                    1.458
     Clock Rise Edge                      0.000
     + Input Delay                        0.800
     = Beginpoint Arrival Time            0.800
     +--------------------------------------------------------------------------------------------------------------------------------+ 
     |       Instance       |     Arc      |       Cell       |  Slew |         Net          |    Arc     |  Load   | Delay | Arrival | 
     |                      |              |                  |       |                      | Annotation |         |       |  Time   | 
     |----------------------+--------------+------------------+-------+----------------------+------------+---------+-------+---------| 
     |                      | EXT_BUSY ^   |                  | 0.100 | EXT_BUSY             |       SPEF |  16.039 |       |   0.800 | 
     | My_bus/U641          |              | AOI22_X1         | 0.100 | EXT_BUSY             |       SPEF |  16.039 | 0.002 |   0.802 | 
     | My_bus/U641          | B1 ^ -> ZN v | AOI22_X1         | 0.049 | My_bus/n319          |            |   1.916 | 0.083 |   0.885 | 
     | My_bus/U640          |              | NOR3_X1          | 0.049 | My_bus/n319          |       SPEF |   1.916 | 0.000 |   0.885 | 
     | My_bus/U640          | A3 v -> ZN ^ | NOR3_X1          | 0.305 | My_bus/n109          |            |   9.166 | 0.432 |   1.317 | 
     | My_bus/U632          |              | AOI211_X1        | 0.305 | My_bus/n109          |       SPEF |   9.166 | 0.000 |   1.317 | 
     | My_bus/U632          | A ^ -> ZN v  | AOI211_X1        | 0.082 | My_bus/n17           |            |   5.099 | 0.128 |   1.446 | 
     | My_bus/U631          |              | INV_X1           | 0.082 | My_bus/n17           |       SPEF |   5.099 | 0.000 |   1.446 | 
     | My_bus/U631          | A v -> ZN ^  | INV_X1           | 0.297 | My_bus/n68           |            |  36.870 | 0.364 |   1.810 | 
     | My_bus/U33           |              | NOR2_X4          | 0.298 | My_bus/n68           |       SPEF |  36.870 | 0.002 |   1.813 | 
     | My_bus/U33           | A1 ^ -> ZN v | NOR2_X4          | 0.094 | My_bus/n107          |            |  58.346 | 0.156 |   1.969 | 
     | My_bus/U630          |              | INV_X1           | 0.094 | My_bus/n107          |       SPEF |  58.346 | 0.000 |   1.969 | 
     | My_bus/U630          | A v -> ZN ^  | INV_X1           | 0.037 | My_bus/n314          |            |   1.768 | 0.078 |   2.047 | 
     | My_bus/U629          |              | OAI21_X1         | 0.037 | My_bus/n314          |       SPEF |   1.768 | 0.000 |   2.047 | 
     | My_bus/U629          | A ^ -> ZN v  | OAI21_X1         | 0.060 | My_bus/n110          |            |   1.422 | 0.051 |   2.098 | 
     | My_bus/FE_OFC77_n110 |              | CLKBUF_X2        | 0.060 | My_bus/n110          |       SPEF |   1.422 | 0.000 |   2.098 | 
     | My_bus/FE_OFC77_n110 | A v -> Z v   | CLKBUF_X2        | 0.165 | My_bus/FE_OFN77_n110 |            |  66.398 | 0.286 |   2.384 | 
     | My_bus/U606          |              | AOI22_X1         | 0.165 | My_bus/FE_OFN77_n110 |       SPEF |  66.398 | 0.002 |   2.386 | 
     | My_bus/U606          | A2 v -> ZN ^ | AOI22_X1         | 0.322 | My_bus/n94           |            |  14.704 | 0.459 |   2.845 | 
     | My_bus/U602          |              | AND4_X1          | 0.323 | My_bus/n94           |       SPEF |  14.704 | 0.002 |   2.847 | 
     | My_bus/U602          | A1 ^ -> ZN ^ | AND4_X1          | 0.039 | My_bus/n306          |            |   1.018 | 0.248 |   3.094 | 
     | My_bus/U596          |              | AND2_X1          | 0.039 | My_bus/n306          |       SPEF |   1.018 | 0.000 |   3.094 | 
     | My_bus/U596          | A1 ^ -> ZN ^ | AND2_X1          | 0.045 | My_bus/n288          |            |   4.233 | 0.118 |   3.212 | 
     | My_bus/U595          |              | AND4_X1          | 0.045 | My_bus/n288          |       SPEF |   4.233 | 0.000 |   3.212 | 
     | My_bus/U595          | A4 ^ -> ZN ^ | AND4_X1          | 0.035 | My_bus/n305          |            |   1.170 | 0.170 |   3.383 | 
     | My_bus/U586          |              | AND4_X1          | 0.035 | My_bus/n305          |       SPEF |   1.170 | 0.000 |   3.383 | 
     | My_bus/U586          | A1 ^ -> ZN ^ | AND4_X1          | 0.042 | My_bus/n304          |            |   1.871 | 0.155 |   3.538 | 
     | My_bus/U585          |              | NAND3_X1         | 0.042 | My_bus/n304          |       SPEF |   1.871 | 0.000 |   3.538 | 
     | My_bus/U585          | A3 ^ -> ZN v | NAND3_X1         | 0.082 | My_bus/n274          |            |   5.109 | 0.089 |   3.628 | 
     | My_bus/U574          |              | NAND2_X1         | 0.082 | My_bus/n274          |       SPEF |   5.109 | 0.000 |   3.628 | 
     | My_bus/U574          | A1 v -> ZN ^ | NAND2_X1         | 0.060 | My_bus/n273          |            |   5.131 | 0.113 |   3.741 | 
     | My_bus/U28           |              | NOR2_X2          | 0.060 | My_bus/n273          |       SPEF |   5.131 | 0.000 |   3.741 | 
     | My_bus/U28           | A1 ^ -> ZN v | NOR2_X2          | 0.034 | YOUR_ADDRBUS[29]     |            |  18.998 | 0.064 |   3.805 | 
     | My_bus/U32           |              | INV_X4           | 0.034 | YOUR_ADDRBUS[29]     |       SPEF |  18.998 | 0.001 |   3.807 | 
     | My_bus/U32           | A v -> ZN ^  | INV_X4           | 0.324 | My_bus/n103          |            | 159.064 | 0.360 |   4.167 | 
     | My_bus/U222          |              | NOR2_X1          | 0.324 | My_bus/n103          |       SPEF | 159.064 | 0.003 |   4.170 | 
     | My_bus/U222          | A2 ^ -> ZN v | NOR2_X1          | 0.086 | YOUR_ADDRBUS[26]     |            |   9.470 | 0.140 |   4.310 | 
     | my_aes               |              | aes128keyWrapper | 0.087 | YOUR_ADDRBUS[26]     |       SPEF |   9.470 | 0.002 |   4.312 | 
     +--------------------------------------------------------------------------------------------------------------------------------+ 

