###############################################################
#  Generated by:      Cadence Innovus 18.10-p002_1
#  OS:                Linux x86_64(Host ID ensc-esil-17)
#  Generated on:      Tue Apr 20 18:54:59 2021
#  Design:            ensc450
#  Command:           report_timing -net -format {instance arc cell slew net annotation load delay arrival} -max_paths 10 >  results/timing/07-postCtsOpt_setup.rpt
###############################################################
Path 1: MET Setup Check with Pin My_DMA/raddr_reg_reg[31]/CK 
Endpoint:   My_DMA/raddr_reg_reg[31]/D (v) checked with  leading edge of 'CLK'
Beginpoint: My_DMA/raddr_reg_reg[0]/Q  (v) triggered by  leading edge of 'CLK'
Path Groups: {CLK}
Analysis View: ensc_av
Other End Arrival Time          0.000
- Setup                         0.160
+ Phase Shift                  10.000
= Required Time                 9.840
- Arrival Time                  9.153
= Slack Time                    0.687
     Clock Rise Edge                 0.000
     + Clock Network Latency (Ideal) 0.000
     = Beginpoint Arrival Time       0.000
     +---------------------------------------------------------------------------------------------------------------------------------+ 
     |         Instance         |     Arc      |   Cell   |  Slew |           Net            |    Arc     |   Load   | Delay | Arrival | 
     |                          |              |          |       |                          | Annotation |          |       |  Time   | 
     |--------------------------+--------------+----------+-------+--------------------------+------------+----------+-------+---------| 
     | My_DMA/raddr_reg_reg[0]  | CK ^         |          | 0.000 | clk                      |            | 1550.827 |       |   0.000 | 
     | My_DMA/raddr_reg_reg[0]  | CK ^ -> Q v  | DFF_X1   | 0.030 | My_DMA/raddr_reg[0]      |            |    7.501 | 0.262 |   0.262 | 
     | My_DMA/add_115/U14       |              | NAND2_X1 | 0.030 | My_DMA/raddr_reg[0]      |       SPEF |    7.501 | 0.000 |   0.262 | 
     | My_DMA/add_115/U14       | A2 v -> ZN ^ | NAND2_X1 | 0.033 | My_DMA/add_115/n9        |            |    1.802 | 0.061 |   0.323 | 
     | My_DMA/add_115/U15       |              | INV_X1   | 0.033 | My_DMA/add_115/n9        |       SPEF |    1.802 | 0.000 |   0.323 | 
     | My_DMA/add_115/U15       | A ^ -> ZN v  | INV_X1   | 0.013 | My_DMA/add_115/carry[1]  |            |    2.985 | 0.029 |   0.352 | 
     | My_DMA/add_115/U1_1      |              | FA_X1    | 0.013 | My_DMA/add_115/carry[1]  |       SPEF |    2.985 | 0.000 |   0.352 | 
     | My_DMA/add_115/U1_1      | CI v -> CO v | FA_X1    | 0.052 | My_DMA/add_115/carry[2]  |            |    3.602 | 0.268 |   0.620 | 
     | My_DMA/add_115/U1_2      |              | FA_X1    | 0.052 | My_DMA/add_115/carry[2]  |       SPEF |    3.602 | 0.000 |   0.620 | 
     | My_DMA/add_115/U1_2      | CI v -> CO v | FA_X1    | 0.051 | My_DMA/add_115/carry[3]  |            |    3.355 | 0.282 |   0.903 | 
     | My_DMA/add_115/U1_3      |              | FA_X1    | 0.051 | My_DMA/add_115/carry[3]  |       SPEF |    3.355 | 0.000 |   0.903 | 
     | My_DMA/add_115/U1_3      | CI v -> CO v | FA_X1    | 0.058 | My_DMA/add_115/carry[4]  |            |    4.969 | 0.294 |   1.197 | 
     | My_DMA/add_115/U1_4      |              | FA_X1    | 0.058 | My_DMA/add_115/carry[4]  |       SPEF |    4.969 | 0.000 |   1.198 | 
     | My_DMA/add_115/U1_4      | CI v -> CO v | FA_X1    | 0.050 | My_DMA/add_115/carry[5]  |            |    3.026 | 0.282 |   1.480 | 
     | My_DMA/add_115/U1_5      |              | FA_X1    | 0.050 | My_DMA/add_115/carry[5]  |       SPEF |    3.026 | 0.000 |   1.480 | 
     | My_DMA/add_115/U1_5      | CI v -> CO v | FA_X1    | 0.050 | My_DMA/add_115/carry[6]  |            |    3.197 | 0.280 |   1.760 | 
     | My_DMA/add_115/U1_6      |              | FA_X1    | 0.050 | My_DMA/add_115/carry[6]  |       SPEF |    3.197 | 0.000 |   1.760 | 
     | My_DMA/add_115/U1_6      | CI v -> CO v | FA_X1    | 0.051 | My_DMA/add_115/carry[7]  |            |    3.388 | 0.282 |   2.041 | 
     | My_DMA/add_115/U1_7      |              | FA_X1    | 0.051 | My_DMA/add_115/carry[7]  |       SPEF |    3.388 | 0.000 |   2.042 | 
     | My_DMA/add_115/U1_7      | CI v -> CO v | FA_X1    | 0.053 | My_DMA/add_115/carry[8]  |            |    3.776 | 0.286 |   2.327 | 
     | My_DMA/add_115/U1_8      |              | FA_X1    | 0.053 | My_DMA/add_115/carry[8]  |       SPEF |    3.776 | 0.000 |   2.327 | 
     | My_DMA/add_115/U1_8      | CI v -> CO v | FA_X1    | 0.054 | My_DMA/add_115/carry[9]  |            |    4.096 | 0.289 |   2.616 | 
     | My_DMA/add_115/U1_9      |              | FA_X1    | 0.054 | My_DMA/add_115/carry[9]  |       SPEF |    4.096 | 0.000 |   2.617 | 
     | My_DMA/add_115/U1_9      | CI v -> CO v | FA_X1    | 0.055 | My_DMA/add_115/carry[10] |            |    4.382 | 0.292 |   2.908 | 
     | My_DMA/add_115/U1_10     |              | FA_X1    | 0.055 | My_DMA/add_115/carry[10] |       SPEF |    4.382 | 0.000 |   2.908 | 
     | My_DMA/add_115/U1_10     | CI v -> CO v | FA_X1    | 0.050 | My_DMA/add_115/carry[11] |            |    3.202 | 0.283 |   3.191 | 
     | My_DMA/add_115/U1_11     |              | FA_X1    | 0.050 | My_DMA/add_115/carry[11] |       SPEF |    3.202 | 0.000 |   3.191 | 
     | My_DMA/add_115/U1_11     | CI v -> CO v | FA_X1    | 0.050 | My_DMA/add_115/carry[12] |            |    3.012 | 0.279 |   3.470 | 
     | My_DMA/add_115/U1_12     |              | FA_X1    | 0.050 | My_DMA/add_115/carry[12] |       SPEF |    3.012 | 0.000 |   3.470 | 
     | My_DMA/add_115/U1_12     | CI v -> CO v | FA_X1    | 0.052 | My_DMA/add_115/carry[13] |            |    3.543 | 0.283 |   3.752 | 
     | My_DMA/add_115/U1_13     |              | FA_X1    | 0.052 | My_DMA/add_115/carry[13] |       SPEF |    3.543 | 0.000 |   3.752 | 
     | My_DMA/add_115/U1_13     | CI v -> CO v | FA_X1    | 0.062 | My_DMA/add_115/carry[14] |            |    6.266 | 0.303 |   4.056 | 
     | My_DMA/add_115/U10       |              | NAND2_X1 | 0.062 | My_DMA/add_115/carry[14] |       SPEF |    6.266 | 0.000 |   4.056 | 
     | My_DMA/add_115/U10       | A1 v -> ZN ^ | NAND2_X1 | 0.033 | My_DMA/add_115/n7        |            |    1.742 | 0.071 |   4.127 | 
     | My_DMA/add_115/U12       |              | NAND3_X1 | 0.033 | My_DMA/add_115/n7        |       SPEF |    1.742 | 0.000 |   4.127 | 
     | My_DMA/add_115/U12       | A3 ^ -> ZN v | NAND3_X1 | 0.036 | My_DMA/add_115/carry[15] |            |    3.420 | 0.073 |   4.200 | 
     | My_DMA/add_115/U1_15     |              | FA_X1    | 0.036 | My_DMA/add_115/carry[15] |       SPEF |    3.420 | 0.000 |   4.200 | 
     | My_DMA/add_115/U1_15     | CI v -> CO v | FA_X1    | 0.052 | My_DMA/add_115/carry[16] |            |    3.479 | 0.276 |   4.476 | 
     | My_DMA/add_115/U1_16     |              | FA_X1    | 0.052 | My_DMA/add_115/carry[16] |       SPEF |    3.479 | 0.000 |   4.476 | 
     | My_DMA/add_115/U1_16     | CI v -> CO v | FA_X1    | 0.050 | My_DMA/add_115/carry[17] |            |    3.152 | 0.280 |   4.756 | 
     | My_DMA/add_115/U1_17     |              | FA_X1    | 0.050 | My_DMA/add_115/carry[17] |       SPEF |    3.152 | 0.000 |   4.756 | 
     | My_DMA/add_115/U1_17     | CI v -> CO v | FA_X1    | 0.054 | My_DMA/add_115/carry[18] |            |    4.077 | 0.287 |   5.044 | 
     | My_DMA/add_115/U1_18     |              | FA_X1    | 0.054 | My_DMA/add_115/carry[18] |       SPEF |    4.077 | 0.000 |   5.044 | 
     | My_DMA/add_115/U1_18     | CI v -> CO v | FA_X1    | 0.052 | My_DMA/add_115/carry[19] |            |    3.617 | 0.286 |   5.330 | 
     | My_DMA/add_115/U1_19     |              | FA_X1    | 0.052 | My_DMA/add_115/carry[19] |       SPEF |    3.617 | 0.000 |   5.330 | 
     | My_DMA/add_115/U1_19     | CI v -> CO v | FA_X1    | 0.049 | My_DMA/add_115/carry[20] |            |    3.001 | 0.279 |   5.609 | 
     | My_DMA/add_115/U1_20     |              | FA_X1    | 0.049 | My_DMA/add_115/carry[20] |       SPEF |    3.001 | 0.000 |   5.610 | 
     | My_DMA/add_115/U1_20     | CI v -> CO v | FA_X1    | 0.053 | My_DMA/add_115/carry[21] |            |    3.747 | 0.285 |   5.894 | 
     | My_DMA/add_115/U1_21     |              | FA_X1    | 0.053 | My_DMA/add_115/carry[21] |       SPEF |    3.747 | 0.000 |   5.894 | 
     | My_DMA/add_115/U1_21     | CI v -> CO v | FA_X1    | 0.050 | My_DMA/add_115/carry[22] |            |    3.025 | 0.280 |   6.174 | 
     | My_DMA/add_115/U1_22     |              | FA_X1    | 0.050 | My_DMA/add_115/carry[22] |       SPEF |    3.025 | 0.000 |   6.174 | 
     | My_DMA/add_115/U1_22     | CI v -> CO v | FA_X1    | 0.051 | My_DMA/add_115/carry[23] |            |    3.234 | 0.280 |   6.454 | 
     | My_DMA/add_115/U1_23     |              | FA_X1    | 0.051 | My_DMA/add_115/carry[23] |       SPEF |    3.234 | 0.000 |   6.454 | 
     | My_DMA/add_115/U1_23     | CI v -> CO v | FA_X1    | 0.065 | My_DMA/add_115/carry[24] |            |    7.000 | 0.307 |   6.762 | 
     | My_DMA/add_115/U4        |              | NAND2_X1 | 0.065 | My_DMA/add_115/carry[24] |       SPEF |    7.000 | 0.000 |   6.762 | 
     | My_DMA/add_115/U4        | A1 v -> ZN ^ | NAND2_X1 | 0.035 | My_DMA/add_115/n3        |            |    1.882 | 0.074 |   6.836 | 
     | My_DMA/add_115/U6        |              | NAND3_X1 | 0.035 | My_DMA/add_115/n3        |       SPEF |    1.882 | 0.000 |   6.836 | 
     | My_DMA/add_115/U6        | A3 ^ -> ZN v | NAND3_X1 | 0.036 | My_DMA/add_115/carry[25] |            |    3.327 | 0.073 |   6.909 | 
     | My_DMA/add_115/U1_25     |              | FA_X1    | 0.036 | My_DMA/add_115/carry[25] |       SPEF |    3.327 | 0.000 |   6.909 | 
     | My_DMA/add_115/U1_25     | CI v -> CO v | FA_X1    | 0.051 | My_DMA/add_115/carry[26] |            |    3.262 | 0.274 |   7.183 | 
     | My_DMA/add_115/U1_26     |              | FA_X1    | 0.051 | My_DMA/add_115/carry[26] |       SPEF |    3.262 | 0.000 |   7.183 | 
     | My_DMA/add_115/U1_26     | CI v -> CO v | FA_X1    | 0.052 | My_DMA/add_115/carry[27] |            |    3.674 | 0.285 |   7.468 | 
     | My_DMA/add_115/U1_27     |              | FA_X1    | 0.052 | My_DMA/add_115/carry[27] |       SPEF |    3.674 | 0.000 |   7.468 | 
     | My_DMA/add_115/U1_27     | CI v -> CO v | FA_X1    | 0.052 | My_DMA/add_115/carry[28] |            |    3.556 | 0.284 |   7.752 | 
     | My_DMA/add_115/U1_28     |              | FA_X1    | 0.052 | My_DMA/add_115/carry[28] |       SPEF |    3.556 | 0.000 |   7.752 | 
     | My_DMA/add_115/U1_28     | CI v -> CO v | FA_X1    | 0.051 | My_DMA/add_115/carry[29] |            |    3.382 | 0.282 |   8.034 | 
     | My_DMA/add_115/U1_29     |              | FA_X1    | 0.051 | My_DMA/add_115/carry[29] |       SPEF |    3.382 | 0.000 |   8.034 | 
     | My_DMA/add_115/U1_29     | CI v -> CO v | FA_X1    | 0.052 | My_DMA/add_115/carry[30] |            |    3.675 | 0.285 |   8.319 | 
     | My_DMA/add_115/U1_30     |              | FA_X1    | 0.052 | My_DMA/add_115/carry[30] |       SPEF |    3.675 | 0.000 |   8.319 | 
     | My_DMA/add_115/U1_30     | CI v -> CO v | FA_X1    | 0.053 | My_DMA/add_115/carry[31] |            |    3.701 | 0.286 |   8.605 | 
     | My_DMA/add_115/U1_31     |              | FA_X1    | 0.053 | My_DMA/add_115/carry[31] |       SPEF |    3.701 | 0.000 |   8.605 | 
     | My_DMA/add_115/U1_31     | CI v -> S v  | FA_X1    | 0.056 | My_DMA/N71               |            |    2.137 | 0.355 |   8.960 | 
     | My_DMA/U13               |              | AOI22_X1 | 0.056 | My_DMA/N71               |       SPEF |    2.137 | 0.000 |   8.960 | 
     | My_DMA/U13               | A1 v -> ZN ^ | AOI22_X1 | 0.096 | My_DMA/n23               |            |    1.880 | 0.134 |   9.094 | 
     | My_DMA/U671              |              | NAND2_X1 | 0.096 | My_DMA/n23               |       SPEF |    1.880 | 0.000 |   9.094 | 
     | My_DMA/U671              | A2 ^ -> ZN v | NAND2_X1 | 0.022 | My_DMA/n580              |            |    1.432 | 0.059 |   9.153 | 
     | My_DMA/raddr_reg_reg[31] |              | DFF_X1   | 0.022 | My_DMA/n580              |       SPEF |    1.432 | 0.000 |   9.153 | 
     +---------------------------------------------------------------------------------------------------------------------------------+ 
Path 2: MET Setup Check with Pin My_DMA/waddr_reg_reg[31]/CK 
Endpoint:   My_DMA/waddr_reg_reg[31]/D (v) checked with  leading edge of 'CLK'
Beginpoint: My_DMA/wstep_reg_reg[0]/Q  (v) triggered by  leading edge of 'CLK'
Path Groups: {CLK}
Analysis View: ensc_av
Other End Arrival Time          0.000
- Setup                         0.160
+ Phase Shift                  10.000
= Required Time                 9.840
- Arrival Time                  9.143
= Slack Time                    0.696
     Clock Rise Edge                 0.000
     + Clock Network Latency (Ideal) 0.000
     = Beginpoint Arrival Time       0.000
     +---------------------------------------------------------------------------------------------------------------------------------+ 
     |         Instance         |     Arc      |   Cell   |  Slew |           Net            |    Arc     |   Load   | Delay | Arrival | 
     |                          |              |          |       |                          | Annotation |          |       |  Time   | 
     |--------------------------+--------------+----------+-------+--------------------------+------------+----------+-------+---------| 
     | My_DMA/wstep_reg_reg[0]  | CK ^         |          | 0.000 | clk                      |            | 1550.827 |       |   0.000 | 
     | My_DMA/wstep_reg_reg[0]  | CK ^ -> Q v  | DFF_X1   | 0.029 | My_DMA/wstep_reg[0]      |            |    6.803 | 0.259 |   0.259 | 
     | My_DMA/add_116/U13       |              | NAND2_X1 | 0.029 | My_DMA/wstep_reg[0]      |       SPEF |    6.803 | 0.000 |   0.259 | 
     | My_DMA/add_116/U13       | A1 v -> ZN ^ | NAND2_X1 | 0.033 | My_DMA/add_116/n9        |            |    1.809 | 0.052 |   0.312 | 
     | My_DMA/add_116/U14       |              | INV_X1   | 0.033 | My_DMA/add_116/n9        |       SPEF |    1.809 | 0.000 |   0.312 | 
     | My_DMA/add_116/U14       | A ^ -> ZN v  | INV_X1   | 0.013 | My_DMA/add_116/carry[1]  |            |    2.986 | 0.029 |   0.341 | 
     | My_DMA/add_116/U1_1      |              | FA_X1    | 0.013 | My_DMA/add_116/carry[1]  |       SPEF |    2.986 | 0.000 |   0.341 | 
     | My_DMA/add_116/U1_1      | CI v -> CO v | FA_X1    | 0.051 | My_DMA/add_116/carry[2]  |            |    3.344 | 0.266 |   0.607 | 
     | My_DMA/add_116/U1_2      |              | FA_X1    | 0.051 | My_DMA/add_116/carry[2]  |       SPEF |    3.344 | 0.000 |   0.607 | 
     | My_DMA/add_116/U1_2      | CI v -> CO v | FA_X1    | 0.052 | My_DMA/add_116/carry[3]  |            |    3.648 | 0.285 |   0.891 | 
     | My_DMA/add_116/U1_3      |              | FA_X1    | 0.052 | My_DMA/add_116/carry[3]  |       SPEF |    3.648 | 0.000 |   0.892 | 
     | My_DMA/add_116/U1_3      | CI v -> CO v | FA_X1    | 0.055 | My_DMA/add_116/carry[4]  |            |    4.347 | 0.291 |   1.182 | 
     | My_DMA/add_116/U1_4      |              | FA_X1    | 0.055 | My_DMA/add_116/carry[4]  |       SPEF |    4.347 | 0.000 |   1.183 | 
     | My_DMA/add_116/U1_4      | CI v -> CO v | FA_X1    | 0.050 | My_DMA/add_116/carry[5]  |            |    3.019 | 0.281 |   1.463 | 
     | My_DMA/add_116/U1_5      |              | FA_X1    | 0.050 | My_DMA/add_116/carry[5]  |       SPEF |    3.019 | 0.000 |   1.464 | 
     | My_DMA/add_116/U1_5      | CI v -> CO v | FA_X1    | 0.049 | My_DMA/add_116/carry[6]  |            |    2.983 | 0.278 |   1.741 | 
     | My_DMA/add_116/U1_6      |              | FA_X1    | 0.049 | My_DMA/add_116/carry[6]  |       SPEF |    2.983 | 0.000 |   1.742 | 
     | My_DMA/add_116/U1_6      | CI v -> CO v | FA_X1    | 0.052 | My_DMA/add_116/carry[7]  |            |    3.604 | 0.283 |   2.025 | 
     | My_DMA/add_116/U1_7      |              | FA_X1    | 0.052 | My_DMA/add_116/carry[7]  |       SPEF |    3.604 | 0.000 |   2.025 | 
     | My_DMA/add_116/U1_7      | CI v -> CO v | FA_X1    | 0.053 | My_DMA/add_116/carry[8]  |            |    3.804 | 0.286 |   2.312 | 
     | My_DMA/add_116/U1_8      |              | FA_X1    | 0.053 | My_DMA/add_116/carry[8]  |       SPEF |    3.804 | 0.000 |   2.312 | 
     | My_DMA/add_116/U1_8      | CI v -> CO v | FA_X1    | 0.055 | My_DMA/add_116/carry[9]  |            |    4.361 | 0.291 |   2.603 | 
     | My_DMA/add_116/U1_9      |              | FA_X1    | 0.055 | My_DMA/add_116/carry[9]  |       SPEF |    4.361 | 0.000 |   2.603 | 
     | My_DMA/add_116/U1_9      | CI v -> CO v | FA_X1    | 0.055 | My_DMA/add_116/carry[10] |            |    4.335 | 0.292 |   2.895 | 
     | My_DMA/add_116/U1_10     |              | FA_X1    | 0.055 | My_DMA/add_116/carry[10] |       SPEF |    4.335 | 0.000 |   2.895 | 
     | My_DMA/add_116/U1_10     | CI v -> CO v | FA_X1    | 0.050 | My_DMA/add_116/carry[11] |            |    3.114 | 0.282 |   3.177 | 
     | My_DMA/add_116/U1_11     |              | FA_X1    | 0.050 | My_DMA/add_116/carry[11] |       SPEF |    3.114 | 0.000 |   3.177 | 
     | My_DMA/add_116/U1_11     | CI v -> CO v | FA_X1    | 0.051 | My_DMA/add_116/carry[12] |            |    3.346 | 0.281 |   3.458 | 
     | My_DMA/add_116/U1_12     |              | FA_X1    | 0.051 | My_DMA/add_116/carry[12] |       SPEF |    3.346 | 0.000 |   3.458 | 
     | My_DMA/add_116/U1_12     | CI v -> CO v | FA_X1    | 0.053 | My_DMA/add_116/carry[13] |            |    3.729 | 0.285 |   3.743 | 
     | My_DMA/add_116/U1_13     |              | FA_X1    | 0.053 | My_DMA/add_116/carry[13] |       SPEF |    3.729 | 0.000 |   3.744 | 
     | My_DMA/add_116/U1_13     | CI v -> CO v | FA_X1    | 0.062 | My_DMA/add_116/carry[14] |            |    6.238 | 0.304 |   4.047 | 
     | My_DMA/add_116/U10       |              | NAND2_X1 | 0.062 | My_DMA/add_116/carry[14] |       SPEF |    6.238 | 0.000 |   4.047 | 
     | My_DMA/add_116/U10       | A1 v -> ZN ^ | NAND2_X1 | 0.034 | My_DMA/add_116/n7        |            |    1.834 | 0.072 |   4.119 | 
     | My_DMA/add_116/U12       |              | NAND3_X1 | 0.034 | My_DMA/add_116/n7        |       SPEF |    1.834 | 0.000 |   4.119 | 
     | My_DMA/add_116/U12       | A3 ^ -> ZN v | NAND3_X1 | 0.035 | My_DMA/add_116/carry[15] |            |    3.195 | 0.071 |   4.190 | 
     | My_DMA/add_116/U1_15     |              | FA_X1    | 0.035 | My_DMA/add_116/carry[15] |       SPEF |    3.195 | 0.000 |   4.191 | 
     | My_DMA/add_116/U1_15     | CI v -> CO v | FA_X1    | 0.050 | My_DMA/add_116/carry[16] |            |    3.212 | 0.273 |   4.464 | 
     | My_DMA/add_116/U1_16     |              | FA_X1    | 0.050 | My_DMA/add_116/carry[16] |       SPEF |    3.212 | 0.000 |   4.464 | 
     | My_DMA/add_116/U1_16     | CI v -> CO v | FA_X1    | 0.051 | My_DMA/add_116/carry[17] |            |    3.451 | 0.282 |   4.746 | 
     | My_DMA/add_116/U1_17     |              | FA_X1    | 0.051 | My_DMA/add_116/carry[17] |       SPEF |    3.451 | 0.000 |   4.747 | 
     | My_DMA/add_116/U1_17     | CI v -> CO v | FA_X1    | 0.052 | My_DMA/add_116/carry[18] |            |    3.535 | 0.283 |   5.030 | 
     | My_DMA/add_116/U1_18     |              | FA_X1    | 0.052 | My_DMA/add_116/carry[18] |       SPEF |    3.535 | 0.000 |   5.030 | 
     | My_DMA/add_116/U1_18     | CI v -> CO v | FA_X1    | 0.051 | My_DMA/add_116/carry[19] |            |    3.227 | 0.281 |   5.311 | 
     | My_DMA/add_116/U1_19     |              | FA_X1    | 0.051 | My_DMA/add_116/carry[19] |       SPEF |    3.227 | 0.000 |   5.311 | 
     | My_DMA/add_116/U1_19     | CI v -> CO v | FA_X1    | 0.052 | My_DMA/add_116/carry[20] |            |    3.540 | 0.283 |   5.594 | 
     | My_DMA/add_116/U1_20     |              | FA_X1    | 0.052 | My_DMA/add_116/carry[20] |       SPEF |    3.540 | 0.000 |   5.595 | 
     | My_DMA/add_116/U1_20     | CI v -> CO v | FA_X1    | 0.050 | My_DMA/add_116/carry[21] |            |    3.128 | 0.280 |   5.875 | 
     | My_DMA/add_116/U1_21     |              | FA_X1    | 0.050 | My_DMA/add_116/carry[21] |       SPEF |    3.128 | 0.000 |   5.875 | 
     | My_DMA/add_116/U1_21     | CI v -> CO v | FA_X1    | 0.052 | My_DMA/add_116/carry[22] |            |    3.593 | 0.284 |   6.159 | 
     | My_DMA/add_116/U1_22     |              | FA_X1    | 0.052 | My_DMA/add_116/carry[22] |       SPEF |    3.593 | 0.000 |   6.159 | 
     | My_DMA/add_116/U1_22     | CI v -> CO v | FA_X1    | 0.052 | My_DMA/add_116/carry[23] |            |    3.635 | 0.285 |   6.444 | 
     | My_DMA/add_116/U1_23     |              | FA_X1    | 0.052 | My_DMA/add_116/carry[23] |       SPEF |    3.635 | 0.000 |   6.444 | 
     | My_DMA/add_116/U1_23     | CI v -> CO v | FA_X1    | 0.063 | My_DMA/add_116/carry[24] |            |    6.542 | 0.305 |   6.749 | 
     | My_DMA/add_116/U4        |              | NAND2_X1 | 0.063 | My_DMA/add_116/carry[24] |       SPEF |    6.542 | 0.000 |   6.750 | 
     | My_DMA/add_116/U4        | A1 v -> ZN ^ | NAND2_X1 | 0.035 | My_DMA/add_116/n3        |            |    1.936 | 0.073 |   6.823 | 
     | My_DMA/add_116/U6        |              | NAND3_X1 | 0.035 | My_DMA/add_116/n3        |       SPEF |    1.936 | 0.000 |   6.823 | 
     | My_DMA/add_116/U6        | A3 ^ -> ZN v | NAND3_X1 | 0.034 | My_DMA/add_116/carry[25] |            |    3.108 | 0.071 |   6.894 | 
     | My_DMA/add_116/U1_25     |              | FA_X1    | 0.034 | My_DMA/add_116/carry[25] |       SPEF |    3.108 | 0.000 |   6.894 | 
     | My_DMA/add_116/U1_25     | CI v -> CO v | FA_X1    | 0.055 | My_DMA/add_116/carry[26] |            |    4.359 | 0.283 |   7.177 | 
     | My_DMA/add_116/U1_26     |              | FA_X1    | 0.055 | My_DMA/add_116/carry[26] |       SPEF |    4.359 | 0.000 |   7.177 | 
     | My_DMA/add_116/U1_26     | CI v -> CO v | FA_X1    | 0.051 | My_DMA/add_116/carry[27] |            |    3.417 | 0.284 |   7.461 | 
     | My_DMA/add_116/U1_27     |              | FA_X1    | 0.051 | My_DMA/add_116/carry[27] |       SPEF |    3.417 | 0.000 |   7.461 | 
     | My_DMA/add_116/U1_27     | CI v -> CO v | FA_X1    | 0.054 | My_DMA/add_116/carry[28] |            |    4.112 | 0.288 |   7.749 | 
     | My_DMA/add_116/U1_28     |              | FA_X1    | 0.054 | My_DMA/add_116/carry[28] |       SPEF |    4.112 | 0.000 |   7.750 | 
     | My_DMA/add_116/U1_28     | CI v -> CO v | FA_X1    | 0.050 | My_DMA/add_116/carry[29] |            |    3.088 | 0.281 |   8.031 | 
     | My_DMA/add_116/U1_29     |              | FA_X1    | 0.050 | My_DMA/add_116/carry[29] |       SPEF |    3.088 | 0.000 |   8.031 | 
     | My_DMA/add_116/U1_29     | CI v -> CO v | FA_X1    | 0.050 | My_DMA/add_116/carry[30] |            |    3.109 | 0.279 |   8.310 | 
     | My_DMA/add_116/U1_30     |              | FA_X1    | 0.050 | My_DMA/add_116/carry[30] |       SPEF |    3.109 | 0.000 |   8.310 | 
     | My_DMA/add_116/U1_30     | CI v -> CO v | FA_X1    | 0.054 | My_DMA/add_116/carry[31] |            |    3.986 | 0.287 |   8.597 | 
     | My_DMA/add_116/U1_31     |              | FA_X1    | 0.054 | My_DMA/add_116/carry[31] |       SPEF |    3.986 | 0.000 |   8.597 | 
     | My_DMA/add_116/U1_31     | CI v -> S v  | FA_X1    | 0.054 | My_DMA/N103              |            |    1.738 | 0.350 |   8.947 | 
     | My_DMA/U77               |              | AOI22_X1 | 0.054 | My_DMA/N103              |       SPEF |    1.738 | 0.000 |   8.947 | 
     | My_DMA/U77               | A1 v -> ZN ^ | AOI22_X1 | 0.098 | My_DMA/n89               |            |    2.037 | 0.136 |   9.083 | 
     | My_DMA/U673              |              | NAND2_X1 | 0.098 | My_DMA/n89               |       SPEF |    2.037 | 0.000 |   9.084 | 
     | My_DMA/U673              | A2 ^ -> ZN v | NAND2_X1 | 0.022 | My_DMA/n612              |            |    1.473 | 0.060 |   9.143 | 
     | My_DMA/waddr_reg_reg[31] |              | DFF_X1   | 0.022 | My_DMA/n612              |       SPEF |    1.473 | 0.000 |   9.143 | 
     +---------------------------------------------------------------------------------------------------------------------------------+ 
Path 3: MET Setup Check with Pin My_DMA/raddr_reg_reg[30]/CK 
Endpoint:   My_DMA/raddr_reg_reg[30]/D (v) checked with  leading edge of 'CLK'
Beginpoint: My_DMA/raddr_reg_reg[0]/Q  (v) triggered by  leading edge of 'CLK'
Path Groups: {CLK}
Analysis View: ensc_av
Other End Arrival Time          0.000
- Setup                         0.185
+ Phase Shift                  10.000
= Required Time                 9.815
- Arrival Time                  8.876
= Slack Time                    0.939
     Clock Rise Edge                 0.000
     + Clock Network Latency (Ideal) 0.000
     = Beginpoint Arrival Time       0.000
     +---------------------------------------------------------------------------------------------------------------------------------+ 
     |         Instance         |     Arc      |   Cell   |  Slew |           Net            |    Arc     |   Load   | Delay | Arrival | 
     |                          |              |          |       |                          | Annotation |          |       |  Time   | 
     |--------------------------+--------------+----------+-------+--------------------------+------------+----------+-------+---------| 
     | My_DMA/raddr_reg_reg[0]  | CK ^         |          | 0.000 | clk                      |            | 1550.827 |       |   0.000 | 
     | My_DMA/raddr_reg_reg[0]  | CK ^ -> Q v  | DFF_X1   | 0.030 | My_DMA/raddr_reg[0]      |            |    7.501 | 0.262 |   0.261 | 
     | My_DMA/add_115/U14       |              | NAND2_X1 | 0.030 | My_DMA/raddr_reg[0]      |       SPEF |    7.501 | 0.000 |   0.262 | 
     | My_DMA/add_115/U14       | A2 v -> ZN ^ | NAND2_X1 | 0.033 | My_DMA/add_115/n9        |            |    1.802 | 0.061 |   0.322 | 
     | My_DMA/add_115/U15       |              | INV_X1   | 0.033 | My_DMA/add_115/n9        |       SPEF |    1.802 | 0.000 |   0.322 | 
     | My_DMA/add_115/U15       | A ^ -> ZN v  | INV_X1   | 0.013 | My_DMA/add_115/carry[1]  |            |    2.985 | 0.029 |   0.352 | 
     | My_DMA/add_115/U1_1      |              | FA_X1    | 0.013 | My_DMA/add_115/carry[1]  |       SPEF |    2.985 | 0.000 |   0.352 | 
     | My_DMA/add_115/U1_1      | CI v -> CO v | FA_X1    | 0.052 | My_DMA/add_115/carry[2]  |            |    3.602 | 0.268 |   0.620 | 
     | My_DMA/add_115/U1_2      |              | FA_X1    | 0.052 | My_DMA/add_115/carry[2]  |       SPEF |    3.602 | 0.000 |   0.620 | 
     | My_DMA/add_115/U1_2      | CI v -> CO v | FA_X1    | 0.051 | My_DMA/add_115/carry[3]  |            |    3.355 | 0.282 |   0.902 | 
     | My_DMA/add_115/U1_3      |              | FA_X1    | 0.051 | My_DMA/add_115/carry[3]  |       SPEF |    3.355 | 0.000 |   0.903 | 
     | My_DMA/add_115/U1_3      | CI v -> CO v | FA_X1    | 0.058 | My_DMA/add_115/carry[4]  |            |    4.969 | 0.294 |   1.197 | 
     | My_DMA/add_115/U1_4      |              | FA_X1    | 0.058 | My_DMA/add_115/carry[4]  |       SPEF |    4.969 | 0.000 |   1.198 | 
     | My_DMA/add_115/U1_4      | CI v -> CO v | FA_X1    | 0.050 | My_DMA/add_115/carry[5]  |            |    3.026 | 0.282 |   1.480 | 
     | My_DMA/add_115/U1_5      |              | FA_X1    | 0.050 | My_DMA/add_115/carry[5]  |       SPEF |    3.026 | 0.000 |   1.480 | 
     | My_DMA/add_115/U1_5      | CI v -> CO v | FA_X1    | 0.050 | My_DMA/add_115/carry[6]  |            |    3.197 | 0.280 |   1.760 | 
     | My_DMA/add_115/U1_6      |              | FA_X1    | 0.050 | My_DMA/add_115/carry[6]  |       SPEF |    3.197 | 0.000 |   1.760 | 
     | My_DMA/add_115/U1_6      | CI v -> CO v | FA_X1    | 0.051 | My_DMA/add_115/carry[7]  |            |    3.388 | 0.282 |   2.041 | 
     | My_DMA/add_115/U1_7      |              | FA_X1    | 0.051 | My_DMA/add_115/carry[7]  |       SPEF |    3.388 | 0.000 |   2.042 | 
     | My_DMA/add_115/U1_7      | CI v -> CO v | FA_X1    | 0.053 | My_DMA/add_115/carry[8]  |            |    3.776 | 0.286 |   2.327 | 
     | My_DMA/add_115/U1_8      |              | FA_X1    | 0.053 | My_DMA/add_115/carry[8]  |       SPEF |    3.776 | 0.000 |   2.327 | 
     | My_DMA/add_115/U1_8      | CI v -> CO v | FA_X1    | 0.054 | My_DMA/add_115/carry[9]  |            |    4.096 | 0.289 |   2.616 | 
     | My_DMA/add_115/U1_9      |              | FA_X1    | 0.054 | My_DMA/add_115/carry[9]  |       SPEF |    4.096 | 0.000 |   2.616 | 
     | My_DMA/add_115/U1_9      | CI v -> CO v | FA_X1    | 0.055 | My_DMA/add_115/carry[10] |            |    4.382 | 0.292 |   2.908 | 
     | My_DMA/add_115/U1_10     |              | FA_X1    | 0.055 | My_DMA/add_115/carry[10] |       SPEF |    4.382 | 0.000 |   2.908 | 
     | My_DMA/add_115/U1_10     | CI v -> CO v | FA_X1    | 0.050 | My_DMA/add_115/carry[11] |            |    3.202 | 0.283 |   3.191 | 
     | My_DMA/add_115/U1_11     |              | FA_X1    | 0.050 | My_DMA/add_115/carry[11] |       SPEF |    3.202 | 0.000 |   3.191 | 
     | My_DMA/add_115/U1_11     | CI v -> CO v | FA_X1    | 0.050 | My_DMA/add_115/carry[12] |            |    3.012 | 0.279 |   3.469 | 
     | My_DMA/add_115/U1_12     |              | FA_X1    | 0.050 | My_DMA/add_115/carry[12] |       SPEF |    3.012 | 0.000 |   3.470 | 
     | My_DMA/add_115/U1_12     | CI v -> CO v | FA_X1    | 0.052 | My_DMA/add_115/carry[13] |            |    3.543 | 0.283 |   3.752 | 
     | My_DMA/add_115/U1_13     |              | FA_X1    | 0.052 | My_DMA/add_115/carry[13] |       SPEF |    3.543 | 0.000 |   3.752 | 
     | My_DMA/add_115/U1_13     | CI v -> CO v | FA_X1    | 0.062 | My_DMA/add_115/carry[14] |            |    6.266 | 0.303 |   4.056 | 
     | My_DMA/add_115/U10       |              | NAND2_X1 | 0.062 | My_DMA/add_115/carry[14] |       SPEF |    6.266 | 0.000 |   4.056 | 
     | My_DMA/add_115/U10       | A1 v -> ZN ^ | NAND2_X1 | 0.033 | My_DMA/add_115/n7        |            |    1.742 | 0.071 |   4.127 | 
     | My_DMA/add_115/U12       |              | NAND3_X1 | 0.033 | My_DMA/add_115/n7        |       SPEF |    1.742 | 0.000 |   4.127 | 
     | My_DMA/add_115/U12       | A3 ^ -> ZN v | NAND3_X1 | 0.036 | My_DMA/add_115/carry[15] |            |    3.420 | 0.073 |   4.200 | 
     | My_DMA/add_115/U1_15     |              | FA_X1    | 0.036 | My_DMA/add_115/carry[15] |       SPEF |    3.420 | 0.000 |   4.200 | 
     | My_DMA/add_115/U1_15     | CI v -> CO v | FA_X1    | 0.052 | My_DMA/add_115/carry[16] |            |    3.479 | 0.276 |   4.476 | 
     | My_DMA/add_115/U1_16     |              | FA_X1    | 0.052 | My_DMA/add_115/carry[16] |       SPEF |    3.479 | 0.000 |   4.476 | 
     | My_DMA/add_115/U1_16     | CI v -> CO v | FA_X1    | 0.050 | My_DMA/add_115/carry[17] |            |    3.152 | 0.280 |   4.756 | 
     | My_DMA/add_115/U1_17     |              | FA_X1    | 0.050 | My_DMA/add_115/carry[17] |       SPEF |    3.152 | 0.000 |   4.756 | 
     | My_DMA/add_115/U1_17     | CI v -> CO v | FA_X1    | 0.054 | My_DMA/add_115/carry[18] |            |    4.077 | 0.287 |   5.044 | 
     | My_DMA/add_115/U1_18     |              | FA_X1    | 0.054 | My_DMA/add_115/carry[18] |       SPEF |    4.077 | 0.000 |   5.044 | 
     | My_DMA/add_115/U1_18     | CI v -> CO v | FA_X1    | 0.052 | My_DMA/add_115/carry[19] |            |    3.617 | 0.286 |   5.330 | 
     | My_DMA/add_115/U1_19     |              | FA_X1    | 0.052 | My_DMA/add_115/carry[19] |       SPEF |    3.617 | 0.000 |   5.330 | 
     | My_DMA/add_115/U1_19     | CI v -> CO v | FA_X1    | 0.049 | My_DMA/add_115/carry[20] |            |    3.001 | 0.279 |   5.609 | 
     | My_DMA/add_115/U1_20     |              | FA_X1    | 0.049 | My_DMA/add_115/carry[20] |       SPEF |    3.001 | 0.000 |   5.610 | 
     | My_DMA/add_115/U1_20     | CI v -> CO v | FA_X1    | 0.053 | My_DMA/add_115/carry[21] |            |    3.747 | 0.285 |   5.894 | 
     | My_DMA/add_115/U1_21     |              | FA_X1    | 0.053 | My_DMA/add_115/carry[21] |       SPEF |    3.747 | 0.000 |   5.894 | 
     | My_DMA/add_115/U1_21     | CI v -> CO v | FA_X1    | 0.050 | My_DMA/add_115/carry[22] |            |    3.025 | 0.280 |   6.174 | 
     | My_DMA/add_115/U1_22     |              | FA_X1    | 0.050 | My_DMA/add_115/carry[22] |       SPEF |    3.025 | 0.000 |   6.174 | 
     | My_DMA/add_115/U1_22     | CI v -> CO v | FA_X1    | 0.051 | My_DMA/add_115/carry[23] |            |    3.234 | 0.280 |   6.454 | 
     | My_DMA/add_115/U1_23     |              | FA_X1    | 0.051 | My_DMA/add_115/carry[23] |       SPEF |    3.234 | 0.000 |   6.454 | 
     | My_DMA/add_115/U1_23     | CI v -> CO v | FA_X1    | 0.065 | My_DMA/add_115/carry[24] |            |    7.000 | 0.307 |   6.762 | 
     | My_DMA/add_115/U4        |              | NAND2_X1 | 0.065 | My_DMA/add_115/carry[24] |       SPEF |    7.000 | 0.000 |   6.762 | 
     | My_DMA/add_115/U4        | A1 v -> ZN ^ | NAND2_X1 | 0.035 | My_DMA/add_115/n3        |            |    1.882 | 0.074 |   6.836 | 
     | My_DMA/add_115/U6        |              | NAND3_X1 | 0.035 | My_DMA/add_115/n3        |       SPEF |    1.882 | 0.000 |   6.836 | 
     | My_DMA/add_115/U6        | A3 ^ -> ZN v | NAND3_X1 | 0.036 | My_DMA/add_115/carry[25] |            |    3.327 | 0.073 |   6.909 | 
     | My_DMA/add_115/U1_25     |              | FA_X1    | 0.036 | My_DMA/add_115/carry[25] |       SPEF |    3.327 | 0.000 |   6.909 | 
     | My_DMA/add_115/U1_25     | CI v -> CO v | FA_X1    | 0.051 | My_DMA/add_115/carry[26] |            |    3.262 | 0.274 |   7.183 | 
     | My_DMA/add_115/U1_26     |              | FA_X1    | 0.051 | My_DMA/add_115/carry[26] |       SPEF |    3.262 | 0.000 |   7.183 | 
     | My_DMA/add_115/U1_26     | CI v -> CO v | FA_X1    | 0.052 | My_DMA/add_115/carry[27] |            |    3.674 | 0.285 |   7.468 | 
     | My_DMA/add_115/U1_27     |              | FA_X1    | 0.052 | My_DMA/add_115/carry[27] |       SPEF |    3.674 | 0.000 |   7.468 | 
     | My_DMA/add_115/U1_27     | CI v -> CO v | FA_X1    | 0.052 | My_DMA/add_115/carry[28] |            |    3.556 | 0.284 |   7.752 | 
     | My_DMA/add_115/U1_28     |              | FA_X1    | 0.052 | My_DMA/add_115/carry[28] |       SPEF |    3.556 | 0.000 |   7.752 | 
     | My_DMA/add_115/U1_28     | CI v -> CO v | FA_X1    | 0.051 | My_DMA/add_115/carry[29] |            |    3.382 | 0.282 |   8.034 | 
     | My_DMA/add_115/U1_29     |              | FA_X1    | 0.051 | My_DMA/add_115/carry[29] |       SPEF |    3.382 | 0.000 |   8.034 | 
     | My_DMA/add_115/U1_29     | CI v -> CO v | FA_X1    | 0.052 | My_DMA/add_115/carry[30] |            |    3.675 | 0.285 |   8.319 | 
     | My_DMA/add_115/U1_30     |              | FA_X1    | 0.052 | My_DMA/add_115/carry[30] |       SPEF |    3.675 | 0.000 |   8.319 | 
     | My_DMA/add_115/U1_30     | CI v -> S v  | FA_X1    | 0.054 | My_DMA/N70               |            |    1.752 | 0.350 |   8.670 | 
     | My_DMA/U15               |              | AOI22_X1 | 0.054 | My_DMA/N70               |       SPEF |    1.752 | 0.000 |   8.670 | 
     | My_DMA/U15               | A1 v -> ZN ^ | AOI22_X1 | 0.097 | My_DMA/n27               |            |    1.940 | 0.134 |   8.804 | 
     | My_DMA/U14               |              | OAI21_X1 | 0.097 | My_DMA/n27               |       SPEF |    1.940 | 0.000 |   8.804 | 
     | My_DMA/U14               | A ^ -> ZN v  | OAI21_X1 | 0.069 | My_DMA/n581              |            |    1.290 | 0.073 |   8.876 | 
     | My_DMA/raddr_reg_reg[30] |              | DFF_X1   | 0.069 | My_DMA/n581              |       SPEF |    1.290 | 0.000 |   8.876 | 
     +---------------------------------------------------------------------------------------------------------------------------------+ 
Path 4: MET Setup Check with Pin My_DMA/waddr_reg_reg[30]/CK 
Endpoint:   My_DMA/waddr_reg_reg[30]/D (v) checked with  leading edge of 'CLK'
Beginpoint: My_DMA/wstep_reg_reg[0]/Q  (v) triggered by  leading edge of 'CLK'
Path Groups: {CLK}
Analysis View: ensc_av
Other End Arrival Time          0.000
- Setup                         0.186
+ Phase Shift                  10.000
= Required Time                 9.814
- Arrival Time                  8.867
= Slack Time                    0.947
     Clock Rise Edge                 0.000
     + Clock Network Latency (Ideal) 0.000
     = Beginpoint Arrival Time       0.000
     +---------------------------------------------------------------------------------------------------------------------------------+ 
     |         Instance         |     Arc      |   Cell   |  Slew |           Net            |    Arc     |   Load   | Delay | Arrival | 
     |                          |              |          |       |                          | Annotation |          |       |  Time   | 
     |--------------------------+--------------+----------+-------+--------------------------+------------+----------+-------+---------| 
     | My_DMA/wstep_reg_reg[0]  | CK ^         |          | 0.000 | clk                      |            | 1550.827 |       |   0.000 | 
     | My_DMA/wstep_reg_reg[0]  | CK ^ -> Q v  | DFF_X1   | 0.029 | My_DMA/wstep_reg[0]      |            |    6.803 | 0.259 |   0.259 | 
     | My_DMA/add_116/U13       |              | NAND2_X1 | 0.029 | My_DMA/wstep_reg[0]      |       SPEF |    6.803 | 0.000 |   0.260 | 
     | My_DMA/add_116/U13       | A1 v -> ZN ^ | NAND2_X1 | 0.033 | My_DMA/add_116/n9        |            |    1.809 | 0.052 |   0.312 | 
     | My_DMA/add_116/U14       |              | INV_X1   | 0.033 | My_DMA/add_116/n9        |       SPEF |    1.809 | 0.000 |   0.312 | 
     | My_DMA/add_116/U14       | A ^ -> ZN v  | INV_X1   | 0.013 | My_DMA/add_116/carry[1]  |            |    2.986 | 0.029 |   0.341 | 
     | My_DMA/add_116/U1_1      |              | FA_X1    | 0.013 | My_DMA/add_116/carry[1]  |       SPEF |    2.986 | 0.000 |   0.341 | 
     | My_DMA/add_116/U1_1      | CI v -> CO v | FA_X1    | 0.051 | My_DMA/add_116/carry[2]  |            |    3.344 | 0.266 |   0.607 | 
     | My_DMA/add_116/U1_2      |              | FA_X1    | 0.051 | My_DMA/add_116/carry[2]  |       SPEF |    3.344 | 0.000 |   0.607 | 
     | My_DMA/add_116/U1_2      | CI v -> CO v | FA_X1    | 0.052 | My_DMA/add_116/carry[3]  |            |    3.648 | 0.285 |   0.892 | 
     | My_DMA/add_116/U1_3      |              | FA_X1    | 0.052 | My_DMA/add_116/carry[3]  |       SPEF |    3.648 | 0.000 |   0.892 | 
     | My_DMA/add_116/U1_3      | CI v -> CO v | FA_X1    | 0.055 | My_DMA/add_116/carry[4]  |            |    4.347 | 0.291 |   1.182 | 
     | My_DMA/add_116/U1_4      |              | FA_X1    | 0.055 | My_DMA/add_116/carry[4]  |       SPEF |    4.347 | 0.000 |   1.183 | 
     | My_DMA/add_116/U1_4      | CI v -> CO v | FA_X1    | 0.050 | My_DMA/add_116/carry[5]  |            |    3.019 | 0.281 |   1.464 | 
     | My_DMA/add_116/U1_5      |              | FA_X1    | 0.050 | My_DMA/add_116/carry[5]  |       SPEF |    3.019 | 0.000 |   1.464 | 
     | My_DMA/add_116/U1_5      | CI v -> CO v | FA_X1    | 0.049 | My_DMA/add_116/carry[6]  |            |    2.983 | 0.278 |   1.741 | 
     | My_DMA/add_116/U1_6      |              | FA_X1    | 0.049 | My_DMA/add_116/carry[6]  |       SPEF |    2.983 | 0.000 |   1.742 | 
     | My_DMA/add_116/U1_6      | CI v -> CO v | FA_X1    | 0.052 | My_DMA/add_116/carry[7]  |            |    3.604 | 0.283 |   2.025 | 
     | My_DMA/add_116/U1_7      |              | FA_X1    | 0.052 | My_DMA/add_116/carry[7]  |       SPEF |    3.604 | 0.000 |   2.025 | 
     | My_DMA/add_116/U1_7      | CI v -> CO v | FA_X1    | 0.053 | My_DMA/add_116/carry[8]  |            |    3.804 | 0.286 |   2.312 | 
     | My_DMA/add_116/U1_8      |              | FA_X1    | 0.053 | My_DMA/add_116/carry[8]  |       SPEF |    3.804 | 0.000 |   2.312 | 
     | My_DMA/add_116/U1_8      | CI v -> CO v | FA_X1    | 0.055 | My_DMA/add_116/carry[9]  |            |    4.361 | 0.291 |   2.603 | 
     | My_DMA/add_116/U1_9      |              | FA_X1    | 0.055 | My_DMA/add_116/carry[9]  |       SPEF |    4.361 | 0.000 |   2.603 | 
     | My_DMA/add_116/U1_9      | CI v -> CO v | FA_X1    | 0.055 | My_DMA/add_116/carry[10] |            |    4.335 | 0.292 |   2.895 | 
     | My_DMA/add_116/U1_10     |              | FA_X1    | 0.055 | My_DMA/add_116/carry[10] |       SPEF |    4.335 | 0.000 |   2.895 | 
     | My_DMA/add_116/U1_10     | CI v -> CO v | FA_X1    | 0.050 | My_DMA/add_116/carry[11] |            |    3.114 | 0.282 |   3.177 | 
     | My_DMA/add_116/U1_11     |              | FA_X1    | 0.050 | My_DMA/add_116/carry[11] |       SPEF |    3.114 | 0.000 |   3.177 | 
     | My_DMA/add_116/U1_11     | CI v -> CO v | FA_X1    | 0.051 | My_DMA/add_116/carry[12] |            |    3.346 | 0.281 |   3.458 | 
     | My_DMA/add_116/U1_12     |              | FA_X1    | 0.051 | My_DMA/add_116/carry[12] |       SPEF |    3.346 | 0.000 |   3.458 | 
     | My_DMA/add_116/U1_12     | CI v -> CO v | FA_X1    | 0.053 | My_DMA/add_116/carry[13] |            |    3.729 | 0.285 |   3.743 | 
     | My_DMA/add_116/U1_13     |              | FA_X1    | 0.053 | My_DMA/add_116/carry[13] |       SPEF |    3.729 | 0.000 |   3.744 | 
     | My_DMA/add_116/U1_13     | CI v -> CO v | FA_X1    | 0.062 | My_DMA/add_116/carry[14] |            |    6.238 | 0.304 |   4.047 | 
     | My_DMA/add_116/U10       |              | NAND2_X1 | 0.062 | My_DMA/add_116/carry[14] |       SPEF |    6.238 | 0.000 |   4.047 | 
     | My_DMA/add_116/U10       | A1 v -> ZN ^ | NAND2_X1 | 0.034 | My_DMA/add_116/n7        |            |    1.834 | 0.072 |   4.119 | 
     | My_DMA/add_116/U12       |              | NAND3_X1 | 0.034 | My_DMA/add_116/n7        |       SPEF |    1.834 | 0.000 |   4.119 | 
     | My_DMA/add_116/U12       | A3 ^ -> ZN v | NAND3_X1 | 0.035 | My_DMA/add_116/carry[15] |            |    3.195 | 0.071 |   4.191 | 
     | My_DMA/add_116/U1_15     |              | FA_X1    | 0.035 | My_DMA/add_116/carry[15] |       SPEF |    3.195 | 0.000 |   4.191 | 
     | My_DMA/add_116/U1_15     | CI v -> CO v | FA_X1    | 0.050 | My_DMA/add_116/carry[16] |            |    3.212 | 0.273 |   4.464 | 
     | My_DMA/add_116/U1_16     |              | FA_X1    | 0.050 | My_DMA/add_116/carry[16] |       SPEF |    3.212 | 0.000 |   4.464 | 
     | My_DMA/add_116/U1_16     | CI v -> CO v | FA_X1    | 0.051 | My_DMA/add_116/carry[17] |            |    3.451 | 0.282 |   4.747 | 
     | My_DMA/add_116/U1_17     |              | FA_X1    | 0.051 | My_DMA/add_116/carry[17] |       SPEF |    3.451 | 0.000 |   4.747 | 
     | My_DMA/add_116/U1_17     | CI v -> CO v | FA_X1    | 0.052 | My_DMA/add_116/carry[18] |            |    3.535 | 0.283 |   5.030 | 
     | My_DMA/add_116/U1_18     |              | FA_X1    | 0.052 | My_DMA/add_116/carry[18] |       SPEF |    3.535 | 0.000 |   5.030 | 
     | My_DMA/add_116/U1_18     | CI v -> CO v | FA_X1    | 0.051 | My_DMA/add_116/carry[19] |            |    3.227 | 0.281 |   5.311 | 
     | My_DMA/add_116/U1_19     |              | FA_X1    | 0.051 | My_DMA/add_116/carry[19] |       SPEF |    3.227 | 0.000 |   5.311 | 
     | My_DMA/add_116/U1_19     | CI v -> CO v | FA_X1    | 0.052 | My_DMA/add_116/carry[20] |            |    3.540 | 0.283 |   5.594 | 
     | My_DMA/add_116/U1_20     |              | FA_X1    | 0.052 | My_DMA/add_116/carry[20] |       SPEF |    3.540 | 0.000 |   5.595 | 
     | My_DMA/add_116/U1_20     | CI v -> CO v | FA_X1    | 0.050 | My_DMA/add_116/carry[21] |            |    3.128 | 0.280 |   5.875 | 
     | My_DMA/add_116/U1_21     |              | FA_X1    | 0.050 | My_DMA/add_116/carry[21] |       SPEF |    3.128 | 0.000 |   5.875 | 
     | My_DMA/add_116/U1_21     | CI v -> CO v | FA_X1    | 0.052 | My_DMA/add_116/carry[22] |            |    3.593 | 0.284 |   6.159 | 
     | My_DMA/add_116/U1_22     |              | FA_X1    | 0.052 | My_DMA/add_116/carry[22] |       SPEF |    3.593 | 0.000 |   6.159 | 
     | My_DMA/add_116/U1_22     | CI v -> CO v | FA_X1    | 0.052 | My_DMA/add_116/carry[23] |            |    3.635 | 0.285 |   6.444 | 
     | My_DMA/add_116/U1_23     |              | FA_X1    | 0.052 | My_DMA/add_116/carry[23] |       SPEF |    3.635 | 0.000 |   6.444 | 
     | My_DMA/add_116/U1_23     | CI v -> CO v | FA_X1    | 0.063 | My_DMA/add_116/carry[24] |            |    6.542 | 0.305 |   6.749 | 
     | My_DMA/add_116/U4        |              | NAND2_X1 | 0.063 | My_DMA/add_116/carry[24] |       SPEF |    6.542 | 0.000 |   6.750 | 
     | My_DMA/add_116/U4        | A1 v -> ZN ^ | NAND2_X1 | 0.035 | My_DMA/add_116/n3        |            |    1.936 | 0.073 |   6.823 | 
     | My_DMA/add_116/U6        |              | NAND3_X1 | 0.035 | My_DMA/add_116/n3        |       SPEF |    1.936 | 0.000 |   6.823 | 
     | My_DMA/add_116/U6        | A3 ^ -> ZN v | NAND3_X1 | 0.034 | My_DMA/add_116/carry[25] |            |    3.108 | 0.071 |   6.894 | 
     | My_DMA/add_116/U1_25     |              | FA_X1    | 0.034 | My_DMA/add_116/carry[25] |       SPEF |    3.108 | 0.000 |   6.894 | 
     | My_DMA/add_116/U1_25     | CI v -> CO v | FA_X1    | 0.055 | My_DMA/add_116/carry[26] |            |    4.359 | 0.283 |   7.177 | 
     | My_DMA/add_116/U1_26     |              | FA_X1    | 0.055 | My_DMA/add_116/carry[26] |       SPEF |    4.359 | 0.000 |   7.177 | 
     | My_DMA/add_116/U1_26     | CI v -> CO v | FA_X1    | 0.051 | My_DMA/add_116/carry[27] |            |    3.417 | 0.284 |   7.461 | 
     | My_DMA/add_116/U1_27     |              | FA_X1    | 0.051 | My_DMA/add_116/carry[27] |       SPEF |    3.417 | 0.000 |   7.461 | 
     | My_DMA/add_116/U1_27     | CI v -> CO v | FA_X1    | 0.054 | My_DMA/add_116/carry[28] |            |    4.112 | 0.288 |   7.749 | 
     | My_DMA/add_116/U1_28     |              | FA_X1    | 0.054 | My_DMA/add_116/carry[28] |       SPEF |    4.112 | 0.000 |   7.750 | 
     | My_DMA/add_116/U1_28     | CI v -> CO v | FA_X1    | 0.050 | My_DMA/add_116/carry[29] |            |    3.088 | 0.281 |   8.031 | 
     | My_DMA/add_116/U1_29     |              | FA_X1    | 0.050 | My_DMA/add_116/carry[29] |       SPEF |    3.088 | 0.000 |   8.031 | 
     | My_DMA/add_116/U1_29     | CI v -> CO v | FA_X1    | 0.050 | My_DMA/add_116/carry[30] |            |    3.109 | 0.279 |   8.310 | 
     | My_DMA/add_116/U1_30     |              | FA_X1    | 0.050 | My_DMA/add_116/carry[30] |       SPEF |    3.109 | 0.000 |   8.310 | 
     | My_DMA/add_116/U1_30     | CI v -> S v  | FA_X1    | 0.054 | My_DMA/N102              |            |    1.636 | 0.348 |   8.658 | 
     | My_DMA/U79               |              | AOI22_X1 | 0.054 | My_DMA/N102              |       SPEF |    1.636 | 0.000 |   8.658 | 
     | My_DMA/U79               | A1 v -> ZN ^ | AOI22_X1 | 0.096 | My_DMA/n91               |            |    1.921 | 0.134 |   8.791 | 
     | My_DMA/U78               |              | OAI21_X1 | 0.096 | My_DMA/n91               |       SPEF |    1.921 | 0.000 |   8.791 | 
     | My_DMA/U78               | A ^ -> ZN v  | OAI21_X1 | 0.072 | My_DMA/n613              |            |    1.689 | 0.075 |   8.867 | 
     | My_DMA/waddr_reg_reg[30] |              | DFF_X1   | 0.072 | My_DMA/n613              |       SPEF |    1.689 | 0.000 |   8.867 | 
     +---------------------------------------------------------------------------------------------------------------------------------+ 
Path 5: MET Setup Check with Pin my_aes/clock 
Endpoint:   my_aes/keyOrPlain[22] (v) checked with  leading edge of 'CLK'
Beginpoint: EXT_BUSY              (^) triggered by  leading edge of 'CLK'
Path Groups: {CLK}
Analysis View: ensc_av
Other End Arrival Time          0.000
- Setup                         4.378
+ Phase Shift                  10.000
= Required Time                 5.622
- Arrival Time                  4.456
= Slack Time                    1.166
     Clock Rise Edge                      0.000
     + Input Delay                        0.800
     = Beginpoint Arrival Time            0.800
     +--------------------------------------------------------------------------------------------------------------------------------+ 
     |       Instance       |     Arc      |       Cell       |  Slew |         Net          |    Arc     |  Load   | Delay | Arrival | 
     |                      |              |                  |       |                      | Annotation |         |       |  Time   | 
     |----------------------+--------------+------------------+-------+----------------------+------------+---------+-------+---------| 
     |                      | EXT_BUSY ^   |                  | 0.100 | EXT_BUSY             |       SPEF |  15.703 |       |   0.800 | 
     | My_bus/FE_RC_0_0     |              | NAND2_X1         | 0.100 | EXT_BUSY             |       SPEF |  15.703 | 0.002 |   0.802 | 
     | My_bus/FE_RC_0_0     | A1 ^ -> ZN v | NAND2_X1         | 0.047 | My_bus/n319          |            |   1.936 | 0.060 |   0.862 | 
     | My_bus/U640          |              | NOR3_X1          | 0.047 | My_bus/n319          |       SPEF |   1.936 | 0.000 |   0.862 | 
     | My_bus/U640          | A3 v -> ZN ^ | NOR3_X1          | 0.360 | My_bus/n109          |            |  10.900 | 0.493 |   1.355 | 
     | My_bus/U632          |              | AOI211_X1        | 0.360 | My_bus/n109          |       SPEF |  10.900 | 0.000 |   1.355 | 
     | My_bus/U632          | A ^ -> ZN v  | AOI211_X1        | 0.092 | My_bus/n17           |            |   5.104 | 0.135 |   1.490 | 
     | My_bus/U631          |              | INV_X1           | 0.092 | My_bus/n17           |       SPEF |   5.104 | 0.000 |   1.490 | 
     | My_bus/U631          | A v -> ZN ^  | INV_X1           | 0.309 | My_bus/n68           |            |  37.009 | 0.382 |   1.873 | 
     | My_bus/U33           |              | NOR2_X4          | 0.309 | My_bus/n68           |       SPEF |  37.009 | 0.002 |   1.875 | 
     | My_bus/U33           | A1 ^ -> ZN v | NOR2_X4          | 0.098 | My_bus/n107          |            |  59.259 | 0.157 |   2.032 | 
     | My_bus/U630          |              | INV_X1           | 0.098 | My_bus/n107          |       SPEF |  59.259 | 0.001 |   2.033 | 
     | My_bus/U630          | A v -> ZN ^  | INV_X1           | 0.038 | My_bus/n314          |            |   1.718 | 0.081 |   2.114 | 
     | My_bus/U629          |              | OAI21_X1         | 0.038 | My_bus/n314          |       SPEF |   1.718 | 0.000 |   2.114 | 
     | My_bus/U629          | A ^ -> ZN v  | OAI21_X1         | 0.058 | My_bus/n110          |            |   1.443 | 0.051 |   2.165 | 
     | My_bus/FE_OFC77_n110 |              | CLKBUF_X2        | 0.058 | My_bus/n110          |       SPEF |   1.443 | 0.000 |   2.165 | 
     | My_bus/FE_OFC77_n110 | A v -> Z v   | CLKBUF_X2        | 0.157 | My_bus/FE_OFN77_n110 |            |  65.771 | 0.272 |   2.437 | 
     | My_bus/U605          |              | AOI22_X1         | 0.157 | My_bus/FE_OFN77_n110 |       SPEF |  65.771 | 0.003 |   2.440 | 
     | My_bus/U605          | A2 v -> ZN ^ | AOI22_X1         | 0.341 | My_bus/n93           |            |  15.543 | 0.474 |   2.914 | 
     | My_bus/U602          |              | AND4_X1          | 0.341 | My_bus/n93           |       SPEF |  15.543 | 0.001 |   2.916 | 
     | My_bus/U602          | A2 ^ -> ZN ^ | AND4_X1          | 0.040 | My_bus/n306          |            |   1.082 | 0.266 |   3.182 | 
     | My_bus/U596          |              | AND2_X1          | 0.040 | My_bus/n306          |       SPEF |   1.082 | 0.000 |   3.182 | 
     | My_bus/U596          | A1 ^ -> ZN ^ | AND2_X1          | 0.047 | My_bus/n288          |            |   4.328 | 0.121 |   3.302 | 
     | My_bus/U595          |              | AND4_X1          | 0.047 | My_bus/n288          |       SPEF |   4.328 | 0.000 |   3.303 | 
     | My_bus/U595          | A4 ^ -> ZN ^ | AND4_X1          | 0.036 | My_bus/n305          |            |   1.328 | 0.173 |   3.476 | 
     | My_bus/U586          |              | AND4_X1          | 0.036 | My_bus/n305          |       SPEF |   1.328 | 0.000 |   3.476 | 
     | My_bus/U586          | A1 ^ -> ZN ^ | AND4_X1          | 0.044 | My_bus/n304          |            |   1.939 | 0.158 |   3.634 | 
     | My_bus/U585          |              | NAND3_X1         | 0.044 | My_bus/n304          |       SPEF |   1.939 | 0.000 |   3.634 | 
     | My_bus/U585          | A3 ^ -> ZN v | NAND3_X1         | 0.084 | My_bus/n274          |            |   5.281 | 0.090 |   3.724 | 
     | My_bus/U574          |              | NAND2_X1         | 0.084 | My_bus/n274          |       SPEF |   5.281 | 0.000 |   3.724 | 
     | My_bus/U574          | A1 v -> ZN ^ | NAND2_X1         | 0.062 | My_bus/n273          |            |   5.298 | 0.116 |   3.840 | 
     | My_bus/U28           |              | NOR2_X2          | 0.062 | My_bus/n273          |       SPEF |   5.298 | 0.000 |   3.840 | 
     | My_bus/U28           | A1 ^ -> ZN v | NOR2_X2          | 0.035 | YOUR_ADDRBUS[29]     |            |  18.251 | 0.062 |   3.902 | 
     | My_bus/U32           |              | INV_X4           | 0.035 | YOUR_ADDRBUS[29]     |       SPEF |  18.251 | 0.001 |   3.903 | 
     | My_bus/U32           | A v -> ZN ^  | INV_X4           | 0.344 | My_bus/n103          |            | 164.075 | 0.380 |   4.282 | 
     | My_bus/U226          |              | NOR2_X1          | 0.344 | My_bus/n103          |       SPEF | 164.075 | 0.005 |   4.288 | 
     | My_bus/U226          | A2 ^ -> ZN v | NOR2_X1          | 0.097 | YOUR_ADDRBUS[22]     |            |  12.774 | 0.166 |   4.454 | 
     | my_aes               |              | aes128keyWrapper | 0.097 | YOUR_ADDRBUS[22]     |       SPEF |  12.774 | 0.002 |   4.456 | 
     +--------------------------------------------------------------------------------------------------------------------------------+ 
Path 6: MET Setup Check with Pin my_aes/clock 
Endpoint:   my_aes/keyOrPlain[23] (v) checked with  leading edge of 'CLK'
Beginpoint: EXT_BUSY              (^) triggered by  leading edge of 'CLK'
Path Groups: {CLK}
Analysis View: ensc_av
Other End Arrival Time          0.000
- Setup                         4.379
+ Phase Shift                  10.000
= Required Time                 5.621
- Arrival Time                  4.442
= Slack Time                    1.179
     Clock Rise Edge                      0.000
     + Input Delay                        0.800
     = Beginpoint Arrival Time            0.800
     +--------------------------------------------------------------------------------------------------------------------------------+ 
     |       Instance       |     Arc      |       Cell       |  Slew |         Net          |    Arc     |  Load   | Delay | Arrival | 
     |                      |              |                  |       |                      | Annotation |         |       |  Time   | 
     |----------------------+--------------+------------------+-------+----------------------+------------+---------+-------+---------| 
     |                      | EXT_BUSY ^   |                  | 0.100 | EXT_BUSY             |       SPEF |  15.703 |       |   0.800 | 
     | My_bus/FE_RC_0_0     |              | NAND2_X1         | 0.100 | EXT_BUSY             |       SPEF |  15.703 | 0.002 |   0.802 | 
     | My_bus/FE_RC_0_0     | A1 ^ -> ZN v | NAND2_X1         | 0.047 | My_bus/n319          |            |   1.936 | 0.060 |   0.862 | 
     | My_bus/U640          |              | NOR3_X1          | 0.047 | My_bus/n319          |       SPEF |   1.936 | 0.000 |   0.862 | 
     | My_bus/U640          | A3 v -> ZN ^ | NOR3_X1          | 0.360 | My_bus/n109          |            |  10.900 | 0.493 |   1.355 | 
     | My_bus/U632          |              | AOI211_X1        | 0.360 | My_bus/n109          |       SPEF |  10.900 | 0.000 |   1.355 | 
     | My_bus/U632          | A ^ -> ZN v  | AOI211_X1        | 0.092 | My_bus/n17           |            |   5.104 | 0.135 |   1.490 | 
     | My_bus/U631          |              | INV_X1           | 0.092 | My_bus/n17           |       SPEF |   5.104 | 0.000 |   1.490 | 
     | My_bus/U631          | A v -> ZN ^  | INV_X1           | 0.309 | My_bus/n68           |            |  37.009 | 0.382 |   1.873 | 
     | My_bus/U33           |              | NOR2_X4          | 0.309 | My_bus/n68           |       SPEF |  37.009 | 0.002 |   1.875 | 
     | My_bus/U33           | A1 ^ -> ZN v | NOR2_X4          | 0.098 | My_bus/n107          |            |  59.259 | 0.157 |   2.032 | 
     | My_bus/U630          |              | INV_X1           | 0.098 | My_bus/n107          |       SPEF |  59.259 | 0.001 |   2.033 | 
     | My_bus/U630          | A v -> ZN ^  | INV_X1           | 0.038 | My_bus/n314          |            |   1.718 | 0.081 |   2.114 | 
     | My_bus/U629          |              | OAI21_X1         | 0.038 | My_bus/n314          |       SPEF |   1.718 | 0.000 |   2.114 | 
     | My_bus/U629          | A ^ -> ZN v  | OAI21_X1         | 0.058 | My_bus/n110          |            |   1.443 | 0.051 |   2.165 | 
     | My_bus/FE_OFC77_n110 |              | CLKBUF_X2        | 0.058 | My_bus/n110          |       SPEF |   1.443 | 0.000 |   2.165 | 
     | My_bus/FE_OFC77_n110 | A v -> Z v   | CLKBUF_X2        | 0.157 | My_bus/FE_OFN77_n110 |            |  65.771 | 0.272 |   2.437 | 
     | My_bus/U605          |              | AOI22_X1         | 0.157 | My_bus/FE_OFN77_n110 |       SPEF |  65.771 | 0.003 |   2.440 | 
     | My_bus/U605          | A2 v -> ZN ^ | AOI22_X1         | 0.341 | My_bus/n93           |            |  15.543 | 0.474 |   2.914 | 
     | My_bus/U602          |              | AND4_X1          | 0.341 | My_bus/n93           |       SPEF |  15.543 | 0.001 |   2.916 | 
     | My_bus/U602          | A2 ^ -> ZN ^ | AND4_X1          | 0.040 | My_bus/n306          |            |   1.082 | 0.266 |   3.182 | 
     | My_bus/U596          |              | AND2_X1          | 0.040 | My_bus/n306          |       SPEF |   1.082 | 0.000 |   3.182 | 
     | My_bus/U596          | A1 ^ -> ZN ^ | AND2_X1          | 0.047 | My_bus/n288          |            |   4.328 | 0.121 |   3.302 | 
     | My_bus/U595          |              | AND4_X1          | 0.047 | My_bus/n288          |       SPEF |   4.328 | 0.000 |   3.303 | 
     | My_bus/U595          | A4 ^ -> ZN ^ | AND4_X1          | 0.036 | My_bus/n305          |            |   1.328 | 0.173 |   3.476 | 
     | My_bus/U586          |              | AND4_X1          | 0.036 | My_bus/n305          |       SPEF |   1.328 | 0.000 |   3.476 | 
     | My_bus/U586          | A1 ^ -> ZN ^ | AND4_X1          | 0.044 | My_bus/n304          |            |   1.939 | 0.158 |   3.634 | 
     | My_bus/U585          |              | NAND3_X1         | 0.044 | My_bus/n304          |       SPEF |   1.939 | 0.000 |   3.634 | 
     | My_bus/U585          | A3 ^ -> ZN v | NAND3_X1         | 0.084 | My_bus/n274          |            |   5.281 | 0.090 |   3.724 | 
     | My_bus/U574          |              | NAND2_X1         | 0.084 | My_bus/n274          |       SPEF |   5.281 | 0.000 |   3.724 | 
     | My_bus/U574          | A1 v -> ZN ^ | NAND2_X1         | 0.062 | My_bus/n273          |            |   5.298 | 0.116 |   3.840 | 
     | My_bus/U28           |              | NOR2_X2          | 0.062 | My_bus/n273          |       SPEF |   5.298 | 0.000 |   3.840 | 
     | My_bus/U28           | A1 ^ -> ZN v | NOR2_X2          | 0.035 | YOUR_ADDRBUS[29]     |            |  18.251 | 0.062 |   3.901 | 
     | My_bus/U32           |              | INV_X4           | 0.035 | YOUR_ADDRBUS[29]     |       SPEF |  18.251 | 0.001 |   3.903 | 
     | My_bus/U32           | A v -> ZN ^  | INV_X4           | 0.344 | My_bus/n103          |            | 164.075 | 0.380 |   4.282 | 
     | My_bus/U225          |              | NOR2_X1          | 0.344 | My_bus/n103          |       SPEF | 164.075 | 0.005 |   4.288 | 
     | My_bus/U225          | A2 ^ -> ZN v | NOR2_X1          | 0.093 | YOUR_ADDRBUS[23]     |            |  10.773 | 0.152 |   4.440 | 
     | my_aes               |              | aes128keyWrapper | 0.093 | YOUR_ADDRBUS[23]     |       SPEF |  10.773 | 0.002 |   4.442 | 
     +--------------------------------------------------------------------------------------------------------------------------------+ 
Path 7: MET Setup Check with Pin My_DMA/raddr_reg_reg[29]/CK 
Endpoint:   My_DMA/raddr_reg_reg[29]/D (v) checked with  leading edge of 'CLK'
Beginpoint: My_DMA/raddr_reg_reg[0]/Q  (v) triggered by  leading edge of 'CLK'
Path Groups: {CLK}
Analysis View: ensc_av
Other End Arrival Time          0.000
- Setup                         0.185
+ Phase Shift                  10.000
= Required Time                 9.815
- Arrival Time                  8.609
= Slack Time                    1.206
     Clock Rise Edge                 0.000
     + Clock Network Latency (Ideal) 0.000
     = Beginpoint Arrival Time       0.000
     +---------------------------------------------------------------------------------------------------------------------------------+ 
     |         Instance         |     Arc      |   Cell   |  Slew |           Net            |    Arc     |   Load   | Delay | Arrival | 
     |                          |              |          |       |                          | Annotation |          |       |  Time   | 
     |--------------------------+--------------+----------+-------+--------------------------+------------+----------+-------+---------| 
     | My_DMA/raddr_reg_reg[0]  | CK ^         |          | 0.000 | clk                      |            | 1550.827 |       |   0.000 | 
     | My_DMA/raddr_reg_reg[0]  | CK ^ -> Q v  | DFF_X1   | 0.030 | My_DMA/raddr_reg[0]      |            |    7.501 | 0.262 |   0.261 | 
     | My_DMA/add_115/U14       |              | NAND2_X1 | 0.030 | My_DMA/raddr_reg[0]      |       SPEF |    7.501 | 0.000 |   0.262 | 
     | My_DMA/add_115/U14       | A2 v -> ZN ^ | NAND2_X1 | 0.033 | My_DMA/add_115/n9        |            |    1.802 | 0.061 |   0.322 | 
     | My_DMA/add_115/U15       |              | INV_X1   | 0.033 | My_DMA/add_115/n9        |       SPEF |    1.802 | 0.000 |   0.322 | 
     | My_DMA/add_115/U15       | A ^ -> ZN v  | INV_X1   | 0.013 | My_DMA/add_115/carry[1]  |            |    2.985 | 0.029 |   0.352 | 
     | My_DMA/add_115/U1_1      |              | FA_X1    | 0.013 | My_DMA/add_115/carry[1]  |       SPEF |    2.985 | 0.000 |   0.352 | 
     | My_DMA/add_115/U1_1      | CI v -> CO v | FA_X1    | 0.052 | My_DMA/add_115/carry[2]  |            |    3.602 | 0.268 |   0.620 | 
     | My_DMA/add_115/U1_2      |              | FA_X1    | 0.052 | My_DMA/add_115/carry[2]  |       SPEF |    3.602 | 0.000 |   0.620 | 
     | My_DMA/add_115/U1_2      | CI v -> CO v | FA_X1    | 0.051 | My_DMA/add_115/carry[3]  |            |    3.355 | 0.282 |   0.902 | 
     | My_DMA/add_115/U1_3      |              | FA_X1    | 0.051 | My_DMA/add_115/carry[3]  |       SPEF |    3.355 | 0.000 |   0.903 | 
     | My_DMA/add_115/U1_3      | CI v -> CO v | FA_X1    | 0.058 | My_DMA/add_115/carry[4]  |            |    4.969 | 0.294 |   1.197 | 
     | My_DMA/add_115/U1_4      |              | FA_X1    | 0.058 | My_DMA/add_115/carry[4]  |       SPEF |    4.969 | 0.000 |   1.198 | 
     | My_DMA/add_115/U1_4      | CI v -> CO v | FA_X1    | 0.050 | My_DMA/add_115/carry[5]  |            |    3.026 | 0.282 |   1.480 | 
     | My_DMA/add_115/U1_5      |              | FA_X1    | 0.050 | My_DMA/add_115/carry[5]  |       SPEF |    3.026 | 0.000 |   1.480 | 
     | My_DMA/add_115/U1_5      | CI v -> CO v | FA_X1    | 0.050 | My_DMA/add_115/carry[6]  |            |    3.197 | 0.280 |   1.759 | 
     | My_DMA/add_115/U1_6      |              | FA_X1    | 0.050 | My_DMA/add_115/carry[6]  |       SPEF |    3.197 | 0.000 |   1.760 | 
     | My_DMA/add_115/U1_6      | CI v -> CO v | FA_X1    | 0.051 | My_DMA/add_115/carry[7]  |            |    3.388 | 0.282 |   2.041 | 
     | My_DMA/add_115/U1_7      |              | FA_X1    | 0.051 | My_DMA/add_115/carry[7]  |       SPEF |    3.388 | 0.000 |   2.041 | 
     | My_DMA/add_115/U1_7      | CI v -> CO v | FA_X1    | 0.053 | My_DMA/add_115/carry[8]  |            |    3.776 | 0.286 |   2.327 | 
     | My_DMA/add_115/U1_8      |              | FA_X1    | 0.053 | My_DMA/add_115/carry[8]  |       SPEF |    3.776 | 0.000 |   2.327 | 
     | My_DMA/add_115/U1_8      | CI v -> CO v | FA_X1    | 0.054 | My_DMA/add_115/carry[9]  |            |    4.096 | 0.289 |   2.616 | 
     | My_DMA/add_115/U1_9      |              | FA_X1    | 0.054 | My_DMA/add_115/carry[9]  |       SPEF |    4.096 | 0.000 |   2.616 | 
     | My_DMA/add_115/U1_9      | CI v -> CO v | FA_X1    | 0.055 | My_DMA/add_115/carry[10] |            |    4.382 | 0.292 |   2.908 | 
     | My_DMA/add_115/U1_10     |              | FA_X1    | 0.055 | My_DMA/add_115/carry[10] |       SPEF |    4.382 | 0.000 |   2.908 | 
     | My_DMA/add_115/U1_10     | CI v -> CO v | FA_X1    | 0.050 | My_DMA/add_115/carry[11] |            |    3.202 | 0.283 |   3.191 | 
     | My_DMA/add_115/U1_11     |              | FA_X1    | 0.050 | My_DMA/add_115/carry[11] |       SPEF |    3.202 | 0.000 |   3.191 | 
     | My_DMA/add_115/U1_11     | CI v -> CO v | FA_X1    | 0.050 | My_DMA/add_115/carry[12] |            |    3.012 | 0.279 |   3.469 | 
     | My_DMA/add_115/U1_12     |              | FA_X1    | 0.050 | My_DMA/add_115/carry[12] |       SPEF |    3.012 | 0.000 |   3.470 | 
     | My_DMA/add_115/U1_12     | CI v -> CO v | FA_X1    | 0.052 | My_DMA/add_115/carry[13] |            |    3.543 | 0.283 |   3.752 | 
     | My_DMA/add_115/U1_13     |              | FA_X1    | 0.052 | My_DMA/add_115/carry[13] |       SPEF |    3.543 | 0.000 |   3.752 | 
     | My_DMA/add_115/U1_13     | CI v -> CO v | FA_X1    | 0.062 | My_DMA/add_115/carry[14] |            |    6.266 | 0.303 |   4.056 | 
     | My_DMA/add_115/U10       |              | NAND2_X1 | 0.062 | My_DMA/add_115/carry[14] |       SPEF |    6.266 | 0.000 |   4.056 | 
     | My_DMA/add_115/U10       | A1 v -> ZN ^ | NAND2_X1 | 0.033 | My_DMA/add_115/n7        |            |    1.742 | 0.071 |   4.127 | 
     | My_DMA/add_115/U12       |              | NAND3_X1 | 0.033 | My_DMA/add_115/n7        |       SPEF |    1.742 | 0.000 |   4.127 | 
     | My_DMA/add_115/U12       | A3 ^ -> ZN v | NAND3_X1 | 0.036 | My_DMA/add_115/carry[15] |            |    3.420 | 0.073 |   4.200 | 
     | My_DMA/add_115/U1_15     |              | FA_X1    | 0.036 | My_DMA/add_115/carry[15] |       SPEF |    3.420 | 0.000 |   4.200 | 
     | My_DMA/add_115/U1_15     | CI v -> CO v | FA_X1    | 0.052 | My_DMA/add_115/carry[16] |            |    3.479 | 0.276 |   4.476 | 
     | My_DMA/add_115/U1_16     |              | FA_X1    | 0.052 | My_DMA/add_115/carry[16] |       SPEF |    3.479 | 0.000 |   4.476 | 
     | My_DMA/add_115/U1_16     | CI v -> CO v | FA_X1    | 0.050 | My_DMA/add_115/carry[17] |            |    3.152 | 0.280 |   4.756 | 
     | My_DMA/add_115/U1_17     |              | FA_X1    | 0.050 | My_DMA/add_115/carry[17] |       SPEF |    3.152 | 0.000 |   4.756 | 
     | My_DMA/add_115/U1_17     | CI v -> CO v | FA_X1    | 0.054 | My_DMA/add_115/carry[18] |            |    4.077 | 0.287 |   5.044 | 
     | My_DMA/add_115/U1_18     |              | FA_X1    | 0.054 | My_DMA/add_115/carry[18] |       SPEF |    4.077 | 0.000 |   5.044 | 
     | My_DMA/add_115/U1_18     | CI v -> CO v | FA_X1    | 0.052 | My_DMA/add_115/carry[19] |            |    3.617 | 0.286 |   5.330 | 
     | My_DMA/add_115/U1_19     |              | FA_X1    | 0.052 | My_DMA/add_115/carry[19] |       SPEF |    3.617 | 0.000 |   5.330 | 
     | My_DMA/add_115/U1_19     | CI v -> CO v | FA_X1    | 0.049 | My_DMA/add_115/carry[20] |            |    3.001 | 0.279 |   5.609 | 
     | My_DMA/add_115/U1_20     |              | FA_X1    | 0.049 | My_DMA/add_115/carry[20] |       SPEF |    3.001 | 0.000 |   5.610 | 
     | My_DMA/add_115/U1_20     | CI v -> CO v | FA_X1    | 0.053 | My_DMA/add_115/carry[21] |            |    3.747 | 0.285 |   5.894 | 
     | My_DMA/add_115/U1_21     |              | FA_X1    | 0.053 | My_DMA/add_115/carry[21] |       SPEF |    3.747 | 0.000 |   5.894 | 
     | My_DMA/add_115/U1_21     | CI v -> CO v | FA_X1    | 0.050 | My_DMA/add_115/carry[22] |            |    3.025 | 0.280 |   6.174 | 
     | My_DMA/add_115/U1_22     |              | FA_X1    | 0.050 | My_DMA/add_115/carry[22] |       SPEF |    3.025 | 0.000 |   6.174 | 
     | My_DMA/add_115/U1_22     | CI v -> CO v | FA_X1    | 0.051 | My_DMA/add_115/carry[23] |            |    3.234 | 0.280 |   6.454 | 
     | My_DMA/add_115/U1_23     |              | FA_X1    | 0.051 | My_DMA/add_115/carry[23] |       SPEF |    3.234 | 0.000 |   6.454 | 
     | My_DMA/add_115/U1_23     | CI v -> CO v | FA_X1    | 0.065 | My_DMA/add_115/carry[24] |            |    7.000 | 0.307 |   6.762 | 
     | My_DMA/add_115/U4        |              | NAND2_X1 | 0.065 | My_DMA/add_115/carry[24] |       SPEF |    7.000 | 0.000 |   6.762 | 
     | My_DMA/add_115/U4        | A1 v -> ZN ^ | NAND2_X1 | 0.035 | My_DMA/add_115/n3        |            |    1.882 | 0.074 |   6.836 | 
     | My_DMA/add_115/U6        |              | NAND3_X1 | 0.035 | My_DMA/add_115/n3        |       SPEF |    1.882 | 0.000 |   6.836 | 
     | My_DMA/add_115/U6        | A3 ^ -> ZN v | NAND3_X1 | 0.036 | My_DMA/add_115/carry[25] |            |    3.327 | 0.073 |   6.909 | 
     | My_DMA/add_115/U1_25     |              | FA_X1    | 0.036 | My_DMA/add_115/carry[25] |       SPEF |    3.327 | 0.000 |   6.909 | 
     | My_DMA/add_115/U1_25     | CI v -> CO v | FA_X1    | 0.051 | My_DMA/add_115/carry[26] |            |    3.262 | 0.274 |   7.183 | 
     | My_DMA/add_115/U1_26     |              | FA_X1    | 0.051 | My_DMA/add_115/carry[26] |       SPEF |    3.262 | 0.000 |   7.183 | 
     | My_DMA/add_115/U1_26     | CI v -> CO v | FA_X1    | 0.052 | My_DMA/add_115/carry[27] |            |    3.674 | 0.285 |   7.468 | 
     | My_DMA/add_115/U1_27     |              | FA_X1    | 0.052 | My_DMA/add_115/carry[27] |       SPEF |    3.674 | 0.000 |   7.468 | 
     | My_DMA/add_115/U1_27     | CI v -> CO v | FA_X1    | 0.052 | My_DMA/add_115/carry[28] |            |    3.556 | 0.284 |   7.752 | 
     | My_DMA/add_115/U1_28     |              | FA_X1    | 0.052 | My_DMA/add_115/carry[28] |       SPEF |    3.556 | 0.000 |   7.752 | 
     | My_DMA/add_115/U1_28     | CI v -> CO v | FA_X1    | 0.051 | My_DMA/add_115/carry[29] |            |    3.382 | 0.282 |   8.034 | 
     | My_DMA/add_115/U1_29     |              | FA_X1    | 0.051 | My_DMA/add_115/carry[29] |       SPEF |    3.382 | 0.000 |   8.034 | 
     | My_DMA/add_115/U1_29     | CI v -> S v  | FA_X1    | 0.056 | My_DMA/N69               |            |    2.321 | 0.356 |   8.391 | 
     | My_DMA/U17               |              | AOI22_X1 | 0.056 | My_DMA/N69               |       SPEF |    2.321 | 0.000 |   8.391 | 
     | My_DMA/U17               | A1 v -> ZN ^ | AOI22_X1 | 0.103 | My_DMA/n29               |            |    2.300 | 0.142 |   8.533 | 
     | My_DMA/U16               |              | OAI21_X1 | 0.103 | My_DMA/n29               |       SPEF |    2.300 | 0.000 |   8.533 | 
     | My_DMA/U16               | A ^ -> ZN v  | OAI21_X1 | 0.070 | My_DMA/n582              |            |    1.456 | 0.076 |   8.609 | 
     | My_DMA/raddr_reg_reg[29] |              | DFF_X1   | 0.070 | My_DMA/n582              |       SPEF |    1.456 | 0.000 |   8.609 | 
     +---------------------------------------------------------------------------------------------------------------------------------+ 
Path 8: MET Setup Check with Pin My_DMA/waddr_reg_reg[29]/CK 
Endpoint:   My_DMA/waddr_reg_reg[29]/D (v) checked with  leading edge of 'CLK'
Beginpoint: My_DMA/wstep_reg_reg[0]/Q  (v) triggered by  leading edge of 'CLK'
Path Groups: {CLK}
Analysis View: ensc_av
Other End Arrival Time          0.000
- Setup                         0.185
+ Phase Shift                  10.000
= Required Time                 9.815
- Arrival Time                  8.588
= Slack Time                    1.227
     Clock Rise Edge                 0.000
     + Clock Network Latency (Ideal) 0.000
     = Beginpoint Arrival Time       0.000
     +---------------------------------------------------------------------------------------------------------------------------------+ 
     |         Instance         |     Arc      |   Cell   |  Slew |           Net            |    Arc     |   Load   | Delay | Arrival | 
     |                          |              |          |       |                          | Annotation |          |       |  Time   | 
     |--------------------------+--------------+----------+-------+--------------------------+------------+----------+-------+---------| 
     | My_DMA/wstep_reg_reg[0]  | CK ^         |          | 0.000 | clk                      |            | 1550.827 |       |   0.000 | 
     | My_DMA/wstep_reg_reg[0]  | CK ^ -> Q v  | DFF_X1   | 0.029 | My_DMA/wstep_reg[0]      |            |    6.803 | 0.259 |   0.259 | 
     | My_DMA/add_116/U13       |              | NAND2_X1 | 0.029 | My_DMA/wstep_reg[0]      |       SPEF |    6.803 | 0.000 |   0.259 | 
     | My_DMA/add_116/U13       | A1 v -> ZN ^ | NAND2_X1 | 0.033 | My_DMA/add_116/n9        |            |    1.809 | 0.052 |   0.312 | 
     | My_DMA/add_116/U14       |              | INV_X1   | 0.033 | My_DMA/add_116/n9        |       SPEF |    1.809 | 0.000 |   0.312 | 
     | My_DMA/add_116/U14       | A ^ -> ZN v  | INV_X1   | 0.013 | My_DMA/add_116/carry[1]  |            |    2.986 | 0.029 |   0.341 | 
     | My_DMA/add_116/U1_1      |              | FA_X1    | 0.013 | My_DMA/add_116/carry[1]  |       SPEF |    2.986 | 0.000 |   0.341 | 
     | My_DMA/add_116/U1_1      | CI v -> CO v | FA_X1    | 0.051 | My_DMA/add_116/carry[2]  |            |    3.344 | 0.266 |   0.607 | 
     | My_DMA/add_116/U1_2      |              | FA_X1    | 0.051 | My_DMA/add_116/carry[2]  |       SPEF |    3.344 | 0.000 |   0.607 | 
     | My_DMA/add_116/U1_2      | CI v -> CO v | FA_X1    | 0.052 | My_DMA/add_116/carry[3]  |            |    3.648 | 0.285 |   0.891 | 
     | My_DMA/add_116/U1_3      |              | FA_X1    | 0.052 | My_DMA/add_116/carry[3]  |       SPEF |    3.648 | 0.000 |   0.892 | 
     | My_DMA/add_116/U1_3      | CI v -> CO v | FA_X1    | 0.055 | My_DMA/add_116/carry[4]  |            |    4.347 | 0.291 |   1.182 | 
     | My_DMA/add_116/U1_4      |              | FA_X1    | 0.055 | My_DMA/add_116/carry[4]  |       SPEF |    4.347 | 0.000 |   1.183 | 
     | My_DMA/add_116/U1_4      | CI v -> CO v | FA_X1    | 0.050 | My_DMA/add_116/carry[5]  |            |    3.019 | 0.281 |   1.463 | 
     | My_DMA/add_116/U1_5      |              | FA_X1    | 0.050 | My_DMA/add_116/carry[5]  |       SPEF |    3.019 | 0.000 |   1.464 | 
     | My_DMA/add_116/U1_5      | CI v -> CO v | FA_X1    | 0.049 | My_DMA/add_116/carry[6]  |            |    2.983 | 0.278 |   1.741 | 
     | My_DMA/add_116/U1_6      |              | FA_X1    | 0.049 | My_DMA/add_116/carry[6]  |       SPEF |    2.983 | 0.000 |   1.742 | 
     | My_DMA/add_116/U1_6      | CI v -> CO v | FA_X1    | 0.052 | My_DMA/add_116/carry[7]  |            |    3.604 | 0.283 |   2.025 | 
     | My_DMA/add_116/U1_7      |              | FA_X1    | 0.052 | My_DMA/add_116/carry[7]  |       SPEF |    3.604 | 0.000 |   2.025 | 
     | My_DMA/add_116/U1_7      | CI v -> CO v | FA_X1    | 0.053 | My_DMA/add_116/carry[8]  |            |    3.804 | 0.286 |   2.312 | 
     | My_DMA/add_116/U1_8      |              | FA_X1    | 0.053 | My_DMA/add_116/carry[8]  |       SPEF |    3.804 | 0.000 |   2.312 | 
     | My_DMA/add_116/U1_8      | CI v -> CO v | FA_X1    | 0.055 | My_DMA/add_116/carry[9]  |            |    4.361 | 0.291 |   2.603 | 
     | My_DMA/add_116/U1_9      |              | FA_X1    | 0.055 | My_DMA/add_116/carry[9]  |       SPEF |    4.361 | 0.000 |   2.603 | 
     | My_DMA/add_116/U1_9      | CI v -> CO v | FA_X1    | 0.055 | My_DMA/add_116/carry[10] |            |    4.335 | 0.292 |   2.895 | 
     | My_DMA/add_116/U1_10     |              | FA_X1    | 0.055 | My_DMA/add_116/carry[10] |       SPEF |    4.335 | 0.000 |   2.895 | 
     | My_DMA/add_116/U1_10     | CI v -> CO v | FA_X1    | 0.050 | My_DMA/add_116/carry[11] |            |    3.114 | 0.282 |   3.177 | 
     | My_DMA/add_116/U1_11     |              | FA_X1    | 0.050 | My_DMA/add_116/carry[11] |       SPEF |    3.114 | 0.000 |   3.177 | 
     | My_DMA/add_116/U1_11     | CI v -> CO v | FA_X1    | 0.051 | My_DMA/add_116/carry[12] |            |    3.346 | 0.281 |   3.458 | 
     | My_DMA/add_116/U1_12     |              | FA_X1    | 0.051 | My_DMA/add_116/carry[12] |       SPEF |    3.346 | 0.000 |   3.458 | 
     | My_DMA/add_116/U1_12     | CI v -> CO v | FA_X1    | 0.053 | My_DMA/add_116/carry[13] |            |    3.729 | 0.285 |   3.743 | 
     | My_DMA/add_116/U1_13     |              | FA_X1    | 0.053 | My_DMA/add_116/carry[13] |       SPEF |    3.729 | 0.000 |   3.744 | 
     | My_DMA/add_116/U1_13     | CI v -> CO v | FA_X1    | 0.062 | My_DMA/add_116/carry[14] |            |    6.238 | 0.304 |   4.047 | 
     | My_DMA/add_116/U10       |              | NAND2_X1 | 0.062 | My_DMA/add_116/carry[14] |       SPEF |    6.238 | 0.000 |   4.047 | 
     | My_DMA/add_116/U10       | A1 v -> ZN ^ | NAND2_X1 | 0.034 | My_DMA/add_116/n7        |            |    1.834 | 0.072 |   4.119 | 
     | My_DMA/add_116/U12       |              | NAND3_X1 | 0.034 | My_DMA/add_116/n7        |       SPEF |    1.834 | 0.000 |   4.119 | 
     | My_DMA/add_116/U12       | A3 ^ -> ZN v | NAND3_X1 | 0.035 | My_DMA/add_116/carry[15] |            |    3.195 | 0.071 |   4.190 | 
     | My_DMA/add_116/U1_15     |              | FA_X1    | 0.035 | My_DMA/add_116/carry[15] |       SPEF |    3.195 | 0.000 |   4.191 | 
     | My_DMA/add_116/U1_15     | CI v -> CO v | FA_X1    | 0.050 | My_DMA/add_116/carry[16] |            |    3.212 | 0.273 |   4.464 | 
     | My_DMA/add_116/U1_16     |              | FA_X1    | 0.050 | My_DMA/add_116/carry[16] |       SPEF |    3.212 | 0.000 |   4.464 | 
     | My_DMA/add_116/U1_16     | CI v -> CO v | FA_X1    | 0.051 | My_DMA/add_116/carry[17] |            |    3.451 | 0.282 |   4.746 | 
     | My_DMA/add_116/U1_17     |              | FA_X1    | 0.051 | My_DMA/add_116/carry[17] |       SPEF |    3.451 | 0.000 |   4.747 | 
     | My_DMA/add_116/U1_17     | CI v -> CO v | FA_X1    | 0.052 | My_DMA/add_116/carry[18] |            |    3.535 | 0.283 |   5.030 | 
     | My_DMA/add_116/U1_18     |              | FA_X1    | 0.052 | My_DMA/add_116/carry[18] |       SPEF |    3.535 | 0.000 |   5.030 | 
     | My_DMA/add_116/U1_18     | CI v -> CO v | FA_X1    | 0.051 | My_DMA/add_116/carry[19] |            |    3.227 | 0.281 |   5.311 | 
     | My_DMA/add_116/U1_19     |              | FA_X1    | 0.051 | My_DMA/add_116/carry[19] |       SPEF |    3.227 | 0.000 |   5.311 | 
     | My_DMA/add_116/U1_19     | CI v -> CO v | FA_X1    | 0.052 | My_DMA/add_116/carry[20] |            |    3.540 | 0.283 |   5.594 | 
     | My_DMA/add_116/U1_20     |              | FA_X1    | 0.052 | My_DMA/add_116/carry[20] |       SPEF |    3.540 | 0.000 |   5.595 | 
     | My_DMA/add_116/U1_20     | CI v -> CO v | FA_X1    | 0.050 | My_DMA/add_116/carry[21] |            |    3.128 | 0.280 |   5.875 | 
     | My_DMA/add_116/U1_21     |              | FA_X1    | 0.050 | My_DMA/add_116/carry[21] |       SPEF |    3.128 | 0.000 |   5.875 | 
     | My_DMA/add_116/U1_21     | CI v -> CO v | FA_X1    | 0.052 | My_DMA/add_116/carry[22] |            |    3.593 | 0.284 |   6.159 | 
     | My_DMA/add_116/U1_22     |              | FA_X1    | 0.052 | My_DMA/add_116/carry[22] |       SPEF |    3.593 | 0.000 |   6.159 | 
     | My_DMA/add_116/U1_22     | CI v -> CO v | FA_X1    | 0.052 | My_DMA/add_116/carry[23] |            |    3.635 | 0.285 |   6.444 | 
     | My_DMA/add_116/U1_23     |              | FA_X1    | 0.052 | My_DMA/add_116/carry[23] |       SPEF |    3.635 | 0.000 |   6.444 | 
     | My_DMA/add_116/U1_23     | CI v -> CO v | FA_X1    | 0.063 | My_DMA/add_116/carry[24] |            |    6.542 | 0.305 |   6.749 | 
     | My_DMA/add_116/U4        |              | NAND2_X1 | 0.063 | My_DMA/add_116/carry[24] |       SPEF |    6.542 | 0.000 |   6.750 | 
     | My_DMA/add_116/U4        | A1 v -> ZN ^ | NAND2_X1 | 0.035 | My_DMA/add_116/n3        |            |    1.936 | 0.073 |   6.823 | 
     | My_DMA/add_116/U6        |              | NAND3_X1 | 0.035 | My_DMA/add_116/n3        |       SPEF |    1.936 | 0.000 |   6.823 | 
     | My_DMA/add_116/U6        | A3 ^ -> ZN v | NAND3_X1 | 0.034 | My_DMA/add_116/carry[25] |            |    3.108 | 0.071 |   6.894 | 
     | My_DMA/add_116/U1_25     |              | FA_X1    | 0.034 | My_DMA/add_116/carry[25] |       SPEF |    3.108 | 0.000 |   6.894 | 
     | My_DMA/add_116/U1_25     | CI v -> CO v | FA_X1    | 0.055 | My_DMA/add_116/carry[26] |            |    4.359 | 0.283 |   7.177 | 
     | My_DMA/add_116/U1_26     |              | FA_X1    | 0.055 | My_DMA/add_116/carry[26] |       SPEF |    4.359 | 0.000 |   7.177 | 
     | My_DMA/add_116/U1_26     | CI v -> CO v | FA_X1    | 0.051 | My_DMA/add_116/carry[27] |            |    3.417 | 0.284 |   7.461 | 
     | My_DMA/add_116/U1_27     |              | FA_X1    | 0.051 | My_DMA/add_116/carry[27] |       SPEF |    3.417 | 0.000 |   7.461 | 
     | My_DMA/add_116/U1_27     | CI v -> CO v | FA_X1    | 0.054 | My_DMA/add_116/carry[28] |            |    4.112 | 0.288 |   7.749 | 
     | My_DMA/add_116/U1_28     |              | FA_X1    | 0.054 | My_DMA/add_116/carry[28] |       SPEF |    4.112 | 0.000 |   7.750 | 
     | My_DMA/add_116/U1_28     | CI v -> CO v | FA_X1    | 0.050 | My_DMA/add_116/carry[29] |            |    3.088 | 0.281 |   8.031 | 
     | My_DMA/add_116/U1_29     |              | FA_X1    | 0.050 | My_DMA/add_116/carry[29] |       SPEF |    3.088 | 0.000 |   8.031 | 
     | My_DMA/add_116/U1_29     | CI v -> S v  | FA_X1    | 0.055 | My_DMA/N101              |            |    1.883 | 0.351 |   8.382 | 
     | My_DMA/U81               |              | AOI22_X1 | 0.055 | My_DMA/N101              |       SPEF |    1.883 | 0.000 |   8.382 | 
     | My_DMA/U81               | A1 v -> ZN ^ | AOI22_X1 | 0.096 | My_DMA/n93               |            |    1.879 | 0.133 |   8.515 | 
     | My_DMA/U80               |              | OAI21_X1 | 0.096 | My_DMA/n93               |       SPEF |    1.879 | 0.000 |   8.515 | 
     | My_DMA/U80               | A ^ -> ZN v  | OAI21_X1 | 0.070 | My_DMA/n614              |            |    1.418 | 0.073 |   8.588 | 
     | My_DMA/waddr_reg_reg[29] |              | DFF_X1   | 0.070 | My_DMA/n614              |       SPEF |    1.418 | 0.000 |   8.588 | 
     +---------------------------------------------------------------------------------------------------------------------------------+ 
Path 9: MET Setup Check with Pin my_aes/clock 
Endpoint:   my_aes/keyOrPlain[21] (v) checked with  leading edge of 'CLK'
Beginpoint: EXT_BUSY              (^) triggered by  leading edge of 'CLK'
Path Groups: {CLK}
Analysis View: ensc_av
Other End Arrival Time          0.000
- Setup                         4.301
+ Phase Shift                  10.000
= Required Time                 5.699
- Arrival Time                  4.457
= Slack Time                    1.242
     Clock Rise Edge                      0.000
     + Input Delay                        0.800
     = Beginpoint Arrival Time            0.800
     +--------------------------------------------------------------------------------------------------------------------------------+ 
     |       Instance       |     Arc      |       Cell       |  Slew |         Net          |    Arc     |  Load   | Delay | Arrival | 
     |                      |              |                  |       |                      | Annotation |         |       |  Time   | 
     |----------------------+--------------+------------------+-------+----------------------+------------+---------+-------+---------| 
     |                      | EXT_BUSY ^   |                  | 0.100 | EXT_BUSY             |       SPEF |  15.703 |       |   0.800 | 
     | My_bus/FE_RC_0_0     |              | NAND2_X1         | 0.100 | EXT_BUSY             |       SPEF |  15.703 | 0.002 |   0.802 | 
     | My_bus/FE_RC_0_0     | A1 ^ -> ZN v | NAND2_X1         | 0.047 | My_bus/n319          |            |   1.936 | 0.060 |   0.862 | 
     | My_bus/U640          |              | NOR3_X1          | 0.047 | My_bus/n319          |       SPEF |   1.936 | 0.000 |   0.862 | 
     | My_bus/U640          | A3 v -> ZN ^ | NOR3_X1          | 0.360 | My_bus/n109          |            |  10.900 | 0.493 |   1.355 | 
     | My_bus/U632          |              | AOI211_X1        | 0.360 | My_bus/n109          |       SPEF |  10.900 | 0.000 |   1.355 | 
     | My_bus/U632          | A ^ -> ZN v  | AOI211_X1        | 0.092 | My_bus/n17           |            |   5.104 | 0.135 |   1.490 | 
     | My_bus/U631          |              | INV_X1           | 0.092 | My_bus/n17           |       SPEF |   5.104 | 0.000 |   1.490 | 
     | My_bus/U631          | A v -> ZN ^  | INV_X1           | 0.309 | My_bus/n68           |            |  37.009 | 0.382 |   1.873 | 
     | My_bus/U33           |              | NOR2_X4          | 0.309 | My_bus/n68           |       SPEF |  37.009 | 0.002 |   1.875 | 
     | My_bus/U33           | A1 ^ -> ZN v | NOR2_X4          | 0.098 | My_bus/n107          |            |  59.259 | 0.157 |   2.032 | 
     | My_bus/U630          |              | INV_X1           | 0.098 | My_bus/n107          |       SPEF |  59.259 | 0.001 |   2.033 | 
     | My_bus/U630          | A v -> ZN ^  | INV_X1           | 0.038 | My_bus/n314          |            |   1.718 | 0.081 |   2.114 | 
     | My_bus/U629          |              | OAI21_X1         | 0.038 | My_bus/n314          |       SPEF |   1.718 | 0.000 |   2.114 | 
     | My_bus/U629          | A ^ -> ZN v  | OAI21_X1         | 0.058 | My_bus/n110          |            |   1.443 | 0.051 |   2.165 | 
     | My_bus/FE_OFC77_n110 |              | CLKBUF_X2        | 0.058 | My_bus/n110          |       SPEF |   1.443 | 0.000 |   2.165 | 
     | My_bus/FE_OFC77_n110 | A v -> Z v   | CLKBUF_X2        | 0.157 | My_bus/FE_OFN77_n110 |            |  65.771 | 0.272 |   2.437 | 
     | My_bus/U605          |              | AOI22_X1         | 0.157 | My_bus/FE_OFN77_n110 |       SPEF |  65.771 | 0.003 |   2.440 | 
     | My_bus/U605          | A2 v -> ZN ^ | AOI22_X1         | 0.341 | My_bus/n93           |            |  15.543 | 0.474 |   2.914 | 
     | My_bus/U602          |              | AND4_X1          | 0.341 | My_bus/n93           |       SPEF |  15.543 | 0.001 |   2.916 | 
     | My_bus/U602          | A2 ^ -> ZN ^ | AND4_X1          | 0.040 | My_bus/n306          |            |   1.082 | 0.266 |   3.182 | 
     | My_bus/U596          |              | AND2_X1          | 0.040 | My_bus/n306          |       SPEF |   1.082 | 0.000 |   3.182 | 
     | My_bus/U596          | A1 ^ -> ZN ^ | AND2_X1          | 0.047 | My_bus/n288          |            |   4.328 | 0.121 |   3.302 | 
     | My_bus/U595          |              | AND4_X1          | 0.047 | My_bus/n288          |       SPEF |   4.328 | 0.000 |   3.303 | 
     | My_bus/U595          | A4 ^ -> ZN ^ | AND4_X1          | 0.036 | My_bus/n305          |            |   1.328 | 0.173 |   3.476 | 
     | My_bus/U586          |              | AND4_X1          | 0.036 | My_bus/n305          |       SPEF |   1.328 | 0.000 |   3.476 | 
     | My_bus/U586          | A1 ^ -> ZN ^ | AND4_X1          | 0.044 | My_bus/n304          |            |   1.939 | 0.158 |   3.634 | 
     | My_bus/U585          |              | NAND3_X1         | 0.044 | My_bus/n304          |       SPEF |   1.939 | 0.000 |   3.634 | 
     | My_bus/U585          | A3 ^ -> ZN v | NAND3_X1         | 0.084 | My_bus/n274          |            |   5.281 | 0.090 |   3.724 | 
     | My_bus/U574          |              | NAND2_X1         | 0.084 | My_bus/n274          |       SPEF |   5.281 | 0.000 |   3.724 | 
     | My_bus/U574          | A1 v -> ZN ^ | NAND2_X1         | 0.062 | My_bus/n273          |            |   5.298 | 0.116 |   3.840 | 
     | My_bus/U28           |              | NOR2_X2          | 0.062 | My_bus/n273          |       SPEF |   5.298 | 0.000 |   3.840 | 
     | My_bus/U28           | A1 ^ -> ZN v | NOR2_X2          | 0.035 | YOUR_ADDRBUS[29]     |            |  18.251 | 0.062 |   3.902 | 
     | My_bus/U32           |              | INV_X4           | 0.035 | YOUR_ADDRBUS[29]     |       SPEF |  18.251 | 0.001 |   3.903 | 
     | My_bus/U32           | A v -> ZN ^  | INV_X4           | 0.344 | My_bus/n103          |            | 164.075 | 0.380 |   4.282 | 
     | My_bus/U227          |              | NOR2_X1          | 0.344 | My_bus/n103          |       SPEF | 164.075 | 0.005 |   4.287 | 
     | My_bus/U227          | A2 ^ -> ZN v | NOR2_X1          | 0.098 | YOUR_ADDRBUS[21]     |            |  13.177 | 0.168 |   4.456 | 
     | my_aes               |              | aes128keyWrapper | 0.098 | YOUR_ADDRBUS[21]     |       SPEF |  13.177 | 0.002 |   4.457 | 
     +--------------------------------------------------------------------------------------------------------------------------------+ 
Path 10: MET Setup Check with Pin my_aes/clock 
Endpoint:   my_aes/keyOrPlain[26] (v) checked with  leading edge of 'CLK'
Beginpoint: EXT_BUSY              (^) triggered by  leading edge of 'CLK'
Path Groups: {CLK}
Analysis View: ensc_av
Other End Arrival Time          0.000
- Setup                         4.234
+ Phase Shift                  10.000
= Required Time                 5.766
- Arrival Time                  4.448
= Slack Time                    1.318
     Clock Rise Edge                      0.000
     + Input Delay                        0.800
     = Beginpoint Arrival Time            0.800
     +--------------------------------------------------------------------------------------------------------------------------------+ 
     |       Instance       |     Arc      |       Cell       |  Slew |         Net          |    Arc     |  Load   | Delay | Arrival | 
     |                      |              |                  |       |                      | Annotation |         |       |  Time   | 
     |----------------------+--------------+------------------+-------+----------------------+------------+---------+-------+---------| 
     |                      | EXT_BUSY ^   |                  | 0.100 | EXT_BUSY             |       SPEF |  15.703 |       |   0.800 | 
     | My_bus/FE_RC_0_0     |              | NAND2_X1         | 0.100 | EXT_BUSY             |       SPEF |  15.703 | 0.002 |   0.802 | 
     | My_bus/FE_RC_0_0     | A1 ^ -> ZN v | NAND2_X1         | 0.047 | My_bus/n319          |            |   1.936 | 0.060 |   0.862 | 
     | My_bus/U640          |              | NOR3_X1          | 0.047 | My_bus/n319          |       SPEF |   1.936 | 0.000 |   0.862 | 
     | My_bus/U640          | A3 v -> ZN ^ | NOR3_X1          | 0.360 | My_bus/n109          |            |  10.900 | 0.493 |   1.355 | 
     | My_bus/U632          |              | AOI211_X1        | 0.360 | My_bus/n109          |       SPEF |  10.900 | 0.000 |   1.355 | 
     | My_bus/U632          | A ^ -> ZN v  | AOI211_X1        | 0.092 | My_bus/n17           |            |   5.104 | 0.135 |   1.490 | 
     | My_bus/U631          |              | INV_X1           | 0.092 | My_bus/n17           |       SPEF |   5.104 | 0.000 |   1.490 | 
     | My_bus/U631          | A v -> ZN ^  | INV_X1           | 0.309 | My_bus/n68           |            |  37.009 | 0.382 |   1.873 | 
     | My_bus/U33           |              | NOR2_X4          | 0.309 | My_bus/n68           |       SPEF |  37.009 | 0.002 |   1.875 | 
     | My_bus/U33           | A1 ^ -> ZN v | NOR2_X4          | 0.098 | My_bus/n107          |            |  59.259 | 0.157 |   2.032 | 
     | My_bus/U630          |              | INV_X1           | 0.098 | My_bus/n107          |       SPEF |  59.259 | 0.001 |   2.033 | 
     | My_bus/U630          | A v -> ZN ^  | INV_X1           | 0.038 | My_bus/n314          |            |   1.718 | 0.081 |   2.114 | 
     | My_bus/U629          |              | OAI21_X1         | 0.038 | My_bus/n314          |       SPEF |   1.718 | 0.000 |   2.114 | 
     | My_bus/U629          | A ^ -> ZN v  | OAI21_X1         | 0.058 | My_bus/n110          |            |   1.443 | 0.051 |   2.165 | 
     | My_bus/FE_OFC77_n110 |              | CLKBUF_X2        | 0.058 | My_bus/n110          |       SPEF |   1.443 | 0.000 |   2.165 | 
     | My_bus/FE_OFC77_n110 | A v -> Z v   | CLKBUF_X2        | 0.157 | My_bus/FE_OFN77_n110 |            |  65.771 | 0.272 |   2.437 | 
     | My_bus/U605          |              | AOI22_X1         | 0.157 | My_bus/FE_OFN77_n110 |       SPEF |  65.771 | 0.003 |   2.440 | 
     | My_bus/U605          | A2 v -> ZN ^ | AOI22_X1         | 0.341 | My_bus/n93           |            |  15.543 | 0.474 |   2.914 | 
     | My_bus/U602          |              | AND4_X1          | 0.341 | My_bus/n93           |       SPEF |  15.543 | 0.001 |   2.916 | 
     | My_bus/U602          | A2 ^ -> ZN ^ | AND4_X1          | 0.040 | My_bus/n306          |            |   1.082 | 0.266 |   3.182 | 
     | My_bus/U596          |              | AND2_X1          | 0.040 | My_bus/n306          |       SPEF |   1.082 | 0.000 |   3.182 | 
     | My_bus/U596          | A1 ^ -> ZN ^ | AND2_X1          | 0.047 | My_bus/n288          |            |   4.328 | 0.121 |   3.302 | 
     | My_bus/U595          |              | AND4_X1          | 0.047 | My_bus/n288          |       SPEF |   4.328 | 0.000 |   3.303 | 
     | My_bus/U595          | A4 ^ -> ZN ^ | AND4_X1          | 0.036 | My_bus/n305          |            |   1.328 | 0.173 |   3.476 | 
     | My_bus/U586          |              | AND4_X1          | 0.036 | My_bus/n305          |       SPEF |   1.328 | 0.000 |   3.476 | 
     | My_bus/U586          | A1 ^ -> ZN ^ | AND4_X1          | 0.044 | My_bus/n304          |            |   1.939 | 0.158 |   3.634 | 
     | My_bus/U585          |              | NAND3_X1         | 0.044 | My_bus/n304          |       SPEF |   1.939 | 0.000 |   3.634 | 
     | My_bus/U585          | A3 ^ -> ZN v | NAND3_X1         | 0.084 | My_bus/n274          |            |   5.281 | 0.090 |   3.724 | 
     | My_bus/U574          |              | NAND2_X1         | 0.084 | My_bus/n274          |       SPEF |   5.281 | 0.000 |   3.724 | 
     | My_bus/U574          | A1 v -> ZN ^ | NAND2_X1         | 0.062 | My_bus/n273          |            |   5.298 | 0.116 |   3.840 | 
     | My_bus/U28           |              | NOR2_X2          | 0.062 | My_bus/n273          |       SPEF |   5.298 | 0.000 |   3.840 | 
     | My_bus/U28           | A1 ^ -> ZN v | NOR2_X2          | 0.035 | YOUR_ADDRBUS[29]     |            |  18.251 | 0.062 |   3.901 | 
     | My_bus/U32           |              | INV_X4           | 0.035 | YOUR_ADDRBUS[29]     |       SPEF |  18.251 | 0.001 |   3.903 | 
     | My_bus/U32           | A v -> ZN ^  | INV_X4           | 0.344 | My_bus/n103          |            | 164.075 | 0.380 |   4.282 | 
     | My_bus/U222          |              | NOR2_X1          | 0.344 | My_bus/n103          |       SPEF | 164.075 | 0.005 |   4.288 | 
     | My_bus/U222          | A2 ^ -> ZN v | NOR2_X1          | 0.095 | YOUR_ADDRBUS[26]     |            |  11.612 | 0.158 |   4.446 | 
     | my_aes               |              | aes128keyWrapper | 0.095 | YOUR_ADDRBUS[26]     |       SPEF |  11.612 | 0.002 |   4.448 | 
     +--------------------------------------------------------------------------------------------------------------------------------+ 

