###############################################################
#  Generated by:      Cadence Innovus 18.10-p002_1
#  OS:                Linux x86_64(Host ID ensc-esil-17)
#  Generated on:      Tue Apr 20 18:55:20 2021
#  Design:            ensc450
#  Command:           report_timing -net -format {instance arc cell slew net annotation load delay arrival} -max_paths 10 > results/timing/08-route.setup.rpt
###############################################################
Path 1: MET Setup Check with Pin My_DMA/raddr_reg_reg[31]/CK 
Endpoint:   My_DMA/raddr_reg_reg[31]/D (v) checked with  leading edge of 'CLK'
Beginpoint: My_DMA/raddr_reg_reg[0]/Q  (v) triggered by  leading edge of 'CLK'
Path Groups: {CLK}
Analysis View: ensc_av
Other End Arrival Time          0.000
- Setup                         0.160
+ Phase Shift                  10.000
= Required Time                 9.840
- Arrival Time                  9.072
= Slack Time                    0.768
     Clock Rise Edge                 0.000
     + Clock Network Latency (Ideal) 0.000
     = Beginpoint Arrival Time       0.000
     +---------------------------------------------------------------------------------------------------------------------------------+ 
     |         Instance         |     Arc      |   Cell   |  Slew |           Net            |    Arc     |   Load   | Delay | Arrival | 
     |                          |              |          |       |                          | Annotation |          |       |  Time   | 
     |--------------------------+--------------+----------+-------+--------------------------+------------+----------+-------+---------| 
     | My_DMA/raddr_reg_reg[0]  | CK ^         |          | 0.000 | clk                      |            | 1519.193 |       |   0.000 | 
     | My_DMA/raddr_reg_reg[0]  | CK ^ -> Q v  | DFF_X1   | 0.029 | My_DMA/raddr_reg[0]      |            |    6.763 | 0.259 |   0.259 | 
     | My_DMA/add_115/U14       |              | NAND2_X1 | 0.029 | My_DMA/raddr_reg[0]      |       SPEF |    6.763 | 0.000 |   0.259 | 
     | My_DMA/add_115/U14       | A2 v -> ZN ^ | NAND2_X1 | 0.032 | My_DMA/add_115/n9        |            |    1.766 | 0.060 |   0.319 | 
     | My_DMA/add_115/U15       |              | INV_X1   | 0.032 | My_DMA/add_115/n9        |       SPEF |    1.766 | 0.000 |   0.319 | 
     | My_DMA/add_115/U15       | A ^ -> ZN v  | INV_X1   | 0.012 | My_DMA/add_115/carry[1]  |            |    2.915 | 0.029 |   0.348 | 
     | My_DMA/add_115/U1_1      |              | FA_X1    | 0.012 | My_DMA/add_115/carry[1]  |       SPEF |    2.915 | 0.000 |   0.348 | 
     | My_DMA/add_115/U1_1      | CI v -> CO v | FA_X1    | 0.051 | My_DMA/add_115/carry[2]  |            |    3.272 | 0.265 |   0.613 | 
     | My_DMA/add_115/U1_2      |              | FA_X1    | 0.051 | My_DMA/add_115/carry[2]  |       SPEF |    3.272 | 0.000 |   0.613 | 
     | My_DMA/add_115/U1_2      | CI v -> CO v | FA_X1    | 0.051 | My_DMA/add_115/carry[3]  |            |    3.375 | 0.282 |   0.895 | 
     | My_DMA/add_115/U1_3      |              | FA_X1    | 0.051 | My_DMA/add_115/carry[3]  |       SPEF |    3.375 | 0.000 |   0.895 | 
     | My_DMA/add_115/U1_3      | CI v -> CO v | FA_X1    | 0.054 | My_DMA/add_115/carry[4]  |            |    4.144 | 0.288 |   1.183 | 
     | My_DMA/add_115/U1_4      |              | FA_X1    | 0.054 | My_DMA/add_115/carry[4]  |       SPEF |    4.144 | 0.000 |   1.184 | 
     | My_DMA/add_115/U1_4      | CI v -> CO v | FA_X1    | 0.049 | My_DMA/add_115/carry[5]  |            |    2.980 | 0.280 |   1.464 | 
     | My_DMA/add_115/U1_5      |              | FA_X1    | 0.049 | My_DMA/add_115/carry[5]  |       SPEF |    2.980 | 0.000 |   1.464 | 
     | My_DMA/add_115/U1_5      | CI v -> CO v | FA_X1    | 0.049 | My_DMA/add_115/carry[6]  |            |    2.983 | 0.278 |   1.742 | 
     | My_DMA/add_115/U1_6      |              | FA_X1    | 0.049 | My_DMA/add_115/carry[6]  |       SPEF |    2.983 | 0.000 |   1.742 | 
     | My_DMA/add_115/U1_6      | CI v -> CO v | FA_X1    | 0.051 | My_DMA/add_115/carry[7]  |            |    3.351 | 0.281 |   2.023 | 
     | My_DMA/add_115/U1_7      |              | FA_X1    | 0.051 | My_DMA/add_115/carry[7]  |       SPEF |    3.351 | 0.000 |   2.023 | 
     | My_DMA/add_115/U1_7      | CI v -> CO v | FA_X1    | 0.051 | My_DMA/add_115/carry[8]  |            |    3.423 | 0.282 |   2.305 | 
     | My_DMA/add_115/U1_8      |              | FA_X1    | 0.051 | My_DMA/add_115/carry[8]  |       SPEF |    3.423 | 0.000 |   2.305 | 
     | My_DMA/add_115/U1_8      | CI v -> CO v | FA_X1    | 0.053 | My_DMA/add_115/carry[9]  |            |    3.702 | 0.285 |   2.591 | 
     | My_DMA/add_115/U1_9      |              | FA_X1    | 0.053 | My_DMA/add_115/carry[9]  |       SPEF |    3.702 | 0.000 |   2.591 | 
     | My_DMA/add_115/U1_9      | CI v -> CO v | FA_X1    | 0.054 | My_DMA/add_115/carry[10] |            |    4.030 | 0.288 |   2.879 | 
     | My_DMA/add_115/U1_10     |              | FA_X1    | 0.054 | My_DMA/add_115/carry[10] |       SPEF |    4.030 | 0.000 |   2.879 | 
     | My_DMA/add_115/U1_10     | CI v -> CO v | FA_X1    | 0.050 | My_DMA/add_115/carry[11] |            |    3.114 | 0.281 |   3.160 | 
     | My_DMA/add_115/U1_11     |              | FA_X1    | 0.050 | My_DMA/add_115/carry[11] |       SPEF |    3.114 | 0.000 |   3.161 | 
     | My_DMA/add_115/U1_11     | CI v -> CO v | FA_X1    | 0.049 | My_DMA/add_115/carry[12] |            |    2.896 | 0.277 |   3.438 | 
     | My_DMA/add_115/U1_12     |              | FA_X1    | 0.049 | My_DMA/add_115/carry[12] |       SPEF |    2.896 | 0.000 |   3.438 | 
     | My_DMA/add_115/U1_12     | CI v -> CO v | FA_X1    | 0.052 | My_DMA/add_115/carry[13] |            |    3.635 | 0.283 |   3.721 | 
     | My_DMA/add_115/U1_13     |              | FA_X1    | 0.052 | My_DMA/add_115/carry[13] |       SPEF |    3.635 | 0.000 |   3.722 | 
     | My_DMA/add_115/U1_13     | CI v -> CO v | FA_X1    | 0.061 | My_DMA/add_115/carry[14] |            |    5.980 | 0.302 |   4.023 | 
     | My_DMA/add_115/U10       |              | NAND2_X1 | 0.061 | My_DMA/add_115/carry[14] |       SPEF |    5.980 | 0.000 |   4.023 | 
     | My_DMA/add_115/U10       | A1 v -> ZN ^ | NAND2_X1 | 0.033 | My_DMA/add_115/n7        |            |    1.658 | 0.069 |   4.093 | 
     | My_DMA/add_115/U12       |              | NAND3_X1 | 0.033 | My_DMA/add_115/n7        |       SPEF |    1.658 | 0.000 |   4.093 | 
     | My_DMA/add_115/U12       | A3 ^ -> ZN v | NAND3_X1 | 0.035 | My_DMA/add_115/carry[15] |            |    3.198 | 0.071 |   4.164 | 
     | My_DMA/add_115/U1_15     |              | FA_X1    | 0.035 | My_DMA/add_115/carry[15] |       SPEF |    3.198 | 0.000 |   4.164 | 
     | My_DMA/add_115/U1_15     | CI v -> CO v | FA_X1    | 0.050 | My_DMA/add_115/carry[16] |            |    3.154 | 0.273 |   4.437 | 
     | My_DMA/add_115/U1_16     |              | FA_X1    | 0.050 | My_DMA/add_115/carry[16] |       SPEF |    3.154 | 0.000 |   4.437 | 
     | My_DMA/add_115/U1_16     | CI v -> CO v | FA_X1    | 0.050 | My_DMA/add_115/carry[17] |            |    3.009 | 0.278 |   4.715 | 
     | My_DMA/add_115/U1_17     |              | FA_X1    | 0.050 | My_DMA/add_115/carry[17] |       SPEF |    3.009 | 0.000 |   4.716 | 
     | My_DMA/add_115/U1_17     | CI v -> CO v | FA_X1    | 0.052 | My_DMA/add_115/carry[18] |            |    3.580 | 0.283 |   4.999 | 
     | My_DMA/add_115/U1_18     |              | FA_X1    | 0.052 | My_DMA/add_115/carry[18] |       SPEF |    3.580 | 0.000 |   4.999 | 
     | My_DMA/add_115/U1_18     | CI v -> CO v | FA_X1    | 0.052 | My_DMA/add_115/carry[19] |            |    3.518 | 0.284 |   5.283 | 
     | My_DMA/add_115/U1_19     |              | FA_X1    | 0.052 | My_DMA/add_115/carry[19] |       SPEF |    3.518 | 0.000 |   5.283 | 
     | My_DMA/add_115/U1_19     | CI v -> CO v | FA_X1    | 0.050 | My_DMA/add_115/carry[20] |            |    3.079 | 0.280 |   5.563 | 
     | My_DMA/add_115/U1_20     |              | FA_X1    | 0.050 | My_DMA/add_115/carry[20] |       SPEF |    3.079 | 0.000 |   5.563 | 
     | My_DMA/add_115/U1_20     | CI v -> CO v | FA_X1    | 0.053 | My_DMA/add_115/carry[21] |            |    3.735 | 0.285 |   5.847 | 
     | My_DMA/add_115/U1_21     |              | FA_X1    | 0.053 | My_DMA/add_115/carry[21] |       SPEF |    3.735 | 0.000 |   5.848 | 
     | My_DMA/add_115/U1_21     | CI v -> CO v | FA_X1    | 0.049 | My_DMA/add_115/carry[22] |            |    2.887 | 0.279 |   6.126 | 
     | My_DMA/add_115/U1_22     |              | FA_X1    | 0.049 | My_DMA/add_115/carry[22] |       SPEF |    2.887 | 0.000 |   6.126 | 
     | My_DMA/add_115/U1_22     | CI v -> CO v | FA_X1    | 0.050 | My_DMA/add_115/carry[23] |            |    3.014 | 0.278 |   6.404 | 
     | My_DMA/add_115/U1_23     |              | FA_X1    | 0.050 | My_DMA/add_115/carry[23] |       SPEF |    3.014 | 0.000 |   6.404 | 
     | My_DMA/add_115/U1_23     | CI v -> CO v | FA_X1    | 0.063 | My_DMA/add_115/carry[24] |            |    6.462 | 0.304 |   6.708 | 
     | My_DMA/add_115/U4        |              | NAND2_X1 | 0.063 | My_DMA/add_115/carry[24] |       SPEF |    6.462 | 0.000 |   6.708 | 
     | My_DMA/add_115/U4        | A1 v -> ZN ^ | NAND2_X1 | 0.034 | My_DMA/add_115/n3        |            |    1.777 | 0.071 |   6.780 | 
     | My_DMA/add_115/U6        |              | NAND3_X1 | 0.034 | My_DMA/add_115/n3        |       SPEF |    1.777 | 0.000 |   6.780 | 
     | My_DMA/add_115/U6        | A3 ^ -> ZN v | NAND3_X1 | 0.034 | My_DMA/add_115/carry[25] |            |    3.068 | 0.070 |   6.850 | 
     | My_DMA/add_115/U1_25     |              | FA_X1    | 0.034 | My_DMA/add_115/carry[25] |       SPEF |    3.068 | 0.000 |   6.850 | 
     | My_DMA/add_115/U1_25     | CI v -> CO v | FA_X1    | 0.050 | My_DMA/add_115/carry[26] |            |    3.073 | 0.272 |   7.122 | 
     | My_DMA/add_115/U1_26     |              | FA_X1    | 0.050 | My_DMA/add_115/carry[26] |       SPEF |    3.073 | 0.000 |   7.122 | 
     | My_DMA/add_115/U1_26     | CI v -> CO v | FA_X1    | 0.052 | My_DMA/add_115/carry[27] |            |    3.552 | 0.283 |   7.405 | 
     | My_DMA/add_115/U1_27     |              | FA_X1    | 0.052 | My_DMA/add_115/carry[27] |       SPEF |    3.552 | 0.000 |   7.405 | 
     | My_DMA/add_115/U1_27     | CI v -> CO v | FA_X1    | 0.051 | My_DMA/add_115/carry[28] |            |    3.306 | 0.282 |   7.687 | 
     | My_DMA/add_115/U1_28     |              | FA_X1    | 0.051 | My_DMA/add_115/carry[28] |       SPEF |    3.306 | 0.000 |   7.687 | 
     | My_DMA/add_115/U1_28     | CI v -> CO v | FA_X1    | 0.050 | My_DMA/add_115/carry[29] |            |    3.035 | 0.279 |   7.966 | 
     | My_DMA/add_115/U1_29     |              | FA_X1    | 0.050 | My_DMA/add_115/carry[29] |       SPEF |    3.035 | 0.000 |   7.966 | 
     | My_DMA/add_115/U1_29     | CI v -> CO v | FA_X1    | 0.051 | My_DMA/add_115/carry[30] |            |    3.380 | 0.281 |   8.247 | 
     | My_DMA/add_115/U1_30     |              | FA_X1    | 0.051 | My_DMA/add_115/carry[30] |       SPEF |    3.380 | 0.000 |   8.248 | 
     | My_DMA/add_115/U1_30     | CI v -> CO v | FA_X1    | 0.051 | My_DMA/add_115/carry[31] |            |    3.425 | 0.282 |   8.530 | 
     | My_DMA/add_115/U1_31     |              | FA_X1    | 0.051 | My_DMA/add_115/carry[31] |       SPEF |    3.425 | 0.000 |   8.530 | 
     | My_DMA/add_115/U1_31     | CI v -> S v  | FA_X1    | 0.055 | My_DMA/N71               |            |    1.907 | 0.352 |   8.882 | 
     | My_DMA/U13               |              | AOI22_X1 | 0.055 | My_DMA/N71               |       SPEF |    1.907 | 0.000 |   8.882 | 
     | My_DMA/U13               | A1 v -> ZN ^ | AOI22_X1 | 0.095 | My_DMA/n23               |            |    1.839 | 0.132 |   9.014 | 
     | My_DMA/U671              |              | NAND2_X1 | 0.095 | My_DMA/n23               |       SPEF |    1.839 | 0.000 |   9.014 | 
     | My_DMA/U671              | A2 ^ -> ZN v | NAND2_X1 | 0.021 | My_DMA/n580              |            |    1.289 | 0.057 |   9.072 | 
     | My_DMA/raddr_reg_reg[31] |              | DFF_X1   | 0.021 | My_DMA/n580              |       SPEF |    1.289 | 0.000 |   9.072 | 
     +---------------------------------------------------------------------------------------------------------------------------------+ 
Path 2: MET Setup Check with Pin My_DMA/waddr_reg_reg[31]/CK 
Endpoint:   My_DMA/waddr_reg_reg[31]/D (v) checked with  leading edge of 'CLK'
Beginpoint: My_DMA/wstep_reg_reg[0]/Q  (v) triggered by  leading edge of 'CLK'
Path Groups: {CLK}
Analysis View: ensc_av
Other End Arrival Time          0.000
- Setup                         0.160
+ Phase Shift                  10.000
= Required Time                 9.840
- Arrival Time                  9.068
= Slack Time                    0.772
     Clock Rise Edge                 0.000
     + Clock Network Latency (Ideal) 0.000
     = Beginpoint Arrival Time       0.000
     +---------------------------------------------------------------------------------------------------------------------------------+ 
     |         Instance         |     Arc      |   Cell   |  Slew |           Net            |    Arc     |   Load   | Delay | Arrival | 
     |                          |              |          |       |                          | Annotation |          |       |  Time   | 
     |--------------------------+--------------+----------+-------+--------------------------+------------+----------+-------+---------| 
     | My_DMA/wstep_reg_reg[0]  | CK ^         |          | 0.000 | clk                      |            | 1519.193 |       |   0.000 | 
     | My_DMA/wstep_reg_reg[0]  | CK ^ -> Q v  | DFF_X1   | 0.029 | My_DMA/wstep_reg[0]      |            |    6.709 | 0.259 |   0.259 | 
     | My_DMA/add_116/U13       |              | NAND2_X1 | 0.029 | My_DMA/wstep_reg[0]      |       SPEF |    6.709 | 0.000 |   0.259 | 
     | My_DMA/add_116/U13       | A1 v -> ZN ^ | NAND2_X1 | 0.033 | My_DMA/add_116/n9        |            |    1.787 | 0.052 |   0.311 | 
     | My_DMA/add_116/U14       |              | INV_X1   | 0.033 | My_DMA/add_116/n9        |       SPEF |    1.787 | 0.000 |   0.311 | 
     | My_DMA/add_116/U14       | A ^ -> ZN v  | INV_X1   | 0.012 | My_DMA/add_116/carry[1]  |            |    2.899 | 0.029 |   0.340 | 
     | My_DMA/add_116/U1_1      |              | FA_X1    | 0.012 | My_DMA/add_116/carry[1]  |       SPEF |    2.899 | 0.000 |   0.340 | 
     | My_DMA/add_116/U1_1      | CI v -> CO v | FA_X1    | 0.050 | My_DMA/add_116/carry[2]  |            |    3.177 | 0.264 |   0.604 | 
     | My_DMA/add_116/U1_2      |              | FA_X1    | 0.050 | My_DMA/add_116/carry[2]  |       SPEF |    3.177 | 0.000 |   0.605 | 
     | My_DMA/add_116/U1_2      | CI v -> CO v | FA_X1    | 0.051 | My_DMA/add_116/carry[3]  |            |    3.311 | 0.281 |   0.886 | 
     | My_DMA/add_116/U1_3      |              | FA_X1    | 0.051 | My_DMA/add_116/carry[3]  |       SPEF |    3.311 | 0.000 |   0.886 | 
     | My_DMA/add_116/U1_3      | CI v -> CO v | FA_X1    | 0.054 | My_DMA/add_116/carry[4]  |            |    3.980 | 0.287 |   1.173 | 
     | My_DMA/add_116/U1_4      |              | FA_X1    | 0.054 | My_DMA/add_116/carry[4]  |       SPEF |    3.980 | 0.000 |   1.173 | 
     | My_DMA/add_116/U1_4      | CI v -> CO v | FA_X1    | 0.049 | My_DMA/add_116/carry[5]  |            |    2.819 | 0.278 |   1.451 | 
     | My_DMA/add_116/U1_5      |              | FA_X1    | 0.049 | My_DMA/add_116/carry[5]  |       SPEF |    2.819 | 0.000 |   1.451 | 
     | My_DMA/add_116/U1_5      | CI v -> CO v | FA_X1    | 0.049 | My_DMA/add_116/carry[6]  |            |    2.947 | 0.277 |   1.729 | 
     | My_DMA/add_116/U1_6      |              | FA_X1    | 0.049 | My_DMA/add_116/carry[6]  |       SPEF |    2.947 | 0.000 |   1.729 | 
     | My_DMA/add_116/U1_6      | CI v -> CO v | FA_X1    | 0.051 | My_DMA/add_116/carry[7]  |            |    3.277 | 0.280 |   2.009 | 
     | My_DMA/add_116/U1_7      |              | FA_X1    | 0.051 | My_DMA/add_116/carry[7]  |       SPEF |    3.277 | 0.000 |   2.009 | 
     | My_DMA/add_116/U1_7      | CI v -> CO v | FA_X1    | 0.051 | My_DMA/add_116/carry[8]  |            |    3.428 | 0.282 |   2.291 | 
     | My_DMA/add_116/U1_8      |              | FA_X1    | 0.051 | My_DMA/add_116/carry[8]  |       SPEF |    3.428 | 0.000 |   2.292 | 
     | My_DMA/add_116/U1_8      | CI v -> CO v | FA_X1    | 0.053 | My_DMA/add_116/carry[9]  |            |    3.904 | 0.287 |   2.578 | 
     | My_DMA/add_116/U1_9      |              | FA_X1    | 0.053 | My_DMA/add_116/carry[9]  |       SPEF |    3.904 | 0.000 |   2.579 | 
     | My_DMA/add_116/U1_9      | CI v -> CO v | FA_X1    | 0.053 | My_DMA/add_116/carry[10] |            |    3.899 | 0.288 |   2.866 | 
     | My_DMA/add_116/U1_10     |              | FA_X1    | 0.053 | My_DMA/add_116/carry[10] |       SPEF |    3.899 | 0.000 |   2.866 | 
     | My_DMA/add_116/U1_10     | CI v -> CO v | FA_X1    | 0.050 | My_DMA/add_116/carry[11] |            |    3.017 | 0.280 |   3.146 | 
     | My_DMA/add_116/U1_11     |              | FA_X1    | 0.050 | My_DMA/add_116/carry[11] |       SPEF |    3.017 | 0.000 |   3.147 | 
     | My_DMA/add_116/U1_11     | CI v -> CO v | FA_X1    | 0.050 | My_DMA/add_116/carry[12] |            |    3.205 | 0.280 |   3.426 | 
     | My_DMA/add_116/U1_12     |              | FA_X1    | 0.050 | My_DMA/add_116/carry[12] |       SPEF |    3.205 | 0.000 |   3.426 | 
     | My_DMA/add_116/U1_12     | CI v -> CO v | FA_X1    | 0.052 | My_DMA/add_116/carry[13] |            |    3.510 | 0.283 |   3.709 | 
     | My_DMA/add_116/U1_13     |              | FA_X1    | 0.052 | My_DMA/add_116/carry[13] |       SPEF |    3.510 | 0.000 |   3.709 | 
     | My_DMA/add_116/U1_13     | CI v -> CO v | FA_X1    | 0.062 | My_DMA/add_116/carry[14] |            |    6.188 | 0.303 |   4.012 | 
     | My_DMA/add_116/U10       |              | NAND2_X1 | 0.062 | My_DMA/add_116/carry[14] |       SPEF |    6.188 | 0.000 |   4.012 | 
     | My_DMA/add_116/U10       | A1 v -> ZN ^ | NAND2_X1 | 0.033 | My_DMA/add_116/n7        |            |    1.759 | 0.071 |   4.083 | 
     | My_DMA/add_116/U12       |              | NAND3_X1 | 0.033 | My_DMA/add_116/n7        |       SPEF |    1.759 | 0.000 |   4.083 | 
     | My_DMA/add_116/U12       | A3 ^ -> ZN v | NAND3_X1 | 0.034 | My_DMA/add_116/carry[15] |            |    3.059 | 0.070 |   4.153 | 
     | My_DMA/add_116/U1_15     |              | FA_X1    | 0.034 | My_DMA/add_116/carry[15] |       SPEF |    3.059 | 0.000 |   4.153 | 
     | My_DMA/add_116/U1_15     | CI v -> CO v | FA_X1    | 0.050 | My_DMA/add_116/carry[16] |            |    3.077 | 0.272 |   4.425 | 
     | My_DMA/add_116/U1_16     |              | FA_X1    | 0.050 | My_DMA/add_116/carry[16] |       SPEF |    3.077 | 0.000 |   4.425 | 
     | My_DMA/add_116/U1_16     | CI v -> CO v | FA_X1    | 0.050 | My_DMA/add_116/carry[17] |            |    3.160 | 0.280 |   4.705 | 
     | My_DMA/add_116/U1_17     |              | FA_X1    | 0.050 | My_DMA/add_116/carry[17] |       SPEF |    3.160 | 0.000 |   4.705 | 
     | My_DMA/add_116/U1_17     | CI v -> CO v | FA_X1    | 0.051 | My_DMA/add_116/carry[18] |            |    3.465 | 0.282 |   4.987 | 
     | My_DMA/add_116/U1_18     |              | FA_X1    | 0.051 | My_DMA/add_116/carry[18] |       SPEF |    3.465 | 0.000 |   4.987 | 
     | My_DMA/add_116/U1_18     | CI v -> CO v | FA_X1    | 0.049 | My_DMA/add_116/carry[19] |            |    2.956 | 0.279 |   5.266 | 
     | My_DMA/add_116/U1_19     |              | FA_X1    | 0.049 | My_DMA/add_116/carry[19] |       SPEF |    2.956 | 0.000 |   5.266 | 
     | My_DMA/add_116/U1_19     | CI v -> CO v | FA_X1    | 0.051 | My_DMA/add_116/carry[20] |            |    3.467 | 0.282 |   5.548 | 
     | My_DMA/add_116/U1_20     |              | FA_X1    | 0.051 | My_DMA/add_116/carry[20] |       SPEF |    3.467 | 0.000 |   5.548 | 
     | My_DMA/add_116/U1_20     | CI v -> CO v | FA_X1    | 0.050 | My_DMA/add_116/carry[21] |            |    3.137 | 0.280 |   5.828 | 
     | My_DMA/add_116/U1_21     |              | FA_X1    | 0.050 | My_DMA/add_116/carry[21] |       SPEF |    3.137 | 0.000 |   5.828 | 
     | My_DMA/add_116/U1_21     | CI v -> CO v | FA_X1    | 0.052 | My_DMA/add_116/carry[22] |            |    3.585 | 0.284 |   6.112 | 
     | My_DMA/add_116/U1_22     |              | FA_X1    | 0.052 | My_DMA/add_116/carry[22] |       SPEF |    3.585 | 0.000 |   6.112 | 
     | My_DMA/add_116/U1_22     | CI v -> CO v | FA_X1    | 0.051 | My_DMA/add_116/carry[23] |            |    3.287 | 0.282 |   6.394 | 
     | My_DMA/add_116/U1_23     |              | FA_X1    | 0.051 | My_DMA/add_116/carry[23] |       SPEF |    3.287 | 0.000 |   6.394 | 
     | My_DMA/add_116/U1_23     | CI v -> CO v | FA_X1    | 0.061 | My_DMA/add_116/carry[24] |            |    6.016 | 0.301 |   6.695 | 
     | My_DMA/add_116/U4        |              | NAND2_X1 | 0.061 | My_DMA/add_116/carry[24] |       SPEF |    6.016 | 0.000 |   6.695 | 
     | My_DMA/add_116/U4        | A1 v -> ZN ^ | NAND2_X1 | 0.034 | My_DMA/add_116/n3        |            |    1.850 | 0.071 |   6.767 | 
     | My_DMA/add_116/U6        |              | NAND3_X1 | 0.034 | My_DMA/add_116/n3        |       SPEF |    1.850 | 0.000 |   6.767 | 
     | My_DMA/add_116/U6        | A3 ^ -> ZN v | NAND3_X1 | 0.033 | My_DMA/add_116/carry[25] |            |    2.905 | 0.069 |   6.836 | 
     | My_DMA/add_116/U1_25     |              | FA_X1    | 0.033 | My_DMA/add_116/carry[25] |       SPEF |    2.905 | 0.000 |   6.836 | 
     | My_DMA/add_116/U1_25     | CI v -> CO v | FA_X1    | 0.054 | My_DMA/add_116/carry[26] |            |    4.006 | 0.279 |   7.115 | 
     | My_DMA/add_116/U1_26     |              | FA_X1    | 0.054 | My_DMA/add_116/carry[26] |       SPEF |    4.006 | 0.000 |   7.115 | 
     | My_DMA/add_116/U1_26     | CI v -> CO v | FA_X1    | 0.050 | My_DMA/add_116/carry[27] |            |    3.162 | 0.281 |   7.397 | 
     | My_DMA/add_116/U1_27     |              | FA_X1    | 0.050 | My_DMA/add_116/carry[27] |       SPEF |    3.162 | 0.000 |   7.397 | 
     | My_DMA/add_116/U1_27     | CI v -> CO v | FA_X1    | 0.054 | My_DMA/add_116/carry[28] |            |    4.163 | 0.288 |   7.685 | 
     | My_DMA/add_116/U1_28     |              | FA_X1    | 0.054 | My_DMA/add_116/carry[28] |       SPEF |    4.163 | 0.000 |   7.685 | 
     | My_DMA/add_116/U1_28     | CI v -> CO v | FA_X1    | 0.050 | My_DMA/add_116/carry[29] |            |    3.151 | 0.282 |   7.967 | 
     | My_DMA/add_116/U1_29     |              | FA_X1    | 0.050 | My_DMA/add_116/carry[29] |       SPEF |    3.151 | 0.000 |   7.967 | 
     | My_DMA/add_116/U1_29     | CI v -> CO v | FA_X1    | 0.050 | My_DMA/add_116/carry[30] |            |    3.035 | 0.279 |   8.245 | 
     | My_DMA/add_116/U1_30     |              | FA_X1    | 0.050 | My_DMA/add_116/carry[30] |       SPEF |    3.035 | 0.000 |   8.245 | 
     | My_DMA/add_116/U1_30     | CI v -> CO v | FA_X1    | 0.052 | My_DMA/add_116/carry[31] |            |    3.515 | 0.282 |   8.528 | 
     | My_DMA/add_116/U1_31     |              | FA_X1    | 0.052 | My_DMA/add_116/carry[31] |       SPEF |    3.515 | 0.000 |   8.528 | 
     | My_DMA/add_116/U1_31     | CI v -> S v  | FA_X1    | 0.054 | My_DMA/N103              |            |    1.598 | 0.348 |   8.876 | 
     | My_DMA/U77               |              | AOI22_X1 | 0.054 | My_DMA/N103              |       SPEF |    1.598 | 0.000 |   8.876 | 
     | My_DMA/U77               | A1 v -> ZN ^ | AOI22_X1 | 0.097 | My_DMA/n89               |            |    1.959 | 0.134 |   9.010 | 
     | My_DMA/U673              |              | NAND2_X1 | 0.097 | My_DMA/n89               |       SPEF |    1.959 | 0.000 |   9.010 | 
     | My_DMA/U673              | A2 ^ -> ZN v | NAND2_X1 | 0.022 | My_DMA/n612              |            |    1.320 | 0.058 |   9.068 | 
     | My_DMA/waddr_reg_reg[31] |              | DFF_X1   | 0.022 | My_DMA/n612              |       SPEF |    1.320 | 0.000 |   9.068 | 
     +---------------------------------------------------------------------------------------------------------------------------------+ 
Path 3: MET Setup Check with Pin My_DMA/raddr_reg_reg[30]/CK 
Endpoint:   My_DMA/raddr_reg_reg[30]/D (v) checked with  leading edge of 'CLK'
Beginpoint: My_DMA/raddr_reg_reg[0]/Q  (v) triggered by  leading edge of 'CLK'
Path Groups: {CLK}
Analysis View: ensc_av
Other End Arrival Time          0.000
- Setup                         0.184
+ Phase Shift                  10.000
= Required Time                 9.816
- Arrival Time                  8.798
= Slack Time                    1.018
     Clock Rise Edge                 0.000
     + Clock Network Latency (Ideal) 0.000
     = Beginpoint Arrival Time       0.000
     +---------------------------------------------------------------------------------------------------------------------------------+ 
     |         Instance         |     Arc      |   Cell   |  Slew |           Net            |    Arc     |   Load   | Delay | Arrival | 
     |                          |              |          |       |                          | Annotation |          |       |  Time   | 
     |--------------------------+--------------+----------+-------+--------------------------+------------+----------+-------+---------| 
     | My_DMA/raddr_reg_reg[0]  | CK ^         |          | 0.000 | clk                      |            | 1519.193 |       |   0.000 | 
     | My_DMA/raddr_reg_reg[0]  | CK ^ -> Q v  | DFF_X1   | 0.029 | My_DMA/raddr_reg[0]      |            |    6.763 | 0.259 |   0.259 | 
     | My_DMA/add_115/U14       |              | NAND2_X1 | 0.029 | My_DMA/raddr_reg[0]      |       SPEF |    6.763 | 0.000 |   0.259 | 
     | My_DMA/add_115/U14       | A2 v -> ZN ^ | NAND2_X1 | 0.032 | My_DMA/add_115/n9        |            |    1.766 | 0.060 |   0.319 | 
     | My_DMA/add_115/U15       |              | INV_X1   | 0.032 | My_DMA/add_115/n9        |       SPEF |    1.766 | 0.000 |   0.319 | 
     | My_DMA/add_115/U15       | A ^ -> ZN v  | INV_X1   | 0.012 | My_DMA/add_115/carry[1]  |            |    2.915 | 0.029 |   0.348 | 
     | My_DMA/add_115/U1_1      |              | FA_X1    | 0.012 | My_DMA/add_115/carry[1]  |       SPEF |    2.915 | 0.000 |   0.348 | 
     | My_DMA/add_115/U1_1      | CI v -> CO v | FA_X1    | 0.051 | My_DMA/add_115/carry[2]  |            |    3.272 | 0.265 |   0.613 | 
     | My_DMA/add_115/U1_2      |              | FA_X1    | 0.051 | My_DMA/add_115/carry[2]  |       SPEF |    3.272 | 0.000 |   0.613 | 
     | My_DMA/add_115/U1_2      | CI v -> CO v | FA_X1    | 0.051 | My_DMA/add_115/carry[3]  |            |    3.375 | 0.282 |   0.895 | 
     | My_DMA/add_115/U1_3      |              | FA_X1    | 0.051 | My_DMA/add_115/carry[3]  |       SPEF |    3.375 | 0.000 |   0.895 | 
     | My_DMA/add_115/U1_3      | CI v -> CO v | FA_X1    | 0.054 | My_DMA/add_115/carry[4]  |            |    4.144 | 0.288 |   1.183 | 
     | My_DMA/add_115/U1_4      |              | FA_X1    | 0.054 | My_DMA/add_115/carry[4]  |       SPEF |    4.144 | 0.000 |   1.184 | 
     | My_DMA/add_115/U1_4      | CI v -> CO v | FA_X1    | 0.049 | My_DMA/add_115/carry[5]  |            |    2.980 | 0.280 |   1.464 | 
     | My_DMA/add_115/U1_5      |              | FA_X1    | 0.049 | My_DMA/add_115/carry[5]  |       SPEF |    2.980 | 0.000 |   1.464 | 
     | My_DMA/add_115/U1_5      | CI v -> CO v | FA_X1    | 0.049 | My_DMA/add_115/carry[6]  |            |    2.983 | 0.278 |   1.742 | 
     | My_DMA/add_115/U1_6      |              | FA_X1    | 0.049 | My_DMA/add_115/carry[6]  |       SPEF |    2.983 | 0.000 |   1.742 | 
     | My_DMA/add_115/U1_6      | CI v -> CO v | FA_X1    | 0.051 | My_DMA/add_115/carry[7]  |            |    3.351 | 0.281 |   2.023 | 
     | My_DMA/add_115/U1_7      |              | FA_X1    | 0.051 | My_DMA/add_115/carry[7]  |       SPEF |    3.351 | 0.000 |   2.023 | 
     | My_DMA/add_115/U1_7      | CI v -> CO v | FA_X1    | 0.051 | My_DMA/add_115/carry[8]  |            |    3.423 | 0.282 |   2.305 | 
     | My_DMA/add_115/U1_8      |              | FA_X1    | 0.051 | My_DMA/add_115/carry[8]  |       SPEF |    3.423 | 0.000 |   2.305 | 
     | My_DMA/add_115/U1_8      | CI v -> CO v | FA_X1    | 0.053 | My_DMA/add_115/carry[9]  |            |    3.702 | 0.285 |   2.590 | 
     | My_DMA/add_115/U1_9      |              | FA_X1    | 0.053 | My_DMA/add_115/carry[9]  |       SPEF |    3.702 | 0.000 |   2.591 | 
     | My_DMA/add_115/U1_9      | CI v -> CO v | FA_X1    | 0.054 | My_DMA/add_115/carry[10] |            |    4.030 | 0.288 |   2.879 | 
     | My_DMA/add_115/U1_10     |              | FA_X1    | 0.054 | My_DMA/add_115/carry[10] |       SPEF |    4.030 | 0.000 |   2.879 | 
     | My_DMA/add_115/U1_10     | CI v -> CO v | FA_X1    | 0.050 | My_DMA/add_115/carry[11] |            |    3.114 | 0.281 |   3.160 | 
     | My_DMA/add_115/U1_11     |              | FA_X1    | 0.050 | My_DMA/add_115/carry[11] |       SPEF |    3.114 | 0.000 |   3.160 | 
     | My_DMA/add_115/U1_11     | CI v -> CO v | FA_X1    | 0.049 | My_DMA/add_115/carry[12] |            |    2.896 | 0.277 |   3.438 | 
     | My_DMA/add_115/U1_12     |              | FA_X1    | 0.049 | My_DMA/add_115/carry[12] |       SPEF |    2.896 | 0.000 |   3.438 | 
     | My_DMA/add_115/U1_12     | CI v -> CO v | FA_X1    | 0.052 | My_DMA/add_115/carry[13] |            |    3.635 | 0.283 |   3.721 | 
     | My_DMA/add_115/U1_13     |              | FA_X1    | 0.052 | My_DMA/add_115/carry[13] |       SPEF |    3.635 | 0.000 |   3.722 | 
     | My_DMA/add_115/U1_13     | CI v -> CO v | FA_X1    | 0.061 | My_DMA/add_115/carry[14] |            |    5.980 | 0.302 |   4.023 | 
     | My_DMA/add_115/U10       |              | NAND2_X1 | 0.061 | My_DMA/add_115/carry[14] |       SPEF |    5.980 | 0.000 |   4.023 | 
     | My_DMA/add_115/U10       | A1 v -> ZN ^ | NAND2_X1 | 0.033 | My_DMA/add_115/n7        |            |    1.658 | 0.069 |   4.093 | 
     | My_DMA/add_115/U12       |              | NAND3_X1 | 0.033 | My_DMA/add_115/n7        |       SPEF |    1.658 | 0.000 |   4.093 | 
     | My_DMA/add_115/U12       | A3 ^ -> ZN v | NAND3_X1 | 0.035 | My_DMA/add_115/carry[15] |            |    3.198 | 0.071 |   4.164 | 
     | My_DMA/add_115/U1_15     |              | FA_X1    | 0.035 | My_DMA/add_115/carry[15] |       SPEF |    3.198 | 0.000 |   4.164 | 
     | My_DMA/add_115/U1_15     | CI v -> CO v | FA_X1    | 0.050 | My_DMA/add_115/carry[16] |            |    3.154 | 0.273 |   4.437 | 
     | My_DMA/add_115/U1_16     |              | FA_X1    | 0.050 | My_DMA/add_115/carry[16] |       SPEF |    3.154 | 0.000 |   4.437 | 
     | My_DMA/add_115/U1_16     | CI v -> CO v | FA_X1    | 0.050 | My_DMA/add_115/carry[17] |            |    3.009 | 0.278 |   4.715 | 
     | My_DMA/add_115/U1_17     |              | FA_X1    | 0.050 | My_DMA/add_115/carry[17] |       SPEF |    3.009 | 0.000 |   4.715 | 
     | My_DMA/add_115/U1_17     | CI v -> CO v | FA_X1    | 0.052 | My_DMA/add_115/carry[18] |            |    3.580 | 0.283 |   4.999 | 
     | My_DMA/add_115/U1_18     |              | FA_X1    | 0.052 | My_DMA/add_115/carry[18] |       SPEF |    3.580 | 0.000 |   4.999 | 
     | My_DMA/add_115/U1_18     | CI v -> CO v | FA_X1    | 0.052 | My_DMA/add_115/carry[19] |            |    3.518 | 0.284 |   5.283 | 
     | My_DMA/add_115/U1_19     |              | FA_X1    | 0.052 | My_DMA/add_115/carry[19] |       SPEF |    3.518 | 0.000 |   5.283 | 
     | My_DMA/add_115/U1_19     | CI v -> CO v | FA_X1    | 0.050 | My_DMA/add_115/carry[20] |            |    3.079 | 0.280 |   5.563 | 
     | My_DMA/add_115/U1_20     |              | FA_X1    | 0.050 | My_DMA/add_115/carry[20] |       SPEF |    3.079 | 0.000 |   5.563 | 
     | My_DMA/add_115/U1_20     | CI v -> CO v | FA_X1    | 0.053 | My_DMA/add_115/carry[21] |            |    3.735 | 0.285 |   5.847 | 
     | My_DMA/add_115/U1_21     |              | FA_X1    | 0.053 | My_DMA/add_115/carry[21] |       SPEF |    3.735 | 0.000 |   5.848 | 
     | My_DMA/add_115/U1_21     | CI v -> CO v | FA_X1    | 0.049 | My_DMA/add_115/carry[22] |            |    2.887 | 0.279 |   6.126 | 
     | My_DMA/add_115/U1_22     |              | FA_X1    | 0.049 | My_DMA/add_115/carry[22] |       SPEF |    2.887 | 0.000 |   6.126 | 
     | My_DMA/add_115/U1_22     | CI v -> CO v | FA_X1    | 0.050 | My_DMA/add_115/carry[23] |            |    3.014 | 0.278 |   6.404 | 
     | My_DMA/add_115/U1_23     |              | FA_X1    | 0.050 | My_DMA/add_115/carry[23] |       SPEF |    3.014 | 0.000 |   6.404 | 
     | My_DMA/add_115/U1_23     | CI v -> CO v | FA_X1    | 0.063 | My_DMA/add_115/carry[24] |            |    6.462 | 0.304 |   6.708 | 
     | My_DMA/add_115/U4        |              | NAND2_X1 | 0.063 | My_DMA/add_115/carry[24] |       SPEF |    6.462 | 0.000 |   6.708 | 
     | My_DMA/add_115/U4        | A1 v -> ZN ^ | NAND2_X1 | 0.034 | My_DMA/add_115/n3        |            |    1.777 | 0.071 |   6.780 | 
     | My_DMA/add_115/U6        |              | NAND3_X1 | 0.034 | My_DMA/add_115/n3        |       SPEF |    1.777 | 0.000 |   6.780 | 
     | My_DMA/add_115/U6        | A3 ^ -> ZN v | NAND3_X1 | 0.034 | My_DMA/add_115/carry[25] |            |    3.068 | 0.070 |   6.850 | 
     | My_DMA/add_115/U1_25     |              | FA_X1    | 0.034 | My_DMA/add_115/carry[25] |       SPEF |    3.068 | 0.000 |   6.850 | 
     | My_DMA/add_115/U1_25     | CI v -> CO v | FA_X1    | 0.050 | My_DMA/add_115/carry[26] |            |    3.073 | 0.272 |   7.122 | 
     | My_DMA/add_115/U1_26     |              | FA_X1    | 0.050 | My_DMA/add_115/carry[26] |       SPEF |    3.073 | 0.000 |   7.122 | 
     | My_DMA/add_115/U1_26     | CI v -> CO v | FA_X1    | 0.052 | My_DMA/add_115/carry[27] |            |    3.552 | 0.283 |   7.405 | 
     | My_DMA/add_115/U1_27     |              | FA_X1    | 0.052 | My_DMA/add_115/carry[27] |       SPEF |    3.552 | 0.000 |   7.405 | 
     | My_DMA/add_115/U1_27     | CI v -> CO v | FA_X1    | 0.051 | My_DMA/add_115/carry[28] |            |    3.306 | 0.282 |   7.687 | 
     | My_DMA/add_115/U1_28     |              | FA_X1    | 0.051 | My_DMA/add_115/carry[28] |       SPEF |    3.306 | 0.000 |   7.687 | 
     | My_DMA/add_115/U1_28     | CI v -> CO v | FA_X1    | 0.050 | My_DMA/add_115/carry[29] |            |    3.035 | 0.279 |   7.966 | 
     | My_DMA/add_115/U1_29     |              | FA_X1    | 0.050 | My_DMA/add_115/carry[29] |       SPEF |    3.035 | 0.000 |   7.966 | 
     | My_DMA/add_115/U1_29     | CI v -> CO v | FA_X1    | 0.051 | My_DMA/add_115/carry[30] |            |    3.380 | 0.281 |   8.247 | 
     | My_DMA/add_115/U1_30     |              | FA_X1    | 0.051 | My_DMA/add_115/carry[30] |       SPEF |    3.380 | 0.000 |   8.248 | 
     | My_DMA/add_115/U1_30     | CI v -> S v  | FA_X1    | 0.054 | My_DMA/N70               |            |    1.655 | 0.348 |   8.596 | 
     | My_DMA/U15               |              | AOI22_X1 | 0.054 | My_DMA/N70               |       SPEF |    1.655 | 0.000 |   8.596 | 
     | My_DMA/U15               | A1 v -> ZN ^ | AOI22_X1 | 0.094 | My_DMA/n27               |            |    1.794 | 0.131 |   8.727 | 
     | My_DMA/U14               |              | OAI21_X1 | 0.094 | My_DMA/n27               |       SPEF |    1.794 | 0.000 |   8.727 | 
     | My_DMA/U14               | A ^ -> ZN v  | OAI21_X1 | 0.067 | My_DMA/n581              |            |    1.211 | 0.071 |   8.798 | 
     | My_DMA/raddr_reg_reg[30] |              | DFF_X1   | 0.067 | My_DMA/n581              |       SPEF |    1.211 | 0.000 |   8.798 | 
     +---------------------------------------------------------------------------------------------------------------------------------+ 
Path 4: MET Setup Check with Pin My_DMA/waddr_reg_reg[30]/CK 
Endpoint:   My_DMA/waddr_reg_reg[30]/D (v) checked with  leading edge of 'CLK'
Beginpoint: My_DMA/wstep_reg_reg[0]/Q  (v) triggered by  leading edge of 'CLK'
Path Groups: {CLK}
Analysis View: ensc_av
Other End Arrival Time          0.000
- Setup                         0.184
+ Phase Shift                  10.000
= Required Time                 9.816
- Arrival Time                  8.796
= Slack Time                    1.019
     Clock Rise Edge                 0.000
     + Clock Network Latency (Ideal) 0.000
     = Beginpoint Arrival Time       0.000
     +---------------------------------------------------------------------------------------------------------------------------------+ 
     |         Instance         |     Arc      |   Cell   |  Slew |           Net            |    Arc     |   Load   | Delay | Arrival | 
     |                          |              |          |       |                          | Annotation |          |       |  Time   | 
     |--------------------------+--------------+----------+-------+--------------------------+------------+----------+-------+---------| 
     | My_DMA/wstep_reg_reg[0]  | CK ^         |          | 0.000 | clk                      |            | 1519.193 |       |   0.000 | 
     | My_DMA/wstep_reg_reg[0]  | CK ^ -> Q v  | DFF_X1   | 0.029 | My_DMA/wstep_reg[0]      |            |    6.709 | 0.259 |   0.259 | 
     | My_DMA/add_116/U13       |              | NAND2_X1 | 0.029 | My_DMA/wstep_reg[0]      |       SPEF |    6.709 | 0.000 |   0.259 | 
     | My_DMA/add_116/U13       | A1 v -> ZN ^ | NAND2_X1 | 0.033 | My_DMA/add_116/n9        |            |    1.787 | 0.052 |   0.311 | 
     | My_DMA/add_116/U14       |              | INV_X1   | 0.033 | My_DMA/add_116/n9        |       SPEF |    1.787 | 0.000 |   0.311 | 
     | My_DMA/add_116/U14       | A ^ -> ZN v  | INV_X1   | 0.012 | My_DMA/add_116/carry[1]  |            |    2.899 | 0.029 |   0.340 | 
     | My_DMA/add_116/U1_1      |              | FA_X1    | 0.012 | My_DMA/add_116/carry[1]  |       SPEF |    2.899 | 0.000 |   0.340 | 
     | My_DMA/add_116/U1_1      | CI v -> CO v | FA_X1    | 0.050 | My_DMA/add_116/carry[2]  |            |    3.177 | 0.264 |   0.604 | 
     | My_DMA/add_116/U1_2      |              | FA_X1    | 0.050 | My_DMA/add_116/carry[2]  |       SPEF |    3.177 | 0.000 |   0.605 | 
     | My_DMA/add_116/U1_2      | CI v -> CO v | FA_X1    | 0.051 | My_DMA/add_116/carry[3]  |            |    3.311 | 0.281 |   0.886 | 
     | My_DMA/add_116/U1_3      |              | FA_X1    | 0.051 | My_DMA/add_116/carry[3]  |       SPEF |    3.311 | 0.000 |   0.886 | 
     | My_DMA/add_116/U1_3      | CI v -> CO v | FA_X1    | 0.054 | My_DMA/add_116/carry[4]  |            |    3.980 | 0.287 |   1.173 | 
     | My_DMA/add_116/U1_4      |              | FA_X1    | 0.054 | My_DMA/add_116/carry[4]  |       SPEF |    3.980 | 0.000 |   1.173 | 
     | My_DMA/add_116/U1_4      | CI v -> CO v | FA_X1    | 0.049 | My_DMA/add_116/carry[5]  |            |    2.819 | 0.278 |   1.451 | 
     | My_DMA/add_116/U1_5      |              | FA_X1    | 0.049 | My_DMA/add_116/carry[5]  |       SPEF |    2.819 | 0.000 |   1.451 | 
     | My_DMA/add_116/U1_5      | CI v -> CO v | FA_X1    | 0.049 | My_DMA/add_116/carry[6]  |            |    2.947 | 0.277 |   1.729 | 
     | My_DMA/add_116/U1_6      |              | FA_X1    | 0.049 | My_DMA/add_116/carry[6]  |       SPEF |    2.947 | 0.000 |   1.729 | 
     | My_DMA/add_116/U1_6      | CI v -> CO v | FA_X1    | 0.051 | My_DMA/add_116/carry[7]  |            |    3.277 | 0.280 |   2.009 | 
     | My_DMA/add_116/U1_7      |              | FA_X1    | 0.051 | My_DMA/add_116/carry[7]  |       SPEF |    3.277 | 0.000 |   2.009 | 
     | My_DMA/add_116/U1_7      | CI v -> CO v | FA_X1    | 0.051 | My_DMA/add_116/carry[8]  |            |    3.428 | 0.282 |   2.291 | 
     | My_DMA/add_116/U1_8      |              | FA_X1    | 0.051 | My_DMA/add_116/carry[8]  |       SPEF |    3.428 | 0.000 |   2.292 | 
     | My_DMA/add_116/U1_8      | CI v -> CO v | FA_X1    | 0.053 | My_DMA/add_116/carry[9]  |            |    3.904 | 0.287 |   2.578 | 
     | My_DMA/add_116/U1_9      |              | FA_X1    | 0.053 | My_DMA/add_116/carry[9]  |       SPEF |    3.904 | 0.000 |   2.579 | 
     | My_DMA/add_116/U1_9      | CI v -> CO v | FA_X1    | 0.053 | My_DMA/add_116/carry[10] |            |    3.899 | 0.288 |   2.866 | 
     | My_DMA/add_116/U1_10     |              | FA_X1    | 0.053 | My_DMA/add_116/carry[10] |       SPEF |    3.899 | 0.000 |   2.866 | 
     | My_DMA/add_116/U1_10     | CI v -> CO v | FA_X1    | 0.050 | My_DMA/add_116/carry[11] |            |    3.017 | 0.280 |   3.146 | 
     | My_DMA/add_116/U1_11     |              | FA_X1    | 0.050 | My_DMA/add_116/carry[11] |       SPEF |    3.017 | 0.000 |   3.147 | 
     | My_DMA/add_116/U1_11     | CI v -> CO v | FA_X1    | 0.050 | My_DMA/add_116/carry[12] |            |    3.205 | 0.280 |   3.426 | 
     | My_DMA/add_116/U1_12     |              | FA_X1    | 0.050 | My_DMA/add_116/carry[12] |       SPEF |    3.205 | 0.000 |   3.426 | 
     | My_DMA/add_116/U1_12     | CI v -> CO v | FA_X1    | 0.052 | My_DMA/add_116/carry[13] |            |    3.510 | 0.283 |   3.709 | 
     | My_DMA/add_116/U1_13     |              | FA_X1    | 0.052 | My_DMA/add_116/carry[13] |       SPEF |    3.510 | 0.000 |   3.709 | 
     | My_DMA/add_116/U1_13     | CI v -> CO v | FA_X1    | 0.062 | My_DMA/add_116/carry[14] |            |    6.188 | 0.303 |   4.012 | 
     | My_DMA/add_116/U10       |              | NAND2_X1 | 0.062 | My_DMA/add_116/carry[14] |       SPEF |    6.188 | 0.000 |   4.012 | 
     | My_DMA/add_116/U10       | A1 v -> ZN ^ | NAND2_X1 | 0.033 | My_DMA/add_116/n7        |            |    1.759 | 0.071 |   4.083 | 
     | My_DMA/add_116/U12       |              | NAND3_X1 | 0.033 | My_DMA/add_116/n7        |       SPEF |    1.759 | 0.000 |   4.083 | 
     | My_DMA/add_116/U12       | A3 ^ -> ZN v | NAND3_X1 | 0.034 | My_DMA/add_116/carry[15] |            |    3.059 | 0.070 |   4.153 | 
     | My_DMA/add_116/U1_15     |              | FA_X1    | 0.034 | My_DMA/add_116/carry[15] |       SPEF |    3.059 | 0.000 |   4.153 | 
     | My_DMA/add_116/U1_15     | CI v -> CO v | FA_X1    | 0.050 | My_DMA/add_116/carry[16] |            |    3.077 | 0.272 |   4.425 | 
     | My_DMA/add_116/U1_16     |              | FA_X1    | 0.050 | My_DMA/add_116/carry[16] |       SPEF |    3.077 | 0.000 |   4.425 | 
     | My_DMA/add_116/U1_16     | CI v -> CO v | FA_X1    | 0.050 | My_DMA/add_116/carry[17] |            |    3.160 | 0.280 |   4.705 | 
     | My_DMA/add_116/U1_17     |              | FA_X1    | 0.050 | My_DMA/add_116/carry[17] |       SPEF |    3.160 | 0.000 |   4.705 | 
     | My_DMA/add_116/U1_17     | CI v -> CO v | FA_X1    | 0.051 | My_DMA/add_116/carry[18] |            |    3.465 | 0.282 |   4.987 | 
     | My_DMA/add_116/U1_18     |              | FA_X1    | 0.051 | My_DMA/add_116/carry[18] |       SPEF |    3.465 | 0.000 |   4.987 | 
     | My_DMA/add_116/U1_18     | CI v -> CO v | FA_X1    | 0.049 | My_DMA/add_116/carry[19] |            |    2.956 | 0.279 |   5.266 | 
     | My_DMA/add_116/U1_19     |              | FA_X1    | 0.049 | My_DMA/add_116/carry[19] |       SPEF |    2.956 | 0.000 |   5.266 | 
     | My_DMA/add_116/U1_19     | CI v -> CO v | FA_X1    | 0.051 | My_DMA/add_116/carry[20] |            |    3.467 | 0.282 |   5.548 | 
     | My_DMA/add_116/U1_20     |              | FA_X1    | 0.051 | My_DMA/add_116/carry[20] |       SPEF |    3.467 | 0.000 |   5.548 | 
     | My_DMA/add_116/U1_20     | CI v -> CO v | FA_X1    | 0.050 | My_DMA/add_116/carry[21] |            |    3.137 | 0.280 |   5.828 | 
     | My_DMA/add_116/U1_21     |              | FA_X1    | 0.050 | My_DMA/add_116/carry[21] |       SPEF |    3.137 | 0.000 |   5.828 | 
     | My_DMA/add_116/U1_21     | CI v -> CO v | FA_X1    | 0.052 | My_DMA/add_116/carry[22] |            |    3.585 | 0.284 |   6.112 | 
     | My_DMA/add_116/U1_22     |              | FA_X1    | 0.052 | My_DMA/add_116/carry[22] |       SPEF |    3.585 | 0.000 |   6.112 | 
     | My_DMA/add_116/U1_22     | CI v -> CO v | FA_X1    | 0.051 | My_DMA/add_116/carry[23] |            |    3.287 | 0.282 |   6.394 | 
     | My_DMA/add_116/U1_23     |              | FA_X1    | 0.051 | My_DMA/add_116/carry[23] |       SPEF |    3.287 | 0.000 |   6.394 | 
     | My_DMA/add_116/U1_23     | CI v -> CO v | FA_X1    | 0.061 | My_DMA/add_116/carry[24] |            |    6.016 | 0.301 |   6.695 | 
     | My_DMA/add_116/U4        |              | NAND2_X1 | 0.061 | My_DMA/add_116/carry[24] |       SPEF |    6.016 | 0.000 |   6.695 | 
     | My_DMA/add_116/U4        | A1 v -> ZN ^ | NAND2_X1 | 0.034 | My_DMA/add_116/n3        |            |    1.850 | 0.071 |   6.767 | 
     | My_DMA/add_116/U6        |              | NAND3_X1 | 0.034 | My_DMA/add_116/n3        |       SPEF |    1.850 | 0.000 |   6.767 | 
     | My_DMA/add_116/U6        | A3 ^ -> ZN v | NAND3_X1 | 0.033 | My_DMA/add_116/carry[25] |            |    2.905 | 0.069 |   6.836 | 
     | My_DMA/add_116/U1_25     |              | FA_X1    | 0.033 | My_DMA/add_116/carry[25] |       SPEF |    2.905 | 0.000 |   6.836 | 
     | My_DMA/add_116/U1_25     | CI v -> CO v | FA_X1    | 0.054 | My_DMA/add_116/carry[26] |            |    4.006 | 0.279 |   7.115 | 
     | My_DMA/add_116/U1_26     |              | FA_X1    | 0.054 | My_DMA/add_116/carry[26] |       SPEF |    4.006 | 0.000 |   7.115 | 
     | My_DMA/add_116/U1_26     | CI v -> CO v | FA_X1    | 0.050 | My_DMA/add_116/carry[27] |            |    3.162 | 0.281 |   7.396 | 
     | My_DMA/add_116/U1_27     |              | FA_X1    | 0.050 | My_DMA/add_116/carry[27] |       SPEF |    3.162 | 0.000 |   7.397 | 
     | My_DMA/add_116/U1_27     | CI v -> CO v | FA_X1    | 0.054 | My_DMA/add_116/carry[28] |            |    4.163 | 0.288 |   7.685 | 
     | My_DMA/add_116/U1_28     |              | FA_X1    | 0.054 | My_DMA/add_116/carry[28] |       SPEF |    4.163 | 0.000 |   7.685 | 
     | My_DMA/add_116/U1_28     | CI v -> CO v | FA_X1    | 0.050 | My_DMA/add_116/carry[29] |            |    3.151 | 0.282 |   7.967 | 
     | My_DMA/add_116/U1_29     |              | FA_X1    | 0.050 | My_DMA/add_116/carry[29] |       SPEF |    3.151 | 0.000 |   7.967 | 
     | My_DMA/add_116/U1_29     | CI v -> CO v | FA_X1    | 0.050 | My_DMA/add_116/carry[30] |            |    3.035 | 0.279 |   8.245 | 
     | My_DMA/add_116/U1_30     |              | FA_X1    | 0.050 | My_DMA/add_116/carry[30] |       SPEF |    3.035 | 0.000 |   8.245 | 
     | My_DMA/add_116/U1_30     | CI v -> S v  | FA_X1    | 0.054 | My_DMA/N102              |            |    1.615 | 0.347 |   8.593 | 
     | My_DMA/U79               |              | AOI22_X1 | 0.054 | My_DMA/N102              |       SPEF |    1.615 | 0.000 |   8.593 | 
     | My_DMA/U79               | A1 v -> ZN ^ | AOI22_X1 | 0.094 | My_DMA/n91               |            |    1.811 | 0.131 |   8.724 | 
     | My_DMA/U78               |              | OAI21_X1 | 0.094 | My_DMA/n91               |       SPEF |    1.811 | 0.000 |   8.724 | 
     | My_DMA/U78               | A ^ -> ZN v  | OAI21_X1 | 0.068 | My_DMA/n613              |            |    1.358 | 0.072 |   8.796 | 
     | My_DMA/waddr_reg_reg[30] |              | DFF_X1   | 0.068 | My_DMA/n613              |       SPEF |    1.358 | 0.000 |   8.796 | 
     +---------------------------------------------------------------------------------------------------------------------------------+ 
Path 5: MET Setup Check with Pin My_DMA/raddr_reg_reg[29]/CK 
Endpoint:   My_DMA/raddr_reg_reg[29]/D (v) checked with  leading edge of 'CLK'
Beginpoint: My_DMA/raddr_reg_reg[0]/Q  (v) triggered by  leading edge of 'CLK'
Path Groups: {CLK}
Analysis View: ensc_av
Other End Arrival Time          0.000
- Setup                         0.184
+ Phase Shift                  10.000
= Required Time                 9.816
- Arrival Time                  8.527
= Slack Time                    1.289
     Clock Rise Edge                 0.000
     + Clock Network Latency (Ideal) 0.000
     = Beginpoint Arrival Time       0.000
     +---------------------------------------------------------------------------------------------------------------------------------+ 
     |         Instance         |     Arc      |   Cell   |  Slew |           Net            |    Arc     |   Load   | Delay | Arrival | 
     |                          |              |          |       |                          | Annotation |          |       |  Time   | 
     |--------------------------+--------------+----------+-------+--------------------------+------------+----------+-------+---------| 
     | My_DMA/raddr_reg_reg[0]  | CK ^         |          | 0.000 | clk                      |            | 1519.193 |       |   0.000 | 
     | My_DMA/raddr_reg_reg[0]  | CK ^ -> Q v  | DFF_X1   | 0.029 | My_DMA/raddr_reg[0]      |            |    6.763 | 0.259 |   0.259 | 
     | My_DMA/add_115/U14       |              | NAND2_X1 | 0.029 | My_DMA/raddr_reg[0]      |       SPEF |    6.763 | 0.000 |   0.259 | 
     | My_DMA/add_115/U14       | A2 v -> ZN ^ | NAND2_X1 | 0.032 | My_DMA/add_115/n9        |            |    1.766 | 0.060 |   0.319 | 
     | My_DMA/add_115/U15       |              | INV_X1   | 0.032 | My_DMA/add_115/n9        |       SPEF |    1.766 | 0.000 |   0.319 | 
     | My_DMA/add_115/U15       | A ^ -> ZN v  | INV_X1   | 0.012 | My_DMA/add_115/carry[1]  |            |    2.915 | 0.029 |   0.348 | 
     | My_DMA/add_115/U1_1      |              | FA_X1    | 0.012 | My_DMA/add_115/carry[1]  |       SPEF |    2.915 | 0.000 |   0.348 | 
     | My_DMA/add_115/U1_1      | CI v -> CO v | FA_X1    | 0.051 | My_DMA/add_115/carry[2]  |            |    3.272 | 0.265 |   0.613 | 
     | My_DMA/add_115/U1_2      |              | FA_X1    | 0.051 | My_DMA/add_115/carry[2]  |       SPEF |    3.272 | 0.000 |   0.613 | 
     | My_DMA/add_115/U1_2      | CI v -> CO v | FA_X1    | 0.051 | My_DMA/add_115/carry[3]  |            |    3.375 | 0.282 |   0.895 | 
     | My_DMA/add_115/U1_3      |              | FA_X1    | 0.051 | My_DMA/add_115/carry[3]  |       SPEF |    3.375 | 0.000 |   0.895 | 
     | My_DMA/add_115/U1_3      | CI v -> CO v | FA_X1    | 0.054 | My_DMA/add_115/carry[4]  |            |    4.144 | 0.288 |   1.183 | 
     | My_DMA/add_115/U1_4      |              | FA_X1    | 0.054 | My_DMA/add_115/carry[4]  |       SPEF |    4.144 | 0.000 |   1.184 | 
     | My_DMA/add_115/U1_4      | CI v -> CO v | FA_X1    | 0.049 | My_DMA/add_115/carry[5]  |            |    2.980 | 0.280 |   1.464 | 
     | My_DMA/add_115/U1_5      |              | FA_X1    | 0.049 | My_DMA/add_115/carry[5]  |       SPEF |    2.980 | 0.000 |   1.464 | 
     | My_DMA/add_115/U1_5      | CI v -> CO v | FA_X1    | 0.049 | My_DMA/add_115/carry[6]  |            |    2.983 | 0.278 |   1.742 | 
     | My_DMA/add_115/U1_6      |              | FA_X1    | 0.049 | My_DMA/add_115/carry[6]  |       SPEF |    2.983 | 0.000 |   1.742 | 
     | My_DMA/add_115/U1_6      | CI v -> CO v | FA_X1    | 0.051 | My_DMA/add_115/carry[7]  |            |    3.351 | 0.281 |   2.023 | 
     | My_DMA/add_115/U1_7      |              | FA_X1    | 0.051 | My_DMA/add_115/carry[7]  |       SPEF |    3.351 | 0.000 |   2.023 | 
     | My_DMA/add_115/U1_7      | CI v -> CO v | FA_X1    | 0.051 | My_DMA/add_115/carry[8]  |            |    3.423 | 0.282 |   2.305 | 
     | My_DMA/add_115/U1_8      |              | FA_X1    | 0.051 | My_DMA/add_115/carry[8]  |       SPEF |    3.423 | 0.000 |   2.305 | 
     | My_DMA/add_115/U1_8      | CI v -> CO v | FA_X1    | 0.053 | My_DMA/add_115/carry[9]  |            |    3.702 | 0.285 |   2.590 | 
     | My_DMA/add_115/U1_9      |              | FA_X1    | 0.053 | My_DMA/add_115/carry[9]  |       SPEF |    3.702 | 0.000 |   2.591 | 
     | My_DMA/add_115/U1_9      | CI v -> CO v | FA_X1    | 0.054 | My_DMA/add_115/carry[10] |            |    4.030 | 0.288 |   2.879 | 
     | My_DMA/add_115/U1_10     |              | FA_X1    | 0.054 | My_DMA/add_115/carry[10] |       SPEF |    4.030 | 0.000 |   2.879 | 
     | My_DMA/add_115/U1_10     | CI v -> CO v | FA_X1    | 0.050 | My_DMA/add_115/carry[11] |            |    3.114 | 0.281 |   3.160 | 
     | My_DMA/add_115/U1_11     |              | FA_X1    | 0.050 | My_DMA/add_115/carry[11] |       SPEF |    3.114 | 0.000 |   3.160 | 
     | My_DMA/add_115/U1_11     | CI v -> CO v | FA_X1    | 0.049 | My_DMA/add_115/carry[12] |            |    2.896 | 0.277 |   3.438 | 
     | My_DMA/add_115/U1_12     |              | FA_X1    | 0.049 | My_DMA/add_115/carry[12] |       SPEF |    2.896 | 0.000 |   3.438 | 
     | My_DMA/add_115/U1_12     | CI v -> CO v | FA_X1    | 0.052 | My_DMA/add_115/carry[13] |            |    3.635 | 0.283 |   3.721 | 
     | My_DMA/add_115/U1_13     |              | FA_X1    | 0.052 | My_DMA/add_115/carry[13] |       SPEF |    3.635 | 0.000 |   3.722 | 
     | My_DMA/add_115/U1_13     | CI v -> CO v | FA_X1    | 0.061 | My_DMA/add_115/carry[14] |            |    5.980 | 0.302 |   4.023 | 
     | My_DMA/add_115/U10       |              | NAND2_X1 | 0.061 | My_DMA/add_115/carry[14] |       SPEF |    5.980 | 0.000 |   4.023 | 
     | My_DMA/add_115/U10       | A1 v -> ZN ^ | NAND2_X1 | 0.033 | My_DMA/add_115/n7        |            |    1.658 | 0.069 |   4.093 | 
     | My_DMA/add_115/U12       |              | NAND3_X1 | 0.033 | My_DMA/add_115/n7        |       SPEF |    1.658 | 0.000 |   4.093 | 
     | My_DMA/add_115/U12       | A3 ^ -> ZN v | NAND3_X1 | 0.035 | My_DMA/add_115/carry[15] |            |    3.198 | 0.071 |   4.164 | 
     | My_DMA/add_115/U1_15     |              | FA_X1    | 0.035 | My_DMA/add_115/carry[15] |       SPEF |    3.198 | 0.000 |   4.164 | 
     | My_DMA/add_115/U1_15     | CI v -> CO v | FA_X1    | 0.050 | My_DMA/add_115/carry[16] |            |    3.154 | 0.273 |   4.437 | 
     | My_DMA/add_115/U1_16     |              | FA_X1    | 0.050 | My_DMA/add_115/carry[16] |       SPEF |    3.154 | 0.000 |   4.437 | 
     | My_DMA/add_115/U1_16     | CI v -> CO v | FA_X1    | 0.050 | My_DMA/add_115/carry[17] |            |    3.009 | 0.278 |   4.715 | 
     | My_DMA/add_115/U1_17     |              | FA_X1    | 0.050 | My_DMA/add_115/carry[17] |       SPEF |    3.009 | 0.000 |   4.715 | 
     | My_DMA/add_115/U1_17     | CI v -> CO v | FA_X1    | 0.052 | My_DMA/add_115/carry[18] |            |    3.580 | 0.283 |   4.999 | 
     | My_DMA/add_115/U1_18     |              | FA_X1    | 0.052 | My_DMA/add_115/carry[18] |       SPEF |    3.580 | 0.000 |   4.999 | 
     | My_DMA/add_115/U1_18     | CI v -> CO v | FA_X1    | 0.052 | My_DMA/add_115/carry[19] |            |    3.518 | 0.284 |   5.283 | 
     | My_DMA/add_115/U1_19     |              | FA_X1    | 0.052 | My_DMA/add_115/carry[19] |       SPEF |    3.518 | 0.000 |   5.283 | 
     | My_DMA/add_115/U1_19     | CI v -> CO v | FA_X1    | 0.050 | My_DMA/add_115/carry[20] |            |    3.079 | 0.280 |   5.563 | 
     | My_DMA/add_115/U1_20     |              | FA_X1    | 0.050 | My_DMA/add_115/carry[20] |       SPEF |    3.079 | 0.000 |   5.563 | 
     | My_DMA/add_115/U1_20     | CI v -> CO v | FA_X1    | 0.053 | My_DMA/add_115/carry[21] |            |    3.735 | 0.285 |   5.847 | 
     | My_DMA/add_115/U1_21     |              | FA_X1    | 0.053 | My_DMA/add_115/carry[21] |       SPEF |    3.735 | 0.000 |   5.848 | 
     | My_DMA/add_115/U1_21     | CI v -> CO v | FA_X1    | 0.049 | My_DMA/add_115/carry[22] |            |    2.887 | 0.279 |   6.126 | 
     | My_DMA/add_115/U1_22     |              | FA_X1    | 0.049 | My_DMA/add_115/carry[22] |       SPEF |    2.887 | 0.000 |   6.126 | 
     | My_DMA/add_115/U1_22     | CI v -> CO v | FA_X1    | 0.050 | My_DMA/add_115/carry[23] |            |    3.014 | 0.278 |   6.404 | 
     | My_DMA/add_115/U1_23     |              | FA_X1    | 0.050 | My_DMA/add_115/carry[23] |       SPEF |    3.014 | 0.000 |   6.404 | 
     | My_DMA/add_115/U1_23     | CI v -> CO v | FA_X1    | 0.063 | My_DMA/add_115/carry[24] |            |    6.462 | 0.304 |   6.708 | 
     | My_DMA/add_115/U4        |              | NAND2_X1 | 0.063 | My_DMA/add_115/carry[24] |       SPEF |    6.462 | 0.000 |   6.708 | 
     | My_DMA/add_115/U4        | A1 v -> ZN ^ | NAND2_X1 | 0.034 | My_DMA/add_115/n3        |            |    1.777 | 0.071 |   6.780 | 
     | My_DMA/add_115/U6        |              | NAND3_X1 | 0.034 | My_DMA/add_115/n3        |       SPEF |    1.777 | 0.000 |   6.780 | 
     | My_DMA/add_115/U6        | A3 ^ -> ZN v | NAND3_X1 | 0.034 | My_DMA/add_115/carry[25] |            |    3.068 | 0.070 |   6.850 | 
     | My_DMA/add_115/U1_25     |              | FA_X1    | 0.034 | My_DMA/add_115/carry[25] |       SPEF |    3.068 | 0.000 |   6.850 | 
     | My_DMA/add_115/U1_25     | CI v -> CO v | FA_X1    | 0.050 | My_DMA/add_115/carry[26] |            |    3.073 | 0.272 |   7.122 | 
     | My_DMA/add_115/U1_26     |              | FA_X1    | 0.050 | My_DMA/add_115/carry[26] |       SPEF |    3.073 | 0.000 |   7.122 | 
     | My_DMA/add_115/U1_26     | CI v -> CO v | FA_X1    | 0.052 | My_DMA/add_115/carry[27] |            |    3.552 | 0.283 |   7.405 | 
     | My_DMA/add_115/U1_27     |              | FA_X1    | 0.052 | My_DMA/add_115/carry[27] |       SPEF |    3.552 | 0.000 |   7.405 | 
     | My_DMA/add_115/U1_27     | CI v -> CO v | FA_X1    | 0.051 | My_DMA/add_115/carry[28] |            |    3.306 | 0.282 |   7.687 | 
     | My_DMA/add_115/U1_28     |              | FA_X1    | 0.051 | My_DMA/add_115/carry[28] |       SPEF |    3.306 | 0.000 |   7.687 | 
     | My_DMA/add_115/U1_28     | CI v -> CO v | FA_X1    | 0.050 | My_DMA/add_115/carry[29] |            |    3.035 | 0.279 |   7.966 | 
     | My_DMA/add_115/U1_29     |              | FA_X1    | 0.050 | My_DMA/add_115/carry[29] |       SPEF |    3.035 | 0.000 |   7.966 | 
     | My_DMA/add_115/U1_29     | CI v -> S v  | FA_X1    | 0.055 | My_DMA/N69               |            |    2.103 | 0.353 |   8.319 | 
     | My_DMA/U17               |              | AOI22_X1 | 0.055 | My_DMA/N69               |       SPEF |    2.103 | 0.000 |   8.319 | 
     | My_DMA/U17               | A1 v -> ZN ^ | AOI22_X1 | 0.097 | My_DMA/n29               |            |    1.967 | 0.135 |   8.455 | 
     | My_DMA/U16               |              | OAI21_X1 | 0.097 | My_DMA/n29               |       SPEF |    1.967 | 0.000 |   8.455 | 
     | My_DMA/U16               | A ^ -> ZN v  | OAI21_X1 | 0.068 | My_DMA/n582              |            |    1.247 | 0.072 |   8.527 | 
     | My_DMA/raddr_reg_reg[29] |              | DFF_X1   | 0.068 | My_DMA/n582              |       SPEF |    1.247 | 0.000 |   8.527 | 
     +---------------------------------------------------------------------------------------------------------------------------------+ 
Path 6: MET Setup Check with Pin My_DMA/waddr_reg_reg[29]/CK 
Endpoint:   My_DMA/waddr_reg_reg[29]/D (v) checked with  leading edge of 'CLK'
Beginpoint: My_DMA/wstep_reg_reg[0]/Q  (v) triggered by  leading edge of 'CLK'
Path Groups: {CLK}
Analysis View: ensc_av
Other End Arrival Time          0.000
- Setup                         0.184
+ Phase Shift                  10.000
= Required Time                 9.816
- Arrival Time                  8.517
= Slack Time                    1.299
     Clock Rise Edge                 0.000
     + Clock Network Latency (Ideal) 0.000
     = Beginpoint Arrival Time       0.000
     +---------------------------------------------------------------------------------------------------------------------------------+ 
     |         Instance         |     Arc      |   Cell   |  Slew |           Net            |    Arc     |   Load   | Delay | Arrival | 
     |                          |              |          |       |                          | Annotation |          |       |  Time   | 
     |--------------------------+--------------+----------+-------+--------------------------+------------+----------+-------+---------| 
     | My_DMA/wstep_reg_reg[0]  | CK ^         |          | 0.000 | clk                      |            | 1519.193 |       |   0.000 | 
     | My_DMA/wstep_reg_reg[0]  | CK ^ -> Q v  | DFF_X1   | 0.029 | My_DMA/wstep_reg[0]      |            |    6.709 | 0.259 |   0.259 | 
     | My_DMA/add_116/U13       |              | NAND2_X1 | 0.029 | My_DMA/wstep_reg[0]      |       SPEF |    6.709 | 0.000 |   0.259 | 
     | My_DMA/add_116/U13       | A1 v -> ZN ^ | NAND2_X1 | 0.033 | My_DMA/add_116/n9        |            |    1.787 | 0.052 |   0.311 | 
     | My_DMA/add_116/U14       |              | INV_X1   | 0.033 | My_DMA/add_116/n9        |       SPEF |    1.787 | 0.000 |   0.311 | 
     | My_DMA/add_116/U14       | A ^ -> ZN v  | INV_X1   | 0.012 | My_DMA/add_116/carry[1]  |            |    2.899 | 0.029 |   0.340 | 
     | My_DMA/add_116/U1_1      |              | FA_X1    | 0.012 | My_DMA/add_116/carry[1]  |       SPEF |    2.899 | 0.000 |   0.340 | 
     | My_DMA/add_116/U1_1      | CI v -> CO v | FA_X1    | 0.050 | My_DMA/add_116/carry[2]  |            |    3.177 | 0.264 |   0.604 | 
     | My_DMA/add_116/U1_2      |              | FA_X1    | 0.050 | My_DMA/add_116/carry[2]  |       SPEF |    3.177 | 0.000 |   0.605 | 
     | My_DMA/add_116/U1_2      | CI v -> CO v | FA_X1    | 0.051 | My_DMA/add_116/carry[3]  |            |    3.311 | 0.281 |   0.886 | 
     | My_DMA/add_116/U1_3      |              | FA_X1    | 0.051 | My_DMA/add_116/carry[3]  |       SPEF |    3.311 | 0.000 |   0.886 | 
     | My_DMA/add_116/U1_3      | CI v -> CO v | FA_X1    | 0.054 | My_DMA/add_116/carry[4]  |            |    3.980 | 0.287 |   1.173 | 
     | My_DMA/add_116/U1_4      |              | FA_X1    | 0.054 | My_DMA/add_116/carry[4]  |       SPEF |    3.980 | 0.000 |   1.173 | 
     | My_DMA/add_116/U1_4      | CI v -> CO v | FA_X1    | 0.049 | My_DMA/add_116/carry[5]  |            |    2.819 | 0.278 |   1.451 | 
     | My_DMA/add_116/U1_5      |              | FA_X1    | 0.049 | My_DMA/add_116/carry[5]  |       SPEF |    2.819 | 0.000 |   1.451 | 
     | My_DMA/add_116/U1_5      | CI v -> CO v | FA_X1    | 0.049 | My_DMA/add_116/carry[6]  |            |    2.947 | 0.277 |   1.729 | 
     | My_DMA/add_116/U1_6      |              | FA_X1    | 0.049 | My_DMA/add_116/carry[6]  |       SPEF |    2.947 | 0.000 |   1.729 | 
     | My_DMA/add_116/U1_6      | CI v -> CO v | FA_X1    | 0.051 | My_DMA/add_116/carry[7]  |            |    3.277 | 0.280 |   2.009 | 
     | My_DMA/add_116/U1_7      |              | FA_X1    | 0.051 | My_DMA/add_116/carry[7]  |       SPEF |    3.277 | 0.000 |   2.009 | 
     | My_DMA/add_116/U1_7      | CI v -> CO v | FA_X1    | 0.051 | My_DMA/add_116/carry[8]  |            |    3.428 | 0.282 |   2.291 | 
     | My_DMA/add_116/U1_8      |              | FA_X1    | 0.051 | My_DMA/add_116/carry[8]  |       SPEF |    3.428 | 0.000 |   2.292 | 
     | My_DMA/add_116/U1_8      | CI v -> CO v | FA_X1    | 0.053 | My_DMA/add_116/carry[9]  |            |    3.904 | 0.287 |   2.578 | 
     | My_DMA/add_116/U1_9      |              | FA_X1    | 0.053 | My_DMA/add_116/carry[9]  |       SPEF |    3.904 | 0.000 |   2.579 | 
     | My_DMA/add_116/U1_9      | CI v -> CO v | FA_X1    | 0.053 | My_DMA/add_116/carry[10] |            |    3.899 | 0.288 |   2.866 | 
     | My_DMA/add_116/U1_10     |              | FA_X1    | 0.053 | My_DMA/add_116/carry[10] |       SPEF |    3.899 | 0.000 |   2.866 | 
     | My_DMA/add_116/U1_10     | CI v -> CO v | FA_X1    | 0.050 | My_DMA/add_116/carry[11] |            |    3.017 | 0.280 |   3.146 | 
     | My_DMA/add_116/U1_11     |              | FA_X1    | 0.050 | My_DMA/add_116/carry[11] |       SPEF |    3.017 | 0.000 |   3.147 | 
     | My_DMA/add_116/U1_11     | CI v -> CO v | FA_X1    | 0.050 | My_DMA/add_116/carry[12] |            |    3.205 | 0.280 |   3.426 | 
     | My_DMA/add_116/U1_12     |              | FA_X1    | 0.050 | My_DMA/add_116/carry[12] |       SPEF |    3.205 | 0.000 |   3.426 | 
     | My_DMA/add_116/U1_12     | CI v -> CO v | FA_X1    | 0.052 | My_DMA/add_116/carry[13] |            |    3.510 | 0.283 |   3.709 | 
     | My_DMA/add_116/U1_13     |              | FA_X1    | 0.052 | My_DMA/add_116/carry[13] |       SPEF |    3.510 | 0.000 |   3.709 | 
     | My_DMA/add_116/U1_13     | CI v -> CO v | FA_X1    | 0.062 | My_DMA/add_116/carry[14] |            |    6.188 | 0.303 |   4.012 | 
     | My_DMA/add_116/U10       |              | NAND2_X1 | 0.062 | My_DMA/add_116/carry[14] |       SPEF |    6.188 | 0.000 |   4.012 | 
     | My_DMA/add_116/U10       | A1 v -> ZN ^ | NAND2_X1 | 0.033 | My_DMA/add_116/n7        |            |    1.759 | 0.071 |   4.083 | 
     | My_DMA/add_116/U12       |              | NAND3_X1 | 0.033 | My_DMA/add_116/n7        |       SPEF |    1.759 | 0.000 |   4.083 | 
     | My_DMA/add_116/U12       | A3 ^ -> ZN v | NAND3_X1 | 0.034 | My_DMA/add_116/carry[15] |            |    3.059 | 0.070 |   4.153 | 
     | My_DMA/add_116/U1_15     |              | FA_X1    | 0.034 | My_DMA/add_116/carry[15] |       SPEF |    3.059 | 0.000 |   4.153 | 
     | My_DMA/add_116/U1_15     | CI v -> CO v | FA_X1    | 0.050 | My_DMA/add_116/carry[16] |            |    3.077 | 0.272 |   4.425 | 
     | My_DMA/add_116/U1_16     |              | FA_X1    | 0.050 | My_DMA/add_116/carry[16] |       SPEF |    3.077 | 0.000 |   4.425 | 
     | My_DMA/add_116/U1_16     | CI v -> CO v | FA_X1    | 0.050 | My_DMA/add_116/carry[17] |            |    3.160 | 0.280 |   4.705 | 
     | My_DMA/add_116/U1_17     |              | FA_X1    | 0.050 | My_DMA/add_116/carry[17] |       SPEF |    3.160 | 0.000 |   4.705 | 
     | My_DMA/add_116/U1_17     | CI v -> CO v | FA_X1    | 0.051 | My_DMA/add_116/carry[18] |            |    3.465 | 0.282 |   4.987 | 
     | My_DMA/add_116/U1_18     |              | FA_X1    | 0.051 | My_DMA/add_116/carry[18] |       SPEF |    3.465 | 0.000 |   4.987 | 
     | My_DMA/add_116/U1_18     | CI v -> CO v | FA_X1    | 0.049 | My_DMA/add_116/carry[19] |            |    2.956 | 0.279 |   5.266 | 
     | My_DMA/add_116/U1_19     |              | FA_X1    | 0.049 | My_DMA/add_116/carry[19] |       SPEF |    2.956 | 0.000 |   5.266 | 
     | My_DMA/add_116/U1_19     | CI v -> CO v | FA_X1    | 0.051 | My_DMA/add_116/carry[20] |            |    3.467 | 0.282 |   5.548 | 
     | My_DMA/add_116/U1_20     |              | FA_X1    | 0.051 | My_DMA/add_116/carry[20] |       SPEF |    3.467 | 0.000 |   5.548 | 
     | My_DMA/add_116/U1_20     | CI v -> CO v | FA_X1    | 0.050 | My_DMA/add_116/carry[21] |            |    3.137 | 0.280 |   5.828 | 
     | My_DMA/add_116/U1_21     |              | FA_X1    | 0.050 | My_DMA/add_116/carry[21] |       SPEF |    3.137 | 0.000 |   5.828 | 
     | My_DMA/add_116/U1_21     | CI v -> CO v | FA_X1    | 0.052 | My_DMA/add_116/carry[22] |            |    3.585 | 0.284 |   6.112 | 
     | My_DMA/add_116/U1_22     |              | FA_X1    | 0.052 | My_DMA/add_116/carry[22] |       SPEF |    3.585 | 0.000 |   6.112 | 
     | My_DMA/add_116/U1_22     | CI v -> CO v | FA_X1    | 0.051 | My_DMA/add_116/carry[23] |            |    3.287 | 0.282 |   6.394 | 
     | My_DMA/add_116/U1_23     |              | FA_X1    | 0.051 | My_DMA/add_116/carry[23] |       SPEF |    3.287 | 0.000 |   6.394 | 
     | My_DMA/add_116/U1_23     | CI v -> CO v | FA_X1    | 0.061 | My_DMA/add_116/carry[24] |            |    6.016 | 0.301 |   6.695 | 
     | My_DMA/add_116/U4        |              | NAND2_X1 | 0.061 | My_DMA/add_116/carry[24] |       SPEF |    6.016 | 0.000 |   6.695 | 
     | My_DMA/add_116/U4        | A1 v -> ZN ^ | NAND2_X1 | 0.034 | My_DMA/add_116/n3        |            |    1.850 | 0.071 |   6.767 | 
     | My_DMA/add_116/U6        |              | NAND3_X1 | 0.034 | My_DMA/add_116/n3        |       SPEF |    1.850 | 0.000 |   6.767 | 
     | My_DMA/add_116/U6        | A3 ^ -> ZN v | NAND3_X1 | 0.033 | My_DMA/add_116/carry[25] |            |    2.905 | 0.069 |   6.836 | 
     | My_DMA/add_116/U1_25     |              | FA_X1    | 0.033 | My_DMA/add_116/carry[25] |       SPEF |    2.905 | 0.000 |   6.836 | 
     | My_DMA/add_116/U1_25     | CI v -> CO v | FA_X1    | 0.054 | My_DMA/add_116/carry[26] |            |    4.006 | 0.279 |   7.115 | 
     | My_DMA/add_116/U1_26     |              | FA_X1    | 0.054 | My_DMA/add_116/carry[26] |       SPEF |    4.006 | 0.000 |   7.115 | 
     | My_DMA/add_116/U1_26     | CI v -> CO v | FA_X1    | 0.050 | My_DMA/add_116/carry[27] |            |    3.162 | 0.281 |   7.397 | 
     | My_DMA/add_116/U1_27     |              | FA_X1    | 0.050 | My_DMA/add_116/carry[27] |       SPEF |    3.162 | 0.000 |   7.397 | 
     | My_DMA/add_116/U1_27     | CI v -> CO v | FA_X1    | 0.054 | My_DMA/add_116/carry[28] |            |    4.163 | 0.288 |   7.685 | 
     | My_DMA/add_116/U1_28     |              | FA_X1    | 0.054 | My_DMA/add_116/carry[28] |       SPEF |    4.163 | 0.000 |   7.685 | 
     | My_DMA/add_116/U1_28     | CI v -> CO v | FA_X1    | 0.050 | My_DMA/add_116/carry[29] |            |    3.151 | 0.282 |   7.967 | 
     | My_DMA/add_116/U1_29     |              | FA_X1    | 0.050 | My_DMA/add_116/carry[29] |       SPEF |    3.151 | 0.000 |   7.967 | 
     | My_DMA/add_116/U1_29     | CI v -> S v  | FA_X1    | 0.054 | My_DMA/N101              |            |    1.635 | 0.348 |   8.315 | 
     | My_DMA/U81               |              | AOI22_X1 | 0.054 | My_DMA/N101              |       SPEF |    1.635 | 0.000 |   8.315 | 
     | My_DMA/U81               | A1 v -> ZN ^ | AOI22_X1 | 0.094 | My_DMA/n93               |            |    1.784 | 0.131 |   8.445 | 
     | My_DMA/U80               |              | OAI21_X1 | 0.094 | My_DMA/n93               |       SPEF |    1.784 | 0.000 |   8.445 | 
     | My_DMA/U80               | A ^ -> ZN v  | OAI21_X1 | 0.068 | My_DMA/n614              |            |    1.283 | 0.072 |   8.517 | 
     | My_DMA/waddr_reg_reg[29] |              | DFF_X1   | 0.068 | My_DMA/n614              |       SPEF |    1.283 | 0.000 |   8.517 | 
     +---------------------------------------------------------------------------------------------------------------------------------+ 
Path 7: MET Setup Check with Pin my_aes/clock 
Endpoint:   my_aes/keyOrPlain[23] (v) checked with  leading edge of 'CLK'
Beginpoint: EXT_BUSY              (^) triggered by  leading edge of 'CLK'
Path Groups: {CLK}
Analysis View: ensc_av
Other End Arrival Time          0.000
- Setup                         4.378
+ Phase Shift                  10.000
= Required Time                 5.622
- Arrival Time                  4.298
= Slack Time                    1.324
     Clock Rise Edge                      0.000
     + Input Delay                        0.800
     = Beginpoint Arrival Time            0.800
     +--------------------------------------------------------------------------------------------------------------------------------+ 
     |       Instance       |     Arc      |       Cell       |  Slew |         Net          |    Arc     |  Load   | Delay | Arrival | 
     |                      |              |                  |       |                      | Annotation |         |       |  Time   | 
     |----------------------+--------------+------------------+-------+----------------------+------------+---------+-------+---------| 
     |                      | EXT_BUSY ^   |                  | 0.100 | EXT_BUSY             |       SPEF |  13.439 |       |   0.800 | 
     | My_bus/FE_RC_0_0     |              | NAND2_X1         | 0.100 | EXT_BUSY             |       SPEF |  13.439 | 0.002 |   0.802 | 
     | My_bus/FE_RC_0_0     | A1 ^ -> ZN v | NAND2_X1         | 0.046 | My_bus/n319          |            |   1.836 | 0.059 |   0.861 | 
     | My_bus/U640          |              | NOR3_X1          | 0.046 | My_bus/n319          |       SPEF |   1.836 | 0.000 |   0.861 | 
     | My_bus/U640          | A3 v -> ZN ^ | NOR3_X1          | 0.339 | My_bus/n109          |            |  10.130 | 0.468 |   1.329 | 
     | My_bus/U632          |              | AOI211_X1        | 0.339 | My_bus/n109          |       SPEF |  10.130 | 0.000 |   1.330 | 
     | My_bus/U632          | A ^ -> ZN v  | AOI211_X1        | 0.087 | My_bus/n17           |            |   4.607 | 0.128 |   1.457 | 
     | My_bus/U631          |              | INV_X1           | 0.087 | My_bus/n17           |       SPEF |   4.607 | 0.000 |   1.458 | 
     | My_bus/U631          | A v -> ZN ^  | INV_X1           | 0.294 | My_bus/n68           |            |  35.224 | 0.364 |   1.822 | 
     | My_bus/U33           |              | NOR2_X4          | 0.294 | My_bus/n68           |       SPEF |  35.224 | 0.002 |   1.824 | 
     | My_bus/U33           | A1 ^ -> ZN v | NOR2_X4          | 0.093 | My_bus/n107          |            |  56.252 | 0.150 |   1.974 | 
     | My_bus/U630          |              | INV_X1           | 0.094 | My_bus/n107          |       SPEF |  56.252 | 0.001 |   1.975 | 
     | My_bus/U630          | A v -> ZN ^  | INV_X1           | 0.037 | My_bus/n314          |            |   1.732 | 0.079 |   2.053 | 
     | My_bus/U629          |              | OAI21_X1         | 0.037 | My_bus/n314          |       SPEF |   1.732 | 0.000 |   2.053 | 
     | My_bus/U629          | A ^ -> ZN v  | OAI21_X1         | 0.057 | My_bus/n110          |            |   1.437 | 0.051 |   2.104 | 
     | My_bus/FE_OFC77_n110 |              | CLKBUF_X2        | 0.057 | My_bus/n110          |       SPEF |   1.437 | 0.000 |   2.104 | 
     | My_bus/FE_OFC77_n110 | A v -> Z v   | CLKBUF_X2        | 0.152 | My_bus/FE_OFN77_n110 |            |  63.736 | 0.267 |   2.371 | 
     | My_bus/U605          |              | AOI22_X1         | 0.152 | My_bus/FE_OFN77_n110 |       SPEF |  63.736 | 0.002 |   2.373 | 
     | My_bus/U605          | A2 v -> ZN ^ | AOI22_X1         | 0.308 | My_bus/n93           |            |  13.698 | 0.436 |   2.809 | 
     | My_bus/U602          |              | AND4_X1          | 0.308 | My_bus/n93           |       SPEF |  13.698 | 0.002 |   2.811 | 
     | My_bus/U602          | A2 ^ -> ZN ^ | AND4_X1          | 0.039 | My_bus/n306          |            |   1.065 | 0.258 |   3.068 | 
     | My_bus/U596          |              | AND2_X1          | 0.039 | My_bus/n306          |       SPEF |   1.065 | 0.000 |   3.068 | 
     | My_bus/U596          | A1 ^ -> ZN ^ | AND2_X1          | 0.046 | My_bus/n288          |            |   4.263 | 0.119 |   3.188 | 
     | My_bus/U595          |              | AND4_X1          | 0.046 | My_bus/n288          |       SPEF |   4.263 | 0.000 |   3.188 | 
     | My_bus/U595          | A4 ^ -> ZN ^ | AND4_X1          | 0.033 | My_bus/n305          |            |   1.054 | 0.169 |   3.357 | 
     | My_bus/U586          |              | AND4_X1          | 0.033 | My_bus/n305          |       SPEF |   1.054 | 0.000 |   3.357 | 
     | My_bus/U586          | A1 ^ -> ZN ^ | AND4_X1          | 0.042 | My_bus/n304          |            |   1.855 | 0.156 |   3.513 | 
     | My_bus/U585          |              | NAND3_X1         | 0.042 | My_bus/n304          |       SPEF |   1.855 | 0.000 |   3.513 | 
     | My_bus/U585          | A3 ^ -> ZN v | NAND3_X1         | 0.084 | My_bus/n274          |            |   5.180 | 0.089 |   3.602 | 
     | My_bus/U574          |              | NAND2_X1         | 0.084 | My_bus/n274          |       SPEF |   5.180 | 0.000 |   3.602 | 
     | My_bus/U574          | A1 v -> ZN ^ | NAND2_X1         | 0.060 | My_bus/n273          |            |   5.172 | 0.115 |   3.716 | 
     | My_bus/U28           |              | NOR2_X2          | 0.060 | My_bus/n273          |       SPEF |   5.172 | 0.000 |   3.716 | 
     | My_bus/U28           | A1 ^ -> ZN v | NOR2_X2          | 0.035 | YOUR_ADDRBUS[29]     |            |  17.585 | 0.059 |   3.776 | 
     | My_bus/U32           |              | INV_X4           | 0.035 | YOUR_ADDRBUS[29]     |       SPEF |  17.585 | 0.003 |   3.779 | 
     | My_bus/U32           | A v -> ZN ^  | INV_X4           | 0.338 | My_bus/n103          |            | 160.939 | 0.373 |   4.152 | 
     | My_bus/U225          |              | NOR2_X1          | 0.338 | My_bus/n103          |       SPEF | 160.939 | 0.003 |   4.155 | 
     | My_bus/U225          | A2 ^ -> ZN v | NOR2_X1          | 0.090 | YOUR_ADDRBUS[23]     |            |   9.508 | 0.141 |   4.296 | 
     | my_aes               |              | aes128keyWrapper | 0.090 | YOUR_ADDRBUS[23]     |       SPEF |   9.508 | 0.002 |   4.298 | 
     +--------------------------------------------------------------------------------------------------------------------------------+ 
Path 8: MET Setup Check with Pin my_aes/clock 
Endpoint:   my_aes/keyOrPlain[22] (v) checked with  leading edge of 'CLK'
Beginpoint: EXT_BUSY              (^) triggered by  leading edge of 'CLK'
Path Groups: {CLK}
Analysis View: ensc_av
Other End Arrival Time          0.000
- Setup                         4.375
+ Phase Shift                  10.000
= Required Time                 5.625
- Arrival Time                  4.297
= Slack Time                    1.328
     Clock Rise Edge                      0.000
     + Input Delay                        0.800
     = Beginpoint Arrival Time            0.800
     +--------------------------------------------------------------------------------------------------------------------------------+ 
     |       Instance       |     Arc      |       Cell       |  Slew |         Net          |    Arc     |  Load   | Delay | Arrival | 
     |                      |              |                  |       |                      | Annotation |         |       |  Time   | 
     |----------------------+--------------+------------------+-------+----------------------+------------+---------+-------+---------| 
     |                      | EXT_BUSY ^   |                  | 0.100 | EXT_BUSY             |       SPEF |  13.439 |       |   0.800 | 
     | My_bus/FE_RC_0_0     |              | NAND2_X1         | 0.100 | EXT_BUSY             |       SPEF |  13.439 | 0.002 |   0.802 | 
     | My_bus/FE_RC_0_0     | A1 ^ -> ZN v | NAND2_X1         | 0.046 | My_bus/n319          |            |   1.836 | 0.059 |   0.861 | 
     | My_bus/U640          |              | NOR3_X1          | 0.046 | My_bus/n319          |       SPEF |   1.836 | 0.000 |   0.861 | 
     | My_bus/U640          | A3 v -> ZN ^ | NOR3_X1          | 0.339 | My_bus/n109          |            |  10.130 | 0.468 |   1.330 | 
     | My_bus/U632          |              | AOI211_X1        | 0.339 | My_bus/n109          |       SPEF |  10.130 | 0.000 |   1.330 | 
     | My_bus/U632          | A ^ -> ZN v  | AOI211_X1        | 0.087 | My_bus/n17           |            |   4.607 | 0.128 |   1.457 | 
     | My_bus/U631          |              | INV_X1           | 0.087 | My_bus/n17           |       SPEF |   4.607 | 0.000 |   1.458 | 
     | My_bus/U631          | A v -> ZN ^  | INV_X1           | 0.294 | My_bus/n68           |            |  35.224 | 0.364 |   1.822 | 
     | My_bus/U33           |              | NOR2_X4          | 0.294 | My_bus/n68           |       SPEF |  35.224 | 0.002 |   1.824 | 
     | My_bus/U33           | A1 ^ -> ZN v | NOR2_X4          | 0.093 | My_bus/n107          |            |  56.252 | 0.150 |   1.974 | 
     | My_bus/U630          |              | INV_X1           | 0.094 | My_bus/n107          |       SPEF |  56.252 | 0.001 |   1.975 | 
     | My_bus/U630          | A v -> ZN ^  | INV_X1           | 0.037 | My_bus/n314          |            |   1.732 | 0.079 |   2.054 | 
     | My_bus/U629          |              | OAI21_X1         | 0.037 | My_bus/n314          |       SPEF |   1.732 | 0.000 |   2.054 | 
     | My_bus/U629          | A ^ -> ZN v  | OAI21_X1         | 0.057 | My_bus/n110          |            |   1.437 | 0.051 |   2.104 | 
     | My_bus/FE_OFC77_n110 |              | CLKBUF_X2        | 0.057 | My_bus/n110          |       SPEF |   1.437 | 0.000 |   2.104 | 
     | My_bus/FE_OFC77_n110 | A v -> Z v   | CLKBUF_X2        | 0.152 | My_bus/FE_OFN77_n110 |            |  63.736 | 0.267 |   2.371 | 
     | My_bus/U605          |              | AOI22_X1         | 0.152 | My_bus/FE_OFN77_n110 |       SPEF |  63.736 | 0.002 |   2.373 | 
     | My_bus/U605          | A2 v -> ZN ^ | AOI22_X1         | 0.308 | My_bus/n93           |            |  13.698 | 0.436 |   2.809 | 
     | My_bus/U602          |              | AND4_X1          | 0.308 | My_bus/n93           |       SPEF |  13.698 | 0.002 |   2.811 | 
     | My_bus/U602          | A2 ^ -> ZN ^ | AND4_X1          | 0.039 | My_bus/n306          |            |   1.065 | 0.258 |   3.069 | 
     | My_bus/U596          |              | AND2_X1          | 0.039 | My_bus/n306          |       SPEF |   1.065 | 0.000 |   3.069 | 
     | My_bus/U596          | A1 ^ -> ZN ^ | AND2_X1          | 0.046 | My_bus/n288          |            |   4.263 | 0.119 |   3.188 | 
     | My_bus/U595          |              | AND4_X1          | 0.046 | My_bus/n288          |       SPEF |   4.263 | 0.000 |   3.188 | 
     | My_bus/U595          | A4 ^ -> ZN ^ | AND4_X1          | 0.033 | My_bus/n305          |            |   1.054 | 0.169 |   3.357 | 
     | My_bus/U586          |              | AND4_X1          | 0.033 | My_bus/n305          |       SPEF |   1.054 | 0.000 |   3.357 | 
     | My_bus/U586          | A1 ^ -> ZN ^ | AND4_X1          | 0.042 | My_bus/n304          |            |   1.855 | 0.156 |   3.513 | 
     | My_bus/U585          |              | NAND3_X1         | 0.042 | My_bus/n304          |       SPEF |   1.855 | 0.000 |   3.513 | 
     | My_bus/U585          | A3 ^ -> ZN v | NAND3_X1         | 0.084 | My_bus/n274          |            |   5.180 | 0.089 |   3.602 | 
     | My_bus/U574          |              | NAND2_X1         | 0.084 | My_bus/n274          |       SPEF |   5.180 | 0.000 |   3.602 | 
     | My_bus/U574          | A1 v -> ZN ^ | NAND2_X1         | 0.060 | My_bus/n273          |            |   5.172 | 0.115 |   3.716 | 
     | My_bus/U28           |              | NOR2_X2          | 0.060 | My_bus/n273          |       SPEF |   5.172 | 0.000 |   3.717 | 
     | My_bus/U28           | A1 ^ -> ZN v | NOR2_X2          | 0.035 | YOUR_ADDRBUS[29]     |            |  17.585 | 0.059 |   3.776 | 
     | My_bus/U32           |              | INV_X4           | 0.035 | YOUR_ADDRBUS[29]     |       SPEF |  17.585 | 0.003 |   3.779 | 
     | My_bus/U32           | A v -> ZN ^  | INV_X4           | 0.338 | My_bus/n103          |            | 160.939 | 0.373 |   4.152 | 
     | My_bus/U226          |              | NOR2_X1          | 0.338 | My_bus/n103          |       SPEF | 160.939 | 0.003 |   4.155 | 
     | My_bus/U226          | A2 ^ -> ZN v | NOR2_X1          | 0.089 | YOUR_ADDRBUS[22]     |            |   9.423 | 0.140 |   4.295 | 
     | my_aes               |              | aes128keyWrapper | 0.089 | YOUR_ADDRBUS[22]     |       SPEF |   9.423 | 0.002 |   4.297 | 
     +--------------------------------------------------------------------------------------------------------------------------------+ 
Path 9: MET Setup Check with Pin my_aes/clock 
Endpoint:   my_aes/keyOrPlain[21] (v) checked with  leading edge of 'CLK'
Beginpoint: EXT_BUSY              (^) triggered by  leading edge of 'CLK'
Path Groups: {CLK}
Analysis View: ensc_av
Other End Arrival Time          0.000
- Setup                         4.297
+ Phase Shift                  10.000
= Required Time                 5.703
- Arrival Time                  4.299
= Slack Time                    1.404
     Clock Rise Edge                      0.000
     + Input Delay                        0.800
     = Beginpoint Arrival Time            0.800
     +--------------------------------------------------------------------------------------------------------------------------------+ 
     |       Instance       |     Arc      |       Cell       |  Slew |         Net          |    Arc     |  Load   | Delay | Arrival | 
     |                      |              |                  |       |                      | Annotation |         |       |  Time   | 
     |----------------------+--------------+------------------+-------+----------------------+------------+---------+-------+---------| 
     |                      | EXT_BUSY ^   |                  | 0.100 | EXT_BUSY             |       SPEF |  13.439 |       |   0.800 | 
     | My_bus/FE_RC_0_0     |              | NAND2_X1         | 0.100 | EXT_BUSY             |       SPEF |  13.439 | 0.002 |   0.802 | 
     | My_bus/FE_RC_0_0     | A1 ^ -> ZN v | NAND2_X1         | 0.046 | My_bus/n319          |            |   1.836 | 0.059 |   0.861 | 
     | My_bus/U640          |              | NOR3_X1          | 0.046 | My_bus/n319          |       SPEF |   1.836 | 0.000 |   0.861 | 
     | My_bus/U640          | A3 v -> ZN ^ | NOR3_X1          | 0.339 | My_bus/n109          |            |  10.130 | 0.468 |   1.329 | 
     | My_bus/U632          |              | AOI211_X1        | 0.339 | My_bus/n109          |       SPEF |  10.130 | 0.000 |   1.330 | 
     | My_bus/U632          | A ^ -> ZN v  | AOI211_X1        | 0.087 | My_bus/n17           |            |   4.607 | 0.128 |   1.457 | 
     | My_bus/U631          |              | INV_X1           | 0.087 | My_bus/n17           |       SPEF |   4.607 | 0.000 |   1.458 | 
     | My_bus/U631          | A v -> ZN ^  | INV_X1           | 0.294 | My_bus/n68           |            |  35.224 | 0.364 |   1.822 | 
     | My_bus/U33           |              | NOR2_X4          | 0.294 | My_bus/n68           |       SPEF |  35.224 | 0.002 |   1.824 | 
     | My_bus/U33           | A1 ^ -> ZN v | NOR2_X4          | 0.093 | My_bus/n107          |            |  56.252 | 0.150 |   1.974 | 
     | My_bus/U630          |              | INV_X1           | 0.094 | My_bus/n107          |       SPEF |  56.252 | 0.001 |   1.975 | 
     | My_bus/U630          | A v -> ZN ^  | INV_X1           | 0.037 | My_bus/n314          |            |   1.732 | 0.079 |   2.053 | 
     | My_bus/U629          |              | OAI21_X1         | 0.037 | My_bus/n314          |       SPEF |   1.732 | 0.000 |   2.053 | 
     | My_bus/U629          | A ^ -> ZN v  | OAI21_X1         | 0.057 | My_bus/n110          |            |   1.437 | 0.051 |   2.104 | 
     | My_bus/FE_OFC77_n110 |              | CLKBUF_X2        | 0.057 | My_bus/n110          |       SPEF |   1.437 | 0.000 |   2.104 | 
     | My_bus/FE_OFC77_n110 | A v -> Z v   | CLKBUF_X2        | 0.152 | My_bus/FE_OFN77_n110 |            |  63.736 | 0.267 |   2.371 | 
     | My_bus/U605          |              | AOI22_X1         | 0.152 | My_bus/FE_OFN77_n110 |       SPEF |  63.736 | 0.002 |   2.373 | 
     | My_bus/U605          | A2 v -> ZN ^ | AOI22_X1         | 0.308 | My_bus/n93           |            |  13.698 | 0.436 |   2.809 | 
     | My_bus/U602          |              | AND4_X1          | 0.308 | My_bus/n93           |       SPEF |  13.698 | 0.002 |   2.811 | 
     | My_bus/U602          | A2 ^ -> ZN ^ | AND4_X1          | 0.039 | My_bus/n306          |            |   1.065 | 0.258 |   3.068 | 
     | My_bus/U596          |              | AND2_X1          | 0.039 | My_bus/n306          |       SPEF |   1.065 | 0.000 |   3.068 | 
     | My_bus/U596          | A1 ^ -> ZN ^ | AND2_X1          | 0.046 | My_bus/n288          |            |   4.263 | 0.119 |   3.188 | 
     | My_bus/U595          |              | AND4_X1          | 0.046 | My_bus/n288          |       SPEF |   4.263 | 0.000 |   3.188 | 
     | My_bus/U595          | A4 ^ -> ZN ^ | AND4_X1          | 0.033 | My_bus/n305          |            |   1.054 | 0.169 |   3.357 | 
     | My_bus/U586          |              | AND4_X1          | 0.033 | My_bus/n305          |       SPEF |   1.054 | 0.000 |   3.357 | 
     | My_bus/U586          | A1 ^ -> ZN ^ | AND4_X1          | 0.042 | My_bus/n304          |            |   1.855 | 0.156 |   3.513 | 
     | My_bus/U585          |              | NAND3_X1         | 0.042 | My_bus/n304          |       SPEF |   1.855 | 0.000 |   3.513 | 
     | My_bus/U585          | A3 ^ -> ZN v | NAND3_X1         | 0.084 | My_bus/n274          |            |   5.180 | 0.089 |   3.602 | 
     | My_bus/U574          |              | NAND2_X1         | 0.084 | My_bus/n274          |       SPEF |   5.180 | 0.000 |   3.602 | 
     | My_bus/U574          | A1 v -> ZN ^ | NAND2_X1         | 0.060 | My_bus/n273          |            |   5.172 | 0.115 |   3.716 | 
     | My_bus/U28           |              | NOR2_X2          | 0.060 | My_bus/n273          |       SPEF |   5.172 | 0.000 |   3.716 | 
     | My_bus/U28           | A1 ^ -> ZN v | NOR2_X2          | 0.035 | YOUR_ADDRBUS[29]     |            |  17.585 | 0.059 |   3.776 | 
     | My_bus/U32           |              | INV_X4           | 0.035 | YOUR_ADDRBUS[29]     |       SPEF |  17.585 | 0.003 |   3.779 | 
     | My_bus/U32           | A v -> ZN ^  | INV_X4           | 0.338 | My_bus/n103          |            | 160.939 | 0.373 |   4.152 | 
     | My_bus/U227          |              | NOR2_X1          | 0.338 | My_bus/n103          |       SPEF | 160.939 | 0.003 |   4.155 | 
     | My_bus/U227          | A2 ^ -> ZN v | NOR2_X1          | 0.090 | YOUR_ADDRBUS[21]     |            |   9.741 | 0.142 |   4.297 | 
     | my_aes               |              | aes128keyWrapper | 0.090 | YOUR_ADDRBUS[21]     |       SPEF |   9.741 | 0.002 |   4.299 | 
     +--------------------------------------------------------------------------------------------------------------------------------+ 
Path 10: MET Setup Check with Pin my_aes/clock 
Endpoint:   my_aes/keyOrPlain[26] (v) checked with  leading edge of 'CLK'
Beginpoint: EXT_BUSY              (^) triggered by  leading edge of 'CLK'
Path Groups: {CLK}
Analysis View: ensc_av
Other End Arrival Time          0.000
- Setup                         4.231
+ Phase Shift                  10.000
= Required Time                 5.769
- Arrival Time                  4.298
= Slack Time                    1.471
     Clock Rise Edge                      0.000
     + Input Delay                        0.800
     = Beginpoint Arrival Time            0.800
     +--------------------------------------------------------------------------------------------------------------------------------+ 
     |       Instance       |     Arc      |       Cell       |  Slew |         Net          |    Arc     |  Load   | Delay | Arrival | 
     |                      |              |                  |       |                      | Annotation |         |       |  Time   | 
     |----------------------+--------------+------------------+-------+----------------------+------------+---------+-------+---------| 
     |                      | EXT_BUSY ^   |                  | 0.100 | EXT_BUSY             |       SPEF |  13.439 |       |   0.800 | 
     | My_bus/FE_RC_0_0     |              | NAND2_X1         | 0.100 | EXT_BUSY             |       SPEF |  13.439 | 0.002 |   0.802 | 
     | My_bus/FE_RC_0_0     | A1 ^ -> ZN v | NAND2_X1         | 0.046 | My_bus/n319          |            |   1.836 | 0.059 |   0.861 | 
     | My_bus/U640          |              | NOR3_X1          | 0.046 | My_bus/n319          |       SPEF |   1.836 | 0.000 |   0.861 | 
     | My_bus/U640          | A3 v -> ZN ^ | NOR3_X1          | 0.339 | My_bus/n109          |            |  10.130 | 0.468 |   1.329 | 
     | My_bus/U632          |              | AOI211_X1        | 0.339 | My_bus/n109          |       SPEF |  10.130 | 0.000 |   1.330 | 
     | My_bus/U632          | A ^ -> ZN v  | AOI211_X1        | 0.087 | My_bus/n17           |            |   4.607 | 0.128 |   1.457 | 
     | My_bus/U631          |              | INV_X1           | 0.087 | My_bus/n17           |       SPEF |   4.607 | 0.000 |   1.458 | 
     | My_bus/U631          | A v -> ZN ^  | INV_X1           | 0.294 | My_bus/n68           |            |  35.224 | 0.364 |   1.822 | 
     | My_bus/U33           |              | NOR2_X4          | 0.294 | My_bus/n68           |       SPEF |  35.224 | 0.002 |   1.824 | 
     | My_bus/U33           | A1 ^ -> ZN v | NOR2_X4          | 0.093 | My_bus/n107          |            |  56.252 | 0.150 |   1.974 | 
     | My_bus/U630          |              | INV_X1           | 0.094 | My_bus/n107          |       SPEF |  56.252 | 0.001 |   1.975 | 
     | My_bus/U630          | A v -> ZN ^  | INV_X1           | 0.037 | My_bus/n314          |            |   1.732 | 0.079 |   2.053 | 
     | My_bus/U629          |              | OAI21_X1         | 0.037 | My_bus/n314          |       SPEF |   1.732 | 0.000 |   2.053 | 
     | My_bus/U629          | A ^ -> ZN v  | OAI21_X1         | 0.057 | My_bus/n110          |            |   1.437 | 0.051 |   2.104 | 
     | My_bus/FE_OFC77_n110 |              | CLKBUF_X2        | 0.057 | My_bus/n110          |       SPEF |   1.437 | 0.000 |   2.104 | 
     | My_bus/FE_OFC77_n110 | A v -> Z v   | CLKBUF_X2        | 0.152 | My_bus/FE_OFN77_n110 |            |  63.736 | 0.267 |   2.371 | 
     | My_bus/U605          |              | AOI22_X1         | 0.152 | My_bus/FE_OFN77_n110 |       SPEF |  63.736 | 0.002 |   2.373 | 
     | My_bus/U605          | A2 v -> ZN ^ | AOI22_X1         | 0.308 | My_bus/n93           |            |  13.698 | 0.436 |   2.809 | 
     | My_bus/U602          |              | AND4_X1          | 0.308 | My_bus/n93           |       SPEF |  13.698 | 0.002 |   2.811 | 
     | My_bus/U602          | A2 ^ -> ZN ^ | AND4_X1          | 0.039 | My_bus/n306          |            |   1.065 | 0.258 |   3.068 | 
     | My_bus/U596          |              | AND2_X1          | 0.039 | My_bus/n306          |       SPEF |   1.065 | 0.000 |   3.068 | 
     | My_bus/U596          | A1 ^ -> ZN ^ | AND2_X1          | 0.046 | My_bus/n288          |            |   4.263 | 0.119 |   3.188 | 
     | My_bus/U595          |              | AND4_X1          | 0.046 | My_bus/n288          |       SPEF |   4.263 | 0.000 |   3.188 | 
     | My_bus/U595          | A4 ^ -> ZN ^ | AND4_X1          | 0.033 | My_bus/n305          |            |   1.054 | 0.169 |   3.357 | 
     | My_bus/U586          |              | AND4_X1          | 0.033 | My_bus/n305          |       SPEF |   1.054 | 0.000 |   3.357 | 
     | My_bus/U586          | A1 ^ -> ZN ^ | AND4_X1          | 0.042 | My_bus/n304          |            |   1.855 | 0.156 |   3.513 | 
     | My_bus/U585          |              | NAND3_X1         | 0.042 | My_bus/n304          |       SPEF |   1.855 | 0.000 |   3.513 | 
     | My_bus/U585          | A3 ^ -> ZN v | NAND3_X1         | 0.084 | My_bus/n274          |            |   5.180 | 0.089 |   3.602 | 
     | My_bus/U574          |              | NAND2_X1         | 0.084 | My_bus/n274          |       SPEF |   5.180 | 0.000 |   3.602 | 
     | My_bus/U574          | A1 v -> ZN ^ | NAND2_X1         | 0.060 | My_bus/n273          |            |   5.172 | 0.115 |   3.716 | 
     | My_bus/U28           |              | NOR2_X2          | 0.060 | My_bus/n273          |       SPEF |   5.172 | 0.000 |   3.716 | 
     | My_bus/U28           | A1 ^ -> ZN v | NOR2_X2          | 0.035 | YOUR_ADDRBUS[29]     |            |  17.585 | 0.059 |   3.776 | 
     | My_bus/U32           |              | INV_X4           | 0.035 | YOUR_ADDRBUS[29]     |       SPEF |  17.585 | 0.003 |   3.779 | 
     | My_bus/U32           | A v -> ZN ^  | INV_X4           | 0.338 | My_bus/n103          |            | 160.939 | 0.373 |   4.152 | 
     | My_bus/U222          |              | NOR2_X1          | 0.338 | My_bus/n103          |       SPEF | 160.939 | 0.003 |   4.155 | 
     | My_bus/U222          | A2 ^ -> ZN v | NOR2_X1          | 0.090 | YOUR_ADDRBUS[26]     |            |   9.514 | 0.141 |   4.296 | 
     | my_aes               |              | aes128keyWrapper | 0.090 | YOUR_ADDRBUS[26]     |       SPEF |   9.514 | 0.002 |   4.298 | 
     +--------------------------------------------------------------------------------------------------------------------------------+ 

