###############################################################
#  Generated by:      Cadence Innovus 18.10-p002_1
#  OS:                Linux x86_64(Host ID ensc-esil-17)
#  Generated on:      Tue Apr 20 18:55:23 2021
#  Design:            ensc450
#  Command:           verifyConnectivity
###############################################################
Verify Connectivity Report is created on Tue Apr 20 18:55:23 2021



Net VDD, Pin my_Mem/VDD: has an unconnected terminal at (512.990, 421.200) (513.790, 422.000)
Net VDD, Pin my_Mem/VDD: has an unconnected terminal at (512.990, 300.000) (513.790, 300.800)
Net VDD, Pin my_Mem/VDD: has an unconnected terminal at (396.380, 421.200) (397.180, 422.000)
Net VDD, Pin my_Mem/VDD: has an unconnected terminal at (396.380, 300.000) (397.180, 300.800)
Net VDD: has special routes with opens at (3.340, 3.440) (626.700, 475.640)
Net VSS, Pin my_Mem/VSS: has an unconnected terminal at (514.590, 421.200) (515.390, 422.000)
Net VSS, Pin my_Mem/VSS: has an unconnected terminal at (514.590, 300.000) (515.390, 300.800)
Net VSS, Pin my_Mem/VSS: has an unconnected terminal at (394.780, 421.200) (395.580, 422.000)
Net VSS, Pin my_Mem/VSS: has an unconnected terminal at (394.780, 300.000) (395.580, 300.800)
Net VSS: has special routes with opens at (2.240, 2.340) (627.800, 476.740)

Begin Summary
    8 Problem(s) (IMPVFC-96): Terminal(s) are not connected.
    2 Problem(s) (IMPVFC-200): Special Wires: Pieces of the net are not connected together.
    10 total info(s) created.
End Summary
