Information: Updating graph... (UID-83)
 
****************************************
Report : reference
Design : aes128keyWrapper
Version: O-2018.06-SP5
Date   : Tue Apr 20 17:00:08 2021
****************************************

Attributes:
    b - black box (unknown)
   bo - allows boundary optimization
    d - dont_touch
   mo - map_only
    h - hierarchical
    n - noncombinational
    r - removable
    s - synthetic operator
    u - contains unmapped logic

Reference          Library       Unit Area   Count    Total Area   Attributes
-----------------------------------------------------------------------------
AND2_X1            NangateOpenCellLibrary
                                  1.064000     110    117.040001  
AND2_X2            NangateOpenCellLibrary
                                  1.330000      23     30.590001  
AND3_X4            NangateOpenCellLibrary
                                  2.926000       1      2.926000  
AND4_X2            NangateOpenCellLibrary
                                  1.862000       1      1.862000  
AOI21_X1           NangateOpenCellLibrary
                                  1.064000       4      4.256000  
AOI22_X1           NangateOpenCellLibrary
                                  1.330000      33     43.890001  
AOI222_X1          NangateOpenCellLibrary
                                  2.128000      25     53.200001  
CLKBUF_X1          NangateOpenCellLibrary
                                  0.798000       9      7.182000  
CLKBUF_X2          NangateOpenCellLibrary
                                  1.064000       5      5.320000  
CLKBUF_X3          NangateOpenCellLibrary
                                  1.330000      40     53.200002  
DFF_X1             NangateOpenCellLibrary
                                  4.522000     385   1740.969937  n
HA_X1              NangateOpenCellLibrary
                                  2.660000       4     10.640000  r
INV_X1             NangateOpenCellLibrary
                                  0.532000     900    478.800005  
INV_X2             NangateOpenCellLibrary
                                  0.798000      15     11.970000  
INV_X4             NangateOpenCellLibrary
                                  1.330000       2      2.660000  
INV_X8             NangateOpenCellLibrary
                                  2.394000       1      2.394000  
INV_X16            NangateOpenCellLibrary
                                  4.522000       1      4.522000  
INV_X32            NangateOpenCellLibrary
                                  8.778000       8     70.223999  
MUX2_X1            NangateOpenCellLibrary
                                  1.862000     387    720.593996  
MUX2_X2            NangateOpenCellLibrary
                                  2.394000       1      2.394000  
NAND2_X1           NangateOpenCellLibrary
                                  0.798000     144    114.911997  
NAND2_X2           NangateOpenCellLibrary
                                  1.330000       4      5.320000  
NAND2_X4           NangateOpenCellLibrary
                                  2.394000       1      2.394000  
NAND3_X1           NangateOpenCellLibrary
                                  1.064000       5      5.320000  
NAND4_X1           NangateOpenCellLibrary
                                  1.330000       2      2.660000  
NOR2_X1            NangateOpenCellLibrary
                                  0.798000     386    308.027992  
NOR2_X2            NangateOpenCellLibrary
                                  1.330000       4      5.320000  
NOR3_X1            NangateOpenCellLibrary
                                  1.064000       3      3.192000  
NOR4_X1            NangateOpenCellLibrary
                                  1.330000       5      6.650000  
OAI21_X1           NangateOpenCellLibrary
                                  1.064000     229    243.656002  
OAI222_X1          NangateOpenCellLibrary
                                  2.128000       6     12.768000  
OR2_X1             NangateOpenCellLibrary
                                  1.064000       4      4.256000  
OR2_X2             NangateOpenCellLibrary
                                  1.330000      45     59.850002  
XNOR2_X1           NangateOpenCellLibrary
                                  1.596000       4      6.384000  
XOR2_X1            NangateOpenCellLibrary
                                  1.596000       1      1.596000  
aes128key                     14106.245967       1  14106.245967  h, n
aes128keyWrapper_DW01_inc_0      81.928003       1     81.928003  h
aes128keyWrapper_DW01_inc_1      81.928003       1     81.928003  h
aes128keyWrapper_DW01_inc_2      81.928003       1     81.928003  h
-----------------------------------------------------------------------------
Total 39 references                                 18498.969910
1
Information: Updating design information... (UID-85)
 
****************************************
Report : timing
        -path full
        -delay max
        -max_paths 1
        -transition_time
        -capacitance
Design : aes128keyWrapper
Version: O-2018.06-SP5
Date   : Tue Apr 20 17:00:08 2021
****************************************

Operating Conditions: slow   Library: NangateOpenCellLibrary
Wire Load Model Mode: top

  Startpoint: keyOrPlain[23]
              (input port clocked by clock)
  Endpoint: plainCount_reg[6]
            (rising edge-triggered flip-flop clocked by clock)
  Path Group: clock
  Path Type: max

  Des/Clust/Port     Wire Load Model       Library
  ------------------------------------------------
  aes128keyWrapper   5K_hvratio_1_1        NangateOpenCellLibrary

  Point                           Cap     Trans      Incr       Path
  ---------------------------------------------------------------------
  clock clock (rise edge)                            0.00       0.00
  clock network delay (ideal)                        0.00       0.00
  input external delay                               0.80       0.80 f
  keyOrPlain[23] (in)            1.79      1.00      0.00       0.80 f
  U5368/ZN (INV_X1)              1.98      0.17      0.32       1.12 r
  U5468/ZN (AND2_X2)             1.92      0.03      0.14       1.26 r
  U5467/ZN (AND2_X2)             1.92      0.02      0.09       1.35 r
  U5506/ZN (NAND2_X1)            1.80      0.05      0.05       1.40 f
  U5470/ZN (NOR2_X1)             1.20      0.05      0.12       1.52 r
  U5469/ZN (AND2_X1)             1.92      0.03      0.11       1.63 r
  U5491/ZN (AND2_X2)             1.98      0.02      0.09       1.72 r
  U5463/ZN (AND2_X2)             1.88      0.02      0.09       1.82 r
  U5462/ZN (NAND2_X1)            1.82      0.04      0.04       1.86 f
  C5482/ZN (OR2_X2)              1.17      0.07      0.19       2.05 f
  U5353/ZN (OR2_X1)              1.17      0.07      0.21       2.26 f
  U5352/ZN (OR2_X1)              1.80      0.07      0.22       2.48 f
  U5360/ZN (NOR2_X1)             1.92      0.21      0.14       2.62 r
  U5516/ZN (NAND2_X1)            1.80      0.05      0.09       2.71 f
  U5510/ZN (NOR2_X1)             1.25      0.19      0.12       2.83 r
  U5509/ZN (AND2_X1)             1.98      0.03      0.16       3.00 r
  U5511/ZN (AND2_X2)             1.92      0.03      0.10       3.09 r
  U5512/ZN (NAND2_X1)            1.17      0.04      0.05       3.14 f
  U5355/ZN (OR2_X1)              1.17      0.07      0.20       3.34 f
  U5354/ZN (OR2_X1)              1.82      0.07      0.22       3.56 f
  C5493/ZN (OR2_X2)              3.72      0.07      0.21       3.77 f
  U5513/ZN (OR2_X2)              3.12      0.03      0.21       3.98 f
  I_7/ZN (INV_X2)                3.33      0.02      0.07       4.05 r
  U5517/ZN (AND3_X4)            29.06      0.07      0.18       4.23 r
  U5514/ZN (INV_X16)           268.30      0.04      0.28       4.51 f
  U74/ZN (NAND2_X1)              1.95      0.04      0.11       4.62 r
  U5443/ZN (INV_X1)              3.12      0.02      0.05       4.66 f
  U5444/ZN (INV_X2)             84.01      0.35      0.40       5.06 r
  U5253/Z (MUX2_X1)              1.34      0.03      0.30       5.36 f
  plainCount_reg[6]/D (DFF_X1)             0.03      0.01       5.37 f
  data arrival time                                             5.37

  clock clock (rise edge)                            5.70       5.70
  clock network delay (ideal)                        0.00       5.70
  plainCount_reg[6]/CK (DFF_X1)                      0.00       5.70 r
  library setup time                                -0.17       5.53
  data required time                                            5.53
  ---------------------------------------------------------------------
  data required time                                            5.53
  data arrival time                                            -5.37
  ---------------------------------------------------------------------
  slack (MET)                                                   0.17


1
Loading db file '/CMC/setups/ensc450/SOCLAB/LIBRARIES/NangateOpenCellLibrary_PDKv1_3_v2010_12/Front_End/DB/NangateOpenCellLibrary_slow.db'
Information: Propagating switching activity (low effort zero delay simulation). (PWR-6)
Warning: Design has unannotated primary inputs. (PWR-414)
Warning: Design has unannotated sequential cell outputs. (PWR-415)
 
****************************************
Report : power
        -analysis_effort low
Design : aes128keyWrapper
Version: O-2018.06-SP5
Date   : Tue Apr 20 17:00:09 2021
****************************************


Library(s) Used:

    NangateOpenCellLibrary (File: /CMC/setups/ensc450/SOCLAB/LIBRARIES/NangateOpenCellLibrary_PDKv1_3_v2010_12/Front_End/DB/NangateOpenCellLibrary_slow.db)


Operating Conditions: slow   Library: NangateOpenCellLibrary
Wire Load Model Mode: top

Design        Wire Load Model            Library
------------------------------------------------
aes128keyWrapper       5K_hvratio_1_1    NangateOpenCellLibrary


Global Operating Voltage = 0.95 
Power-specific unit information :
    Voltage Units = 1V
    Capacitance Units = 1.000000ff
    Time Units = 1ns
    Dynamic Power Units = 1uW    (derived from V,C,T units)
    Leakage Power Units = 1nW


  Cell Internal Power  = 540.7787 uW   (94%)
  Net Switching Power  =  37.5619 uW    (6%)
                         ---------
Total Dynamic Power    = 578.3406 uW  (100%)

Cell Leakage Power     = 278.5757 uW


                 Internal         Switching           Leakage            Total
Power Group      Power            Power               Power              Power   (   %    )  Attrs
--------------------------------------------------------------------------------------------------
io_pad             0.0000            0.0000            0.0000            0.0000  (   0.00%)
memory             0.0000            0.0000            0.0000            0.0000  (   0.00%)
black_box          0.0000            0.0000            0.0000            0.0000  (   0.00%)
clock_network      0.0000            0.0000            0.0000            0.0000  (   0.00%)
register         517.3482            1.4304        3.4499e+04          553.2781  (  64.57%)
sequential         0.0000            0.0000            0.0000            0.0000  (   0.00%)
combinational     23.4307           36.1315        2.4408e+05          303.6387  (  35.43%)
--------------------------------------------------------------------------------------------------
Total            540.7789 uW        37.5620 uW     2.7858e+05 nW       856.9167 uW
1
