###############################################################
#  Generated by:      Cadence Innovus 18.10-p002_1
#  OS:                Linux x86_64(Host ID ensc-esil-17)
#  Generated on:      Tue Apr 20 17:35:58 2021
#  Design:            aes128keyWrapper
#  Command:           report_timing -net -format {instance arc cell slew net annotation load delay arrival} -max_paths 10 > results/timing/04-place.setup.rpt
###############################################################
Path 1: VIOLATED Setup Check with Pin uut/sub_reg[29]/CK 
Endpoint:   uut/sub_reg[29]/D         (v) checked with  leading edge of 'CLK'
Beginpoint: uut/roundCounter_reg[4]/Q (^) triggered by  leading edge of 'CLK'
Path Groups: {CLK}
Analysis View: aes_av
Other End Arrival Time          0.000
- Setup                         0.184
+ Phase Shift                   5.700
= Required Time                 5.516
- Arrival Time                 13.677
= Slack Time                   -8.161
     Clock Rise Edge                 0.000
     + Clock Network Latency (Ideal) 0.000
     = Beginpoint Arrival Time       0.000
     +----------------------------------------------------------------------------------------------------------------------------+ 
     |        Instance         |     Arc      |   Cell    |  Slew |         Net          |    Arc     |  Load   | Delay | Arrival | 
     |                         |              |           |       |                      | Annotation |         |       |  Time   | 
     |-------------------------+--------------+-----------+-------+----------------------+------------+---------+-------+---------| 
     | uut/roundCounter_reg[4] | CK ^         |           | 0.000 | clock                |            | 878.586 |       |   0.000 | 
     | uut/roundCounter_reg[4] | CK ^ -> Q ^  | DFF_X1    | 0.126 | uut/roundCounter[4]  |            |  15.052 | 0.394 |   0.394 | 
     | uut/U2417               |              | NOR3_X1   | 0.126 | uut/roundCounter[4]  |       SPEF |  15.052 | 0.000 |   0.395 | 
     | uut/U2417               | A2 ^ -> ZN v | NOR3_X1   | 0.245 | uut/n9455            |            |  98.066 | 0.286 |   0.681 | 
     | uut/U10903              |              | INV_X1    | 0.247 | uut/n9455            |       SPEF |  98.066 | 0.038 |   0.718 | 
     | uut/U10903              | A v -> ZN ^  | INV_X1    | 3.535 | uut/n39              |            | 441.492 | 3.688 |   4.407 | 
     | uut/U2426               |              | AND2_X1   | 3.538 | uut/n39              |       SPEF | 441.492 | 0.211 |   4.618 | 
     | uut/U2426               | A1 ^ -> ZN ^ | AND2_X1   | 2.742 | uut/n29              |            | 333.944 | 3.232 |   7.849 | 
     | uut/U2427               |              | INV_X16   | 2.743 | uut/n29              |       SPEF | 333.944 | 0.110 |   7.960 | 
     | uut/U2427               | A ^ -> ZN v  | INV_X16   | 0.582 | uut/n9407            |            | 239.467 | 0.584 |   8.544 | 
     | uut/U2594               |              | OAI222_X4 | 0.582 | uut/n9407            |       SPEF | 239.467 | 0.054 |   8.599 | 
     | uut/U2594               | B1 v -> ZN ^ | OAI222_X4 | 0.106 | uut/n668             |            |  49.507 | 0.690 |   9.289 | 
     | uut/U2595               |              | INV_X32   | 0.107 | uut/n668             |       SPEF |  49.507 | 0.002 |   9.290 | 
     | uut/U2595               | A ^ -> ZN v  | INV_X32   | 0.021 | uut/n10158           |            |  10.400 | 0.024 |   9.314 | 
     | uut/U10213              |              | OAI22_X1  | 0.021 | uut/n10158           |       SPEF |  10.400 | 0.002 |   9.317 | 
     | uut/U10213              | B2 v -> ZN ^ | OAI22_X1  | 1.372 | cipherBuffer[25]     |            |  72.123 | 1.481 |  10.798 | 
     | uut/U9483               |              | AND2_X1   | 1.372 | cipherBuffer[25]     |       SPEF |  72.123 | 0.017 |  10.816 | 
     | uut/U9483               | A2 ^ -> ZN ^ | AND2_X1   | 0.389 | uut/n11033           |            |  48.725 | 0.715 |  11.530 | 
     | uut/FE_DBTC21_n11033    |              | INV_X1    | 0.390 | uut/n11033           |       SPEF |  48.725 | 0.005 |  11.536 | 
     | uut/FE_DBTC21_n11033    | A ^ -> ZN v  | INV_X1    | 0.159 | uut/FE_DBTN21_n11033 |            |  43.434 | 0.324 |  11.860 | 
     | uut/U9629               |              | NAND2_X1  | 0.159 | uut/FE_DBTN21_n11033 |       SPEF |  43.434 | 0.001 |  11.861 | 
     | uut/U9629               | A1 v -> ZN ^ | NAND2_X1  | 0.344 | uut/n1170            |            |  41.404 | 0.453 |  12.314 | 
     | uut/FE_DBTC22_n1170     |              | INV_X2    | 0.344 | uut/n1170            |       SPEF |  41.404 | 0.001 |  12.315 | 
     | uut/FE_DBTC22_n1170     | A ^ -> ZN v  | INV_X2    | 0.108 | uut/FE_DBTN22_n1170  |            |  36.595 | 0.193 |  12.508 | 
     | uut/U5676               |              | AOI22_X1  | 0.108 | uut/FE_DBTN22_n1170  |       SPEF |  36.595 | 0.000 |  12.508 | 
     | uut/U5676               | B2 v -> ZN ^ | AOI22_X1  | 0.151 | uut/n5363            |            |   4.611 | 0.272 |  12.780 | 
     | uut/U3896               |              | OAI21_X1  | 0.151 | uut/n5363            |       SPEF |   4.611 | 0.000 |  12.780 | 
     | uut/U3896               | A ^ -> ZN v  | OAI21_X1  | 0.080 | uut/n5355            |            |   2.104 | 0.094 |  12.875 | 
     | uut/U10756              |              | NAND2_X1  | 0.080 | uut/n5355            |       SPEF |   2.104 | 0.000 |  12.875 | 
     | uut/U10756              | A1 v -> ZN ^ | NAND2_X1  | 0.052 | uut/n11152           |            |   2.888 | 0.092 |  12.966 | 
     | uut/U10762              |              | AND3_X2   | 0.052 | uut/n11152           |       SPEF |   2.888 | 0.000 |  12.966 | 
     | uut/U10762              | A1 ^ -> ZN ^ | AND3_X2   | 0.025 | uut/n5348            |            |   1.822 | 0.117 |  13.084 | 
     | uut/U3887               |              | OAI221_X1 | 0.025 | uut/n5348            |       SPEF |   1.822 | 0.000 |  13.084 | 
     | uut/U3887               | C1 ^ -> ZN v | OAI221_X1 | 0.058 | uut/n5346            |            |   2.903 | 0.068 |  13.152 | 
     | uut/U3886               |              | AOI221_X1 | 0.058 | uut/n5346            |       SPEF |   2.903 | 0.000 |  13.152 | 
     | uut/U3886               | A v -> ZN ^  | AOI221_X1 | 0.239 | uut/n5311            |            |   4.489 | 0.381 |  13.533 | 
     | uut/U3865               |              | NAND4_X1  | 0.239 | uut/n5311            |       SPEF |   4.489 | 0.000 |  13.534 | 
     | uut/U3865               | A2 ^ -> ZN v | NAND4_X1  | 0.068 | uut/n10688           |            |   1.688 | 0.143 |  13.677 | 
     | uut/sub_reg[29]         |              | DFF_X1    | 0.068 | uut/n10688           |       SPEF |   1.688 | 0.000 |  13.677 | 
     +----------------------------------------------------------------------------------------------------------------------------+ 
Path 2: VIOLATED Setup Check with Pin uut/sub_reg[27]/CK 
Endpoint:   uut/sub_reg[27]/D         (v) checked with  leading edge of 'CLK'
Beginpoint: uut/roundCounter_reg[4]/Q (^) triggered by  leading edge of 'CLK'
Path Groups: {CLK}
Analysis View: aes_av
Other End Arrival Time          0.000
- Setup                         0.185
+ Phase Shift                   5.700
= Required Time                 5.515
- Arrival Time                 13.639
= Slack Time                   -8.124
     Clock Rise Edge                 0.000
     + Clock Network Latency (Ideal) 0.000
     = Beginpoint Arrival Time       0.000
     +----------------------------------------------------------------------------------------------------------------------------+ 
     |        Instance         |     Arc      |   Cell    |  Slew |         Net          |    Arc     |  Load   | Delay | Arrival | 
     |                         |              |           |       |                      | Annotation |         |       |  Time   | 
     |-------------------------+--------------+-----------+-------+----------------------+------------+---------+-------+---------| 
     | uut/roundCounter_reg[4] | CK ^         |           | 0.000 | clock                |            | 878.586 |       |   0.000 | 
     | uut/roundCounter_reg[4] | CK ^ -> Q ^  | DFF_X1    | 0.126 | uut/roundCounter[4]  |            |  15.052 | 0.394 |   0.394 | 
     | uut/U2417               |              | NOR3_X1   | 0.126 | uut/roundCounter[4]  |       SPEF |  15.052 | 0.000 |   0.395 | 
     | uut/U2417               | A2 ^ -> ZN v | NOR3_X1   | 0.245 | uut/n9455            |            |  98.066 | 0.286 |   0.681 | 
     | uut/U10903              |              | INV_X1    | 0.247 | uut/n9455            |       SPEF |  98.066 | 0.038 |   0.718 | 
     | uut/U10903              | A v -> ZN ^  | INV_X1    | 3.535 | uut/n39              |            | 441.492 | 3.688 |   4.407 | 
     | uut/U2426               |              | AND2_X1   | 3.538 | uut/n39              |       SPEF | 441.492 | 0.211 |   4.618 | 
     | uut/U2426               | A1 ^ -> ZN ^ | AND2_X1   | 2.742 | uut/n29              |            | 333.944 | 3.232 |   7.849 | 
     | uut/U2427               |              | INV_X16   | 2.743 | uut/n29              |       SPEF | 333.944 | 0.110 |   7.960 | 
     | uut/U2427               | A ^ -> ZN v  | INV_X16   | 0.582 | uut/n9407            |            | 239.467 | 0.584 |   8.544 | 
     | uut/U2594               |              | OAI222_X4 | 0.582 | uut/n9407            |       SPEF | 239.467 | 0.054 |   8.599 | 
     | uut/U2594               | B1 v -> ZN ^ | OAI222_X4 | 0.106 | uut/n668             |            |  49.507 | 0.690 |   9.289 | 
     | uut/U2595               |              | INV_X32   | 0.107 | uut/n668             |       SPEF |  49.507 | 0.002 |   9.290 | 
     | uut/U2595               | A ^ -> ZN v  | INV_X32   | 0.021 | uut/n10158           |            |  10.400 | 0.024 |   9.314 | 
     | uut/U10213              |              | OAI22_X1  | 0.021 | uut/n10158           |       SPEF |  10.400 | 0.002 |   9.317 | 
     | uut/U10213              | B2 v -> ZN ^ | OAI22_X1  | 1.372 | cipherBuffer[25]     |            |  72.123 | 1.481 |  10.798 | 
     | uut/U9483               |              | AND2_X1   | 1.372 | cipherBuffer[25]     |       SPEF |  72.123 | 0.017 |  10.816 | 
     | uut/U9483               | A2 ^ -> ZN ^ | AND2_X1   | 0.389 | uut/n11033           |            |  48.725 | 0.715 |  11.530 | 
     | uut/FE_DBTC21_n11033    |              | INV_X1    | 0.390 | uut/n11033           |       SPEF |  48.725 | 0.005 |  11.536 | 
     | uut/FE_DBTC21_n11033    | A ^ -> ZN v  | INV_X1    | 0.159 | uut/FE_DBTN21_n11033 |            |  43.434 | 0.324 |  11.860 | 
     | uut/U9629               |              | NAND2_X1  | 0.159 | uut/FE_DBTN21_n11033 |       SPEF |  43.434 | 0.001 |  11.861 | 
     | uut/U9629               | A1 v -> ZN ^ | NAND2_X1  | 0.344 | uut/n1170            |            |  41.404 | 0.453 |  12.314 | 
     | uut/FE_DBTC22_n1170     |              | INV_X2    | 0.344 | uut/n1170            |       SPEF |  41.404 | 0.001 |  12.315 | 
     | uut/FE_DBTC22_n1170     | A ^ -> ZN v  | INV_X2    | 0.108 | uut/FE_DBTN22_n1170  |            |  36.595 | 0.193 |  12.508 | 
     | uut/U1860               |              | AOI22_X1  | 0.108 | uut/FE_DBTN22_n1170  |       SPEF |  36.595 | 0.001 |  12.509 | 
     | uut/U1860               | B2 v -> ZN ^ | AOI22_X1  | 0.093 | uut/n3490            |            |   1.763 | 0.217 |  12.726 | 
     | uut/U1856               |              | OAI211_X1 | 0.093 | uut/n3490            |       SPEF |   1.763 | 0.000 |  12.726 | 
     | uut/U1856               | A ^ -> ZN v  | OAI211_X1 | 0.072 | uut/n3484            |            |   2.181 | 0.104 |  12.829 | 
     | uut/U1854               |              | AOI222_X1 | 0.072 | uut/n3484            |       SPEF |   2.181 | 0.000 |  12.830 | 
     | uut/U1854               | B2 v -> ZN ^ | AOI222_X1 | 0.192 | uut/n3481            |            |   2.122 | 0.360 |  13.190 | 
     | uut/U1853               |              | OAI211_X1 | 0.192 | uut/n3481            |       SPEF |   2.122 | 0.000 |  13.190 | 
     | uut/U1853               | B ^ -> ZN v  | OAI211_X1 | 0.063 | uut/n3457            |            |   3.137 | 0.136 |  13.326 | 
     | uut/U6561               |              | NOR4_X2   | 0.063 | uut/n3457            |       SPEF |   3.137 | 0.000 |  13.326 | 
     | uut/U6561               | A1 v -> ZN ^ | NOR4_X2   | 0.151 | uut/n3456            |            |   2.534 | 0.182 |  13.508 | 
     | uut/U1843               |              | NAND4_X1  | 0.151 | uut/n3456            |       SPEF |   2.534 | 0.000 |  13.508 | 
     | uut/U1843               | A1 ^ -> ZN v | NAND4_X1  | 0.070 | uut/n10652           |            |   3.230 | 0.130 |  13.639 | 
     | uut/sub_reg[27]         |              | DFF_X1    | 0.070 | uut/n10652           |       SPEF |   3.230 | 0.000 |  13.639 | 
     +----------------------------------------------------------------------------------------------------------------------------+ 
Path 3: VIOLATED Setup Check with Pin uut/sub_reg[26]/CK 
Endpoint:   uut/sub_reg[26]/D         (v) checked with  leading edge of 'CLK'
Beginpoint: uut/roundCounter_reg[4]/Q (^) triggered by  leading edge of 'CLK'
Path Groups: {CLK}
Analysis View: aes_av
Other End Arrival Time          0.000
- Setup                         0.193
+ Phase Shift                   5.700
= Required Time                 5.507
- Arrival Time                 13.524
= Slack Time                   -8.017
     Clock Rise Edge                 0.000
     + Clock Network Latency (Ideal) 0.000
     = Beginpoint Arrival Time       0.000
     +----------------------------------------------------------------------------------------------------------------------------+ 
     |        Instance         |     Arc      |   Cell    |  Slew |         Net          |    Arc     |  Load   | Delay | Arrival | 
     |                         |              |           |       |                      | Annotation |         |       |  Time   | 
     |-------------------------+--------------+-----------+-------+----------------------+------------+---------+-------+---------| 
     | uut/roundCounter_reg[4] | CK ^         |           | 0.000 | clock                |            | 878.586 |       |   0.000 | 
     | uut/roundCounter_reg[4] | CK ^ -> Q ^  | DFF_X1    | 0.126 | uut/roundCounter[4]  |            |  15.052 | 0.394 |   0.394 | 
     | uut/U2417               |              | NOR3_X1   | 0.126 | uut/roundCounter[4]  |       SPEF |  15.052 | 0.000 |   0.395 | 
     | uut/U2417               | A2 ^ -> ZN v | NOR3_X1   | 0.245 | uut/n9455            |            |  98.066 | 0.286 |   0.681 | 
     | uut/U10903              |              | INV_X1    | 0.247 | uut/n9455            |       SPEF |  98.066 | 0.038 |   0.718 | 
     | uut/U10903              | A v -> ZN ^  | INV_X1    | 3.535 | uut/n39              |            | 441.492 | 3.688 |   4.407 | 
     | uut/U2426               |              | AND2_X1   | 3.538 | uut/n39              |       SPEF | 441.492 | 0.211 |   4.618 | 
     | uut/U2426               | A1 ^ -> ZN ^ | AND2_X1   | 2.742 | uut/n29              |            | 333.944 | 3.232 |   7.849 | 
     | uut/U2427               |              | INV_X16   | 2.743 | uut/n29              |       SPEF | 333.944 | 0.110 |   7.960 | 
     | uut/U2427               | A ^ -> ZN v  | INV_X16   | 0.582 | uut/n9407            |            | 239.467 | 0.584 |   8.544 | 
     | uut/U2594               |              | OAI222_X4 | 0.582 | uut/n9407            |       SPEF | 239.467 | 0.054 |   8.599 | 
     | uut/U2594               | B1 v -> ZN ^ | OAI222_X4 | 0.106 | uut/n668             |            |  49.507 | 0.690 |   9.289 | 
     | uut/U2595               |              | INV_X32   | 0.107 | uut/n668             |       SPEF |  49.507 | 0.002 |   9.290 | 
     | uut/U2595               | A ^ -> ZN v  | INV_X32   | 0.021 | uut/n10158           |            |  10.400 | 0.024 |   9.314 | 
     | uut/U10213              |              | OAI22_X1  | 0.021 | uut/n10158           |       SPEF |  10.400 | 0.002 |   9.317 | 
     | uut/U10213              | B2 v -> ZN ^ | OAI22_X1  | 1.372 | cipherBuffer[25]     |            |  72.123 | 1.481 |  10.798 | 
     | uut/U9483               |              | AND2_X1   | 1.372 | cipherBuffer[25]     |       SPEF |  72.123 | 0.017 |  10.816 | 
     | uut/U9483               | A2 ^ -> ZN ^ | AND2_X1   | 0.389 | uut/n11033           |            |  48.725 | 0.715 |  11.530 | 
     | uut/FE_DBTC21_n11033    |              | INV_X1    | 0.390 | uut/n11033           |       SPEF |  48.725 | 0.005 |  11.536 | 
     | uut/FE_DBTC21_n11033    | A ^ -> ZN v  | INV_X1    | 0.159 | uut/FE_DBTN21_n11033 |            |  43.434 | 0.324 |  11.860 | 
     | uut/U9629               |              | NAND2_X1  | 0.159 | uut/FE_DBTN21_n11033 |       SPEF |  43.434 | 0.001 |  11.861 | 
     | uut/U9629               | A1 v -> ZN ^ | NAND2_X1  | 0.344 | uut/n1170            |            |  41.404 | 0.453 |  12.314 | 
     | uut/FE_DBTC22_n1170     |              | INV_X2    | 0.344 | uut/n1170            |       SPEF |  41.404 | 0.001 |  12.315 | 
     | uut/FE_DBTC22_n1170     | A ^ -> ZN v  | INV_X2    | 0.108 | uut/FE_DBTN22_n1170  |            |  36.595 | 0.193 |  12.508 | 
     | uut/U3913               |              | AOI222_X1 | 0.108 | uut/FE_DBTN22_n1170  |       SPEF |  36.595 | 0.002 |  12.509 | 
     | uut/U3913               | C2 v -> ZN ^ | AOI222_X1 | 0.186 | uut/n5384            |            |   1.899 | 0.408 |  12.917 | 
     | uut/U3909               |              | OAI221_X1 | 0.186 | uut/n5384            |       SPEF |   1.899 | 0.000 |  12.917 | 
     | uut/U3909               | C1 ^ -> ZN v | OAI221_X1 | 0.063 | uut/n5374            |            |   1.922 | 0.119 |  13.035 | 
     | uut/U3902               |              | NOR4_X1   | 0.063 | uut/n5374            |       SPEF |   1.922 | 0.000 |  13.036 | 
     | uut/U3902               | A3 v -> ZN ^ | NOR4_X1   | 0.208 | uut/n5371            |            |   2.838 | 0.364 |  13.400 | 
     | uut/U3901               |              | NAND4_X1  | 0.208 | uut/n5371            |       SPEF |   2.838 | 0.000 |  13.400 | 
     | uut/U3901               | A4 ^ -> ZN v | NAND4_X1  | 0.085 | uut/n10689           |            |   1.241 | 0.124 |  13.524 | 
     | uut/sub_reg[26]         |              | DFF_X1    | 0.085 | uut/n10689           |       SPEF |   1.241 | 0.000 |  13.524 | 
     +----------------------------------------------------------------------------------------------------------------------------+ 
Path 4: VIOLATED Setup Check with Pin uut/sub_reg[30]/CK 
Endpoint:   uut/sub_reg[30]/D         (v) checked with  leading edge of 'CLK'
Beginpoint: uut/roundCounter_reg[4]/Q (^) triggered by  leading edge of 'CLK'
Path Groups: {CLK}
Analysis View: aes_av
Other End Arrival Time          0.000
- Setup                         0.184
+ Phase Shift                   5.700
= Required Time                 5.516
- Arrival Time                 13.508
= Slack Time                   -7.992
     Clock Rise Edge                 0.000
     + Clock Network Latency (Ideal) 0.000
     = Beginpoint Arrival Time       0.000
     +----------------------------------------------------------------------------------------------------------------------------+ 
     |        Instance         |     Arc      |   Cell    |  Slew |         Net          |    Arc     |  Load   | Delay | Arrival | 
     |                         |              |           |       |                      | Annotation |         |       |  Time   | 
     |-------------------------+--------------+-----------+-------+----------------------+------------+---------+-------+---------| 
     | uut/roundCounter_reg[4] | CK ^         |           | 0.000 | clock                |            | 878.586 |       |   0.000 | 
     | uut/roundCounter_reg[4] | CK ^ -> Q ^  | DFF_X1    | 0.126 | uut/roundCounter[4]  |            |  15.052 | 0.394 |   0.394 | 
     | uut/U2417               |              | NOR3_X1   | 0.126 | uut/roundCounter[4]  |       SPEF |  15.052 | 0.000 |   0.395 | 
     | uut/U2417               | A2 ^ -> ZN v | NOR3_X1   | 0.245 | uut/n9455            |            |  98.066 | 0.286 |   0.681 | 
     | uut/U10903              |              | INV_X1    | 0.247 | uut/n9455            |       SPEF |  98.066 | 0.038 |   0.718 | 
     | uut/U10903              | A v -> ZN ^  | INV_X1    | 3.535 | uut/n39              |            | 441.492 | 3.688 |   4.407 | 
     | uut/U2426               |              | AND2_X1   | 3.538 | uut/n39              |       SPEF | 441.492 | 0.211 |   4.618 | 
     | uut/U2426               | A1 ^ -> ZN ^ | AND2_X1   | 2.742 | uut/n29              |            | 333.944 | 3.232 |   7.849 | 
     | uut/U2427               |              | INV_X16   | 2.743 | uut/n29              |       SPEF | 333.944 | 0.110 |   7.960 | 
     | uut/U2427               | A ^ -> ZN v  | INV_X16   | 0.582 | uut/n9407            |            | 239.467 | 0.584 |   8.544 | 
     | uut/U2594               |              | OAI222_X4 | 0.582 | uut/n9407            |       SPEF | 239.467 | 0.054 |   8.599 | 
     | uut/U2594               | B1 v -> ZN ^ | OAI222_X4 | 0.106 | uut/n668             |            |  49.507 | 0.690 |   9.289 | 
     | uut/U2595               |              | INV_X32   | 0.107 | uut/n668             |       SPEF |  49.507 | 0.002 |   9.290 | 
     | uut/U2595               | A ^ -> ZN v  | INV_X32   | 0.021 | uut/n10158           |            |  10.400 | 0.024 |   9.314 | 
     | uut/U10213              |              | OAI22_X1  | 0.021 | uut/n10158           |       SPEF |  10.400 | 0.002 |   9.317 | 
     | uut/U10213              | B2 v -> ZN ^ | OAI22_X1  | 1.372 | cipherBuffer[25]     |            |  72.123 | 1.481 |  10.798 | 
     | uut/U9483               |              | AND2_X1   | 1.372 | cipherBuffer[25]     |       SPEF |  72.123 | 0.017 |  10.816 | 
     | uut/U9483               | A2 ^ -> ZN ^ | AND2_X1   | 0.389 | uut/n11033           |            |  48.725 | 0.715 |  11.530 | 
     | uut/FE_DBTC21_n11033    |              | INV_X1    | 0.390 | uut/n11033           |       SPEF |  48.725 | 0.005 |  11.536 | 
     | uut/FE_DBTC21_n11033    | A ^ -> ZN v  | INV_X1    | 0.159 | uut/FE_DBTN21_n11033 |            |  43.434 | 0.324 |  11.860 | 
     | uut/U9629               |              | NAND2_X1  | 0.159 | uut/FE_DBTN21_n11033 |       SPEF |  43.434 | 0.001 |  11.861 | 
     | uut/U9629               | A1 v -> ZN ^ | NAND2_X1  | 0.344 | uut/n1170            |            |  41.404 | 0.453 |  12.314 | 
     | uut/FE_DBTC22_n1170     |              | INV_X2    | 0.344 | uut/n1170            |       SPEF |  41.404 | 0.001 |  12.315 | 
     | uut/FE_DBTC22_n1170     | A ^ -> ZN v  | INV_X2    | 0.108 | uut/FE_DBTN22_n1170  |            |  36.595 | 0.193 |  12.508 | 
     | uut/U4221               |              | NAND2_X1  | 0.108 | uut/FE_DBTN22_n1170  |       SPEF |  36.595 | 0.000 |  12.508 | 
     | uut/U4221               | A2 v -> ZN ^ | NAND2_X1  | 0.054 | uut/n1190            |            |   3.439 | 0.121 |  12.629 | 
     | uut/U4220               |              | INV_X1    | 0.054 | uut/n1190            |       SPEF |   3.439 | 0.000 |  12.629 | 
     | uut/U4220               | A ^ -> ZN v  | INV_X1    | 0.020 | uut/n3563            |            |   4.378 | 0.043 |  12.673 | 
     | uut/U1894               |              | AOI211_X1 | 0.020 | uut/n3563            |       SPEF |   4.378 | 0.000 |  12.673 | 
     | uut/U1894               | B v -> ZN ^  | AOI211_X1 | 0.162 | uut/n3554            |            |   2.433 | 0.268 |  12.941 | 
     | uut/U1890               |              | OAI22_X1  | 0.162 | uut/n3554            |       SPEF |   2.433 | 0.000 |  12.941 | 
     | uut/U1890               | A1 ^ -> ZN v | OAI22_X1  | 0.061 | uut/n3553            |            |   2.726 | 0.097 |  13.038 | 
     | uut/U1889               |              | AOI221_X1 | 0.061 | uut/n3553            |       SPEF |   2.726 | 0.000 |  13.038 | 
     | uut/U1889               | A v -> ZN ^  | AOI221_X1 | 0.191 | uut/n3530            |            |   2.793 | 0.328 |  13.366 | 
     | uut/U1875               |              | NAND4_X1  | 0.191 | uut/n3530            |       SPEF |   2.793 | 0.000 |  13.367 | 
     | uut/U1875               | A3 ^ -> ZN v | NAND4_X1  | 0.067 | uut/n10653           |            |   2.475 | 0.142 |  13.508 | 
     | uut/sub_reg[30]         |              | DFF_X1    | 0.067 | uut/n10653           |       SPEF |   2.475 | 0.000 |  13.508 | 
     +----------------------------------------------------------------------------------------------------------------------------+ 
Path 5: VIOLATED Setup Check with Pin uut/sub_reg[31]/CK 
Endpoint:   uut/sub_reg[31]/D         (v) checked with  leading edge of 'CLK'
Beginpoint: uut/roundCounter_reg[4]/Q (^) triggered by  leading edge of 'CLK'
Path Groups: {CLK}
Analysis View: aes_av
Other End Arrival Time          0.000
- Setup                         0.199
+ Phase Shift                   5.700
= Required Time                 5.501
- Arrival Time                 13.479
= Slack Time                   -7.978
     Clock Rise Edge                 0.000
     + Clock Network Latency (Ideal) 0.000
     = Beginpoint Arrival Time       0.000
     +----------------------------------------------------------------------------------------------------------------------------+ 
     |        Instance         |     Arc      |   Cell    |  Slew |         Net          |    Arc     |  Load   | Delay | Arrival | 
     |                         |              |           |       |                      | Annotation |         |       |  Time   | 
     |-------------------------+--------------+-----------+-------+----------------------+------------+---------+-------+---------| 
     | uut/roundCounter_reg[4] | CK ^         |           | 0.000 | clock                |            | 878.586 |       |   0.000 | 
     | uut/roundCounter_reg[4] | CK ^ -> Q ^  | DFF_X1    | 0.126 | uut/roundCounter[4]  |            |  15.052 | 0.394 |   0.394 | 
     | uut/U2417               |              | NOR3_X1   | 0.126 | uut/roundCounter[4]  |       SPEF |  15.052 | 0.000 |   0.395 | 
     | uut/U2417               | A2 ^ -> ZN v | NOR3_X1   | 0.245 | uut/n9455            |            |  98.066 | 0.286 |   0.681 | 
     | uut/U10903              |              | INV_X1    | 0.247 | uut/n9455            |       SPEF |  98.066 | 0.038 |   0.718 | 
     | uut/U10903              | A v -> ZN ^  | INV_X1    | 3.535 | uut/n39              |            | 441.492 | 3.688 |   4.407 | 
     | uut/U2426               |              | AND2_X1   | 3.538 | uut/n39              |       SPEF | 441.492 | 0.211 |   4.618 | 
     | uut/U2426               | A1 ^ -> ZN ^ | AND2_X1   | 2.742 | uut/n29              |            | 333.944 | 3.232 |   7.849 | 
     | uut/U2427               |              | INV_X16   | 2.743 | uut/n29              |       SPEF | 333.944 | 0.110 |   7.960 | 
     | uut/U2427               | A ^ -> ZN v  | INV_X16   | 0.582 | uut/n9407            |            | 239.467 | 0.584 |   8.544 | 
     | uut/U2594               |              | OAI222_X4 | 0.582 | uut/n9407            |       SPEF | 239.467 | 0.054 |   8.599 | 
     | uut/U2594               | B1 v -> ZN ^ | OAI222_X4 | 0.106 | uut/n668             |            |  49.507 | 0.690 |   9.289 | 
     | uut/U2595               |              | INV_X32   | 0.107 | uut/n668             |       SPEF |  49.507 | 0.002 |   9.290 | 
     | uut/U2595               | A ^ -> ZN v  | INV_X32   | 0.021 | uut/n10158           |            |  10.400 | 0.024 |   9.314 | 
     | uut/U10213              |              | OAI22_X1  | 0.021 | uut/n10158           |       SPEF |  10.400 | 0.002 |   9.317 | 
     | uut/U10213              | B2 v -> ZN ^ | OAI22_X1  | 1.372 | cipherBuffer[25]     |            |  72.123 | 1.481 |  10.798 | 
     | uut/U9483               |              | AND2_X1   | 1.372 | cipherBuffer[25]     |       SPEF |  72.123 | 0.017 |  10.816 | 
     | uut/U9483               | A2 ^ -> ZN ^ | AND2_X1   | 0.389 | uut/n11033           |            |  48.725 | 0.715 |  11.530 | 
     | uut/FE_DBTC21_n11033    |              | INV_X1    | 0.390 | uut/n11033           |       SPEF |  48.725 | 0.005 |  11.536 | 
     | uut/FE_DBTC21_n11033    | A ^ -> ZN v  | INV_X1    | 0.159 | uut/FE_DBTN21_n11033 |            |  43.434 | 0.324 |  11.860 | 
     | uut/U9629               |              | NAND2_X1  | 0.159 | uut/FE_DBTN21_n11033 |       SPEF |  43.434 | 0.001 |  11.861 | 
     | uut/U9629               | A1 v -> ZN ^ | NAND2_X1  | 0.344 | uut/n1170            |            |  41.404 | 0.453 |  12.314 | 
     | uut/FE_DBTC22_n1170     |              | INV_X2    | 0.344 | uut/n1170            |       SPEF |  41.404 | 0.001 |  12.315 | 
     | uut/FE_DBTC22_n1170     | A ^ -> ZN v  | INV_X2    | 0.108 | uut/FE_DBTN22_n1170  |            |  36.595 | 0.193 |  12.508 | 
     | uut/U5676               |              | AOI22_X1  | 0.108 | uut/FE_DBTN22_n1170  |       SPEF |  36.595 | 0.000 |  12.508 | 
     | uut/U5676               | B2 v -> ZN ^ | AOI22_X1  | 0.151 | uut/n5363            |            |   4.611 | 0.272 |  12.780 | 
     | uut/U5659               |              | NAND3_X1  | 0.151 | uut/n5363            |       SPEF |   4.611 | 0.000 |  12.780 | 
     | uut/U5659               | A1 ^ -> ZN v | NAND3_X1  | 0.053 | uut/n6528            |            |   1.979 | 0.091 |  12.871 | 
     | uut/U5658               |              | AOI222_X1 | 0.053 | uut/n6528            |       SPEF |   1.979 | 0.000 |  12.871 | 
     | uut/U5658               | C2 v -> ZN ^ | AOI222_X1 | 0.244 | uut/n6495            |            |   3.867 | 0.443 |  13.315 | 
     | uut/U5565               |              | NAND4_X1  | 0.244 | uut/n6495            |       SPEF |   3.867 | 0.000 |  13.315 | 
     | uut/U5565               | A1 ^ -> ZN v | NAND4_X1  | 0.097 | uut/n10715           |            |   3.904 | 0.164 |  13.479 | 
     | uut/sub_reg[31]         |              | DFF_X1    | 0.097 | uut/n10715           |       SPEF |   3.904 | 0.000 |  13.479 | 
     +----------------------------------------------------------------------------------------------------------------------------+ 
Path 6: VIOLATED Setup Check with Pin uut/sub_reg[28]/CK 
Endpoint:   uut/sub_reg[28]/D         (v) checked with  leading edge of 'CLK'
Beginpoint: uut/roundCounter_reg[4]/Q (^) triggered by  leading edge of 'CLK'
Path Groups: {CLK}
Analysis View: aes_av
Other End Arrival Time          0.000
- Setup                         0.197
+ Phase Shift                   5.700
= Required Time                 5.503
- Arrival Time                 13.447
= Slack Time                   -7.944
     Clock Rise Edge                 0.000
     + Clock Network Latency (Ideal) 0.000
     = Beginpoint Arrival Time       0.000
     +----------------------------------------------------------------------------------------------------------------------------+ 
     |        Instance         |     Arc      |   Cell    |  Slew |         Net          |    Arc     |  Load   | Delay | Arrival | 
     |                         |              |           |       |                      | Annotation |         |       |  Time   | 
     |-------------------------+--------------+-----------+-------+----------------------+------------+---------+-------+---------| 
     | uut/roundCounter_reg[4] | CK ^         |           | 0.000 | clock                |            | 878.586 |       |   0.000 | 
     | uut/roundCounter_reg[4] | CK ^ -> Q ^  | DFF_X1    | 0.126 | uut/roundCounter[4]  |            |  15.052 | 0.394 |   0.394 | 
     | uut/U2417               |              | NOR3_X1   | 0.126 | uut/roundCounter[4]  |       SPEF |  15.052 | 0.000 |   0.395 | 
     | uut/U2417               | A2 ^ -> ZN v | NOR3_X1   | 0.245 | uut/n9455            |            |  98.066 | 0.286 |   0.681 | 
     | uut/U10903              |              | INV_X1    | 0.247 | uut/n9455            |       SPEF |  98.066 | 0.038 |   0.718 | 
     | uut/U10903              | A v -> ZN ^  | INV_X1    | 3.535 | uut/n39              |            | 441.492 | 3.688 |   4.407 | 
     | uut/U2426               |              | AND2_X1   | 3.538 | uut/n39              |       SPEF | 441.492 | 0.211 |   4.618 | 
     | uut/U2426               | A1 ^ -> ZN ^ | AND2_X1   | 2.742 | uut/n29              |            | 333.944 | 3.232 |   7.849 | 
     | uut/U2427               |              | INV_X16   | 2.743 | uut/n29              |       SPEF | 333.944 | 0.110 |   7.960 | 
     | uut/U2427               | A ^ -> ZN v  | INV_X16   | 0.582 | uut/n9407            |            | 239.467 | 0.584 |   8.544 | 
     | uut/U2594               |              | OAI222_X4 | 0.582 | uut/n9407            |       SPEF | 239.467 | 0.054 |   8.599 | 
     | uut/U2594               | B1 v -> ZN ^ | OAI222_X4 | 0.106 | uut/n668             |            |  49.507 | 0.690 |   9.289 | 
     | uut/U2595               |              | INV_X32   | 0.107 | uut/n668             |       SPEF |  49.507 | 0.002 |   9.290 | 
     | uut/U2595               | A ^ -> ZN v  | INV_X32   | 0.021 | uut/n10158           |            |  10.400 | 0.024 |   9.314 | 
     | uut/U10213              |              | OAI22_X1  | 0.021 | uut/n10158           |       SPEF |  10.400 | 0.002 |   9.317 | 
     | uut/U10213              | B2 v -> ZN ^ | OAI22_X1  | 1.372 | cipherBuffer[25]     |            |  72.123 | 1.481 |  10.798 | 
     | uut/U9483               |              | AND2_X1   | 1.372 | cipherBuffer[25]     |       SPEF |  72.123 | 0.017 |  10.816 | 
     | uut/U9483               | A2 ^ -> ZN ^ | AND2_X1   | 0.389 | uut/n11033           |            |  48.725 | 0.715 |  11.530 | 
     | uut/FE_DBTC21_n11033    |              | INV_X1    | 0.390 | uut/n11033           |       SPEF |  48.725 | 0.005 |  11.536 | 
     | uut/FE_DBTC21_n11033    | A ^ -> ZN v  | INV_X1    | 0.159 | uut/FE_DBTN21_n11033 |            |  43.434 | 0.324 |  11.860 | 
     | uut/U9629               |              | NAND2_X1  | 0.159 | uut/FE_DBTN21_n11033 |       SPEF |  43.434 | 0.001 |  11.861 | 
     | uut/U9629               | A1 v -> ZN ^ | NAND2_X1  | 0.344 | uut/n1170            |            |  41.404 | 0.453 |  12.314 | 
     | uut/FE_DBTC22_n1170     |              | INV_X2    | 0.344 | uut/n1170            |       SPEF |  41.404 | 0.001 |  12.315 | 
     | uut/FE_DBTC22_n1170     | A ^ -> ZN v  | INV_X2    | 0.108 | uut/FE_DBTN22_n1170  |            |  36.595 | 0.193 |  12.508 | 
     | uut/U4221               |              | NAND2_X1  | 0.108 | uut/FE_DBTN22_n1170  |       SPEF |  36.595 | 0.000 |  12.508 | 
     | uut/U4221               | A2 v -> ZN ^ | NAND2_X1  | 0.054 | uut/n1190            |            |   3.439 | 0.121 |  12.629 | 
     | uut/U423                |              | NAND4_X1  | 0.054 | uut/n1190            |       SPEF |   3.439 | 0.000 |  12.629 | 
     | uut/U423                | A1 ^ -> ZN v | NAND4_X1  | 0.079 | uut/n1188            |            |   5.366 | 0.115 |  12.744 | 
     | uut/U422                |              | AOI221_X1 | 0.079 | uut/n1188            |       SPEF |   5.366 | 0.001 |  12.745 | 
     | uut/U422                | C2 v -> ZN ^ | AOI221_X1 | 0.170 | uut/n1185            |            |   2.074 | 0.244 |  12.988 | 
     | uut/U421                |              | NAND2_X1  | 0.170 | uut/n1185            |       SPEF |   2.074 | 0.000 |  12.988 | 
     | uut/U421                | A2 ^ -> ZN v | NAND2_X1  | 0.049 | uut/n1174            |            |   1.813 | 0.078 |  13.067 | 
     | uut/U417                |              | AOI211_X1 | 0.049 | uut/n1174            |       SPEF |   1.813 | 0.000 |  13.067 | 
     | uut/U417                | C2 v -> ZN ^ | AOI211_X1 | 0.176 | uut/n1136            |            |   2.899 | 0.224 |  13.290 | 
     | uut/U405                |              | NAND4_X1  | 0.176 | uut/n1136            |       SPEF |   2.899 | 0.000 |  13.290 | 
     | uut/U405                | A3 ^ -> ZN v | NAND4_X1  | 0.093 | uut/n10616           |            |   4.036 | 0.157 |  13.447 | 
     | uut/sub_reg[28]         |              | DFF_X1    | 0.093 | uut/n10616           |       SPEF |   4.036 | 0.000 |  13.447 | 
     +----------------------------------------------------------------------------------------------------------------------------+ 
Path 7: VIOLATED Setup Check with Pin uut/sub_reg[24]/CK 
Endpoint:   uut/sub_reg[24]/D         (v) checked with  leading edge of 'CLK'
Beginpoint: uut/roundCounter_reg[4]/Q (^) triggered by  leading edge of 'CLK'
Path Groups: {CLK}
Analysis View: aes_av
Other End Arrival Time          0.000
- Setup                         0.197
+ Phase Shift                   5.700
= Required Time                 5.503
- Arrival Time                 13.367
= Slack Time                   -7.864
     Clock Rise Edge                 0.000
     + Clock Network Latency (Ideal) 0.000
     = Beginpoint Arrival Time       0.000
     +----------------------------------------------------------------------------------------------------------------------------+ 
     |        Instance         |     Arc      |   Cell    |  Slew |         Net          |    Arc     |  Load   | Delay | Arrival | 
     |                         |              |           |       |                      | Annotation |         |       |  Time   | 
     |-------------------------+--------------+-----------+-------+----------------------+------------+---------+-------+---------| 
     | uut/roundCounter_reg[4] | CK ^         |           | 0.000 | clock                |            | 878.586 |       |   0.000 | 
     | uut/roundCounter_reg[4] | CK ^ -> Q ^  | DFF_X1    | 0.126 | uut/roundCounter[4]  |            |  15.052 | 0.394 |   0.394 | 
     | uut/U2417               |              | NOR3_X1   | 0.126 | uut/roundCounter[4]  |       SPEF |  15.052 | 0.000 |   0.395 | 
     | uut/U2417               | A2 ^ -> ZN v | NOR3_X1   | 0.245 | uut/n9455            |            |  98.066 | 0.286 |   0.681 | 
     | uut/U10903              |              | INV_X1    | 0.247 | uut/n9455            |       SPEF |  98.066 | 0.038 |   0.718 | 
     | uut/U10903              | A v -> ZN ^  | INV_X1    | 3.535 | uut/n39              |            | 441.492 | 3.688 |   4.407 | 
     | uut/U2426               |              | AND2_X1   | 3.538 | uut/n39              |       SPEF | 441.492 | 0.211 |   4.618 | 
     | uut/U2426               | A1 ^ -> ZN ^ | AND2_X1   | 2.742 | uut/n29              |            | 333.944 | 3.232 |   7.849 | 
     | uut/U2427               |              | INV_X16   | 2.743 | uut/n29              |       SPEF | 333.944 | 0.110 |   7.960 | 
     | uut/U2427               | A ^ -> ZN v  | INV_X16   | 0.582 | uut/n9407            |            | 239.467 | 0.584 |   8.544 | 
     | uut/U2594               |              | OAI222_X4 | 0.582 | uut/n9407            |       SPEF | 239.467 | 0.054 |   8.599 | 
     | uut/U2594               | B1 v -> ZN ^ | OAI222_X4 | 0.106 | uut/n668             |            |  49.507 | 0.690 |   9.289 | 
     | uut/U2595               |              | INV_X32   | 0.107 | uut/n668             |       SPEF |  49.507 | 0.002 |   9.290 | 
     | uut/U2595               | A ^ -> ZN v  | INV_X32   | 0.021 | uut/n10158           |            |  10.400 | 0.024 |   9.314 | 
     | uut/U10213              |              | OAI22_X1  | 0.021 | uut/n10158           |       SPEF |  10.400 | 0.002 |   9.317 | 
     | uut/U10213              | B2 v -> ZN ^ | OAI22_X1  | 1.372 | cipherBuffer[25]     |            |  72.123 | 1.481 |  10.798 | 
     | uut/U9483               |              | AND2_X1   | 1.372 | cipherBuffer[25]     |       SPEF |  72.123 | 0.017 |  10.816 | 
     | uut/U9483               | A2 ^ -> ZN ^ | AND2_X1   | 0.389 | uut/n11033           |            |  48.725 | 0.715 |  11.530 | 
     | uut/FE_DBTC21_n11033    |              | INV_X1    | 0.390 | uut/n11033           |       SPEF |  48.725 | 0.005 |  11.536 | 
     | uut/FE_DBTC21_n11033    | A ^ -> ZN v  | INV_X1    | 0.159 | uut/FE_DBTN21_n11033 |            |  43.434 | 0.324 |  11.860 | 
     | uut/U9629               |              | NAND2_X1  | 0.159 | uut/FE_DBTN21_n11033 |       SPEF |  43.434 | 0.001 |  11.861 | 
     | uut/U9629               | A1 v -> ZN ^ | NAND2_X1  | 0.344 | uut/n1170            |            |  41.404 | 0.453 |  12.314 | 
     | uut/FE_DBTC22_n1170     |              | INV_X2    | 0.344 | uut/n1170            |       SPEF |  41.404 | 0.001 |  12.315 | 
     | uut/FE_DBTC22_n1170     | A ^ -> ZN v  | INV_X2    | 0.108 | uut/FE_DBTN22_n1170  |            |  36.595 | 0.193 |  12.508 | 
     | uut/U4221               |              | NAND2_X1  | 0.108 | uut/FE_DBTN22_n1170  |       SPEF |  36.595 | 0.000 |  12.508 | 
     | uut/U4221               | A2 v -> ZN ^ | NAND2_X1  | 0.054 | uut/n1190            |            |   3.439 | 0.121 |  12.629 | 
     | uut/U4220               |              | INV_X1    | 0.054 | uut/n1190            |       SPEF |   3.439 | 0.000 |  12.629 | 
     | uut/U4220               | A ^ -> ZN v  | INV_X1    | 0.020 | uut/n3563            |            |   4.378 | 0.043 |  12.673 | 
     | uut/U4217               |              | OAI21_X1  | 0.020 | uut/n3563            |       SPEF |   4.378 | 0.000 |  12.673 | 
     | uut/U4217               | B1 v -> ZN ^ | OAI21_X1  | 0.083 | uut/n5676            |            |   2.462 | 0.111 |  12.784 | 
     | uut/U4216               |              | OAI211_X1 | 0.083 | uut/n5676            |       SPEF |   2.462 | 0.000 |  12.784 | 
     | uut/U4216               | B ^ -> ZN v  | OAI211_X1 | 0.064 | uut/n5666            |            |   2.441 | 0.100 |  12.884 | 
     | uut/U4209               |              | NOR4_X1   | 0.064 | uut/n5666            |       SPEF |   2.441 | 0.000 |  12.884 | 
     | uut/U4209               | A1 v -> ZN ^ | NOR4_X1   | 0.274 | uut/n5653            |            |   4.541 | 0.323 |  13.207 | 
     | uut/U4190               |              | NAND4_X1  | 0.274 | uut/n5653            |       SPEF |   4.541 | 0.000 |  13.207 | 
     | uut/U4190               | A3 ^ -> ZN v | NAND4_X1  | 0.093 | uut/n10695           |            |   2.523 | 0.159 |  13.367 | 
     | uut/sub_reg[24]         |              | DFF_X1    | 0.093 | uut/n10695           |       SPEF |   2.523 | 0.000 |  13.367 | 
     +----------------------------------------------------------------------------------------------------------------------------+ 
Path 8: VIOLATED Setup Check with Pin uut/sub_reg[25]/CK 
Endpoint:   uut/sub_reg[25]/D         (v) checked with  leading edge of 'CLK'
Beginpoint: uut/roundCounter_reg[4]/Q (^) triggered by  leading edge of 'CLK'
Path Groups: {CLK}
Analysis View: aes_av
Other End Arrival Time          0.000
- Setup                         0.194
+ Phase Shift                   5.700
= Required Time                 5.506
- Arrival Time                 13.211
= Slack Time                   -7.706
     Clock Rise Edge                 0.000
     + Clock Network Latency (Ideal) 0.000
     = Beginpoint Arrival Time       0.000
     +---------------------------------------------------------------------------------------------------------------------------+ 
     |        Instance         |     Arc      |   Cell    |  Slew |         Net         |    Arc     |  Load   | Delay | Arrival | 
     |                         |              |           |       |                     | Annotation |         |       |  Time   | 
     |-------------------------+--------------+-----------+-------+---------------------+------------+---------+-------+---------| 
     | uut/roundCounter_reg[4] | CK ^         |           | 0.000 | clock               |            | 878.586 |       |   0.000 | 
     | uut/roundCounter_reg[4] | CK ^ -> Q ^  | DFF_X1    | 0.126 | uut/roundCounter[4] |            |  15.052 | 0.394 |   0.394 | 
     | uut/U2417               |              | NOR3_X1   | 0.126 | uut/roundCounter[4] |       SPEF |  15.052 | 0.000 |   0.395 | 
     | uut/U2417               | A2 ^ -> ZN v | NOR3_X1   | 0.245 | uut/n9455           |            |  98.066 | 0.286 |   0.681 | 
     | uut/U10903              |              | INV_X1    | 0.247 | uut/n9455           |       SPEF |  98.066 | 0.038 |   0.718 | 
     | uut/U10903              | A v -> ZN ^  | INV_X1    | 3.535 | uut/n39             |            | 441.492 | 3.688 |   4.407 | 
     | uut/U2426               |              | AND2_X1   | 3.538 | uut/n39             |       SPEF | 441.492 | 0.211 |   4.618 | 
     | uut/U2426               | A1 ^ -> ZN ^ | AND2_X1   | 2.742 | uut/n29             |            | 333.944 | 3.232 |   7.849 | 
     | uut/U2427               |              | INV_X16   | 2.743 | uut/n29             |       SPEF | 333.944 | 0.110 |   7.960 | 
     | uut/U2427               | A ^ -> ZN v  | INV_X16   | 0.582 | uut/n9407           |            | 239.467 | 0.584 |   8.544 | 
     | uut/U2594               |              | OAI222_X4 | 0.582 | uut/n9407           |       SPEF | 239.467 | 0.054 |   8.599 | 
     | uut/U2594               | B1 v -> ZN ^ | OAI222_X4 | 0.106 | uut/n668            |            |  49.507 | 0.690 |   9.289 | 
     | uut/U2595               |              | INV_X32   | 0.107 | uut/n668            |       SPEF |  49.507 | 0.002 |   9.290 | 
     | uut/U2595               | A ^ -> ZN v  | INV_X32   | 0.021 | uut/n10158          |            |  10.400 | 0.024 |   9.314 | 
     | uut/U10213              |              | OAI22_X1  | 0.021 | uut/n10158          |       SPEF |  10.400 | 0.002 |   9.317 | 
     | uut/U10213              | B2 v -> ZN ^ | OAI22_X1  | 1.372 | cipherBuffer[25]    |            |  72.123 | 1.481 |  10.798 | 
     | uut/U3985               |              | OR2_X1    | 1.372 | cipherBuffer[25]    |       SPEF |  72.123 | 0.025 |  10.823 | 
     | uut/U3985               | A2 ^ -> ZN ^ | OR2_X1    | 0.363 | uut/n3467           |            |  45.281 | 0.611 |  11.434 | 
     | uut/U9629               |              | NAND2_X1  | 0.363 | uut/n3467           |       SPEF |  45.281 | 0.000 |  11.434 | 
     | uut/U9629               | A2 ^ -> ZN v | NAND2_X1  | 0.209 | uut/n1170           |            |  38.588 | 0.381 |  11.815 | 
     | uut/FE_DBTC22_n1170     |              | INV_X2    | 0.209 | uut/n1170           |       SPEF |  38.588 | 0.001 |  11.816 | 
     | uut/FE_DBTC22_n1170     | A v -> ZN ^  | INV_X2    | 0.167 | uut/FE_DBTN22_n1170 |            |  39.296 | 0.304 |  12.120 | 
     | uut/U4146               |              | OAI222_X1 | 0.167 | uut/FE_DBTN22_n1170 |       SPEF |  39.296 | 0.001 |  12.120 | 
     | uut/U4146               | A1 ^ -> ZN v | OAI222_X1 | 0.064 | uut/n5617           |            |   1.535 | 0.125 |  12.246 | 
     | uut/U4142               |              | NOR4_X1   | 0.064 | uut/n5617           |       SPEF |   1.535 | 0.000 |  12.246 | 
     | uut/U4142               | A1 v -> ZN ^ | NOR4_X1   | 0.223 | uut/n5615           |            |   3.208 | 0.263 |  12.509 | 
     | uut/U4141               |              | OAI222_X1 | 0.223 | uut/n5615           |       SPEF |   3.208 | 0.000 |  12.510 | 
     | uut/U4141               | B1 ^ -> ZN v | OAI222_X1 | 0.092 | uut/n5613           |            |   4.956 | 0.191 |  12.700 | 
     | uut/U4140               |              | NOR4_X1   | 0.092 | uut/n5613           |       SPEF |   4.956 | 0.000 |  12.701 | 
     | uut/U4140               | A4 v -> ZN ^ | NOR4_X1   | 0.175 | uut/n5609           |            |   1.978 | 0.356 |  13.056 | 
     | uut/U4139               |              | NAND4_X1  | 0.175 | uut/n5609           |       SPEF |   1.978 | 0.000 |  13.056 | 
     | uut/U4139               | A4 ^ -> ZN v | NAND4_X1  | 0.088 | uut/n10694          |            |   4.433 | 0.155 |  13.211 | 
     | uut/sub_reg[25]         |              | DFF_X1    | 0.088 | uut/n10694          |       SPEF |   4.433 | 0.000 |  13.211 | 
     +---------------------------------------------------------------------------------------------------------------------------+ 
Path 9: VIOLATED Setup Check with Pin uut/sub_reg[35]/CK 
Endpoint:   uut/sub_reg[35]/D         (v) checked with  leading edge of 'CLK'
Beginpoint: uut/roundCounter_reg[4]/Q (^) triggered by  leading edge of 'CLK'
Path Groups: {CLK}
Analysis View: aes_av
Other End Arrival Time          0.000
- Setup                         0.194
+ Phase Shift                   5.700
= Required Time                 5.506
- Arrival Time                 13.139
= Slack Time                   -7.633
     Clock Rise Edge                 0.000
     + Clock Network Latency (Ideal) 0.000
     = Beginpoint Arrival Time       0.000
     +---------------------------------------------------------------------------------------------------------------------------+ 
     |        Instance         |     Arc      |   Cell    |  Slew |         Net         |    Arc     |  Load   | Delay | Arrival | 
     |                         |              |           |       |                     | Annotation |         |       |  Time   | 
     |-------------------------+--------------+-----------+-------+---------------------+------------+---------+-------+---------| 
     | uut/roundCounter_reg[4] | CK ^         |           | 0.000 | clock               |            | 878.586 |       |   0.000 | 
     | uut/roundCounter_reg[4] | CK ^ -> Q ^  | DFF_X1    | 0.126 | uut/roundCounter[4] |            |  15.052 | 0.394 |   0.394 | 
     | uut/U2417               |              | NOR3_X1   | 0.126 | uut/roundCounter[4] |       SPEF |  15.052 | 0.000 |   0.395 | 
     | uut/U2417               | A2 ^ -> ZN v | NOR3_X1   | 0.245 | uut/n9455           |            |  98.066 | 0.286 |   0.681 | 
     | uut/U10903              |              | INV_X1    | 0.247 | uut/n9455           |       SPEF |  98.066 | 0.038 |   0.718 | 
     | uut/U10903              | A v -> ZN ^  | INV_X1    | 3.535 | uut/n39             |            | 441.492 | 3.688 |   4.407 | 
     | uut/U2426               |              | AND2_X1   | 3.538 | uut/n39             |       SPEF | 441.492 | 0.211 |   4.618 | 
     | uut/U2426               | A1 ^ -> ZN ^ | AND2_X1   | 2.742 | uut/n29             |            | 333.944 | 3.232 |   7.849 | 
     | uut/U2427               |              | INV_X16   | 2.743 | uut/n29             |       SPEF | 333.944 | 0.110 |   7.960 | 
     | uut/U2427               | A ^ -> ZN v  | INV_X16   | 0.582 | uut/n9407           |            | 239.467 | 0.584 |   8.544 | 
     | uut/U10225              |              | OAI222_X1 | 0.582 | uut/n9407           |       SPEF | 239.467 | 0.014 |   8.558 | 
     | uut/U10225              | B2 v -> ZN ^ | OAI222_X1 | 0.401 | uut/n10081          |            |   2.196 | 0.419 |   8.977 | 
     | uut/U10224              |              | INV_X1    | 0.401 | uut/n10081          |       SPEF |   2.196 | 0.000 |   8.977 | 
     | uut/U10224              | A ^ -> ZN v  | INV_X1    | 0.072 | uut/n10078          |            |   1.842 | 0.045 |   9.022 | 
     | uut/U9746               |              | OAI22_X1  | 0.072 | uut/n10078          |       SPEF |   1.842 | 0.000 |   9.022 | 
     | uut/U9746               | A1 v -> ZN ^ | OAI22_X1  | 1.157 | cipherBuffer[33]    |            |  59.595 | 1.215 |  10.236 | 
     | uut/U6156               |              | NAND2_X1  | 1.157 | cipherBuffer[33]    |       SPEF |  59.595 | 0.013 |  10.249 | 
     | uut/U6156               | A1 ^ -> ZN v | NAND2_X1  | 0.414 | uut/n296            |            |  52.521 | 0.889 |  11.138 | 
     | uut/U2584               |              | INV_X1    | 0.414 | uut/n296            |       SPEF |  52.521 | 0.002 |  11.141 | 
     | uut/U2584               | A v -> ZN ^  | INV_X1    | 0.334 | uut/n250            |            |  41.212 | 0.608 |  11.749 | 
     | uut/U829                |              | OAI21_X1  | 0.335 | uut/n250            |       SPEF |  41.212 | 0.002 |  11.750 | 
     | uut/U829                | B1 ^ -> ZN v | OAI21_X1  | 0.087 | uut/n2021           |            |   3.264 | 0.109 |  11.859 | 
     | uut/U10674              |              | AOI221_X2 | 0.087 | uut/n2021           |       SPEF |   3.264 | 0.000 |  11.859 | 
     | uut/U10674              | A v -> ZN ^  | AOI221_X2 | 0.140 | uut/n2020           |            |   2.000 | 0.287 |  12.147 | 
     | uut/U827                |              | OAI211_X1 | 0.140 | uut/n2020           |       SPEF |   2.000 | 0.000 |  12.147 | 
     | uut/U827                | B ^ -> ZN v  | OAI211_X1 | 0.125 | uut/n2014           |            |   3.396 | 0.125 |  12.272 | 
     | uut/U825                |              | AOI222_X1 | 0.125 | uut/n2014           |       SPEF |   3.396 | 0.000 |  12.272 | 
     | uut/U825                | B1 v -> ZN ^ | AOI222_X1 | 0.195 | uut/n2012           |            |   2.216 | 0.357 |  12.629 | 
     | uut/U824                |              | OAI211_X1 | 0.195 | uut/n2012           |       SPEF |   2.216 | 0.000 |  12.629 | 
     | uut/U824                | B ^ -> ZN v  | OAI211_X1 | 0.060 | uut/n1999           |            |   3.968 | 0.147 |  12.776 | 
     | uut/U10710              |              | NOR4_X2   | 0.060 | uut/n1999           |       SPEF |   3.968 | 0.000 |  12.776 | 
     | uut/U10710              | A1 v -> ZN ^ | NOR4_X2   | 0.194 | uut/n1998           |            |   4.845 | 0.230 |  13.006 | 
     | uut/U811                |              | NAND4_X1  | 0.194 | uut/n1998           |       SPEF |   4.845 | 0.000 |  13.007 | 
     | uut/U811                | A4 ^ -> ZN v | NAND4_X1  | 0.087 | uut/n10627          |            |   2.150 | 0.133 |  13.139 | 
     | uut/sub_reg[35]         |              | DFF_X1    | 0.087 | uut/n10627          |       SPEF |   2.150 | 0.000 |  13.139 | 
     +---------------------------------------------------------------------------------------------------------------------------+ 
Path 10: VIOLATED Setup Check with Pin uut/sub_reg[75]/CK 
Endpoint:   uut/sub_reg[75]/D         (v) checked with  leading edge of 'CLK'
Beginpoint: uut/roundCounter_reg[4]/Q (^) triggered by  leading edge of 'CLK'
Path Groups: {CLK}
Analysis View: aes_av
Other End Arrival Time          0.000
- Setup                         0.188
+ Phase Shift                   5.700
= Required Time                 5.512
- Arrival Time                 13.122
= Slack Time                   -7.610
     Clock Rise Edge                 0.000
     + Clock Network Latency (Ideal) 0.000
     = Beginpoint Arrival Time       0.000
     +---------------------------------------------------------------------------------------------------------------------------+ 
     |        Instance         |     Arc      |   Cell    |  Slew |         Net         |    Arc     |  Load   | Delay | Arrival | 
     |                         |              |           |       |                     | Annotation |         |       |  Time   | 
     |-------------------------+--------------+-----------+-------+---------------------+------------+---------+-------+---------| 
     | uut/roundCounter_reg[4] | CK ^         |           | 0.000 | clock               |            | 878.586 |       |   0.000 | 
     | uut/roundCounter_reg[4] | CK ^ -> Q ^  | DFF_X1    | 0.126 | uut/roundCounter[4] |            |  15.052 | 0.394 |   0.394 | 
     | uut/U2417               |              | NOR3_X1   | 0.126 | uut/roundCounter[4] |       SPEF |  15.052 | 0.000 |   0.395 | 
     | uut/U2417               | A2 ^ -> ZN v | NOR3_X1   | 0.245 | uut/n9455           |            |  98.066 | 0.286 |   0.681 | 
     | uut/U10903              |              | INV_X1    | 0.247 | uut/n9455           |       SPEF |  98.066 | 0.038 |   0.718 | 
     | uut/U10903              | A v -> ZN ^  | INV_X1    | 3.535 | uut/n39             |            | 441.492 | 3.688 |   4.407 | 
     | uut/U2426               |              | AND2_X1   | 3.538 | uut/n39             |       SPEF | 441.492 | 0.211 |   4.618 | 
     | uut/U2426               | A1 ^ -> ZN ^ | AND2_X1   | 2.742 | uut/n29             |            | 333.944 | 3.232 |   7.849 | 
     | uut/U2427               |              | INV_X16   | 2.743 | uut/n29             |       SPEF | 333.944 | 0.110 |   7.960 | 
     | uut/U2427               | A ^ -> ZN v  | INV_X16   | 0.582 | uut/n9407           |            | 239.467 | 0.584 |   8.544 | 
     | uut/U5038               |              | OAI222_X4 | 0.582 | uut/n9407           |       SPEF | 239.467 | 0.050 |   8.594 | 
     | uut/U5038               | B1 v -> ZN ^ | OAI222_X4 | 0.105 | uut/n10902          |            |  49.008 | 0.689 |   9.283 | 
     | uut/U5039               |              | INV_X32   | 0.105 | uut/n10902          |       SPEF |  49.008 | 0.002 |   9.285 | 
     | uut/U5039               | A ^ -> ZN v  | INV_X32   | 0.020 | uut/n9683           |            |   1.659 | 0.020 |   9.305 | 
     | uut/U9547               |              | OAI22_X1  | 0.020 | uut/n9683           |       SPEF |   1.659 | 0.000 |   9.305 | 
     | uut/U9547               | B2 v -> ZN ^ | OAI22_X1  | 1.115 | cipherBuffer[73]    |            |  58.624 | 1.219 |  10.524 | 
     | uut/U6534               |              | AND2_X1   | 1.115 | cipherBuffer[73]    |       SPEF |  58.624 | 0.010 |  10.534 | 
     | uut/U6534               | A1 ^ -> ZN ^ | AND2_X1   | 0.403 | uut/n10983          |            |  50.183 | 0.668 |  11.203 | 
     | uut/U5699               |              | INV_X1    | 0.404 | uut/n10983          |       SPEF |  50.183 | 0.003 |  11.206 | 
     | uut/U5699               | A ^ -> ZN v  | INV_X1    | 0.167 | uut/n464            |            |  47.023 | 0.343 |  11.548 | 
     | uut/U10984              |              | NAND2_X4  | 0.167 | uut/n464            |       SPEF |  47.023 | 0.000 |  11.549 | 
     | uut/U10984              | A1 v -> ZN ^ | NAND2_X4  | 0.104 | uut/n479            |            |  40.866 | 0.204 |  11.752 | 
     | uut/FE_DBTC34_n479      |              | INV_X1    | 0.104 | uut/n479            |       SPEF |  40.866 | 0.001 |  11.753 | 
     | uut/FE_DBTC34_n479      | A ^ -> ZN v  | INV_X1    | 0.074 | uut/FE_DBTN34_n479  |            |  32.570 | 0.146 |  11.900 | 
     | uut/U1774               |              | AOI22_X1  | 0.074 | uut/FE_DBTN34_n479  |       SPEF |  32.570 | 0.000 |  11.900 | 
     | uut/U1774               | B2 v -> ZN ^ | AOI22_X1  | 0.099 | uut/n3381           |            |   2.108 | 0.205 |  12.105 | 
     | uut/U1770               |              | OAI211_X1 | 0.099 | uut/n3381           |       SPEF |   2.108 | 0.000 |  12.105 | 
     | uut/U1770               | B ^ -> ZN v  | OAI211_X1 | 0.114 | uut/n3377           |            |   3.342 | 0.112 |  12.217 | 
     | uut/U1768               |              | AOI222_X1 | 0.114 | uut/n3377           |       SPEF |   3.342 | 0.000 |  12.218 | 
     | uut/U1768               | B2 v -> ZN ^ | AOI222_X1 | 0.191 | uut/n3375           |            |   2.060 | 0.380 |  12.598 | 
     | uut/U1767               |              | OAI221_X1 | 0.191 | uut/n3375           |       SPEF |   2.060 | 0.000 |  12.598 | 
     | uut/U1767               | A ^ -> ZN v  | OAI221_X1 | 0.069 | uut/n3359           |            |   4.196 | 0.171 |  12.769 | 
     | uut/U10823              |              | NOR4_X2   | 0.069 | uut/n3359           |       SPEF |   4.196 | 0.000 |  12.769 | 
     | uut/U10823              | A1 v -> ZN ^ | NOR4_X2   | 0.182 | uut/n3358           |            |   4.190 | 0.220 |  12.989 | 
     | uut/U1755               |              | NAND4_X1  | 0.182 | uut/n3358           |       SPEF |   4.190 | 0.000 |  12.990 | 
     | uut/U1755               | A4 ^ -> ZN v | NAND4_X1  | 0.075 | uut/n10650          |            |   2.314 | 0.132 |  13.122 | 
     | uut/sub_reg[75]         |              | DFF_X1    | 0.075 | uut/n10650          |       SPEF |   2.314 | 0.000 |  13.122 | 
     +---------------------------------------------------------------------------------------------------------------------------+ 

