###############################################################
#  Generated by:      Cadence Innovus 18.10-p002_1
#  OS:                Linux x86_64(Host ID ensc-esil-17)
#  Generated on:      Tue Apr 20 17:37:02 2021
#  Design:            aes128keyWrapper
#  Command:           report_timing -net -format {instance arc cell slew net annotation load delay arrival} -max_paths 10 > results/timing/05-postPlaceOpt.rpt
###############################################################
Path 1: MET Setup Check with Pin uut/sub_reg[67]/CK 
Endpoint:   uut/sub_reg[67]/D         (v) checked with  leading edge of 'CLK'
Beginpoint: uut/roundCounter_reg[1]/Q (v) triggered by  leading edge of 'CLK'
Path Groups: {CLK}
Analysis View: aes_av
Other End Arrival Time          0.000
- Setup                         0.188
+ Phase Shift                   5.700
= Required Time                 5.512
- Arrival Time                  5.500
= Slack Time                    0.012
     Clock Rise Edge                 0.000
     + Clock Network Latency (Ideal) 0.000
     = Beginpoint Arrival Time       0.000
     +-----------------------------------------------------------------------------------------------------------------------------------------+ 
     |           Instance           |     Arc      |   Cell    |  Slew |             Net              |    Arc     |  Load   | Delay | Arrival | 
     |                              |              |           |       |                              | Annotation |         |       |  Time   | 
     |------------------------------+--------------+-----------+-------+------------------------------+------------+---------+-------+---------| 
     | uut/roundCounter_reg[1]      | CK ^         |           | 0.000 | clock                        |            | 876.855 |       |   0.000 | 
     | uut/roundCounter_reg[1]      | CK ^ -> Q v  | DFF_X1    | 0.037 | uut/roundCounter[1]          |            |  11.100 | 0.273 |   0.273 | 
     | uut/U11009                   |              | NOR2_X4   | 0.037 | uut/roundCounter[1]          |       SPEF |  11.100 | 0.000 |   0.274 | 
     | uut/U11009                   | A2 v -> ZN ^ | NOR2_X4   | 0.242 | uut/n7289                    |            |  50.343 | 0.314 |   0.587 | 
     | uut/U10980                   |              | INV_X1    | 0.242 | uut/n7289                    |       SPEF |  50.343 | 0.002 |   0.589 | 
     | uut/U10980                   | A ^ -> ZN v  | INV_X1    | 0.112 | uut/n38                      |            |  37.022 | 0.235 |   0.824 | 
     | uut/U10979                   |              | NOR2_X2   | 0.112 | uut/n38                      |       SPEF |  37.022 | 0.002 |   0.826 | 
     | uut/U10979                   | A2 v -> ZN ^ | NOR2_X2   | 0.166 | uut/n9405                    |            |  16.184 | 0.268 |   1.094 | 
     | uut/FE_OFC35_n9405           |              | CLKBUF_X3 | 0.166 | uut/n9405                    |       SPEF |  16.184 | 0.001 |   1.095 | 
     | uut/FE_OFC35_n9405           | A ^ -> Z ^   | CLKBUF_X3 | 0.314 | uut/FE_OFN35_n9405           |            | 110.952 | 0.429 |   1.524 | 
     | uut/FE_OFC36_n9405           |              | CLKBUF_X2 | 0.314 | uut/FE_OFN35_n9405           |       SPEF | 110.952 | 0.002 |   1.526 | 
     | uut/FE_OFC36_n9405           | A ^ -> Z ^   | CLKBUF_X2 | 0.343 | uut/FE_OFN36_n9405           |            |  83.878 | 0.504 |   2.031 | 
     | uut/FE_OFC37_n9405           |              | CLKBUF_X2 | 0.343 | uut/FE_OFN36_n9405           |       SPEF |  83.878 | 0.006 |   2.037 | 
     | uut/FE_OFC37_n9405           | A ^ -> Z ^   | CLKBUF_X2 | 0.334 | uut/FE_OFN37_n9405           |            |  81.221 | 0.497 |   2.534 | 
     | uut/U9756                    |              | AOI22_X1  | 0.334 | uut/FE_OFN37_n9405           |       SPEF |  81.221 | 0.013 |   2.546 | 
     | uut/U9756                    | B1 ^ -> ZN v | AOI22_X1  | 0.092 | uut/n9736                    |            |   2.126 | 0.130 |   2.676 | 
     | uut/U1555                    |              | AOI22_X1  | 0.092 | uut/n9736                    |       SPEF |   2.126 | 0.000 |   2.676 | 
     | uut/U1555                    | B2 v -> ZN ^ | AOI22_X1  | 0.205 | uut/FE_OFN66_cipherBuffer_68 |            |   7.961 | 0.331 |   3.007 | 
     | uut/FE_OFC66_cipherBuffer_68 |              | BUF_X1    | 0.205 | uut/FE_OFN66_cipherBuffer_68 |       SPEF |   7.961 | 0.001 |   3.008 | 
     | uut/FE_OFC66_cipherBuffer_68 | A ^ -> Z ^   | BUF_X1    | 0.303 | cipherBuffer[68]             |            |  37.381 | 0.412 |   3.420 | 
     | uut/U3270                    |              | INV_X1    | 0.304 | cipherBuffer[68]             |       SPEF |  37.381 | 0.004 |   3.425 | 
     | uut/U3270                    | A ^ -> ZN v  | INV_X1    | 0.096 | uut/n1846                    |            |  16.285 | 0.171 |   3.596 | 
     | uut/U3256                    |              | NAND2_X1  | 0.096 | uut/n1846                    |       SPEF |  16.285 | 0.000 |   3.596 | 
     | uut/U3256                    | A1 v -> ZN ^ | NAND2_X1  | 0.155 | uut/n225                     |            |  17.368 | 0.220 |   3.816 | 
     | uut/U6483                    |              | INV_X2    | 0.155 | uut/n225                     |       SPEF |  17.368 | 0.001 |   3.816 | 
     | uut/U6483                    | A ^ -> ZN v  | INV_X2    | 0.054 | uut/n215                     |            |  22.045 | 0.106 |   3.922 | 
     | uut/U3165                    |              | NAND2_X1  | 0.054 | uut/n215                     |       SPEF |  22.045 | 0.001 |   3.923 | 
     | uut/U3165                    | A1 v -> ZN ^ | NAND2_X1  | 0.196 | uut/n163                     |            |  22.321 | 0.237 |   4.159 | 
     | uut/U3157                    |              | INV_X1    | 0.196 | uut/n163                     |       SPEF |  22.321 | 0.001 |   4.160 | 
     | uut/U3157                    | A ^ -> ZN v  | INV_X1    | 0.067 | uut/n636                     |            |  13.176 | 0.127 |   4.288 | 
     | uut/U10337                   |              | AND2_X1   | 0.067 | uut/n636                     |       SPEF |  13.176 | 0.001 |   4.288 | 
     | uut/U10337                   | A1 v -> ZN v | AND2_X1   | 0.022 | uut/n11132                   |            |   3.163 | 0.130 |   4.418 | 
     | uut/U10341                   |              | NOR3_X2   | 0.022 | uut/n11132                   |       SPEF |   3.163 | 0.000 |   4.419 | 
     | uut/U10341                   | A2 v -> ZN ^ | NOR3_X2   | 0.088 | uut/n3136                    |            |   2.023 | 0.156 |   4.575 | 
     | uut/U1540                    |              | OAI211_X1 | 0.088 | uut/n3136                    |       SPEF |   2.023 | 0.000 |   4.575 | 
     | uut/U1540                    | B ^ -> ZN v  | OAI211_X1 | 0.065 | uut/n3132                    |            |   4.707 | 0.119 |   4.694 | 
     | uut/U6182                    |              | AOI222_X2 | 0.065 | uut/n3132                    |       SPEF |   4.707 | 0.000 |   4.694 | 
     | uut/U6182                    | B1 v -> ZN ^ | AOI222_X2 | 0.167 | uut/n3130                    |            |   2.122 | 0.298 |   4.992 | 
     | uut/U1537                    |              | OAI211_X1 | 0.167 | uut/n3130                    |       SPEF |   2.122 | 0.000 |   4.993 | 
     | uut/U1537                    | B ^ -> ZN v  | OAI211_X1 | 0.056 | uut/n3118                    |            |   3.014 | 0.128 |   5.121 | 
     | uut/U10969                   |              | NOR4_X2   | 0.056 | uut/n3118                    |       SPEF |   3.014 | 0.000 |   5.121 | 
     | uut/U10969                   | A1 v -> ZN ^ | NOR4_X2   | 0.209 | uut/n3117                    |            |   5.641 | 0.246 |   5.367 | 
     | uut/U1524                    |              | NAND4_X1  | 0.209 | uut/n3117                    |       SPEF |   5.641 | 0.001 |   5.367 | 
     | uut/U1524                    | A4 ^ -> ZN v | NAND4_X1  | 0.075 | uut/n10645                   |            |   1.914 | 0.133 |   5.500 | 
     | uut/sub_reg[67]              |              | DFF_X1    | 0.075 | uut/n10645                   |       SPEF |   1.914 | 0.000 |   5.500 | 
     +-----------------------------------------------------------------------------------------------------------------------------------------+ 
Path 2: MET Setup Check with Pin uut/sub_reg[19]/CK 
Endpoint:   uut/sub_reg[19]/D         (v) checked with  leading edge of 'CLK'
Beginpoint: uut/roundCounter_reg[0]/Q (^) triggered by  leading edge of 'CLK'
Path Groups: {CLK}
Analysis View: aes_av
Other End Arrival Time          0.000
- Setup                         0.196
+ Phase Shift                   5.700
= Required Time                 5.504
- Arrival Time                  5.470
= Slack Time                    0.034
     Clock Rise Edge                 0.000
     + Clock Network Latency (Ideal) 0.000
     = Beginpoint Arrival Time       0.000
     +-----------------------------------------------------------------------------------------------------------------------------------------+ 
     |           Instance           |     Arc      |   Cell    |  Slew |             Net              |    Arc     |  Load   | Delay | Arrival | 
     |                              |              |           |       |                              | Annotation |         |       |  Time   | 
     |------------------------------+--------------+-----------+-------+------------------------------+------------+---------+-------+---------| 
     | uut/roundCounter_reg[0]      | CK ^         |           | 0.000 | clock                        |            | 876.855 |       |   0.000 | 
     | uut/roundCounter_reg[0]      | CK ^ -> Q ^  | DFF_X1    | 0.109 | uut/roundCounter[0]          |            |  12.361 | 0.378 |   0.378 | 
     | uut/U11009                   |              | NOR2_X4   | 0.109 | uut/roundCounter[0]          |       SPEF |  12.361 | 0.000 |   0.378 | 
     | uut/U11009                   | A1 ^ -> ZN v | NOR2_X4   | 0.045 | uut/n7289                    |            |  46.113 | 0.092 |   0.470 | 
     | uut/U10980                   |              | INV_X1    | 0.045 | uut/n7289                    |       SPEF |  46.113 | 0.002 |   0.472 | 
     | uut/U10980                   | A v -> ZN ^  | INV_X1    | 0.317 | uut/n38                      |            |  39.193 | 0.364 |   0.836 | 
     | uut/U10979                   |              | NOR2_X2   | 0.318 | uut/n38                      |       SPEF |  39.193 | 0.002 |   0.838 | 
     | uut/U10979                   | A2 ^ -> ZN v | NOR2_X2   | 0.081 | uut/n9405                    |            |  14.803 | 0.126 |   0.964 | 
     | uut/U11054                   |              | INV_X8    | 0.081 | uut/n9405                    |       SPEF |  14.803 | 0.001 |   0.965 | 
     | uut/U11054                   | A v -> ZN ^  | INV_X8    | 0.122 | uut/n11194                   |            | 111.561 | 0.173 |   1.138 | 
     | uut/U2426                    |              | AND2_X2   | 0.123 | uut/n11194                   |       SPEF | 111.561 | 0.001 |   1.139 | 
     | uut/U2426                    | A2 ^ -> ZN ^ | AND2_X2   | 0.250 | uut/n29                      |            |  61.468 | 0.363 |   1.502 | 
     | uut/FE_OFC52_n29             |              | BUF_X4    | 0.250 | uut/n29                      |       SPEF |  61.468 | 0.004 |   1.506 | 
     | uut/FE_OFC52_n29             | A ^ -> Z ^   | BUF_X4    | 0.254 | uut/FE_OFN52_n29             |            | 122.298 | 0.338 |   1.844 | 
     | uut/U2427                    |              | INV_X8    | 0.255 | uut/FE_OFN52_n29             |       SPEF | 122.298 | 0.022 |   1.865 | 
     | uut/U2427                    | A ^ -> ZN v  | INV_X8    | 0.090 | uut/n9407                    |            | 130.354 | 0.152 |   2.018 | 
     | uut/U10434                   |              | OAI222_X1 | 0.092 | uut/n9407                    |       SPEF | 130.354 | 0.015 |   2.033 | 
     | uut/U10434                   | B2 v -> ZN ^ | OAI222_X1 | 0.166 | uut/n10238                   |            |   1.908 | 0.212 |   2.245 | 
     | uut/U10433                   |              | INV_X1    | 0.166 | uut/n10238                   |       SPEF |   1.908 | 0.000 |   2.245 | 
     | uut/U10433                   | A ^ -> ZN v  | INV_X1    | 0.036 | uut/n10235                   |            |   1.565 | 0.042 |   2.287 | 
     | uut/U10940                   |              | OAI22_X1  | 0.036 | uut/n10235                   |       SPEF |   1.565 | 0.000 |   2.287 | 
     | uut/U10940                   | A1 v -> ZN ^ | OAI22_X1  | 0.344 | uut/FE_OFN74_cipherBuffer_17 |            |  14.624 | 0.359 |   2.646 | 
     | uut/FE_OFC74_cipherBuffer_17 |              | CLKBUF_X2 | 0.345 | uut/FE_OFN74_cipherBuffer_17 |       SPEF |  14.624 | 0.003 |   2.649 | 
     | uut/FE_OFC74_cipherBuffer_17 | A ^ -> Z ^   | CLKBUF_X2 | 0.168 | cipherBuffer[17]             |            |  40.716 | 0.331 |   2.980 | 
     | uut/U3770                    |              | AND2_X2   | 0.169 | cipherBuffer[17]             |       SPEF |  40.716 | 0.004 |   2.984 | 
     | uut/U3770                    | A2 ^ -> ZN ^ | AND2_X2   | 0.200 | uut/n10869                   |            |  48.391 | 0.325 |   3.309 | 
     | uut/U3777                    |              | INV_X1    | 0.200 | uut/n10869                   |       SPEF |  48.391 | 0.001 |   3.310 | 
     | uut/U3777                    | A ^ -> ZN v  | INV_X1    | 0.108 | uut/n2504                    |            |  41.137 | 0.227 |   3.538 | 
     | uut/U9810                    |              | NAND2_X1  | 0.108 | uut/n2504                    |       SPEF |  41.137 | 0.001 |   3.539 | 
     | uut/U9810                    | A2 v -> ZN ^ | NAND2_X1  | 0.309 | uut/n2510                    |            |  36.934 | 0.395 |   3.934 | 
     | uut/FE_DBTC11_n2510          |              | INV_X1    | 0.309 | uut/n2510                    |       SPEF |  36.934 | 0.001 |   3.935 | 
     | uut/FE_DBTC11_n2510          | A ^ -> ZN v  | INV_X1    | 0.123 | uut/FE_DBTN11_n2510          |            |  33.058 | 0.250 |   4.185 | 
     | uut/U3846                    |              | AOI221_X1 | 0.124 | uut/FE_DBTN11_n2510          |       SPEF |  33.058 | 0.002 |   4.187 | 
     | uut/U3846                    | C1 v -> ZN ^ | AOI221_X1 | 0.167 | uut/n5289                    |            |   1.947 | 0.231 |   4.418 | 
     | uut/U3845                    |              | OAI221_X1 | 0.167 | uut/n5289                    |       SPEF |   1.947 | 0.000 |   4.418 | 
     | uut/U3845                    | A ^ -> ZN v  | OAI221_X1 | 0.096 | uut/n5279                    |            |   1.964 | 0.140 |   4.557 | 
     | uut/U3839                    |              | AOI222_X1 | 0.096 | uut/n5279                    |       SPEF |   1.964 | 0.000 |   4.557 | 
     | uut/U3839                    | A1 v -> ZN ^ | AOI222_X1 | 0.192 | uut/n5278                    |            |   2.119 | 0.246 |   4.803 | 
     | uut/U3838                    |              | OAI211_X1 | 0.192 | uut/n5278                    |       SPEF |   2.119 | 0.000 |   4.803 | 
     | uut/U3838                    | B ^ -> ZN v  | OAI211_X1 | 0.080 | uut/n5261                    |            |   1.577 | 0.122 |   4.926 | 
     | uut/U10221                   |              | NOR4_X1   | 0.080 | uut/n5261                    |       SPEF |   1.577 | 0.000 |   4.926 | 
     | uut/U10221                   | A1 v -> ZN ^ | NOR4_X1   | 0.305 | uut/n5260                    |            |   5.381 | 0.365 |   5.291 | 
     | uut/U3827                    |              | NAND4_X1  | 0.305 | uut/n5260                    |       SPEF |   5.381 | 0.001 |   5.292 | 
     | uut/U3827                    | A4 ^ -> ZN v | NAND4_X1  | 0.091 | uut/n10687                   |            |   4.256 | 0.178 |   5.469 | 
     | uut/sub_reg[19]              |              | DFF_X1    | 0.091 | uut/n10687                   |       SPEF |   4.256 | 0.000 |   5.470 | 
     +-----------------------------------------------------------------------------------------------------------------------------------------+ 
Path 3: MET Setup Check with Pin uut/sub_reg[3]/CK 
Endpoint:   uut/sub_reg[3]/D          (v) checked with  leading edge of 'CLK'
Beginpoint: uut/roundCounter_reg[0]/Q (^) triggered by  leading edge of 'CLK'
Path Groups: {CLK}
Analysis View: aes_av
Other End Arrival Time          0.000
- Setup                         0.195
+ Phase Shift                   5.700
= Required Time                 5.505
- Arrival Time                  5.470
= Slack Time                    0.036
     Clock Rise Edge                 0.000
     + Clock Network Latency (Ideal) 0.000
     = Beginpoint Arrival Time       0.000
     +---------------------------------------------------------------------------------------------------------------------------------------+ 
     |          Instance           |     Arc      |   Cell    |  Slew |             Net             |    Arc     |  Load   | Delay | Arrival | 
     |                             |              |           |       |                             | Annotation |         |       |  Time   | 
     |-----------------------------+--------------+-----------+-------+-----------------------------+------------+---------+-------+---------| 
     | uut/roundCounter_reg[0]     | CK ^         |           | 0.000 | clock                       |            | 876.855 |       |   0.000 | 
     | uut/roundCounter_reg[0]     | CK ^ -> Q ^  | DFF_X1    | 0.109 | uut/roundCounter[0]         |            |  12.361 | 0.378 |   0.378 | 
     | uut/U11009                  |              | NOR2_X4   | 0.109 | uut/roundCounter[0]         |       SPEF |  12.361 | 0.000 |   0.378 | 
     | uut/U11009                  | A1 ^ -> ZN v | NOR2_X4   | 0.045 | uut/n7289                   |            |  46.113 | 0.092 |   0.470 | 
     | uut/U10980                  |              | INV_X1    | 0.045 | uut/n7289                   |       SPEF |  46.113 | 0.002 |   0.472 | 
     | uut/U10980                  | A v -> ZN ^  | INV_X1    | 0.317 | uut/n38                     |            |  39.193 | 0.364 |   0.836 | 
     | uut/U10979                  |              | NOR2_X2   | 0.318 | uut/n38                     |       SPEF |  39.193 | 0.002 |   0.838 | 
     | uut/U10979                  | A2 ^ -> ZN v | NOR2_X2   | 0.081 | uut/n9405                   |            |  14.803 | 0.126 |   0.964 | 
     | uut/U11054                  |              | INV_X8    | 0.081 | uut/n9405                   |       SPEF |  14.803 | 0.001 |   0.965 | 
     | uut/U11054                  | A v -> ZN ^  | INV_X8    | 0.122 | uut/n11194                  |            | 111.561 | 0.173 |   1.138 | 
     | uut/U2426                   |              | AND2_X2   | 0.123 | uut/n11194                  |       SPEF | 111.561 | 0.001 |   1.139 | 
     | uut/U2426                   | A2 ^ -> ZN ^ | AND2_X2   | 0.250 | uut/n29                     |            |  61.468 | 0.363 |   1.502 | 
     | uut/FE_OFC52_n29            |              | BUF_X4    | 0.250 | uut/n29                     |       SPEF |  61.468 | 0.004 |   1.506 | 
     | uut/FE_OFC52_n29            | A ^ -> Z ^   | BUF_X4    | 0.254 | uut/FE_OFN52_n29            |            | 122.298 | 0.338 |   1.844 | 
     | uut/U2427                   |              | INV_X8    | 0.255 | uut/FE_OFN52_n29            |       SPEF | 122.298 | 0.022 |   1.865 | 
     | uut/U2427                   | A ^ -> ZN v  | INV_X8    | 0.090 | uut/n9407                   |            | 130.354 | 0.152 |   2.018 | 
     | uut/U10397                  |              | OAI222_X1 | 0.092 | uut/n9407                   |       SPEF | 130.354 | 0.013 |   2.031 | 
     | uut/U10397                  | B2 v -> ZN ^ | OAI222_X1 | 0.171 | uut/n10213                  |            |   2.167 | 0.217 |   2.249 | 
     | uut/U10396                  |              | INV_X1    | 0.171 | uut/n10213                  |       SPEF |   2.167 | 0.000 |   2.249 | 
     | uut/U10396                  | A ^ -> ZN v  | INV_X1    | 0.038 | uut/n10210                  |            |   1.817 | 0.045 |   2.294 | 
     | uut/U10570                  |              | OAI22_X1  | 0.038 | uut/n10210                  |       SPEF |   1.817 | 0.000 |   2.294 | 
     | uut/U10570                  | A1 v -> ZN ^ | OAI22_X1  | 0.320 | uut/FE_OFN77_cipherBuffer_1 |            |  13.261 | 0.335 |   2.628 | 
     | uut/FE_OFC77_cipherBuffer_1 |              | BUF_X1    | 0.321 | uut/FE_OFN77_cipherBuffer_1 |       SPEF |  13.261 | 0.003 |   2.632 | 
     | uut/FE_OFC77_cipherBuffer_1 | A ^ -> Z ^   | BUF_X1    | 0.319 | cipherBuffer[1]             |            |  39.506 | 0.442 |   3.074 | 
     | uut/U4663                   |              | AND2_X2   | 0.319 | cipherBuffer[1]             |       SPEF |  39.506 | 0.004 |   3.077 | 
     | uut/U4663                   | A1 ^ -> ZN ^ | AND2_X2   | 0.257 | uut/n10887                  |            |  62.481 | 0.407 |   3.484 | 
     | uut/U6202                   |              | INV_X1    | 0.257 | uut/n10887                  |       SPEF |  62.481 | 0.011 |   3.495 | 
     | uut/U6202                   | A ^ -> ZN v  | INV_X1    | 0.109 | uut/n11119                  |            |  32.396 | 0.227 |   3.722 | 
     | uut/U5844                   |              | NAND2_X1  | 0.109 | uut/n11119                  |       SPEF |  32.396 | 0.001 |   3.723 | 
     | uut/U5844                   | A1 v -> ZN ^ | NAND2_X1  | 0.336 | uut/n1082                   |            |  40.643 | 0.418 |   4.141 | 
     | uut/U10335                  |              | INV_X2    | 0.336 | uut/n1082                   |       SPEF |  40.643 | 0.000 |   4.141 | 
     | uut/U10335                  | A ^ -> ZN v  | INV_X2    | 0.103 | uut/n959                    |            |  32.510 | 0.179 |   4.320 | 
     | uut/U609                    |              | AOI221_X1 | 0.103 | uut/n959                    |       SPEF |  32.510 | 0.002 |   4.322 | 
     | uut/U609                    | C1 v -> ZN ^ | AOI221_X1 | 0.179 | uut/n1620                   |            |   2.391 | 0.234 |   4.556 | 
     | uut/U608                    |              | OAI221_X1 | 0.179 | uut/n1620                   |       SPEF |   2.391 | 0.000 |   4.556 | 
     | uut/U608                    | A ^ -> ZN v  | OAI221_X1 | 0.079 | uut/n1614                   |            |   2.898 | 0.153 |   4.709 | 
     | uut/U605                    |              | AOI222_X1 | 0.079 | uut/n1614                   |       SPEF |   2.898 | 0.000 |   4.709 | 
     | uut/U605                    | A2 v -> ZN ^ | AOI222_X1 | 0.180 | uut/n1613                   |            |   1.699 | 0.257 |   4.966 | 
     | uut/U604                    |              | OAI221_X1 | 0.180 | uut/n1613                   |       SPEF |   1.699 | 0.000 |   4.966 | 
     | uut/U604                    | A ^ -> ZN v  | OAI221_X1 | 0.067 | uut/n1588                   |            |   4.178 | 0.167 |   5.133 | 
     | uut/U10556                  |              | NOR4_X2   | 0.067 | uut/n1588                   |       SPEF |   4.178 | 0.000 |   5.133 | 
     | uut/U10556                  | A1 v -> ZN ^ | NOR4_X2   | 0.156 | uut/n1587                   |            |   2.860 | 0.190 |   5.323 | 
     | uut/U591                    |              | NAND4_X1  | 0.156 | uut/n1587                   |       SPEF |   2.860 | 0.000 |   5.323 | 
     | uut/U591                    | A4 ^ -> ZN v | NAND4_X1  | 0.088 | uut/n10621                  |            |   4.021 | 0.146 |   5.469 | 
     | uut/sub_reg[3]              |              | DFF_X1    | 0.088 | uut/n10621                  |       SPEF |   4.021 | 0.000 |   5.470 | 
     +---------------------------------------------------------------------------------------------------------------------------------------+ 
Path 4: MET Setup Check with Pin uut/sub_reg[89]/CK 
Endpoint:   uut/sub_reg[89]/D         (v) checked with  leading edge of 'CLK'
Beginpoint: uut/roundCounter_reg[0]/Q (^) triggered by  leading edge of 'CLK'
Path Groups: {CLK}
Analysis View: aes_av
Other End Arrival Time          0.000
- Setup                         0.182
+ Phase Shift                   5.700
= Required Time                 5.518
- Arrival Time                  5.480
= Slack Time                    0.038
     Clock Rise Edge                 0.000
     + Clock Network Latency (Ideal) 0.000
     = Beginpoint Arrival Time       0.000
     +-------------------------------------------------------------------------------------------------------------------------------------------+ 
     |           Instance            |     Arc      |   Cell    |  Slew |              Net              |    Arc     |  Load   | Delay | Arrival | 
     |                               |              |           |       |                               | Annotation |         |       |  Time   | 
     |-------------------------------+--------------+-----------+-------+-------------------------------+------------+---------+-------+---------| 
     | uut/roundCounter_reg[0]       | CK ^         |           | 0.000 | clock                         |            | 876.855 |       |   0.000 | 
     | uut/roundCounter_reg[0]       | CK ^ -> Q ^  | DFF_X1    | 0.109 | uut/roundCounter[0]           |            |  12.361 | 0.378 |   0.378 | 
     | uut/U11009                    |              | NOR2_X4   | 0.109 | uut/roundCounter[0]           |       SPEF |  12.361 | 0.000 |   0.378 | 
     | uut/U11009                    | A1 ^ -> ZN v | NOR2_X4   | 0.045 | uut/n7289                     |            |  46.113 | 0.092 |   0.470 | 
     | uut/U10980                    |              | INV_X1    | 0.045 | uut/n7289                     |       SPEF |  46.113 | 0.002 |   0.472 | 
     | uut/U10980                    | A v -> ZN ^  | INV_X1    | 0.317 | uut/n38                       |            |  39.193 | 0.364 |   0.836 | 
     | uut/U10979                    |              | NOR2_X2   | 0.318 | uut/n38                       |       SPEF |  39.193 | 0.002 |   0.838 | 
     | uut/U10979                    | A2 ^ -> ZN v | NOR2_X2   | 0.081 | uut/n9405                     |            |  14.803 | 0.126 |   0.964 | 
     | uut/U11054                    |              | INV_X8    | 0.081 | uut/n9405                     |       SPEF |  14.803 | 0.001 |   0.965 | 
     | uut/U11054                    | A v -> ZN ^  | INV_X8    | 0.122 | uut/n11194                    |            | 111.561 | 0.173 |   1.138 | 
     | uut/U2426                     |              | AND2_X2   | 0.123 | uut/n11194                    |       SPEF | 111.561 | 0.001 |   1.139 | 
     | uut/U2426                     | A2 ^ -> ZN ^ | AND2_X2   | 0.250 | uut/n29                       |            |  61.468 | 0.363 |   1.502 | 
     | uut/FE_OFC52_n29              |              | BUF_X4    | 0.250 | uut/n29                       |       SPEF |  61.468 | 0.004 |   1.506 | 
     | uut/FE_OFC52_n29              | A ^ -> Z ^   | BUF_X4    | 0.254 | uut/FE_OFN52_n29              |            | 122.298 | 0.338 |   1.844 | 
     | uut/U2427                     |              | INV_X8    | 0.255 | uut/FE_OFN52_n29              |       SPEF | 122.298 | 0.022 |   1.865 | 
     | uut/U2427                     | A ^ -> ZN v  | INV_X8    | 0.090 | uut/n9407                     |            | 130.354 | 0.152 |   2.018 | 
     | uut/FE_OFC56_n9407            |              | CLKBUF_X3 | 0.091 | uut/n9407                     |       SPEF | 130.354 | 0.005 |   2.023 | 
     | uut/FE_OFC56_n9407            | A v -> Z v   | CLKBUF_X3 | 0.183 | uut/FE_OFN56_n9407            |            | 106.681 | 0.318 |   2.341 | 
     | uut/U9486                     |              | OAI222_X1 | 0.185 | uut/FE_OFN56_n9407            |       SPEF | 106.681 | 0.030 |   2.372 | 
     | uut/U9486                     | B2 v -> ZN ^ | OAI222_X1 | 0.171 | uut/n9525                     |            |   2.207 | 0.262 |   2.634 | 
     | uut/U9485                     |              | INV_X1    | 0.171 | uut/n9525                     |       SPEF |   2.207 | 0.000 |   2.634 | 
     | uut/U9485                     | A ^ -> ZN v  | INV_X1    | 0.047 | uut/n9522                     |            |   5.533 | 0.077 |   2.711 | 
     | uut/U10878                    |              | OAI22_X4  | 0.047 | uut/n9522                     |       SPEF |   5.533 | 0.000 |   2.711 | 
     | uut/U10878                    | A1 v -> ZN ^ | OAI22_X4  | 0.306 | cipherBuffer[89]              |            |  50.403 | 0.314 |   3.025 | 
     | uut/FE_DBTC50_cipherBuffer_89 |              | INV_X1    | 0.306 | cipherBuffer[89]              |       SPEF |  50.403 | 0.011 |   3.037 | 
     | uut/FE_DBTC50_cipherBuffer_89 | A ^ -> ZN v  | INV_X1    | 0.133 | uut/FE_DBTN50_cipherBuffer_89 |            |  40.072 | 0.276 |   3.312 | 
     | uut/U3620                     |              | NAND2_X1  | 0.133 | uut/FE_DBTN50_cipherBuffer_89 |       SPEF |  40.072 | 0.001 |   3.313 | 
     | uut/U3620                     | A2 v -> ZN ^ | NAND2_X1  | 0.059 | uut/n4215                     |            |   3.443 | 0.133 |   3.447 | 
     | uut/U6493                     |              | NAND2_X1  | 0.059 | uut/n4215                     |       SPEF |   3.443 | 0.000 |   3.447 | 
     | uut/U6493                     | A2 ^ -> ZN v | NAND2_X1  | 0.157 | uut/n685                      |            |  33.617 | 0.212 |   3.659 | 
     | uut/FE_DBTC30_n685            |              | INV_X1    | 0.157 | uut/n685                      |       SPEF |  33.617 | 0.001 |   3.660 | 
     | uut/FE_DBTC30_n685            | A v -> ZN ^  | INV_X1    | 0.285 | uut/FE_DBTN30_n685            |            |  35.504 | 0.397 |   4.057 | 
     | uut/U5211                     |              | OAI222_X1 | 0.285 | uut/FE_DBTN30_n685            |       SPEF |  35.504 | 0.002 |   4.059 | 
     | uut/U5211                     | A1 ^ -> ZN v | OAI222_X1 | 0.078 | uut/n6303                     |            |   1.074 | 0.143 |   4.202 | 
     | uut/U11013                    |              | OR4_X1    | 0.078 | uut/n6303                     |       SPEF |   1.074 | 0.000 |   4.202 | 
     | uut/U11013                    | A1 v -> ZN v | OR4_X1    | 0.071 | uut/n6302                     |            |   3.259 | 0.382 |   4.584 | 
     | uut/U5208                     |              | AOI222_X1 | 0.071 | uut/n6302                     |       SPEF |   3.259 | 0.000 |   4.584 | 
     | uut/U5208                     | B1 v -> ZN ^ | AOI222_X1 | 0.258 | uut/n6299                     |            |   4.409 | 0.401 |   4.985 | 
     | uut/U5207                     |              | INV_X1    | 0.258 | uut/n6299                     |       SPEF |   4.409 | 0.000 |   4.985 | 
     | uut/U5207                     | A ^ -> ZN v  | INV_X1    | 0.051 | uut/n6298                     |            |   1.710 | 0.044 |   5.030 | 
     | uut/U10236                    |              | NOR4_X1   | 0.051 | uut/n6298                     |       SPEF |   1.710 | 0.000 |   5.030 | 
     | uut/U10236                    | A4 v -> ZN ^ | NOR4_X1   | 0.179 | uut/n6294                     |            |   2.037 | 0.341 |   5.371 | 
     | uut/U5205                     |              | NAND4_X1  | 0.179 | uut/n6294                     |       SPEF |   2.037 | 0.000 |   5.371 | 
     | uut/U5205                     | A1 ^ -> ZN v | NAND4_X1  | 0.064 | uut/n10710                    |            |   1.184 | 0.108 |   5.480 | 
     | uut/sub_reg[89]               |              | DFF_X1    | 0.064 | uut/n10710                    |       SPEF |   1.184 | 0.000 |   5.480 | 
     +-------------------------------------------------------------------------------------------------------------------------------------------+ 
Path 5: MET Setup Check with Pin uut/sub_reg[83]/CK 
Endpoint:   uut/sub_reg[83]/D         (v) checked with  leading edge of 'CLK'
Beginpoint: uut/roundCounter_reg[1]/Q (v) triggered by  leading edge of 'CLK'
Path Groups: {CLK}
Analysis View: aes_av
Other End Arrival Time          0.000
- Setup                         0.186
+ Phase Shift                   5.700
= Required Time                 5.514
- Arrival Time                  5.469
= Slack Time                    0.045
     Clock Rise Edge                 0.000
     + Clock Network Latency (Ideal) 0.000
     = Beginpoint Arrival Time       0.000
     +---------------------------------------------------------------------------------------------------------------------------+ 
     |        Instance         |     Arc      |   Cell    |  Slew |         Net         |    Arc     |  Load   | Delay | Arrival | 
     |                         |              |           |       |                     | Annotation |         |       |  Time   | 
     |-------------------------+--------------+-----------+-------+---------------------+------------+---------+-------+---------| 
     | uut/roundCounter_reg[1] | CK ^         |           | 0.000 | clock               |            | 876.855 |       |   0.000 | 
     | uut/roundCounter_reg[1] | CK ^ -> Q v  | DFF_X1    | 0.037 | uut/roundCounter[1] |            |  11.100 | 0.273 |   0.274 | 
     | uut/U11009              |              | NOR2_X4   | 0.037 | uut/roundCounter[1] |       SPEF |  11.100 | 0.000 |   0.274 | 
     | uut/U11009              | A2 v -> ZN ^ | NOR2_X4   | 0.242 | uut/n7289           |            |  50.343 | 0.314 |   0.588 | 
     | uut/U10980              |              | INV_X1    | 0.242 | uut/n7289           |       SPEF |  50.343 | 0.002 |   0.589 | 
     | uut/U10980              | A ^ -> ZN v  | INV_X1    | 0.112 | uut/n38             |            |  37.022 | 0.235 |   0.824 | 
     | uut/U10979              |              | NOR2_X2   | 0.112 | uut/n38             |       SPEF |  37.022 | 0.002 |   0.826 | 
     | uut/U10979              | A2 v -> ZN ^ | NOR2_X2   | 0.166 | uut/n9405           |            |  16.184 | 0.268 |   1.094 | 
     | uut/FE_OFC35_n9405      |              | CLKBUF_X3 | 0.166 | uut/n9405           |       SPEF |  16.184 | 0.001 |   1.095 | 
     | uut/FE_OFC35_n9405      | A ^ -> Z ^   | CLKBUF_X3 | 0.314 | uut/FE_OFN35_n9405  |            | 110.952 | 0.429 |   1.524 | 
     | uut/FE_OFC36_n9405      |              | CLKBUF_X2 | 0.314 | uut/FE_OFN35_n9405  |       SPEF | 110.952 | 0.002 |   1.526 | 
     | uut/FE_OFC36_n9405      | A ^ -> Z ^   | CLKBUF_X2 | 0.343 | uut/FE_OFN36_n9405  |            |  83.878 | 0.504 |   2.031 | 
     | uut/FE_OFC37_n9405      |              | CLKBUF_X2 | 0.343 | uut/FE_OFN36_n9405  |       SPEF |  83.878 | 0.006 |   2.037 | 
     | uut/FE_OFC37_n9405      | A ^ -> Z ^   | CLKBUF_X2 | 0.334 | uut/FE_OFN37_n9405  |            |  81.221 | 0.497 |   2.534 | 
     | uut/U3269               |              | AOI222_X1 | 0.334 | uut/FE_OFN37_n9405  |       SPEF |  81.221 | 0.011 |   2.545 | 
     | uut/U3269               | A2 ^ -> ZN v | AOI222_X1 | 0.085 | uut/n9596           |            |   1.888 | 0.110 |   2.655 | 
     | uut/U3268               |              | OAI22_X1  | 0.085 | uut/n9596           |       SPEF |   1.888 | 0.000 |   2.655 | 
     | uut/U3268               | B2 v -> ZN ^ | OAI22_X1  | 0.264 | uut/n11256          |            |  10.322 | 0.357 |   3.012 | 
     | uut/U6059               |              | INV_X2    | 0.264 | uut/n11256          |       SPEF |  10.322 | 0.001 |   3.013 | 
     | uut/U6059               | A ^ -> ZN v  | INV_X2    | 0.092 | uut/n2301           |            |  38.300 | 0.177 |   3.189 | 
     | uut/U9531               |              | INV_X1    | 0.092 | uut/n2301           |       SPEF |  38.300 | 0.003 |   3.192 | 
     | uut/U9531               | A v -> ZN ^  | INV_X1    | 0.329 | cipherBuffer[81]    |            |  41.084 | 0.404 |   3.596 | 
     | uut/U6285               |              | NAND2_X1  | 0.329 | cipherBuffer[81]    |       SPEF |  41.084 | 0.001 |   3.597 | 
     | uut/U6285               | A2 ^ -> ZN v | NAND2_X1  | 0.203 | uut/n2296           |            |  43.170 | 0.389 |   3.986 | 
     | uut/U6568               |              | INV_X1    | 0.203 | uut/n2296           |       SPEF |  43.170 | 0.003 |   3.989 | 
     | uut/U6568               | A v -> ZN ^  | INV_X1    | 0.313 | uut/n2307           |            |  38.815 | 0.456 |   4.444 | 
     | uut/U1966               |              | OAI22_X1  | 0.313 | uut/n2307           |       SPEF |  38.815 | 0.003 |   4.447 | 
     | uut/U1966               | B1 ^ -> ZN v | OAI22_X1  | 0.062 | uut/n3667           |            |   2.377 | 0.131 |   4.578 | 
     | uut/U1964               |              | NOR4_X1   | 0.062 | uut/n3667           |       SPEF |   2.377 | 0.000 |   4.578 | 
     | uut/U1964               | A2 v -> ZN ^ | NOR4_X1   | 0.186 | uut/n3665           |            |   2.287 | 0.298 |   4.876 | 
     | uut/U1963               |              | OAI222_X1 | 0.186 | uut/n3665           |       SPEF |   2.287 | 0.000 |   4.876 | 
     | uut/U1963               | C1 ^ -> ZN v | OAI222_X1 | 0.063 | uut/n3651           |            |   3.520 | 0.161 |   5.036 | 
     | uut/U10158              |              | NOR4_X2   | 0.063 | uut/n3651           |       SPEF |   3.520 | 0.000 |   5.036 | 
     | uut/U10158              | A2 v -> ZN ^ | NOR4_X2   | 0.201 | uut/n3649           |            |   5.166 | 0.315 |   5.352 | 
     | uut/U1958               |              | NAND4_X1  | 0.201 | uut/n3649           |       SPEF |   5.166 | 0.001 |   5.352 | 
     | uut/U1958               | A1 ^ -> ZN v | NAND4_X1  | 0.071 | uut/n10655          |            |   1.487 | 0.117 |   5.469 | 
     | uut/sub_reg[83]         |              | DFF_X1    | 0.071 | uut/n10655          |       SPEF |   1.487 | 0.000 |   5.469 | 
     +---------------------------------------------------------------------------------------------------------------------------+ 
Path 6: MET Setup Check with Pin uut/sub_reg[38]/CK 
Endpoint:   uut/sub_reg[38]/D         (v) checked with  leading edge of 'CLK'
Beginpoint: uut/roundCounter_reg[1]/Q (v) triggered by  leading edge of 'CLK'
Path Groups: {CLK}
Analysis View: aes_av
Other End Arrival Time          0.000
- Setup                         0.193
+ Phase Shift                   5.700
= Required Time                 5.507
- Arrival Time                  5.460
= Slack Time                    0.047
     Clock Rise Edge                 0.000
     + Clock Network Latency (Ideal) 0.000
     = Beginpoint Arrival Time       0.000
     +-----------------------------------------------------------------------------------------------------------------------------------------+ 
     |           Instance           |     Arc      |   Cell    |  Slew |             Net              |    Arc     |  Load   | Delay | Arrival | 
     |                              |              |           |       |                              | Annotation |         |       |  Time   | 
     |------------------------------+--------------+-----------+-------+------------------------------+------------+---------+-------+---------| 
     | uut/roundCounter_reg[1]      | CK ^         |           | 0.000 | clock                        |            | 876.855 |       |   0.000 | 
     | uut/roundCounter_reg[1]      | CK ^ -> Q v  | DFF_X1    | 0.037 | uut/roundCounter[1]          |            |  11.100 | 0.273 |   0.273 | 
     | uut/U11009                   |              | NOR2_X4   | 0.037 | uut/roundCounter[1]          |       SPEF |  11.100 | 0.000 |   0.274 | 
     | uut/U11009                   | A2 v -> ZN ^ | NOR2_X4   | 0.242 | uut/n7289                    |            |  50.343 | 0.314 |   0.587 | 
     | uut/U10980                   |              | INV_X1    | 0.242 | uut/n7289                    |       SPEF |  50.343 | 0.002 |   0.589 | 
     | uut/U10980                   | A ^ -> ZN v  | INV_X1    | 0.112 | uut/n38                      |            |  37.022 | 0.235 |   0.824 | 
     | uut/U10979                   |              | NOR2_X2   | 0.112 | uut/n38                      |       SPEF |  37.022 | 0.002 |   0.826 | 
     | uut/U10979                   | A2 v -> ZN ^ | NOR2_X2   | 0.166 | uut/n9405                    |            |  16.184 | 0.268 |   1.094 | 
     | uut/FE_OFC35_n9405           |              | CLKBUF_X3 | 0.166 | uut/n9405                    |       SPEF |  16.184 | 0.001 |   1.095 | 
     | uut/FE_OFC35_n9405           | A ^ -> Z ^   | CLKBUF_X3 | 0.314 | uut/FE_OFN35_n9405           |            | 110.952 | 0.429 |   1.524 | 
     | uut/FE_OFC36_n9405           |              | CLKBUF_X2 | 0.314 | uut/FE_OFN35_n9405           |       SPEF | 110.952 | 0.002 |   1.526 | 
     | uut/FE_OFC36_n9405           | A ^ -> Z ^   | CLKBUF_X2 | 0.343 | uut/FE_OFN36_n9405           |            |  83.878 | 0.504 |   2.031 | 
     | uut/FE_OFC37_n9405           |              | CLKBUF_X2 | 0.343 | uut/FE_OFN36_n9405           |       SPEF |  83.878 | 0.006 |   2.037 | 
     | uut/FE_OFC37_n9405           | A ^ -> Z ^   | CLKBUF_X2 | 0.334 | uut/FE_OFN37_n9405           |            |  81.221 | 0.497 |   2.534 | 
     | uut/U10222                   |              | AOI222_X1 | 0.334 | uut/FE_OFN37_n9405           |       SPEF |  81.221 | 0.011 |   2.545 | 
     | uut/U10222                   | A2 ^ -> ZN v | AOI222_X1 | 0.100 | uut/n10079                   |            |   2.940 | 0.125 |   2.669 | 
     | uut/U9746                    |              | OAI22_X1  | 0.100 | uut/n10079                   |       SPEF |   2.940 | 0.000 |   2.669 | 
     | uut/U9746                    | B2 v -> ZN ^ | OAI22_X1  | 0.132 | uut/FE_OFN72_cipherBuffer_33 |            |   3.220 | 0.227 |   2.896 | 
     | uut/FE_OFC72_cipherBuffer_33 |              | CLKBUF_X2 | 0.132 | uut/FE_OFN72_cipherBuffer_33 |       SPEF |   3.220 | 0.000 |   2.896 | 
     | uut/FE_OFC72_cipherBuffer_33 | A ^ -> Z ^   | CLKBUF_X2 | 0.215 | cipherBuffer[33]             |            |  52.020 | 0.322 |   3.218 | 
     | uut/U10916                   |              | INV_X1    | 0.215 | cipherBuffer[33]             |       SPEF |  52.020 | 0.007 |   3.225 | 
     | uut/U10916                   | A ^ -> ZN v  | INV_X1    | 0.111 | uut/n312                     |            |  40.426 | 0.234 |   3.458 | 
     | uut/U10989                   |              | NAND2_X1  | 0.111 | uut/n312                     |       SPEF |  40.426 | 0.002 |   3.460 | 
     | uut/U10989                   | A2 v -> ZN ^ | NAND2_X1  | 0.308 | uut/n297                     |            |  36.994 | 0.396 |   3.856 | 
     | uut/U2538                    |              | INV_X1    | 0.309 | uut/n297                     |       SPEF |  36.994 | 0.002 |   3.858 | 
     | uut/U2538                    | A ^ -> ZN v  | INV_X1    | 0.122 | uut/n538                     |            |  32.257 | 0.247 |   4.105 | 
     | uut/U815                     |              | AOI21_X1  | 0.123 | uut/n538                     |       SPEF |  32.257 | 0.003 |   4.108 | 
     | uut/U815                     | A v -> ZN ^  | AOI21_X1  | 0.140 | uut/n555                     |            |   5.028 | 0.263 |   4.371 | 
     | uut/U185                     |              | OAI222_X1 | 0.140 | uut/n555                     |       SPEF |   5.028 | 0.000 |   4.371 | 
     | uut/U185                     | B2 ^ -> ZN v | OAI222_X1 | 0.088 | uut/n553                     |            |   1.684 | 0.141 |   4.512 | 
     | uut/U184                     |              | AOI211_X1 | 0.088 | uut/n553                     |       SPEF |   1.684 | 0.000 |   4.512 | 
     | uut/U184                     | A v -> ZN ^  | AOI211_X1 | 0.193 | uut/n543                     |            |   3.535 | 0.351 |   4.863 | 
     | uut/U180                     |              | OAI22_X1  | 0.193 | uut/n543                     |       SPEF |   3.535 | 0.000 |   4.863 | 
     | uut/U180                     | A1 ^ -> ZN v | OAI22_X1  | 0.055 | uut/n542                     |            |   1.778 | 0.092 |   4.955 | 
     | uut/U179                     |              | AOI221_X1 | 0.055 | uut/n542                     |       SPEF |   1.778 | 0.000 |   4.955 | 
     | uut/U179                     | A v -> ZN ^  | AOI221_X1 | 0.209 | uut/n513                     |            |   3.437 | 0.346 |   5.301 | 
     | uut/U167                     |              | NAND4_X1  | 0.209 | uut/n513                     |       SPEF |   3.437 | 0.000 |   5.301 | 
     | uut/U167                     | A3 ^ -> ZN v | NAND4_X1  | 0.084 | uut/n10609                   |            |   3.489 | 0.159 |   5.460 | 
     | uut/sub_reg[38]              |              | DFF_X1    | 0.085 | uut/n10609                   |       SPEF |   3.489 | 0.000 |   5.460 | 
     +-----------------------------------------------------------------------------------------------------------------------------------------+ 
Path 7: MET Setup Check with Pin uut/sub_reg[69]/CK 
Endpoint:   uut/sub_reg[69]/D         (v) checked with  leading edge of 'CLK'
Beginpoint: uut/roundCounter_reg[1]/Q (v) triggered by  leading edge of 'CLK'
Path Groups: {CLK}
Analysis View: aes_av
Other End Arrival Time          0.000
- Setup                         0.181
+ Phase Shift                   5.700
= Required Time                 5.519
- Arrival Time                  5.471
= Slack Time                    0.048
     Clock Rise Edge                 0.000
     + Clock Network Latency (Ideal) 0.000
     = Beginpoint Arrival Time       0.000
     +-----------------------------------------------------------------------------------------------------------------------------------------+ 
     |           Instance           |     Arc      |   Cell    |  Slew |             Net              |    Arc     |  Load   | Delay | Arrival | 
     |                              |              |           |       |                              | Annotation |         |       |  Time   | 
     |------------------------------+--------------+-----------+-------+------------------------------+------------+---------+-------+---------| 
     | uut/roundCounter_reg[1]      | CK ^         |           | 0.000 | clock                        |            | 876.855 |       |   0.000 | 
     | uut/roundCounter_reg[1]      | CK ^ -> Q v  | DFF_X1    | 0.037 | uut/roundCounter[1]          |            |  11.100 | 0.273 |   0.273 | 
     | uut/U11009                   |              | NOR2_X4   | 0.037 | uut/roundCounter[1]          |       SPEF |  11.100 | 0.000 |   0.274 | 
     | uut/U11009                   | A2 v -> ZN ^ | NOR2_X4   | 0.242 | uut/n7289                    |            |  50.343 | 0.314 |   0.587 | 
     | uut/U10980                   |              | INV_X1    | 0.242 | uut/n7289                    |       SPEF |  50.343 | 0.002 |   0.589 | 
     | uut/U10980                   | A ^ -> ZN v  | INV_X1    | 0.112 | uut/n38                      |            |  37.022 | 0.235 |   0.824 | 
     | uut/U10979                   |              | NOR2_X2   | 0.112 | uut/n38                      |       SPEF |  37.022 | 0.002 |   0.826 | 
     | uut/U10979                   | A2 v -> ZN ^ | NOR2_X2   | 0.166 | uut/n9405                    |            |  16.184 | 0.268 |   1.094 | 
     | uut/FE_OFC35_n9405           |              | CLKBUF_X3 | 0.166 | uut/n9405                    |       SPEF |  16.184 | 0.001 |   1.095 | 
     | uut/FE_OFC35_n9405           | A ^ -> Z ^   | CLKBUF_X3 | 0.314 | uut/FE_OFN35_n9405           |            | 110.952 | 0.429 |   1.524 | 
     | uut/FE_OFC36_n9405           |              | CLKBUF_X2 | 0.314 | uut/FE_OFN35_n9405           |       SPEF | 110.952 | 0.002 |   1.526 | 
     | uut/FE_OFC36_n9405           | A ^ -> Z ^   | CLKBUF_X2 | 0.343 | uut/FE_OFN36_n9405           |            |  83.878 | 0.504 |   2.031 | 
     | uut/FE_OFC37_n9405           |              | CLKBUF_X2 | 0.343 | uut/FE_OFN36_n9405           |       SPEF |  83.878 | 0.006 |   2.037 | 
     | uut/FE_OFC37_n9405           | A ^ -> Z ^   | CLKBUF_X2 | 0.334 | uut/FE_OFN37_n9405           |            |  81.221 | 0.497 |   2.534 | 
     | uut/U9756                    |              | AOI22_X1  | 0.334 | uut/FE_OFN37_n9405           |       SPEF |  81.221 | 0.013 |   2.546 | 
     | uut/U9756                    | B1 ^ -> ZN v | AOI22_X1  | 0.092 | uut/n9736                    |            |   2.126 | 0.130 |   2.676 | 
     | uut/U1555                    |              | AOI22_X1  | 0.092 | uut/n9736                    |       SPEF |   2.126 | 0.000 |   2.676 | 
     | uut/U1555                    | B2 v -> ZN ^ | AOI22_X1  | 0.205 | uut/FE_OFN66_cipherBuffer_68 |            |   7.961 | 0.331 |   3.007 | 
     | uut/FE_OFC66_cipherBuffer_68 |              | BUF_X1    | 0.205 | uut/FE_OFN66_cipherBuffer_68 |       SPEF |   7.961 | 0.001 |   3.008 | 
     | uut/FE_OFC66_cipherBuffer_68 | A ^ -> Z ^   | BUF_X1    | 0.303 | cipherBuffer[68]             |            |  37.381 | 0.412 |   3.420 | 
     | uut/U3270                    |              | INV_X1    | 0.304 | cipherBuffer[68]             |       SPEF |  37.381 | 0.004 |   3.425 | 
     | uut/U3270                    | A ^ -> ZN v  | INV_X1    | 0.096 | uut/n1846                    |            |  16.285 | 0.171 |   3.596 | 
     | uut/U10730                   |              | NAND2_X1  | 0.096 | uut/n1846                    |       SPEF |  16.285 | 0.000 |   3.596 | 
     | uut/U10730                   | A2 v -> ZN ^ | NAND2_X1  | 0.117 | uut/n646                     |            |  12.572 | 0.189 |   3.785 | 
     | uut/U10724                   |              | INV_X2    | 0.117 | uut/n646                     |       SPEF |  12.572 | 0.000 |   3.786 | 
     | uut/U10724                   | A ^ -> ZN v  | INV_X2    | 0.046 | uut/n1811                    |            |  23.266 | 0.095 |   3.881 | 
     | uut/U5471                    |              | NAND2_X2  | 0.046 | uut/n1811                    |       SPEF |  23.266 | 0.000 |   3.881 | 
     | uut/U5471                    | A1 v -> ZN ^ | NAND2_X2  | 0.098 | uut/n1812                    |            |  19.380 | 0.129 |   4.010 | 
     | uut/FE_DBTC36_n1812          |              | INV_X1    | 0.098 | uut/n1812                    |       SPEF |  19.380 | 0.000 |   4.010 | 
     | uut/FE_DBTC36_n1812          | A ^ -> ZN v  | INV_X1    | 0.049 | uut/FE_DBTN36_n1812          |            |  17.485 | 0.105 |   4.115 | 
     | uut/U3697                    |              | AOI22_X1  | 0.049 | uut/FE_DBTN36_n1812          |       SPEF |  17.485 | 0.001 |   4.117 | 
     | uut/U3697                    | B2 v -> ZN ^ | AOI22_X1  | 0.174 | uut/n2095                    |            |   6.351 | 0.275 |   4.392 | 
     | uut/U890                     |              | OAI21_X1  | 0.174 | uut/n2095                    |       SPEF |   6.351 | 0.000 |   4.392 | 
     | uut/U890                     | A ^ -> ZN v  | OAI21_X1  | 0.083 | uut/n2089                    |            |   2.092 | 0.100 |   4.492 | 
     | uut/U887                     |              | AOI221_X1 | 0.083 | uut/n2089                    |       SPEF |   2.092 | 0.000 |   4.492 | 
     | uut/U887                     | B1 v -> ZN ^ | AOI221_X1 | 0.204 | uut/n2082                    |            |   3.272 | 0.348 |   4.840 | 
     | uut/U881                     |              | OAI221_X1 | 0.204 | uut/n2082                    |       SPEF |   3.272 | 0.000 |   4.840 | 
     | uut/U881                     | C1 ^ -> ZN v | OAI221_X1 | 0.067 | uut/n2080                    |            |   1.972 | 0.123 |   4.963 | 
     | uut/U880                     |              | AOI221_X1 | 0.067 | uut/n2080                    |       SPEF |   1.972 | 0.000 |   4.964 | 
     | uut/U880                     | A v -> ZN ^  | AOI221_X1 | 0.227 | uut/n2047                    |            |   4.069 | 0.372 |   5.336 | 
     | uut/U856                     |              | NAND4_X1  | 0.227 | uut/n2047                    |       SPEF |   4.069 | 0.001 |   5.336 | 
     | uut/U856                     | A2 ^ -> ZN v | NAND4_X1  | 0.063 | uut/n10628                   |            |   1.282 | 0.134 |   5.471 | 
     | uut/sub_reg[69]              |              | DFF_X1    | 0.063 | uut/n10628                   |       SPEF |   1.282 | 0.000 |   5.471 | 
     +-----------------------------------------------------------------------------------------------------------------------------------------+ 
Path 8: MET Setup Check with Pin uut/sub_reg[82]/CK 
Endpoint:   uut/sub_reg[82]/D         (v) checked with  leading edge of 'CLK'
Beginpoint: uut/roundCounter_reg[1]/Q (v) triggered by  leading edge of 'CLK'
Path Groups: {CLK}
Analysis View: aes_av
Other End Arrival Time          0.000
- Setup                         0.188
+ Phase Shift                   5.700
= Required Time                 5.512
- Arrival Time                  5.436
= Slack Time                    0.076
     Clock Rise Edge                 0.000
     + Clock Network Latency (Ideal) 0.000
     = Beginpoint Arrival Time       0.000
     +---------------------------------------------------------------------------------------------------------------------------+ 
     |        Instance         |     Arc      |   Cell    |  Slew |         Net         |    Arc     |  Load   | Delay | Arrival | 
     |                         |              |           |       |                     | Annotation |         |       |  Time   | 
     |-------------------------+--------------+-----------+-------+---------------------+------------+---------+-------+---------| 
     | uut/roundCounter_reg[1] | CK ^         |           | 0.000 | clock               |            | 876.855 |       |   0.000 | 
     | uut/roundCounter_reg[1] | CK ^ -> Q v  | DFF_X1    | 0.037 | uut/roundCounter[1] |            |  11.100 | 0.273 |   0.273 | 
     | uut/U11009              |              | NOR2_X4   | 0.037 | uut/roundCounter[1] |       SPEF |  11.100 | 0.000 |   0.274 | 
     | uut/U11009              | A2 v -> ZN ^ | NOR2_X4   | 0.242 | uut/n7289           |            |  50.343 | 0.314 |   0.587 | 
     | uut/U10980              |              | INV_X1    | 0.242 | uut/n7289           |       SPEF |  50.343 | 0.002 |   0.589 | 
     | uut/U10980              | A ^ -> ZN v  | INV_X1    | 0.112 | uut/n38             |            |  37.022 | 0.235 |   0.824 | 
     | uut/U10979              |              | NOR2_X2   | 0.112 | uut/n38             |       SPEF |  37.022 | 0.002 |   0.826 | 
     | uut/U10979              | A2 v -> ZN ^ | NOR2_X2   | 0.166 | uut/n9405           |            |  16.184 | 0.268 |   1.094 | 
     | uut/FE_OFC35_n9405      |              | CLKBUF_X3 | 0.166 | uut/n9405           |       SPEF |  16.184 | 0.001 |   1.095 | 
     | uut/FE_OFC35_n9405      | A ^ -> Z ^   | CLKBUF_X3 | 0.314 | uut/FE_OFN35_n9405  |            | 110.952 | 0.429 |   1.524 | 
     | uut/FE_OFC36_n9405      |              | CLKBUF_X2 | 0.314 | uut/FE_OFN35_n9405  |       SPEF | 110.952 | 0.002 |   1.526 | 
     | uut/FE_OFC36_n9405      | A ^ -> Z ^   | CLKBUF_X2 | 0.343 | uut/FE_OFN36_n9405  |            |  83.878 | 0.504 |   2.031 | 
     | uut/FE_OFC37_n9405      |              | CLKBUF_X2 | 0.343 | uut/FE_OFN36_n9405  |       SPEF |  83.878 | 0.006 |   2.037 | 
     | uut/FE_OFC37_n9405      | A ^ -> Z ^   | CLKBUF_X2 | 0.334 | uut/FE_OFN37_n9405  |            |  81.221 | 0.497 |   2.534 | 
     | uut/U3269               |              | AOI222_X1 | 0.334 | uut/FE_OFN37_n9405  |       SPEF |  81.221 | 0.011 |   2.545 | 
     | uut/U3269               | A2 ^ -> ZN v | AOI222_X1 | 0.085 | uut/n9596           |            |   1.888 | 0.110 |   2.655 | 
     | uut/U3268               |              | OAI22_X1  | 0.085 | uut/n9596           |       SPEF |   1.888 | 0.000 |   2.655 | 
     | uut/U3268               | B2 v -> ZN ^ | OAI22_X1  | 0.264 | uut/n11256          |            |  10.322 | 0.357 |   3.012 | 
     | uut/U6059               |              | INV_X2    | 0.264 | uut/n11256          |       SPEF |  10.322 | 0.001 |   3.013 | 
     | uut/U6059               | A ^ -> ZN v  | INV_X2    | 0.092 | uut/n2301           |            |  38.300 | 0.177 |   3.189 | 
     | uut/U9531               |              | INV_X1    | 0.092 | uut/n2301           |       SPEF |  38.300 | 0.003 |   3.192 | 
     | uut/U9531               | A v -> ZN ^  | INV_X1    | 0.329 | cipherBuffer[81]    |            |  41.084 | 0.404 |   3.596 | 
     | uut/U6285               |              | NAND2_X1  | 0.329 | cipherBuffer[81]    |       SPEF |  41.084 | 0.001 |   3.597 | 
     | uut/U6285               | A2 ^ -> ZN v | NAND2_X1  | 0.203 | uut/n2296           |            |  43.170 | 0.389 |   3.986 | 
     | uut/U6568               |              | INV_X1    | 0.203 | uut/n2296           |       SPEF |  43.170 | 0.003 |   3.989 | 
     | uut/U6568               | A v -> ZN ^  | INV_X1    | 0.313 | uut/n2307           |            |  38.815 | 0.456 |   4.444 | 
     | uut/U4013               |              | NOR2_X1   | 0.313 | uut/n2307           |       SPEF |  38.815 | 0.003 |   4.447 | 
     | uut/U4013               | A2 ^ -> ZN v | NOR2_X1   | 0.061 | uut/n5487           |            |   1.694 | 0.066 |   4.513 | 
     | uut/U4010               |              | AOI221_X1 | 0.061 | uut/n5487           |       SPEF |   1.694 | 0.000 |   4.513 | 
     | uut/U4010               | C1 v -> ZN ^ | AOI221_X1 | 0.234 | uut/n5483           |            |   4.354 | 0.276 |   4.789 | 
     | uut/U4002               |              | OAI221_X1 | 0.234 | uut/n5483           |       SPEF |   4.354 | 0.001 |   4.789 | 
     | uut/U4002               | B1 ^ -> ZN v | OAI221_X1 | 0.070 | uut/n5472           |            |   2.122 | 0.139 |   4.929 | 
     | uut/U10307              |              | NOR4_X1   | 0.070 | uut/n5472           |       SPEF |   2.122 | 0.000 |   4.929 | 
     | uut/U10307              | A3 v -> ZN ^ | NOR4_X1   | 0.216 | uut/n5469           |            |   3.045 | 0.376 |   5.305 | 
     | uut/U3992               |              | NAND4_X1  | 0.216 | uut/n5469           |       SPEF |   3.045 | 0.000 |   5.305 | 
     | uut/U3992               | A4 ^ -> ZN v | NAND4_X1  | 0.076 | uut/n10691          |            |   1.672 | 0.131 |   5.436 | 
     | uut/sub_reg[82]         |              | DFF_X1    | 0.076 | uut/n10691          |       SPEF |   1.672 | 0.000 |   5.436 | 
     +---------------------------------------------------------------------------------------------------------------------------+ 
Path 9: MET Setup Check with Pin uut/sub_reg[123]/CK 
Endpoint:   uut/sub_reg[123]/D        (v) checked with  leading edge of 'CLK'
Beginpoint: uut/roundCounter_reg[1]/Q (v) triggered by  leading edge of 'CLK'
Path Groups: {CLK}
Analysis View: aes_av
Other End Arrival Time          0.000
- Setup                         0.190
+ Phase Shift                   5.700
= Required Time                 5.510
- Arrival Time                  5.434
= Slack Time                    0.077
     Clock Rise Edge                 0.000
     + Clock Network Latency (Ideal) 0.000
     = Beginpoint Arrival Time       0.000
     +---------------------------------------------------------------------------------------------------------------------------------------------+ 
     |            Instance            |     Arc      |   Cell    |  Slew |              Net               |    Arc     |  Load   | Delay | Arrival | 
     |                                |              |           |       |                                | Annotation |         |       |  Time   | 
     |--------------------------------+--------------+-----------+-------+--------------------------------+------------+---------+-------+---------| 
     | uut/roundCounter_reg[1]        | CK ^         |           | 0.000 | clock                          |            | 876.855 |       |   0.000 | 
     | uut/roundCounter_reg[1]        | CK ^ -> Q v  | DFF_X1    | 0.037 | uut/roundCounter[1]            |            |  11.100 | 0.273 |   0.273 | 
     | uut/U11009                     |              | NOR2_X4   | 0.037 | uut/roundCounter[1]            |       SPEF |  11.100 | 0.000 |   0.274 | 
     | uut/U11009                     | A2 v -> ZN ^ | NOR2_X4   | 0.242 | uut/n7289                      |            |  50.343 | 0.314 |   0.587 | 
     | uut/U10980                     |              | INV_X1    | 0.242 | uut/n7289                      |       SPEF |  50.343 | 0.002 |   0.589 | 
     | uut/U10980                     | A ^ -> ZN v  | INV_X1    | 0.112 | uut/n38                        |            |  37.022 | 0.235 |   0.824 | 
     | uut/U10979                     |              | NOR2_X2   | 0.112 | uut/n38                        |       SPEF |  37.022 | 0.002 |   0.826 | 
     | uut/U10979                     | A2 v -> ZN ^ | NOR2_X2   | 0.166 | uut/n9405                      |            |  16.184 | 0.268 |   1.094 | 
     | uut/U11054                     |              | INV_X8    | 0.166 | uut/n9405                      |       SPEF |  16.184 | 0.001 |   1.095 | 
     | uut/U11054                     | A ^ -> ZN v  | INV_X8    | 0.065 | uut/n11194                     |            | 107.298 | 0.109 |   1.203 | 
     | uut/U2426                      |              | AND2_X2   | 0.065 | uut/n11194                     |       SPEF | 107.298 | 0.001 |   1.205 | 
     | uut/U2426                      | A2 v -> ZN v | AND2_X2   | 0.072 | uut/n29                        |            |  55.880 | 0.206 |   1.410 | 
     | uut/FE_OFC52_n29               |              | BUF_X4    | 0.072 | uut/n29                        |       SPEF |  55.880 | 0.004 |   1.414 | 
     | uut/FE_OFC52_n29               | A v -> Z v   | BUF_X4    | 0.071 | uut/FE_OFN52_n29               |            | 110.392 | 0.171 |   1.585 | 
     | uut/U2427                      |              | INV_X8    | 0.075 | uut/FE_OFN52_n29               |       SPEF | 110.392 | 0.022 |   1.607 | 
     | uut/U2427                      | A v -> ZN ^  | INV_X8    | 0.150 | uut/n9407                      |            | 143.361 | 0.200 |   1.807 | 
     | uut/FE_OFC56_n9407             |              | CLKBUF_X3 | 0.151 | uut/n9407                      |       SPEF | 143.361 | 0.005 |   1.812 | 
     | uut/FE_OFC56_n9407             | A ^ -> Z ^   | CLKBUF_X3 | 0.321 | uut/FE_OFN56_n9407             |            | 116.981 | 0.435 |   2.247 | 
     | uut/U10584                     |              | OAI222_X1 | 0.322 | uut/FE_OFN56_n9407             |       SPEF | 116.981 | 0.029 |   2.276 | 
     | uut/U10584                     | B2 ^ -> ZN v | OAI222_X1 | 0.074 | uut/n10343                     |            |   1.850 | 0.198 |   2.474 | 
     | uut/U10583                     |              | INV_X1    | 0.074 | uut/n10343                     |       SPEF |   1.850 | 0.000 |   2.475 | 
     | uut/U10583                     | A v -> ZN ^  | INV_X1    | 0.033 | uut/n10340                     |            |   2.025 | 0.072 |   2.547 | 
     | uut/U1103                      |              | OAI22_X1  | 0.033 | uut/n10340                     |       SPEF |   2.025 | 0.000 |   2.547 | 
     | uut/U1103                      | A1 ^ -> ZN v | OAI22_X1  | 0.039 | uut/FE_OFN61_cipherBuffer_121  |            |   1.486 | 0.045 |   2.592 | 
     | uut/FE_OFC61_cipherBuffer_121  |              | CLKBUF_X2 | 0.039 | uut/FE_OFN61_cipherBuffer_121  |       SPEF |   1.486 | 0.000 |   2.592 | 
     | uut/FE_OFC61_cipherBuffer_121  | A v -> Z v   | CLKBUF_X2 | 0.114 | cipherBuffer[121]              |            |  45.689 | 0.216 |   2.808 | 
     | uut/FE_DBTC55_cipherBuffer_121 |              | INV_X1    | 0.115 | cipherBuffer[121]              |       SPEF |  45.689 | 0.004 |   2.812 | 
     | uut/FE_DBTC55_cipherBuffer_121 | A v -> ZN ^  | INV_X1    | 0.316 | uut/FE_DBTN55_cipherBuffer_121 |            |  39.602 | 0.404 |   3.215 | 
     | uut/U10956                     |              | NAND2_X1  | 0.316 | uut/FE_DBTN55_cipherBuffer_121 |       SPEF |  39.602 | 0.002 |   3.218 | 
     | uut/U10956                     | A2 ^ -> ZN v | NAND2_X1  | 0.141 | uut/n6855                      |            |  26.418 | 0.293 |   3.511 | 
     | uut/U10955                     |              | INV_X1    | 0.141 | uut/n6855                      |       SPEF |  26.418 | 0.000 |   3.511 | 
     | uut/U10955                     | A v -> ZN ^  | INV_X1    | 0.337 | uut/n6849                      |            |  42.316 | 0.442 |   3.953 | 
     | uut/U6921                      |              | OAI22_X1  | 0.337 | uut/n6849                      |       SPEF |  42.316 | 0.001 |   3.954 | 
     | uut/U6921                      | B1 ^ -> ZN v | OAI22_X1  | 0.096 | uut/n7055                      |            |   6.136 | 0.174 |   4.128 | 
     | uut/U6870                      |              | AOI221_X1 | 0.096 | uut/n7055                      |       SPEF |   6.136 | 0.000 |   4.128 | 
     | uut/U6870                      | B2 v -> ZN ^ | AOI221_X1 | 0.171 | uut/n7054                      |            |   2.101 | 0.350 |   4.479 | 
     | uut/U6869                      |              | OAI221_X1 | 0.171 | uut/n7054                      |       SPEF |   2.101 | 0.000 |   4.479 | 
     | uut/U6869                      | A ^ -> ZN v  | OAI221_X1 | 0.093 | uut/n7044                      |            |   2.568 | 0.147 |   4.626 | 
     | uut/U5856                      |              | AOI222_X1 | 0.093 | uut/n7044                      |       SPEF |   2.568 | 0.000 |   4.626 | 
     | uut/U5856                      | A1 v -> ZN ^ | AOI222_X1 | 0.204 | uut/n7043                      |            |   2.508 | 0.257 |   4.883 | 
     | uut/U6862                      |              | OAI211_X1 | 0.204 | uut/n7043                      |       SPEF |   2.508 | 0.000 |   4.883 | 
     | uut/U6862                      | B ^ -> ZN v  | OAI211_X1 | 0.079 | uut/n7022                      |            |   1.900 | 0.128 |   5.011 | 
     | uut/U9787                      |              | NOR4_X1   | 0.079 | uut/n7022                      |       SPEF |   1.900 | 0.000 |   5.011 | 
     | uut/U9787                      | A1 v -> ZN ^ | NOR4_X1   | 0.251 | uut/n7021                      |            |   3.918 | 0.303 |   5.314 | 
     | uut/U6852                      |              | NAND4_X1  | 0.251 | uut/n7021                      |       SPEF |   3.918 | 0.000 |   5.314 | 
     | uut/U6852                      | A1 ^ -> ZN v | NAND4_X1  | 0.079 | uut/n10726                     |            |   1.208 | 0.119 |   5.434 | 
     | uut/sub_reg[123]               |              | DFF_X1    | 0.079 | uut/n10726                     |       SPEF |   1.208 | 0.000 |   5.434 | 
     +---------------------------------------------------------------------------------------------------------------------------------------------+ 
Path 10: MET Setup Check with Pin uut/sub_reg[45]/CK 
Endpoint:   uut/sub_reg[45]/D         (v) checked with  leading edge of 'CLK'
Beginpoint: uut/roundCounter_reg[0]/Q (^) triggered by  leading edge of 'CLK'
Path Groups: {CLK}
Analysis View: aes_av
Other End Arrival Time          0.000
- Setup                         0.180
+ Phase Shift                   5.700
= Required Time                 5.520
- Arrival Time                  5.442
= Slack Time                    0.078
     Clock Rise Edge                 0.000
     + Clock Network Latency (Ideal) 0.000
     = Beginpoint Arrival Time       0.000
     +-----------------------------------------------------------------------------------------------------------------------------------------+ 
     |           Instance           |     Arc      |   Cell    |  Slew |             Net              |    Arc     |  Load   | Delay | Arrival | 
     |                              |              |           |       |                              | Annotation |         |       |  Time   | 
     |------------------------------+--------------+-----------+-------+------------------------------+------------+---------+-------+---------| 
     | uut/roundCounter_reg[0]      | CK ^         |           | 0.000 | clock                        |            | 876.855 |       |   0.000 | 
     | uut/roundCounter_reg[0]      | CK ^ -> Q ^  | DFF_X1    | 0.109 | uut/roundCounter[0]          |            |  12.361 | 0.378 |   0.378 | 
     | uut/U11009                   |              | NOR2_X4   | 0.109 | uut/roundCounter[0]          |       SPEF |  12.361 | 0.000 |   0.378 | 
     | uut/U11009                   | A1 ^ -> ZN v | NOR2_X4   | 0.045 | uut/n7289                    |            |  46.113 | 0.092 |   0.470 | 
     | uut/U10980                   |              | INV_X1    | 0.045 | uut/n7289                    |       SPEF |  46.113 | 0.002 |   0.472 | 
     | uut/U10980                   | A v -> ZN ^  | INV_X1    | 0.317 | uut/n38                      |            |  39.193 | 0.364 |   0.836 | 
     | uut/U10979                   |              | NOR2_X2   | 0.318 | uut/n38                      |       SPEF |  39.193 | 0.002 |   0.838 | 
     | uut/U10979                   | A2 ^ -> ZN v | NOR2_X2   | 0.081 | uut/n9405                    |            |  14.803 | 0.126 |   0.964 | 
     | uut/U11054                   |              | INV_X8    | 0.081 | uut/n9405                    |       SPEF |  14.803 | 0.001 |   0.965 | 
     | uut/U11054                   | A v -> ZN ^  | INV_X8    | 0.122 | uut/n11194                   |            | 111.561 | 0.173 |   1.138 | 
     | uut/U2426                    |              | AND2_X2   | 0.123 | uut/n11194                   |       SPEF | 111.561 | 0.001 |   1.139 | 
     | uut/U2426                    | A2 ^ -> ZN ^ | AND2_X2   | 0.250 | uut/n29                      |            |  61.468 | 0.363 |   1.502 | 
     | uut/FE_OFC52_n29             |              | BUF_X4    | 0.250 | uut/n29                      |       SPEF |  61.468 | 0.004 |   1.506 | 
     | uut/FE_OFC52_n29             | A ^ -> Z ^   | BUF_X4    | 0.254 | uut/FE_OFN52_n29             |            | 122.298 | 0.338 |   1.844 | 
     | uut/U2427                    |              | INV_X8    | 0.255 | uut/FE_OFN52_n29             |       SPEF | 122.298 | 0.022 |   1.865 | 
     | uut/U2427                    | A ^ -> ZN v  | INV_X8    | 0.090 | uut/n9407                    |            | 130.354 | 0.152 |   2.018 | 
     | uut/FE_OFC56_n9407           |              | CLKBUF_X3 | 0.091 | uut/n9407                    |       SPEF | 130.354 | 0.005 |   2.023 | 
     | uut/FE_OFC56_n9407           | A v -> Z v   | CLKBUF_X3 | 0.183 | uut/FE_OFN56_n9407           |            | 106.681 | 0.318 |   2.341 | 
     | uut/U10101                   |              | OAI222_X1 | 0.184 | uut/FE_OFN56_n9407           |       SPEF | 106.681 | 0.021 |   2.363 | 
     | uut/U10101                   | B2 v -> ZN ^ | OAI222_X1 | 0.170 | uut/n10004                   |            |   1.996 | 0.258 |   2.621 | 
     | uut/U10100                   |              | INV_X1    | 0.170 | uut/n10004                   |       SPEF |   1.996 | 0.000 |   2.621 | 
     | uut/U10100                   | A ^ -> ZN v  | INV_X1    | 0.037 | uut/n10001                   |            |   1.701 | 0.044 |   2.664 | 
     | uut/U1321                    |              | OAI22_X1  | 0.037 | uut/n10001                   |       SPEF |   1.701 | 0.000 |   2.664 | 
     | uut/U1321                    | A1 v -> ZN ^ | OAI22_X1  | 0.229 | uut/FE_OFN70_cipherBuffer_41 |            |   8.319 | 0.236 |   2.901 | 
     | uut/FE_OFC70_cipherBuffer_41 |              | CLKBUF_X2 | 0.229 | uut/FE_OFN70_cipherBuffer_41 |       SPEF |   8.319 | 0.001 |   2.902 | 
     | uut/FE_OFC70_cipherBuffer_41 | A ^ -> Z ^   | CLKBUF_X2 | 0.190 | cipherBuffer[41]             |            |  46.251 | 0.328 |   3.229 | 
     | uut/U6569                    |              | NAND2_X2  | 0.190 | cipherBuffer[41]             |       SPEF |  46.251 | 0.002 |   3.231 | 
     | uut/U6569                    | A1 ^ -> ZN v | NAND2_X2  | 0.127 | uut/n1363                    |            |  45.927 | 0.230 |   3.461 | 
     | uut/U10957                   |              | NAND2_X1  | 0.128 | uut/n1363                    |       SPEF |  45.927 | 0.005 |   3.466 | 
     | uut/U10957                   | A1 v -> ZN ^ | NAND2_X1  | 0.318 | uut/n1461                    |            |  38.174 | 0.409 |   3.875 | 
     | uut/FE_DBTC17_n1461          |              | INV_X1    | 0.318 | uut/n1461                    |       SPEF |  38.174 | 0.002 |   3.877 | 
     | uut/FE_DBTC17_n1461          | A ^ -> ZN v  | INV_X1    | 0.128 | uut/FE_DBTN17_n1461          |            |  34.938 | 0.261 |   4.138 | 
     | uut/U4649                    |              | AOI22_X1  | 0.129 | uut/FE_DBTN17_n1461          |       SPEF |  34.938 | 0.001 |   4.140 | 
     | uut/U4649                    | B2 v -> ZN ^ | AOI22_X1  | 0.105 | uut/n1419                    |            |   2.456 | 0.241 |   4.380 | 
     | uut/U508                     |              | OAI21_X1  | 0.105 | uut/n1419                    |       SPEF |   2.456 | 0.000 |   4.381 | 
     | uut/U508                     | A ^ -> ZN v  | OAI21_X1  | 0.075 | uut/n1408                    |            |   1.700 | 0.078 |   4.459 | 
     | uut/U10919                   |              | AOI221_X1 | 0.075 | uut/n1408                    |       SPEF |   1.700 | 0.000 |   4.459 | 
     | uut/U10919                   | B1 v -> ZN ^ | AOI221_X1 | 0.213 | uut/n1406                    |            |   3.594 | 0.354 |   4.813 | 
     | uut/U503                     |              | OAI222_X1 | 0.213 | uut/n1406                    |       SPEF |   3.594 | 0.000 |   4.813 | 
     | uut/U503                     | C1 ^ -> ZN v | OAI222_X1 | 0.080 | uut/n1385                    |            |   3.110 | 0.162 |   4.976 | 
     | uut/U10813                   |              | AOI211_X1 | 0.080 | uut/n1385                    |       SPEF |   3.110 | 0.000 |   4.976 | 
     | uut/U10813                   | A v -> ZN ^  | AOI211_X1 | 0.188 | uut/n1334                    |            |   3.292 | 0.341 |   5.317 | 
     | uut/U479                     |              | NAND4_X1  | 0.188 | uut/n1334                    |       SPEF |   3.292 | 0.000 |   5.317 | 
     | uut/U479                     | A2 ^ -> ZN v | NAND4_X1  | 0.060 | uut/n10618                   |            |   1.214 | 0.125 |   5.442 | 
     | uut/sub_reg[45]              |              | DFF_X1    | 0.060 | uut/n10618                   |       SPEF |   1.214 | 0.000 |   5.442 | 
     +-----------------------------------------------------------------------------------------------------------------------------------------+ 

