###############################################################
#  Generated by:      Cadence Innovus 18.10-p002_1
#  OS:                Linux x86_64(Host ID ensc-esil-17)
#  Generated on:      Tue Apr 20 17:37:10 2021
#  Design:            aes128keyWrapper
#  Command:           report_timing -net -format {instance arc cell slew net annotation load delay arrival} -max_paths 10 >  results/timing/06-cts_hold.rpt
###############################################################
Path 1: MET Hold Check with Pin uut/w_reg[2][18]/CK 
Endpoint:   uut/w_reg[2][18]/D  (v) checked with  leading edge of 'CLK'
Beginpoint: uut/w_reg[2][18]/QN (^) triggered by  leading edge of 'CLK'
Path Groups: {CLK}
Analysis View: aes_av
Other End Arrival Time          0.000
+ Hold                          0.004
+ Phase Shift                   0.000
= Required Time                 0.004
  Arrival Time                  0.261
  Slack Time                    0.257
     Clock Rise Edge                 0.000
     + Clock Network Latency (Ideal) 0.000
     = Beginpoint Arrival Time       0.000
     +-----------------------------------------------------------------------------------------------------------+ 
     |     Instance     |     Arc      |   Cell    |  Slew |    Net     |    Arc     |  Load   | Delay | Arrival | 
     |                  |              |           |       |            | Annotation |         |       |  Time   | 
     |------------------+--------------+-----------+-------+------------+------------+---------+-------+---------| 
     | uut/w_reg[2][18] | CK ^         |           | 0.000 | clock      |            | 884.155 |       |   0.000 | 
     | uut/w_reg[2][18] | CK ^ -> QN ^ | DFF_X1    | 0.049 | uut/n7414  |            |   4.051 | 0.207 |   0.207 | 
     | uut/U7391        |              | OAI221_X1 | 0.049 | uut/n7414  |       SPEF |   4.051 | 0.000 |   0.207 | 
     | uut/U7391        | C1 ^ -> ZN v | OAI221_X1 | 0.019 | uut/n10809 |            |   1.518 | 0.055 |   0.261 | 
     | uut/w_reg[2][18] |              | DFF_X1    | 0.019 | uut/n10809 |       SPEF |   1.518 | 0.000 |   0.261 | 
     +-----------------------------------------------------------------------------------------------------------+ 
Path 2: MET Hold Check with Pin uut/w_reg[1][21]/CK 
Endpoint:   uut/w_reg[1][21]/D  (v) checked with  leading edge of 'CLK'
Beginpoint: uut/w_reg[1][21]/QN (^) triggered by  leading edge of 'CLK'
Path Groups: {CLK}
Analysis View: aes_av
Other End Arrival Time          0.000
+ Hold                          0.004
+ Phase Shift                   0.000
= Required Time                 0.004
  Arrival Time                  0.267
  Slack Time                    0.263
     Clock Rise Edge                 0.000
     + Clock Network Latency (Ideal) 0.000
     = Beginpoint Arrival Time       0.000
     +-----------------------------------------------------------------------------------------------------------+ 
     |     Instance     |     Arc      |   Cell    |  Slew |    Net     |    Arc     |  Load   | Delay | Arrival | 
     |                  |              |           |       |            | Annotation |         |       |  Time   | 
     |------------------+--------------+-----------+-------+------------+------------+---------+-------+---------| 
     | uut/w_reg[1][21] | CK ^         |           | 0.000 | clock      |            | 884.155 |       |   0.000 | 
     | uut/w_reg[1][21] | CK ^ -> QN ^ | DFF_X1    | 0.052 | uut/n7322  |            |   4.550 | 0.211 |   0.211 | 
     | uut/U7319        |              | OAI221_X1 | 0.052 | uut/n7322  |       SPEF |   4.550 | 0.000 |   0.211 | 
     | uut/U7319        | C1 ^ -> ZN v | OAI221_X1 | 0.019 | uut/n10774 |            |   1.497 | 0.056 |   0.267 | 
     | uut/w_reg[1][21] |              | DFF_X1    | 0.019 | uut/n10774 |       SPEF |   1.497 | 0.000 |   0.267 | 
     +-----------------------------------------------------------------------------------------------------------+ 
Path 3: MET Hold Check with Pin uut/w_reg[1][18]/CK 
Endpoint:   uut/w_reg[1][18]/D  (v) checked with  leading edge of 'CLK'
Beginpoint: uut/w_reg[1][18]/QN (^) triggered by  leading edge of 'CLK'
Path Groups: {CLK}
Analysis View: aes_av
Other End Arrival Time          0.000
+ Hold                          0.004
+ Phase Shift                   0.000
= Required Time                 0.004
  Arrival Time                  0.269
  Slack Time                    0.265
     Clock Rise Edge                 0.000
     + Clock Network Latency (Ideal) 0.000
     = Beginpoint Arrival Time       0.000
     +-----------------------------------------------------------------------------------------------------------+ 
     |     Instance     |     Arc      |   Cell    |  Slew |    Net     |    Arc     |  Load   | Delay | Arrival | 
     |                  |              |           |       |            | Annotation |         |       |  Time   | 
     |------------------+--------------+-----------+-------+------------+------------+---------+-------+---------| 
     | uut/w_reg[1][18] | CK ^         |           | 0.000 | clock      |            | 884.155 |       |   0.000 | 
     | uut/w_reg[1][18] | CK ^ -> QN ^ | DFF_X1    | 0.054 | uut/n7331  |            |   4.774 | 0.213 |   0.213 | 
     | uut/U7326        |              | OAI221_X1 | 0.054 | uut/n7331  |       SPEF |   4.774 | 0.000 |   0.213 | 
     | uut/U7326        | C1 ^ -> ZN v | OAI221_X1 | 0.019 | uut/n10777 |            |   1.310 | 0.056 |   0.269 | 
     | uut/w_reg[1][18] |              | DFF_X1    | 0.019 | uut/n10777 |       SPEF |   1.310 | 0.000 |   0.269 | 
     +-----------------------------------------------------------------------------------------------------------+ 
Path 4: MET Hold Check with Pin uut/w_reg[1][23]/CK 
Endpoint:   uut/w_reg[1][23]/D  (v) checked with  leading edge of 'CLK'
Beginpoint: uut/w_reg[1][23]/QN (^) triggered by  leading edge of 'CLK'
Path Groups: {CLK}
Analysis View: aes_av
Other End Arrival Time          0.000
+ Hold                          0.004
+ Phase Shift                   0.000
= Required Time                 0.004
  Arrival Time                  0.275
  Slack Time                    0.271
     Clock Rise Edge                 0.000
     + Clock Network Latency (Ideal) 0.000
     = Beginpoint Arrival Time       0.000
     +-----------------------------------------------------------------------------------------------------------+ 
     |     Instance     |     Arc      |   Cell    |  Slew |    Net     |    Arc     |  Load   | Delay | Arrival | 
     |                  |              |           |       |            | Annotation |         |       |  Time   | 
     |------------------+--------------+-----------+-------+------------+------------+---------+-------+---------| 
     | uut/w_reg[1][23] | CK ^         |           | 0.000 | clock      |            | 884.155 |       |   0.000 | 
     | uut/w_reg[1][23] | CK ^ -> QN ^ | DFF_X1    | 0.058 | uut/n7316  |            |   5.328 | 0.218 |   0.218 | 
     | uut/U7315        |              | OAI221_X1 | 0.058 | uut/n7316  |       SPEF |   5.328 | 0.000 |   0.218 | 
     | uut/U7315        | C1 ^ -> ZN v | OAI221_X1 | 0.018 | uut/n10772 |            |   1.240 | 0.057 |   0.275 | 
     | uut/w_reg[1][23] |              | DFF_X1    | 0.018 | uut/n10772 |       SPEF |   1.240 | 0.000 |   0.275 | 
     +-----------------------------------------------------------------------------------------------------------+ 
Path 5: MET Hold Check with Pin uut/w_reg[1][31]/CK 
Endpoint:   uut/w_reg[1][31]/D  (v) checked with  leading edge of 'CLK'
Beginpoint: uut/w_reg[1][31]/QN (^) triggered by  leading edge of 'CLK'
Path Groups: {CLK}
Analysis View: aes_av
Other End Arrival Time          0.000
+ Hold                          0.004
+ Phase Shift                   0.000
= Required Time                 0.004
  Arrival Time                  0.276
  Slack Time                    0.272
     Clock Rise Edge                 0.000
     + Clock Network Latency (Ideal) 0.000
     = Beginpoint Arrival Time       0.000
     +-----------------------------------------------------------------------------------------------------------+ 
     |     Instance     |     Arc      |   Cell    |  Slew |    Net     |    Arc     |  Load   | Delay | Arrival | 
     |                  |              |           |       |            | Annotation |         |       |  Time   | 
     |------------------+--------------+-----------+-------+------------+------------+---------+-------+---------| 
     | uut/w_reg[1][31] | CK ^         |           | 0.000 | clock      |            | 884.155 |       |   0.000 | 
     | uut/w_reg[1][31] | CK ^ -> QN ^ | DFF_X1    | 0.058 | uut/n7290  |            |   5.340 | 0.218 |   0.218 | 
     | uut/U7299        |              | OAI221_X1 | 0.058 | uut/n7290  |       SPEF |   5.340 | 0.000 |   0.218 | 
     | uut/U7299        | C1 ^ -> ZN v | OAI221_X1 | 0.019 | uut/n10764 |            |   1.400 | 0.058 |   0.276 | 
     | uut/w_reg[1][31] |              | DFF_X1    | 0.019 | uut/n10764 |       SPEF |   1.400 | 0.000 |   0.276 | 
     +-----------------------------------------------------------------------------------------------------------+ 
Path 6: MET Hold Check with Pin uut/w_reg[0][5]/CK 
Endpoint:   uut/w_reg[0][5]/D  (v) checked with  leading edge of 'CLK'
Beginpoint: uut/w_reg[0][5]/QN (^) triggered by  leading edge of 'CLK'
Path Groups: {CLK}
Analysis View: aes_av
Other End Arrival Time          0.000
+ Hold                          0.004
+ Phase Shift                   0.000
= Required Time                 0.004
  Arrival Time                  0.279
  Slack Time                    0.275
     Clock Rise Edge                 0.000
     + Clock Network Latency (Ideal) 0.000
     = Beginpoint Arrival Time       0.000
     +----------------------------------------------------------------------------------------------------------+ 
     |    Instance     |     Arc      |   Cell    |  Slew |    Net     |    Arc     |  Load   | Delay | Arrival | 
     |                 |              |           |       |            | Annotation |         |       |  Time   | 
     |-----------------+--------------+-----------+-------+------------+------------+---------+-------+---------| 
     | uut/w_reg[0][5] | CK ^         |           | 0.000 | clock      |            | 884.155 |       |   0.000 | 
     | uut/w_reg[0][5] | CK ^ -> QN ^ | DFF_X1    | 0.061 | uut/n7371  |            |   5.628 | 0.221 |   0.221 | 
     | uut/U7287       |              | OAI221_X1 | 0.061 | uut/n7371  |       SPEF |   5.628 | 0.000 |   0.221 | 
     | uut/U7287       | C1 ^ -> ZN v | OAI221_X1 | 0.021 | uut/n10758 |            |   1.339 | 0.058 |   0.279 | 
     | uut/w_reg[0][5] |              | DFF_X1    | 0.021 | uut/n10758 |       SPEF |   1.339 | 0.000 |   0.279 | 
     +----------------------------------------------------------------------------------------------------------+ 
Path 7: MET Hold Check with Pin uut/w_reg[0][21]/CK 
Endpoint:   uut/w_reg[0][21]/D  (v) checked with  leading edge of 'CLK'
Beginpoint: uut/w_reg[1][21]/QN (^) triggered by  leading edge of 'CLK'
Path Groups: {CLK}
Analysis View: aes_av
Other End Arrival Time          0.000
+ Hold                          0.004
+ Phase Shift                   0.000
= Required Time                 0.004
  Arrival Time                  0.280
  Slack Time                    0.276
     Clock Rise Edge                 0.000
     + Clock Network Latency (Ideal) 0.000
     = Beginpoint Arrival Time       0.000
     +-----------------------------------------------------------------------------------------------------------+ 
     |     Instance     |     Arc      |   Cell    |  Slew |    Net     |    Arc     |  Load   | Delay | Arrival | 
     |                  |              |           |       |            | Annotation |         |       |  Time   | 
     |------------------+--------------+-----------+-------+------------+------------+---------+-------+---------| 
     | uut/w_reg[1][21] | CK ^         |           | 0.000 | clock      |            | 884.155 |       |   0.000 | 
     | uut/w_reg[1][21] | CK ^ -> QN ^ | DFF_X1    | 0.052 | uut/n7322  |            |   4.550 | 0.211 |   0.211 | 
     | uut/U7255        |              | OAI221_X1 | 0.052 | uut/n7322  |       SPEF |   4.550 | 0.000 |   0.211 | 
     | uut/U7255        | B1 ^ -> ZN v | OAI221_X1 | 0.018 | uut/n10742 |            |   1.331 | 0.069 |   0.280 | 
     | uut/w_reg[0][21] |              | DFF_X1    | 0.018 | uut/n10742 |       SPEF |   1.331 | 0.000 |   0.280 | 
     +-----------------------------------------------------------------------------------------------------------+ 
Path 8: MET Hold Check with Pin uut/w_reg[1][29]/CK 
Endpoint:   uut/w_reg[1][29]/D  (v) checked with  leading edge of 'CLK'
Beginpoint: uut/w_reg[1][29]/QN (^) triggered by  leading edge of 'CLK'
Path Groups: {CLK}
Analysis View: aes_av
Other End Arrival Time          0.000
+ Hold                          0.004
+ Phase Shift                   0.000
= Required Time                 0.004
  Arrival Time                  0.281
  Slack Time                    0.277
     Clock Rise Edge                 0.000
     + Clock Network Latency (Ideal) 0.000
     = Beginpoint Arrival Time       0.000
     +-----------------------------------------------------------------------------------------------------------+ 
     |     Instance     |     Arc      |   Cell    |  Slew |    Net     |    Arc     |  Load   | Delay | Arrival | 
     |                  |              |           |       |            | Annotation |         |       |  Time   | 
     |------------------+--------------+-----------+-------+------------+------------+---------+-------+---------| 
     | uut/w_reg[1][29] | CK ^         |           | 0.000 | clock      |            | 884.155 |       |   0.000 | 
     | uut/w_reg[1][29] | CK ^ -> QN ^ | DFF_X1    | 0.061 | uut/n7298  |            |   5.707 | 0.222 |   0.222 | 
     | uut/U7303        |              | OAI221_X1 | 0.061 | uut/n7298  |       SPEF |   5.707 | 0.000 |   0.222 | 
     | uut/U7303        | C1 ^ -> ZN v | OAI221_X1 | 0.019 | uut/n10766 |            |   1.517 | 0.060 |   0.281 | 
     | uut/w_reg[1][29] |              | DFF_X1    | 0.019 | uut/n10766 |       SPEF |   1.517 | 0.000 |   0.281 | 
     +-----------------------------------------------------------------------------------------------------------+ 
Path 9: MET Hold Check with Pin uut/w_reg[1][28]/CK 
Endpoint:   uut/w_reg[1][28]/D  (v) checked with  leading edge of 'CLK'
Beginpoint: uut/w_reg[1][28]/QN (^) triggered by  leading edge of 'CLK'
Path Groups: {CLK}
Analysis View: aes_av
Other End Arrival Time          0.000
+ Hold                          0.004
+ Phase Shift                   0.000
= Required Time                 0.004
  Arrival Time                  0.282
  Slack Time                    0.279
     Clock Rise Edge                 0.000
     + Clock Network Latency (Ideal) 0.000
     = Beginpoint Arrival Time       0.000
     +-----------------------------------------------------------------------------------------------------------+ 
     |     Instance     |     Arc      |   Cell    |  Slew |    Net     |    Arc     |  Load   | Delay | Arrival | 
     |                  |              |           |       |            | Annotation |         |       |  Time   | 
     |------------------+--------------+-----------+-------+------------+------------+---------+-------+---------| 
     | uut/w_reg[1][28] | CK ^         |           | 0.000 | clock      |            | 884.155 |       |   0.000 | 
     | uut/w_reg[1][28] | CK ^ -> QN ^ | DFF_X1    | 0.062 | uut/n7301  |            |   5.861 | 0.223 |   0.223 | 
     | uut/U7305        |              | OAI221_X1 | 0.062 | uut/n7301  |       SPEF |   5.861 | 0.000 |   0.223 | 
     | uut/U7305        | C1 ^ -> ZN v | OAI221_X1 | 0.019 | uut/n10767 |            |   1.410 | 0.059 |   0.282 | 
     | uut/w_reg[1][28] |              | DFF_X1    | 0.019 | uut/n10767 |       SPEF |   1.410 | 0.000 |   0.282 | 
     +-----------------------------------------------------------------------------------------------------------+ 
Path 10: MET Hold Check with Pin uut/w_reg[1][0]/CK 
Endpoint:   uut/w_reg[1][0]/D  (v) checked with  leading edge of 'CLK'
Beginpoint: uut/w_reg[1][0]/QN (^) triggered by  leading edge of 'CLK'
Path Groups: {CLK}
Analysis View: aes_av
Other End Arrival Time          0.000
+ Hold                          0.004
+ Phase Shift                   0.000
= Required Time                 0.004
  Arrival Time                  0.283
  Slack Time                    0.279
     Clock Rise Edge                 0.000
     + Clock Network Latency (Ideal) 0.000
     = Beginpoint Arrival Time       0.000
     +----------------------------------------------------------------------------------------------------------+ 
     |    Instance     |     Arc      |   Cell    |  Slew |    Net     |    Arc     |  Load   | Delay | Arrival | 
     |                 |              |           |       |            | Annotation |         |       |  Time   | 
     |-----------------+--------------+-----------+-------+------------+------------+---------+-------+---------| 
     | uut/w_reg[1][0] | CK ^         |           | 0.000 | clock      |            | 884.155 |       |   0.000 | 
     | uut/w_reg[1][0] | CK ^ -> QN ^ | DFF_X1    | 0.061 | uut/n7385  |            |   5.722 | 0.222 |   0.222 | 
     | uut/U7363       |              | OAI221_X1 | 0.061 | uut/n7385  |       SPEF |   5.722 | 0.000 |   0.222 | 
     | uut/U7363       | C1 ^ -> ZN v | OAI221_X1 | 0.020 | uut/n10795 |            |   1.715 | 0.061 |   0.283 | 
     | uut/w_reg[1][0] |              | DFF_X1    | 0.020 | uut/n10795 |       SPEF |   1.715 | 0.000 |   0.283 | 
     +----------------------------------------------------------------------------------------------------------+ 

