###############################################################
#  Generated by:      Cadence Innovus 18.10-p002_1
#  OS:                Linux x86_64(Host ID ensc-esil-17)
#  Generated on:      Tue Apr 20 17:37:14 2021
#  Design:            aes128keyWrapper
#  Command:           report_timing -net -format {instance arc cell slew net annotation load delay arrival} -max_paths 10 >  results/timing/06-cts_setup.rpt
###############################################################
Path 1: VIOLATED Setup Check with Pin uut/sub_reg[19]/CK 
Endpoint:   uut/sub_reg[19]/D         (v) checked with  leading edge of 'CLK'
Beginpoint: uut/roundCounter_reg[0]/Q (^) triggered by  leading edge of 'CLK'
Path Groups: {CLK}
Analysis View: aes_av
Other End Arrival Time          0.000
- Setup                         0.196
+ Phase Shift                   5.700
= Required Time                 5.504
- Arrival Time                  5.563
= Slack Time                   -0.059
     Clock Rise Edge                 0.000
     + Clock Network Latency (Ideal) 0.000
     = Beginpoint Arrival Time       0.000
     +-----------------------------------------------------------------------------------------------------------------------------------------+ 
     |           Instance           |     Arc      |   Cell    |  Slew |             Net              |    Arc     |  Load   | Delay | Arrival | 
     |                              |              |           |       |                              | Annotation |         |       |  Time   | 
     |------------------------------+--------------+-----------+-------+------------------------------+------------+---------+-------+---------| 
     | uut/roundCounter_reg[0]      | CK ^         |           | 0.000 | clock                        |            | 884.155 |       |   0.000 | 
     | uut/roundCounter_reg[0]      | CK ^ -> Q ^  | DFF_X1    | 0.109 | uut/roundCounter[0]          |            |  12.263 | 0.377 |   0.377 | 
     | uut/U11009                   |              | NOR2_X4   | 0.109 | uut/roundCounter[0]          |       SPEF |  12.263 | 0.000 |   0.377 | 
     | uut/U11009                   | A1 ^ -> ZN v | NOR2_X4   | 0.045 | uut/n7289                    |            |  47.451 | 0.095 |   0.472 | 
     | uut/U10980                   |              | INV_X1    | 0.045 | uut/n7289                    |       SPEF |  47.451 | 0.001 |   0.473 | 
     | uut/U10980                   | A v -> ZN ^  | INV_X1    | 0.322 | uut/n38                      |            |  39.713 | 0.368 |   0.841 | 
     | uut/U10979                   |              | NOR2_X2   | 0.322 | uut/n38                      |       SPEF |  39.713 | 0.002 |   0.843 | 
     | uut/U10979                   | A2 ^ -> ZN v | NOR2_X2   | 0.082 | uut/n9405                    |            |  14.823 | 0.127 |   0.970 | 
     | uut/U11054                   |              | INV_X8    | 0.082 | uut/n9405                    |       SPEF |  14.823 | 0.001 |   0.970 | 
     | uut/U11054                   | A v -> ZN ^  | INV_X8    | 0.123 | uut/n11194                   |            | 113.029 | 0.177 |   1.147 | 
     | uut/U2426                    |              | AND2_X2   | 0.123 | uut/n11194                   |       SPEF | 113.029 | 0.001 |   1.149 | 
     | uut/U2426                    | A2 ^ -> ZN ^ | AND2_X2   | 0.254 | uut/n29                      |            |  62.345 | 0.366 |   1.514 | 
     | uut/FE_OFC52_n29             |              | BUF_X4    | 0.254 | uut/n29                      |       SPEF |  62.345 | 0.006 |   1.520 | 
     | uut/FE_OFC52_n29             | A ^ -> Z ^   | BUF_X4    | 0.253 | uut/FE_OFN52_n29             |            | 123.281 | 0.345 |   1.865 | 
     | uut/U2427                    |              | INV_X8    | 0.254 | uut/FE_OFN52_n29             |       SPEF | 123.281 | 0.016 |   1.880 | 
     | uut/U2427                    | A ^ -> ZN v  | INV_X8    | 0.095 | uut/n9407                    |            | 130.542 | 0.141 |   2.021 | 
     | uut/U10434                   |              | OAI222_X1 | 0.103 | uut/n9407                    |       SPEF | 130.542 | 0.038 |   2.059 | 
     | uut/U10434                   | B2 v -> ZN ^ | OAI222_X1 | 0.166 | uut/n10238                   |            |   1.942 | 0.218 |   2.277 | 
     | uut/U10433                   |              | INV_X1    | 0.166 | uut/n10238                   |       SPEF |   1.942 | 0.000 |   2.277 | 
     | uut/U10433                   | A ^ -> ZN v  | INV_X1    | 0.036 | uut/n10235                   |            |   1.534 | 0.042 |   2.318 | 
     | uut/U10940                   |              | OAI22_X1  | 0.036 | uut/n10235                   |       SPEF |   1.534 | 0.000 |   2.318 | 
     | uut/U10940                   | A1 v -> ZN ^ | OAI22_X1  | 0.338 | uut/FE_OFN74_cipherBuffer_17 |            |  14.279 | 0.353 |   2.671 | 
     | uut/FE_OFC74_cipherBuffer_17 |              | CLKBUF_X2 | 0.338 | uut/FE_OFN74_cipherBuffer_17 |       SPEF |  14.279 | 0.003 |   2.674 | 
     | uut/FE_OFC74_cipherBuffer_17 | A ^ -> Z ^   | CLKBUF_X2 | 0.178 | cipherBuffer[17]             |            |  43.135 | 0.340 |   3.014 | 
     | uut/U3770                    |              | AND2_X2   | 0.178 | cipherBuffer[17]             |       SPEF |  43.135 | 0.004 |   3.018 | 
     | uut/U3770                    | A2 ^ -> ZN ^ | AND2_X2   | 0.204 | uut/n10869                   |            |  49.548 | 0.333 |   3.351 | 
     | uut/U3777                    |              | INV_X1    | 0.204 | uut/n10869                   |       SPEF |  49.548 | 0.001 |   3.351 | 
     | uut/U3777                    | A ^ -> ZN v  | INV_X1    | 0.112 | uut/n2504                    |            |  43.052 | 0.235 |   3.586 | 
     | uut/U9810                    |              | NAND2_X1  | 0.112 | uut/n2504                    |       SPEF |  43.052 | 0.001 |   3.587 | 
     | uut/U9810                    | A2 v -> ZN ^ | NAND2_X1  | 0.315 | uut/n2510                    |            |  37.665 | 0.404 |   3.991 | 
     | uut/FE_DBTC11_n2510          |              | INV_X1    | 0.315 | uut/n2510                    |       SPEF |  37.665 | 0.000 |   3.991 | 
     | uut/FE_DBTC11_n2510          | A ^ -> ZN v  | INV_X1    | 0.126 | uut/FE_DBTN11_n2510          |            |  33.868 | 0.256 |   4.247 | 
     | uut/U3846                    |              | AOI221_X1 | 0.126 | uut/FE_DBTN11_n2510          |       SPEF |  33.868 | 0.002 |   4.249 | 
     | uut/U3846                    | C1 v -> ZN ^ | AOI221_X1 | 0.166 | uut/n5289                    |            |   1.930 | 0.232 |   4.480 | 
     | uut/U3845                    |              | OAI221_X1 | 0.166 | uut/n5289                    |       SPEF |   1.930 | 0.000 |   4.480 | 
     | uut/U3845                    | A ^ -> ZN v  | OAI221_X1 | 0.099 | uut/n5279                    |            |   2.130 | 0.141 |   4.621 | 
     | uut/U3839                    |              | AOI222_X1 | 0.099 | uut/n5279                    |       SPEF |   2.130 | 0.000 |   4.622 | 
     | uut/U3839                    | A1 v -> ZN ^ | AOI222_X1 | 0.193 | uut/n5278                    |            |   2.156 | 0.249 |   4.870 | 
     | uut/U3838                    |              | OAI211_X1 | 0.193 | uut/n5278                    |       SPEF |   2.156 | 0.000 |   4.870 | 
     | uut/U3838                    | B ^ -> ZN v  | OAI211_X1 | 0.080 | uut/n5261                    |            |   1.427 | 0.121 |   4.991 | 
     | uut/U10221                   |              | NOR4_X1   | 0.080 | uut/n5261                    |       SPEF |   1.427 | 0.000 |   4.991 | 
     | uut/U10221                   | A1 v -> ZN ^ | NOR4_X1   | 0.327 | uut/n5260                    |            |   5.956 | 0.390 |   5.382 | 
     | uut/U3827                    |              | NAND4_X1  | 0.327 | uut/n5260                    |       SPEF |   5.956 | 0.001 |   5.382 | 
     | uut/U3827                    | A4 ^ -> ZN v | NAND4_X1  | 0.091 | uut/n10687                   |            |   4.177 | 0.180 |   5.563 | 
     | uut/sub_reg[19]              |              | DFF_X1    | 0.091 | uut/n10687                   |       SPEF |   4.177 | 0.000 |   5.563 | 
     +-----------------------------------------------------------------------------------------------------------------------------------------+ 
Path 2: VIOLATED Setup Check with Pin uut/sub_reg[67]/CK 
Endpoint:   uut/sub_reg[67]/D         (v) checked with  leading edge of 'CLK'
Beginpoint: uut/roundCounter_reg[1]/Q (v) triggered by  leading edge of 'CLK'
Path Groups: {CLK}
Analysis View: aes_av
Other End Arrival Time          0.000
- Setup                         0.188
+ Phase Shift                   5.700
= Required Time                 5.512
- Arrival Time                  5.549
= Slack Time                   -0.037
     Clock Rise Edge                 0.000
     + Clock Network Latency (Ideal) 0.000
     = Beginpoint Arrival Time       0.000
     +-----------------------------------------------------------------------------------------------------------------------------------------+ 
     |           Instance           |     Arc      |   Cell    |  Slew |             Net              |    Arc     |  Load   | Delay | Arrival | 
     |                              |              |           |       |                              | Annotation |         |       |  Time   | 
     |------------------------------+--------------+-----------+-------+------------------------------+------------+---------+-------+---------| 
     | uut/roundCounter_reg[1]      | CK ^         |           | 0.000 | clock                        |            | 884.155 |       |   0.000 | 
     | uut/roundCounter_reg[1]      | CK ^ -> Q v  | DFF_X1    | 0.037 | uut/roundCounter[1]          |            |  11.047 | 0.273 |   0.273 | 
     | uut/U11009                   |              | NOR2_X4   | 0.037 | uut/roundCounter[1]          |       SPEF |  11.047 | 0.000 |   0.273 | 
     | uut/U11009                   | A2 v -> ZN ^ | NOR2_X4   | 0.248 | uut/n7289                    |            |  51.680 | 0.321 |   0.595 | 
     | uut/U10980                   |              | INV_X1    | 0.248 | uut/n7289                    |       SPEF |  51.680 | 0.001 |   0.596 | 
     | uut/U10980                   | A ^ -> ZN v  | INV_X1    | 0.113 | uut/n38                      |            |  37.542 | 0.239 |   0.835 | 
     | uut/U10979                   |              | NOR2_X2   | 0.114 | uut/n38                      |       SPEF |  37.542 | 0.001 |   0.836 | 
     | uut/U10979                   | A2 v -> ZN ^ | NOR2_X2   | 0.166 | uut/n9405                    |            |  16.204 | 0.269 |   1.106 | 
     | uut/FE_OFC35_n9405           |              | CLKBUF_X3 | 0.166 | uut/n9405                    |       SPEF |  16.204 | 0.001 |   1.106 | 
     | uut/FE_OFC35_n9405           | A ^ -> Z ^   | CLKBUF_X3 | 0.316 | uut/FE_OFN35_n9405           |            | 112.060 | 0.434 |   1.540 | 
     | uut/FE_OFC36_n9405           |              | CLKBUF_X2 | 0.316 | uut/FE_OFN35_n9405           |       SPEF | 112.060 | 0.003 |   1.543 | 
     | uut/FE_OFC36_n9405           | A ^ -> Z ^   | CLKBUF_X2 | 0.346 | uut/FE_OFN36_n9405           |            |  84.164 | 0.504 |   2.047 | 
     | uut/FE_OFC37_n9405           |              | CLKBUF_X2 | 0.346 | uut/FE_OFN36_n9405           |       SPEF |  84.164 | 0.010 |   2.058 | 
     | uut/FE_OFC37_n9405           | A ^ -> Z ^   | CLKBUF_X2 | 0.332 | uut/FE_OFN37_n9405           |            |  80.912 | 0.497 |   2.555 | 
     | uut/U9756                    |              | AOI22_X1  | 0.332 | uut/FE_OFN37_n9405           |       SPEF |  80.912 | 0.009 |   2.564 | 
     | uut/U9756                    | B1 ^ -> ZN v | AOI22_X1  | 0.091 | uut/n9736                    |            |   1.960 | 0.127 |   2.691 | 
     | uut/U1555                    |              | AOI22_X1  | 0.091 | uut/n9736                    |       SPEF |   1.960 | 0.000 |   2.692 | 
     | uut/U1555                    | B2 v -> ZN ^ | AOI22_X1  | 0.209 | uut/FE_OFN66_cipherBuffer_68 |            |   8.190 | 0.335 |   3.026 | 
     | uut/FE_OFC66_cipherBuffer_68 |              | BUF_X1    | 0.209 | uut/FE_OFN66_cipherBuffer_68 |       SPEF |   8.190 | 0.001 |   3.028 | 
     | uut/FE_OFC66_cipherBuffer_68 | A ^ -> Z ^   | BUF_X1    | 0.312 | cipherBuffer[68]             |            |  38.505 | 0.422 |   3.450 | 
     | uut/U3270                    |              | INV_X1    | 0.313 | cipherBuffer[68]             |       SPEF |  38.505 | 0.004 |   3.454 | 
     | uut/U3270                    | A ^ -> ZN v  | INV_X1    | 0.098 | uut/n1846                    |            |  16.821 | 0.176 |   3.630 | 
     | uut/U3256                    |              | NAND2_X1  | 0.098 | uut/n1846                    |       SPEF |  16.821 | 0.000 |   3.631 | 
     | uut/U3256                    | A1 v -> ZN ^ | NAND2_X1  | 0.160 | uut/n225                     |            |  18.011 | 0.227 |   3.857 | 
     | uut/U6483                    |              | INV_X2    | 0.160 | uut/n225                     |       SPEF |  18.011 | 0.000 |   3.858 | 
     | uut/U6483                    | A ^ -> ZN v  | INV_X2    | 0.056 | uut/n215                     |            |  23.094 | 0.109 |   3.967 | 
     | uut/U3165                    |              | NAND2_X1  | 0.056 | uut/n215                     |       SPEF |  23.094 | 0.000 |   3.967 | 
     | uut/U3165                    | A1 v -> ZN ^ | NAND2_X1  | 0.198 | uut/n163                     |            |  22.644 | 0.241 |   4.208 | 
     | uut/U3157                    |              | INV_X1    | 0.198 | uut/n163                     |       SPEF |  22.644 | 0.001 |   4.209 | 
     | uut/U3157                    | A ^ -> ZN v  | INV_X1    | 0.067 | uut/n636                     |            |  13.161 | 0.128 |   4.337 | 
     | uut/U10337                   |              | AND2_X1   | 0.067 | uut/n636                     |       SPEF |  13.161 | 0.000 |   4.338 | 
     | uut/U10337                   | A1 v -> ZN v | AND2_X1   | 0.022 | uut/n11132                   |            |   3.215 | 0.131 |   4.468 | 
     | uut/U10341                   |              | NOR3_X2   | 0.022 | uut/n11132                   |       SPEF |   3.215 | 0.000 |   4.468 | 
     | uut/U10341                   | A2 v -> ZN ^ | NOR3_X2   | 0.088 | uut/n3136                    |            |   2.086 | 0.157 |   4.626 | 
     | uut/U1540                    |              | OAI211_X1 | 0.088 | uut/n3136                    |       SPEF |   2.086 | 0.000 |   4.626 | 
     | uut/U1540                    | B ^ -> ZN v  | OAI211_X1 | 0.066 | uut/n3132                    |            |   4.699 | 0.119 |   4.745 | 
     | uut/U6182                    |              | AOI222_X2 | 0.066 | uut/n3132                    |       SPEF |   4.699 | 0.000 |   4.745 | 
     | uut/U6182                    | B1 v -> ZN ^ | AOI222_X2 | 0.167 | uut/n3130                    |            |   2.131 | 0.299 |   5.044 | 
     | uut/U1537                    |              | OAI211_X1 | 0.167 | uut/n3130                    |       SPEF |   2.131 | 0.000 |   5.044 | 
     | uut/U1537                    | B ^ -> ZN v  | OAI211_X1 | 0.056 | uut/n3118                    |            |   2.938 | 0.128 |   5.172 | 
     | uut/U10969                   |              | NOR4_X2   | 0.056 | uut/n3118                    |       SPEF |   2.938 | 0.000 |   5.172 | 
     | uut/U10969                   | A1 v -> ZN ^ | NOR4_X2   | 0.208 | uut/n3117                    |            |   5.580 | 0.245 |   5.416 | 
     | uut/U1524                    |              | NAND4_X1  | 0.208 | uut/n3117                    |       SPEF |   5.580 | 0.001 |   5.417 | 
     | uut/U1524                    | A4 ^ -> ZN v | NAND4_X1  | 0.075 | uut/n10645                   |            |   1.876 | 0.132 |   5.549 | 
     | uut/sub_reg[67]              |              | DFF_X1    | 0.075 | uut/n10645                   |       SPEF |   1.876 | 0.000 |   5.549 | 
     +-----------------------------------------------------------------------------------------------------------------------------------------+ 
Path 3: VIOLATED Setup Check with Pin uut/sub_reg[89]/CK 
Endpoint:   uut/sub_reg[89]/D         (v) checked with  leading edge of 'CLK'
Beginpoint: uut/roundCounter_reg[0]/Q (^) triggered by  leading edge of 'CLK'
Path Groups: {CLK}
Analysis View: aes_av
Other End Arrival Time          0.000
- Setup                         0.182
+ Phase Shift                   5.700
= Required Time                 5.518
- Arrival Time                  5.553
= Slack Time                   -0.036
     Clock Rise Edge                 0.000
     + Clock Network Latency (Ideal) 0.000
     = Beginpoint Arrival Time       0.000
     +-------------------------------------------------------------------------------------------------------------------------------------------+ 
     |           Instance            |     Arc      |   Cell    |  Slew |              Net              |    Arc     |  Load   | Delay | Arrival | 
     |                               |              |           |       |                               | Annotation |         |       |  Time   | 
     |-------------------------------+--------------+-----------+-------+-------------------------------+------------+---------+-------+---------| 
     | uut/roundCounter_reg[0]       | CK ^         |           | 0.000 | clock                         |            | 884.155 |       |   0.000 | 
     | uut/roundCounter_reg[0]       | CK ^ -> Q ^  | DFF_X1    | 0.109 | uut/roundCounter[0]           |            |  12.263 | 0.377 |   0.377 | 
     | uut/U11009                    |              | NOR2_X4   | 0.109 | uut/roundCounter[0]           |       SPEF |  12.263 | 0.000 |   0.377 | 
     | uut/U11009                    | A1 ^ -> ZN v | NOR2_X4   | 0.045 | uut/n7289                     |            |  47.451 | 0.095 |   0.472 | 
     | uut/U10980                    |              | INV_X1    | 0.045 | uut/n7289                     |       SPEF |  47.451 | 0.001 |   0.473 | 
     | uut/U10980                    | A v -> ZN ^  | INV_X1    | 0.322 | uut/n38                       |            |  39.713 | 0.368 |   0.841 | 
     | uut/U10979                    |              | NOR2_X2   | 0.322 | uut/n38                       |       SPEF |  39.713 | 0.002 |   0.843 | 
     | uut/U10979                    | A2 ^ -> ZN v | NOR2_X2   | 0.082 | uut/n9405                     |            |  14.823 | 0.127 |   0.970 | 
     | uut/U11054                    |              | INV_X8    | 0.082 | uut/n9405                     |       SPEF |  14.823 | 0.001 |   0.970 | 
     | uut/U11054                    | A v -> ZN ^  | INV_X8    | 0.123 | uut/n11194                    |            | 113.029 | 0.177 |   1.147 | 
     | uut/U2426                     |              | AND2_X2   | 0.123 | uut/n11194                    |       SPEF | 113.029 | 0.001 |   1.149 | 
     | uut/U2426                     | A2 ^ -> ZN ^ | AND2_X2   | 0.254 | uut/n29                       |            |  62.345 | 0.366 |   1.514 | 
     | uut/FE_OFC52_n29              |              | BUF_X4    | 0.254 | uut/n29                       |       SPEF |  62.345 | 0.006 |   1.520 | 
     | uut/FE_OFC52_n29              | A ^ -> Z ^   | BUF_X4    | 0.253 | uut/FE_OFN52_n29              |            | 123.281 | 0.345 |   1.865 | 
     | uut/U2427                     |              | INV_X8    | 0.254 | uut/FE_OFN52_n29              |       SPEF | 123.281 | 0.016 |   1.880 | 
     | uut/U2427                     | A ^ -> ZN v  | INV_X8    | 0.095 | uut/n9407                     |            | 130.542 | 0.141 |   2.021 | 
     | uut/FE_OFC56_n9407            |              | CLKBUF_X3 | 0.099 | uut/n9407                     |       SPEF | 130.542 | 0.012 |   2.033 | 
     | uut/FE_OFC56_n9407            | A v -> Z v   | CLKBUF_X3 | 0.185 | uut/FE_OFN56_n9407            |            | 109.193 | 0.331 |   2.365 | 
     | uut/U9486                     |              | OAI222_X1 | 0.186 | uut/FE_OFN56_n9407            |       SPEF | 109.193 | 0.026 |   2.390 | 
     | uut/U9486                     | B2 v -> ZN ^ | OAI222_X1 | 0.172 | uut/n9525                     |            |   2.248 | 0.264 |   2.654 | 
     | uut/U9485                     |              | INV_X1    | 0.172 | uut/n9525                     |       SPEF |   2.248 | 0.000 |   2.654 | 
     | uut/U9485                     | A ^ -> ZN v  | INV_X1    | 0.047 | uut/n9522                     |            |   5.596 | 0.077 |   2.731 | 
     | uut/U10878                    |              | OAI22_X4  | 0.047 | uut/n9522                     |       SPEF |   5.596 | 0.000 |   2.731 | 
     | uut/U10878                    | A1 v -> ZN ^ | OAI22_X4  | 0.311 | cipherBuffer[89]              |            |  51.497 | 0.320 |   3.051 | 
     | uut/FE_DBTC50_cipherBuffer_89 |              | INV_X1    | 0.310 | cipherBuffer[89]              |       SPEF |  51.497 | 0.010 |   3.062 | 
     | uut/FE_DBTC50_cipherBuffer_89 | A ^ -> ZN v  | INV_X1    | 0.134 | uut/FE_DBTN50_cipherBuffer_89 |            |  40.126 | 0.278 |   3.340 | 
     | uut/U3620                     |              | NAND2_X1  | 0.134 | uut/FE_DBTN50_cipherBuffer_89 |       SPEF |  40.126 | 0.001 |   3.341 | 
     | uut/U3620                     | A2 v -> ZN ^ | NAND2_X1  | 0.060 | uut/n4215                     |            |   3.470 | 0.134 |   3.475 | 
     | uut/U6493                     |              | NAND2_X1  | 0.060 | uut/n4215                     |       SPEF |   3.470 | 0.000 |   3.475 | 
     | uut/U6493                     | A2 ^ -> ZN v | NAND2_X1  | 0.164 | uut/n685                      |            |  35.481 | 0.221 |   3.696 | 
     | uut/FE_DBTC30_n685            |              | INV_X1    | 0.164 | uut/n685                      |       SPEF |  35.481 | 0.000 |   3.696 | 
     | uut/FE_DBTC30_n685            | A v -> ZN ^  | INV_X1    | 0.302 | uut/FE_DBTN30_n685            |            |  37.613 | 0.419 |   4.115 | 
     | uut/U5211                     |              | OAI222_X1 | 0.302 | uut/FE_DBTN30_n685            |       SPEF |  37.613 | 0.003 |   4.119 | 
     | uut/U5211                     | A1 ^ -> ZN v | OAI222_X1 | 0.081 | uut/n6303                     |            |   1.092 | 0.145 |   4.264 | 
     | uut/U11013                    |              | OR4_X1    | 0.081 | uut/n6303                     |       SPEF |   1.092 | 0.000 |   4.264 | 
     | uut/U11013                    | A1 v -> ZN v | OR4_X1    | 0.071 | uut/n6302                     |            |   3.216 | 0.383 |   4.647 | 
     | uut/U5208                     |              | AOI222_X1 | 0.071 | uut/n6302                     |       SPEF |   3.216 | 0.000 |   4.647 | 
     | uut/U5208                     | B1 v -> ZN ^ | AOI222_X1 | 0.264 | uut/n6299                     |            |   4.640 | 0.408 |   5.055 | 
     | uut/U5207                     |              | INV_X1    | 0.264 | uut/n6299                     |       SPEF |   4.640 | 0.000 |   5.056 | 
     | uut/U5207                     | A ^ -> ZN v  | INV_X1    | 0.052 | uut/n6298                     |            |   1.751 | 0.045 |   5.101 | 
     | uut/U10236                    |              | NOR4_X1   | 0.052 | uut/n6298                     |       SPEF |   1.751 | 0.000 |   5.101 | 
     | uut/U10236                    | A4 v -> ZN ^ | NOR4_X1   | 0.180 | uut/n6294                     |            |   2.062 | 0.343 |   5.444 | 
     | uut/U5205                     |              | NAND4_X1  | 0.180 | uut/n6294                     |       SPEF |   2.062 | 0.000 |   5.444 | 
     | uut/U5205                     | A1 ^ -> ZN v | NAND4_X1  | 0.065 | uut/n10710                    |            |   1.230 | 0.109 |   5.553 | 
     | uut/sub_reg[89]               |              | DFF_X1    | 0.065 | uut/n10710                    |       SPEF |   1.230 | 0.000 |   5.553 | 
     +-------------------------------------------------------------------------------------------------------------------------------------------+ 
Path 4: VIOLATED Setup Check with Pin uut/sub_reg[69]/CK 
Endpoint:   uut/sub_reg[69]/D         (v) checked with  leading edge of 'CLK'
Beginpoint: uut/roundCounter_reg[1]/Q (v) triggered by  leading edge of 'CLK'
Path Groups: {CLK}
Analysis View: aes_av
Other End Arrival Time          0.000
- Setup                         0.182
+ Phase Shift                   5.700
= Required Time                 5.518
- Arrival Time                  5.539
= Slack Time                   -0.020
     Clock Rise Edge                 0.000
     + Clock Network Latency (Ideal) 0.000
     = Beginpoint Arrival Time       0.000
     +-----------------------------------------------------------------------------------------------------------------------------------------+ 
     |           Instance           |     Arc      |   Cell    |  Slew |             Net              |    Arc     |  Load   | Delay | Arrival | 
     |                              |              |           |       |                              | Annotation |         |       |  Time   | 
     |------------------------------+--------------+-----------+-------+------------------------------+------------+---------+-------+---------| 
     | uut/roundCounter_reg[1]      | CK ^         |           | 0.000 | clock                        |            | 884.155 |       |   0.000 | 
     | uut/roundCounter_reg[1]      | CK ^ -> Q v  | DFF_X1    | 0.037 | uut/roundCounter[1]          |            |  11.047 | 0.273 |   0.273 | 
     | uut/U11009                   |              | NOR2_X4   | 0.037 | uut/roundCounter[1]          |       SPEF |  11.047 | 0.000 |   0.273 | 
     | uut/U11009                   | A2 v -> ZN ^ | NOR2_X4   | 0.248 | uut/n7289                    |            |  51.680 | 0.321 |   0.595 | 
     | uut/U10980                   |              | INV_X1    | 0.248 | uut/n7289                    |       SPEF |  51.680 | 0.001 |   0.596 | 
     | uut/U10980                   | A ^ -> ZN v  | INV_X1    | 0.113 | uut/n38                      |            |  37.542 | 0.239 |   0.835 | 
     | uut/U10979                   |              | NOR2_X2   | 0.114 | uut/n38                      |       SPEF |  37.542 | 0.001 |   0.836 | 
     | uut/U10979                   | A2 v -> ZN ^ | NOR2_X2   | 0.166 | uut/n9405                    |            |  16.204 | 0.269 |   1.106 | 
     | uut/FE_OFC35_n9405           |              | CLKBUF_X3 | 0.166 | uut/n9405                    |       SPEF |  16.204 | 0.001 |   1.106 | 
     | uut/FE_OFC35_n9405           | A ^ -> Z ^   | CLKBUF_X3 | 0.316 | uut/FE_OFN35_n9405           |            | 112.060 | 0.434 |   1.540 | 
     | uut/FE_OFC36_n9405           |              | CLKBUF_X2 | 0.316 | uut/FE_OFN35_n9405           |       SPEF | 112.060 | 0.003 |   1.543 | 
     | uut/FE_OFC36_n9405           | A ^ -> Z ^   | CLKBUF_X2 | 0.346 | uut/FE_OFN36_n9405           |            |  84.164 | 0.504 |   2.047 | 
     | uut/FE_OFC37_n9405           |              | CLKBUF_X2 | 0.346 | uut/FE_OFN36_n9405           |       SPEF |  84.164 | 0.010 |   2.058 | 
     | uut/FE_OFC37_n9405           | A ^ -> Z ^   | CLKBUF_X2 | 0.332 | uut/FE_OFN37_n9405           |            |  80.912 | 0.497 |   2.555 | 
     | uut/U9756                    |              | AOI22_X1  | 0.332 | uut/FE_OFN37_n9405           |       SPEF |  80.912 | 0.009 |   2.564 | 
     | uut/U9756                    | B1 ^ -> ZN v | AOI22_X1  | 0.091 | uut/n9736                    |            |   1.960 | 0.127 |   2.691 | 
     | uut/U1555                    |              | AOI22_X1  | 0.091 | uut/n9736                    |       SPEF |   1.960 | 0.000 |   2.692 | 
     | uut/U1555                    | B2 v -> ZN ^ | AOI22_X1  | 0.209 | uut/FE_OFN66_cipherBuffer_68 |            |   8.190 | 0.335 |   3.026 | 
     | uut/FE_OFC66_cipherBuffer_68 |              | BUF_X1    | 0.209 | uut/FE_OFN66_cipherBuffer_68 |       SPEF |   8.190 | 0.001 |   3.028 | 
     | uut/FE_OFC66_cipherBuffer_68 | A ^ -> Z ^   | BUF_X1    | 0.312 | cipherBuffer[68]             |            |  38.505 | 0.422 |   3.450 | 
     | uut/U3270                    |              | INV_X1    | 0.313 | cipherBuffer[68]             |       SPEF |  38.505 | 0.004 |   3.454 | 
     | uut/U3270                    | A ^ -> ZN v  | INV_X1    | 0.098 | uut/n1846                    |            |  16.821 | 0.176 |   3.630 | 
     | uut/U10730                   |              | NAND2_X1  | 0.098 | uut/n1846                    |       SPEF |  16.821 | 0.000 |   3.631 | 
     | uut/U10730                   | A2 v -> ZN ^ | NAND2_X1  | 0.118 | uut/n646                     |            |  12.683 | 0.191 |   3.822 | 
     | uut/U10724                   |              | INV_X2    | 0.118 | uut/n646                     |       SPEF |  12.683 | 0.000 |   3.822 | 
     | uut/U10724                   | A ^ -> ZN v  | INV_X2    | 0.046 | uut/n1811                    |            |  23.800 | 0.096 |   3.919 | 
     | uut/U5471                    |              | NAND2_X2  | 0.046 | uut/n1811                    |       SPEF |  23.800 | 0.001 |   3.919 | 
     | uut/U5471                    | A1 v -> ZN ^ | NAND2_X2  | 0.098 | uut/n1812                    |            |  19.305 | 0.129 |   4.048 | 
     | uut/FE_DBTC36_n1812          |              | INV_X1    | 0.098 | uut/n1812                    |       SPEF |  19.305 | 0.001 |   4.048 | 
     | uut/FE_DBTC36_n1812          | A ^ -> ZN v  | INV_X1    | 0.050 | uut/FE_DBTN36_n1812          |            |  17.864 | 0.106 |   4.155 | 
     | uut/U3697                    |              | AOI22_X1  | 0.050 | uut/FE_DBTN36_n1812          |       SPEF |  17.864 | 0.001 |   4.156 | 
     | uut/U3697                    | B2 v -> ZN ^ | AOI22_X1  | 0.187 | uut/n2095                    |            |   7.032 | 0.289 |   4.445 | 
     | uut/U890                     |              | OAI21_X1  | 0.187 | uut/n2095                    |       SPEF |   7.032 | 0.000 |   4.445 | 
     | uut/U890                     | A ^ -> ZN v  | OAI21_X1  | 0.083 | uut/n2089                    |            |   2.110 | 0.103 |   4.548 | 
     | uut/U887                     |              | AOI221_X1 | 0.083 | uut/n2089                    |       SPEF |   2.110 | 0.000 |   4.548 | 
     | uut/U887                     | B1 v -> ZN ^ | AOI221_X1 | 0.211 | uut/n2082                    |            |   3.498 | 0.356 |   4.904 | 
     | uut/U881                     |              | OAI221_X1 | 0.211 | uut/n2082                    |       SPEF |   3.498 | 0.000 |   4.904 | 
     | uut/U881                     | C1 ^ -> ZN v | OAI221_X1 | 0.069 | uut/n2080                    |            |   2.040 | 0.125 |   5.029 | 
     | uut/U880                     |              | AOI221_X1 | 0.069 | uut/n2080                    |       SPEF |   2.040 | 0.000 |   5.029 | 
     | uut/U880                     | A v -> ZN ^  | AOI221_X1 | 0.228 | uut/n2047                    |            |   4.086 | 0.374 |   5.403 | 
     | uut/U856                     |              | NAND4_X1  | 0.228 | uut/n2047                    |       SPEF |   4.086 | 0.000 |   5.403 | 
     | uut/U856                     | A2 ^ -> ZN v | NAND4_X1  | 0.063 | uut/n10628                   |            |   1.346 | 0.135 |   5.539 | 
     | uut/sub_reg[69]              |              | DFF_X1    | 0.063 | uut/n10628                   |       SPEF |   1.346 | 0.000 |   5.539 | 
     +-----------------------------------------------------------------------------------------------------------------------------------------+ 
Path 5: VIOLATED Setup Check with Pin uut/sub_reg[3]/CK 
Endpoint:   uut/sub_reg[3]/D          (v) checked with  leading edge of 'CLK'
Beginpoint: uut/roundCounter_reg[0]/Q (^) triggered by  leading edge of 'CLK'
Path Groups: {CLK}
Analysis View: aes_av
Other End Arrival Time          0.000
- Setup                         0.195
+ Phase Shift                   5.700
= Required Time                 5.505
- Arrival Time                  5.518
= Slack Time                   -0.013
     Clock Rise Edge                 0.000
     + Clock Network Latency (Ideal) 0.000
     = Beginpoint Arrival Time       0.000
     +---------------------------------------------------------------------------------------------------------------------------------------+ 
     |          Instance           |     Arc      |   Cell    |  Slew |             Net             |    Arc     |  Load   | Delay | Arrival | 
     |                             |              |           |       |                             | Annotation |         |       |  Time   | 
     |-----------------------------+--------------+-----------+-------+-----------------------------+------------+---------+-------+---------| 
     | uut/roundCounter_reg[0]     | CK ^         |           | 0.000 | clock                       |            | 884.155 |       |   0.000 | 
     | uut/roundCounter_reg[0]     | CK ^ -> Q ^  | DFF_X1    | 0.109 | uut/roundCounter[0]         |            |  12.263 | 0.377 |   0.377 | 
     | uut/U11009                  |              | NOR2_X4   | 0.109 | uut/roundCounter[0]         |       SPEF |  12.263 | 0.000 |   0.377 | 
     | uut/U11009                  | A1 ^ -> ZN v | NOR2_X4   | 0.045 | uut/n7289                   |            |  47.451 | 0.095 |   0.472 | 
     | uut/U10980                  |              | INV_X1    | 0.045 | uut/n7289                   |       SPEF |  47.451 | 0.001 |   0.473 | 
     | uut/U10980                  | A v -> ZN ^  | INV_X1    | 0.322 | uut/n38                     |            |  39.713 | 0.368 |   0.841 | 
     | uut/U10979                  |              | NOR2_X2   | 0.322 | uut/n38                     |       SPEF |  39.713 | 0.002 |   0.843 | 
     | uut/U10979                  | A2 ^ -> ZN v | NOR2_X2   | 0.082 | uut/n9405                   |            |  14.823 | 0.127 |   0.970 | 
     | uut/U11054                  |              | INV_X8    | 0.082 | uut/n9405                   |       SPEF |  14.823 | 0.001 |   0.970 | 
     | uut/U11054                  | A v -> ZN ^  | INV_X8    | 0.123 | uut/n11194                  |            | 113.029 | 0.177 |   1.147 | 
     | uut/U2426                   |              | AND2_X2   | 0.123 | uut/n11194                  |       SPEF | 113.029 | 0.001 |   1.149 | 
     | uut/U2426                   | A2 ^ -> ZN ^ | AND2_X2   | 0.254 | uut/n29                     |            |  62.345 | 0.366 |   1.514 | 
     | uut/FE_OFC52_n29            |              | BUF_X4    | 0.254 | uut/n29                     |       SPEF |  62.345 | 0.006 |   1.520 | 
     | uut/FE_OFC52_n29            | A ^ -> Z ^   | BUF_X4    | 0.253 | uut/FE_OFN52_n29            |            | 123.281 | 0.345 |   1.865 | 
     | uut/U2427                   |              | INV_X8    | 0.254 | uut/FE_OFN52_n29            |       SPEF | 123.281 | 0.016 |   1.880 | 
     | uut/U2427                   | A ^ -> ZN v  | INV_X8    | 0.095 | uut/n9407                   |            | 130.542 | 0.141 |   2.021 | 
     | uut/U10397                  |              | OAI222_X1 | 0.103 | uut/n9407                   |       SPEF | 130.542 | 0.038 |   2.059 | 
     | uut/U10397                  | B2 v -> ZN ^ | OAI222_X1 | 0.168 | uut/n10213                  |            |   2.025 | 0.219 |   2.278 | 
     | uut/U10396                  |              | INV_X1    | 0.168 | uut/n10213                  |       SPEF |   2.025 | 0.000 |   2.278 | 
     | uut/U10396                  | A ^ -> ZN v  | INV_X1    | 0.037 | uut/n10210                  |            |   1.791 | 0.045 |   2.323 | 
     | uut/U10570                  |              | OAI22_X1  | 0.037 | uut/n10210                  |       SPEF |   1.791 | 0.000 |   2.323 | 
     | uut/U10570                  | A1 v -> ZN ^ | OAI22_X1  | 0.312 | uut/FE_OFN77_cipherBuffer_1 |            |  12.803 | 0.325 |   2.648 | 
     | uut/FE_OFC77_cipherBuffer_1 |              | BUF_X1    | 0.312 | uut/FE_OFN77_cipherBuffer_1 |       SPEF |  12.803 | 0.003 |   2.651 | 
     | uut/FE_OFC77_cipherBuffer_1 | A ^ -> Z ^   | BUF_X1    | 0.329 | cipherBuffer[1]             |            |  40.720 | 0.451 |   3.103 | 
     | uut/U4663                   |              | AND2_X2   | 0.329 | cipherBuffer[1]             |       SPEF |  40.720 | 0.004 |   3.107 | 
     | uut/U4663                   | A1 ^ -> ZN ^ | AND2_X2   | 0.259 | uut/n10887                  |            |  63.265 | 0.412 |   3.519 | 
     | uut/U6202                   |              | INV_X1    | 0.259 | uut/n10887                  |       SPEF |  63.265 | 0.007 |   3.526 | 
     | uut/U6202                   | A ^ -> ZN v  | INV_X1    | 0.110 | uut/n11119                  |            |  32.413 | 0.228 |   3.754 | 
     | uut/U5844                   |              | NAND2_X1  | 0.110 | uut/n11119                  |       SPEF |  32.413 | 0.000 |   3.754 | 
     | uut/U5844                   | A1 v -> ZN ^ | NAND2_X1  | 0.349 | uut/n1082                   |            |  41.948 | 0.428 |   4.182 | 
     | uut/U10335                  |              | INV_X2    | 0.349 | uut/n1082                   |       SPEF |  41.948 | 0.001 |   4.183 | 
     | uut/U10335                  | A ^ -> ZN v  | INV_X2    | 0.105 | uut/n959                    |            |  32.751 | 0.182 |   4.365 | 
     | uut/U609                    |              | AOI221_X1 | 0.105 | uut/n959                    |       SPEF |  32.751 | 0.002 |   4.367 | 
     | uut/U609                    | C1 v -> ZN ^ | AOI221_X1 | 0.178 | uut/n1620                   |            |   2.327 | 0.233 |   4.600 | 
     | uut/U608                    |              | OAI221_X1 | 0.178 | uut/n1620                   |       SPEF |   2.327 | 0.000 |   4.601 | 
     | uut/U608                    | A ^ -> ZN v  | OAI221_X1 | 0.081 | uut/n1614                   |            |   2.944 | 0.153 |   4.753 | 
     | uut/U605                    |              | AOI222_X1 | 0.081 | uut/n1614                   |       SPEF |   2.944 | 0.000 |   4.754 | 
     | uut/U605                    | A2 v -> ZN ^ | AOI222_X1 | 0.180 | uut/n1613                   |            |   1.698 | 0.258 |   5.012 | 
     | uut/U604                    |              | OAI221_X1 | 0.180 | uut/n1613                   |       SPEF |   1.698 | 0.000 |   5.012 | 
     | uut/U604                    | A ^ -> ZN v  | OAI221_X1 | 0.067 | uut/n1588                   |            |   4.280 | 0.168 |   5.180 | 
     | uut/U10556                  |              | NOR4_X2   | 0.067 | uut/n1588                   |       SPEF |   4.280 | 0.000 |   5.180 | 
     | uut/U10556                  | A1 v -> ZN ^ | NOR4_X2   | 0.158 | uut/n1587                   |            |   2.961 | 0.192 |   5.372 | 
     | uut/U591                    |              | NAND4_X1  | 0.158 | uut/n1587                   |       SPEF |   2.961 | 0.000 |   5.372 | 
     | uut/U591                    | A4 ^ -> ZN v | NAND4_X1  | 0.089 | uut/n10621                  |            |   3.928 | 0.146 |   5.518 | 
     | uut/sub_reg[3]              |              | DFF_X1    | 0.089 | uut/n10621                  |       SPEF |   3.928 | 0.000 |   5.518 | 
     +---------------------------------------------------------------------------------------------------------------------------------------+ 
Path 6: VIOLATED Setup Check with Pin uut/sub_reg[83]/CK 
Endpoint:   uut/sub_reg[83]/D         (v) checked with  leading edge of 'CLK'
Beginpoint: uut/roundCounter_reg[1]/Q (v) triggered by  leading edge of 'CLK'
Path Groups: {CLK}
Analysis View: aes_av
Other End Arrival Time          0.000
- Setup                         0.186
+ Phase Shift                   5.700
= Required Time                 5.514
- Arrival Time                  5.527
= Slack Time                   -0.013
     Clock Rise Edge                 0.000
     + Clock Network Latency (Ideal) 0.000
     = Beginpoint Arrival Time       0.000
     +---------------------------------------------------------------------------------------------------------------------------+ 
     |        Instance         |     Arc      |   Cell    |  Slew |         Net         |    Arc     |  Load   | Delay | Arrival | 
     |                         |              |           |       |                     | Annotation |         |       |  Time   | 
     |-------------------------+--------------+-----------+-------+---------------------+------------+---------+-------+---------| 
     | uut/roundCounter_reg[1] | CK ^         |           | 0.000 | clock               |            | 884.155 |       |   0.000 | 
     | uut/roundCounter_reg[1] | CK ^ -> Q v  | DFF_X1    | 0.037 | uut/roundCounter[1] |            |  11.047 | 0.273 |   0.273 | 
     | uut/U11009              |              | NOR2_X4   | 0.037 | uut/roundCounter[1] |       SPEF |  11.047 | 0.000 |   0.273 | 
     | uut/U11009              | A2 v -> ZN ^ | NOR2_X4   | 0.248 | uut/n7289           |            |  51.680 | 0.321 |   0.595 | 
     | uut/U10980              |              | INV_X1    | 0.248 | uut/n7289           |       SPEF |  51.680 | 0.001 |   0.596 | 
     | uut/U10980              | A ^ -> ZN v  | INV_X1    | 0.113 | uut/n38             |            |  37.542 | 0.239 |   0.835 | 
     | uut/U10979              |              | NOR2_X2   | 0.114 | uut/n38             |       SPEF |  37.542 | 0.001 |   0.836 | 
     | uut/U10979              | A2 v -> ZN ^ | NOR2_X2   | 0.166 | uut/n9405           |            |  16.204 | 0.269 |   1.106 | 
     | uut/FE_OFC35_n9405      |              | CLKBUF_X3 | 0.166 | uut/n9405           |       SPEF |  16.204 | 0.001 |   1.106 | 
     | uut/FE_OFC35_n9405      | A ^ -> Z ^   | CLKBUF_X3 | 0.316 | uut/FE_OFN35_n9405  |            | 112.060 | 0.434 |   1.540 | 
     | uut/FE_OFC36_n9405      |              | CLKBUF_X2 | 0.316 | uut/FE_OFN35_n9405  |       SPEF | 112.060 | 0.003 |   1.543 | 
     | uut/FE_OFC36_n9405      | A ^ -> Z ^   | CLKBUF_X2 | 0.346 | uut/FE_OFN36_n9405  |            |  84.164 | 0.504 |   2.047 | 
     | uut/FE_OFC37_n9405      |              | CLKBUF_X2 | 0.346 | uut/FE_OFN36_n9405  |       SPEF |  84.164 | 0.010 |   2.058 | 
     | uut/FE_OFC37_n9405      | A ^ -> Z ^   | CLKBUF_X2 | 0.332 | uut/FE_OFN37_n9405  |            |  80.912 | 0.497 |   2.555 | 
     | uut/U3269               |              | AOI222_X1 | 0.332 | uut/FE_OFN37_n9405  |       SPEF |  80.912 | 0.009 |   2.563 | 
     | uut/U3269               | A2 ^ -> ZN v | AOI222_X1 | 0.086 | uut/n9596           |            |   1.925 | 0.110 |   2.674 | 
     | uut/U3268               |              | OAI22_X1  | 0.086 | uut/n9596           |       SPEF |   1.925 | 0.000 |   2.674 | 
     | uut/U3268               | B2 v -> ZN ^ | OAI22_X1  | 0.264 | uut/n11256          |            |  10.327 | 0.358 |   3.032 | 
     | uut/U6059               |              | INV_X2    | 0.264 | uut/n11256          |       SPEF |  10.327 | 0.001 |   3.032 | 
     | uut/U6059               | A ^ -> ZN v  | INV_X2    | 0.092 | uut/n2301           |            |  38.356 | 0.177 |   3.209 | 
     | uut/U9531               |              | INV_X1    | 0.092 | uut/n2301           |       SPEF |  38.356 | 0.002 |   3.212 | 
     | uut/U9531               | A v -> ZN ^  | INV_X1    | 0.339 | cipherBuffer[81]    |            |  42.243 | 0.413 |   3.625 | 
     | uut/U6285               |              | NAND2_X1  | 0.339 | cipherBuffer[81]    |       SPEF |  42.243 | 0.000 |   3.625 | 
     | uut/U6285               | A2 ^ -> ZN v | NAND2_X1  | 0.209 | uut/n2296           |            |  44.620 | 0.401 |   4.026 | 
     | uut/U6568               |              | INV_X1    | 0.209 | uut/n2296           |       SPEF |  44.620 | 0.003 |   4.029 | 
     | uut/U6568               | A v -> ZN ^  | INV_X1    | 0.323 | uut/n2307           |            |  40.107 | 0.470 |   4.499 | 
     | uut/U1966               |              | OAI22_X1  | 0.324 | uut/n2307           |       SPEF |  40.107 | 0.003 |   4.502 | 
     | uut/U1966               | B1 ^ -> ZN v | OAI22_X1  | 0.062 | uut/n3667           |            |   2.423 | 0.133 |   4.635 | 
     | uut/U1964               |              | NOR4_X1   | 0.062 | uut/n3667           |       SPEF |   2.423 | 0.000 |   4.635 | 
     | uut/U1964               | A2 v -> ZN ^ | NOR4_X1   | 0.185 | uut/n3665           |            |   2.257 | 0.296 |   4.931 | 
     | uut/U1963               |              | OAI222_X1 | 0.185 | uut/n3665           |       SPEF |   2.257 | 0.000 |   4.931 | 
     | uut/U1963               | C1 ^ -> ZN v | OAI222_X1 | 0.064 | uut/n3651           |            |   3.530 | 0.160 |   5.092 | 
     | uut/U10158              |              | NOR4_X2   | 0.064 | uut/n3651           |       SPEF |   3.530 | 0.000 |   5.092 | 
     | uut/U10158              | A2 v -> ZN ^ | NOR4_X2   | 0.203 | uut/n3649           |            |   5.267 | 0.318 |   5.410 | 
     | uut/U1958               |              | NAND4_X1  | 0.203 | uut/n3649           |       SPEF |   5.267 | 0.001 |   5.410 | 
     | uut/U1958               | A1 ^ -> ZN v | NAND4_X1  | 0.072 | uut/n10655          |            |   1.447 | 0.117 |   5.527 | 
     | uut/sub_reg[83]         |              | DFF_X1    | 0.072 | uut/n10655          |       SPEF |   1.447 | 0.000 |   5.527 | 
     +---------------------------------------------------------------------------------------------------------------------------+ 
Path 7: VIOLATED Setup Check with Pin uut/sub_reg[38]/CK 
Endpoint:   uut/sub_reg[38]/D         (v) checked with  leading edge of 'CLK'
Beginpoint: uut/roundCounter_reg[1]/Q (v) triggered by  leading edge of 'CLK'
Path Groups: {CLK}
Analysis View: aes_av
Other End Arrival Time          0.000
- Setup                         0.192
+ Phase Shift                   5.700
= Required Time                 5.508
- Arrival Time                  5.515
= Slack Time                   -0.006
     Clock Rise Edge                 0.000
     + Clock Network Latency (Ideal) 0.000
     = Beginpoint Arrival Time       0.000
     +-----------------------------------------------------------------------------------------------------------------------------------------+ 
     |           Instance           |     Arc      |   Cell    |  Slew |             Net              |    Arc     |  Load   | Delay | Arrival | 
     |                              |              |           |       |                              | Annotation |         |       |  Time   | 
     |------------------------------+--------------+-----------+-------+------------------------------+------------+---------+-------+---------| 
     | uut/roundCounter_reg[1]      | CK ^         |           | 0.000 | clock                        |            | 884.155 |       |   0.000 | 
     | uut/roundCounter_reg[1]      | CK ^ -> Q v  | DFF_X1    | 0.037 | uut/roundCounter[1]          |            |  11.047 | 0.273 |   0.273 | 
     | uut/U11009                   |              | NOR2_X4   | 0.037 | uut/roundCounter[1]          |       SPEF |  11.047 | 0.000 |   0.273 | 
     | uut/U11009                   | A2 v -> ZN ^ | NOR2_X4   | 0.248 | uut/n7289                    |            |  51.680 | 0.321 |   0.595 | 
     | uut/U10980                   |              | INV_X1    | 0.248 | uut/n7289                    |       SPEF |  51.680 | 0.001 |   0.596 | 
     | uut/U10980                   | A ^ -> ZN v  | INV_X1    | 0.113 | uut/n38                      |            |  37.542 | 0.239 |   0.835 | 
     | uut/U10979                   |              | NOR2_X2   | 0.114 | uut/n38                      |       SPEF |  37.542 | 0.001 |   0.836 | 
     | uut/U10979                   | A2 v -> ZN ^ | NOR2_X2   | 0.166 | uut/n9405                    |            |  16.204 | 0.269 |   1.106 | 
     | uut/FE_OFC35_n9405           |              | CLKBUF_X3 | 0.166 | uut/n9405                    |       SPEF |  16.204 | 0.001 |   1.106 | 
     | uut/FE_OFC35_n9405           | A ^ -> Z ^   | CLKBUF_X3 | 0.316 | uut/FE_OFN35_n9405           |            | 112.060 | 0.434 |   1.540 | 
     | uut/FE_OFC36_n9405           |              | CLKBUF_X2 | 0.316 | uut/FE_OFN35_n9405           |       SPEF | 112.060 | 0.003 |   1.543 | 
     | uut/FE_OFC36_n9405           | A ^ -> Z ^   | CLKBUF_X2 | 0.346 | uut/FE_OFN36_n9405           |            |  84.164 | 0.504 |   2.047 | 
     | uut/FE_OFC37_n9405           |              | CLKBUF_X2 | 0.346 | uut/FE_OFN36_n9405           |       SPEF |  84.164 | 0.010 |   2.058 | 
     | uut/FE_OFC37_n9405           | A ^ -> Z ^   | CLKBUF_X2 | 0.332 | uut/FE_OFN37_n9405           |            |  80.912 | 0.497 |   2.555 | 
     | uut/U10222                   |              | AOI222_X1 | 0.332 | uut/FE_OFN37_n9405           |       SPEF |  80.912 | 0.008 |   2.563 | 
     | uut/U10222                   | A2 ^ -> ZN v | AOI222_X1 | 0.100 | uut/n10079                   |            |   2.954 | 0.124 |   2.687 | 
     | uut/U9746                    |              | OAI22_X1  | 0.100 | uut/n10079                   |       SPEF |   2.954 | 0.000 |   2.687 | 
     | uut/U9746                    | B2 v -> ZN ^ | OAI22_X1  | 0.134 | uut/FE_OFN72_cipherBuffer_33 |            |   3.296 | 0.228 |   2.916 | 
     | uut/FE_OFC72_cipherBuffer_33 |              | CLKBUF_X2 | 0.134 | uut/FE_OFN72_cipherBuffer_33 |       SPEF |   3.296 | 0.000 |   2.916 | 
     | uut/FE_OFC72_cipherBuffer_33 | A ^ -> Z ^   | CLKBUF_X2 | 0.221 | cipherBuffer[33]             |            |  53.522 | 0.328 |   3.244 | 
     | uut/U10916                   |              | INV_X1    | 0.221 | cipherBuffer[33]             |       SPEF |  53.522 | 0.007 |   3.251 | 
     | uut/U10916                   | A ^ -> ZN v  | INV_X1    | 0.117 | uut/n312                     |            |  42.330 | 0.238 |   3.489 | 
     | uut/U10989                   |              | NAND2_X1  | 0.117 | uut/n312                     |       SPEF |  42.330 | 0.002 |   3.491 | 
     | uut/U10989                   | A2 v -> ZN ^ | NAND2_X1  | 0.310 | uut/n297                     |            |  37.153 | 0.401 |   3.892 | 
     | uut/U2538                    |              | INV_X1    | 0.310 | uut/n297                     |       SPEF |  37.153 | 0.001 |   3.893 | 
     | uut/U2538                    | A ^ -> ZN v  | INV_X1    | 0.123 | uut/n538                     |            |  32.818 | 0.250 |   4.143 | 
     | uut/U815                     |              | AOI21_X1  | 0.124 | uut/n538                     |       SPEF |  32.818 | 0.002 |   4.145 | 
     | uut/U815                     | A v -> ZN ^  | AOI21_X1  | 0.142 | uut/n555                     |            |   5.146 | 0.266 |   4.411 | 
     | uut/U185                     |              | OAI222_X1 | 0.142 | uut/n555                     |       SPEF |   5.146 | 0.000 |   4.411 | 
     | uut/U185                     | B2 ^ -> ZN v | OAI222_X1 | 0.089 | uut/n553                     |            |   1.718 | 0.142 |   4.553 | 
     | uut/U184                     |              | AOI211_X1 | 0.089 | uut/n553                     |       SPEF |   1.718 | 0.000 |   4.553 | 
     | uut/U184                     | A v -> ZN ^  | AOI211_X1 | 0.198 | uut/n543                     |            |   3.681 | 0.356 |   4.909 | 
     | uut/U180                     |              | OAI22_X1  | 0.198 | uut/n543                     |       SPEF |   3.681 | 0.000 |   4.909 | 
     | uut/U180                     | A1 ^ -> ZN v | OAI22_X1  | 0.055 | uut/n542                     |            |   1.821 | 0.093 |   5.002 | 
     | uut/U179                     |              | AOI221_X1 | 0.055 | uut/n542                     |       SPEF |   1.821 | 0.000 |   5.002 | 
     | uut/U179                     | A v -> ZN ^  | AOI221_X1 | 0.213 | uut/n513                     |            |   3.593 | 0.351 |   5.353 | 
     | uut/U167                     |              | NAND4_X1  | 0.213 | uut/n513                     |       SPEF |   3.593 | 0.000 |   5.353 | 
     | uut/U167                     | A3 ^ -> ZN v | NAND4_X1  | 0.083 | uut/n10609                   |            |   3.617 | 0.161 |   5.514 | 
     | uut/sub_reg[38]              |              | DFF_X1    | 0.083 | uut/n10609                   |       SPEF |   3.617 | 0.000 |   5.515 | 
     +-----------------------------------------------------------------------------------------------------------------------------------------+ 
Path 8: MET Setup Check with Pin uut/sub_reg[45]/CK 
Endpoint:   uut/sub_reg[45]/D         (v) checked with  leading edge of 'CLK'
Beginpoint: uut/roundCounter_reg[0]/Q (^) triggered by  leading edge of 'CLK'
Path Groups: {CLK}
Analysis View: aes_av
Other End Arrival Time          0.000
- Setup                         0.180
+ Phase Shift                   5.700
= Required Time                 5.520
- Arrival Time                  5.510
= Slack Time                    0.010
     Clock Rise Edge                 0.000
     + Clock Network Latency (Ideal) 0.000
     = Beginpoint Arrival Time       0.000
     +-----------------------------------------------------------------------------------------------------------------------------------------+ 
     |           Instance           |     Arc      |   Cell    |  Slew |             Net              |    Arc     |  Load   | Delay | Arrival | 
     |                              |              |           |       |                              | Annotation |         |       |  Time   | 
     |------------------------------+--------------+-----------+-------+------------------------------+------------+---------+-------+---------| 
     | uut/roundCounter_reg[0]      | CK ^         |           | 0.000 | clock                        |            | 884.155 |       |   0.000 | 
     | uut/roundCounter_reg[0]      | CK ^ -> Q ^  | DFF_X1    | 0.109 | uut/roundCounter[0]          |            |  12.263 | 0.377 |   0.377 | 
     | uut/U11009                   |              | NOR2_X4   | 0.109 | uut/roundCounter[0]          |       SPEF |  12.263 | 0.000 |   0.377 | 
     | uut/U11009                   | A1 ^ -> ZN v | NOR2_X4   | 0.045 | uut/n7289                    |            |  47.451 | 0.095 |   0.472 | 
     | uut/U10980                   |              | INV_X1    | 0.045 | uut/n7289                    |       SPEF |  47.451 | 0.001 |   0.473 | 
     | uut/U10980                   | A v -> ZN ^  | INV_X1    | 0.322 | uut/n38                      |            |  39.713 | 0.368 |   0.841 | 
     | uut/U10979                   |              | NOR2_X2   | 0.322 | uut/n38                      |       SPEF |  39.713 | 0.002 |   0.843 | 
     | uut/U10979                   | A2 ^ -> ZN v | NOR2_X2   | 0.082 | uut/n9405                    |            |  14.823 | 0.127 |   0.970 | 
     | uut/U11054                   |              | INV_X8    | 0.082 | uut/n9405                    |       SPEF |  14.823 | 0.001 |   0.970 | 
     | uut/U11054                   | A v -> ZN ^  | INV_X8    | 0.123 | uut/n11194                   |            | 113.029 | 0.177 |   1.147 | 
     | uut/U2426                    |              | AND2_X2   | 0.123 | uut/n11194                   |       SPEF | 113.029 | 0.001 |   1.149 | 
     | uut/U2426                    | A2 ^ -> ZN ^ | AND2_X2   | 0.254 | uut/n29                      |            |  62.345 | 0.366 |   1.514 | 
     | uut/FE_OFC52_n29             |              | BUF_X4    | 0.254 | uut/n29                      |       SPEF |  62.345 | 0.006 |   1.520 | 
     | uut/FE_OFC52_n29             | A ^ -> Z ^   | BUF_X4    | 0.253 | uut/FE_OFN52_n29             |            | 123.281 | 0.345 |   1.865 | 
     | uut/U2427                    |              | INV_X8    | 0.254 | uut/FE_OFN52_n29             |       SPEF | 123.281 | 0.016 |   1.880 | 
     | uut/U2427                    | A ^ -> ZN v  | INV_X8    | 0.095 | uut/n9407                    |            | 130.542 | 0.141 |   2.021 | 
     | uut/FE_OFC56_n9407           |              | CLKBUF_X3 | 0.099 | uut/n9407                    |       SPEF | 130.542 | 0.012 |   2.033 | 
     | uut/FE_OFC56_n9407           | A v -> Z v   | CLKBUF_X3 | 0.185 | uut/FE_OFN56_n9407           |            | 109.193 | 0.331 |   2.365 | 
     | uut/U10101                   |              | OAI222_X1 | 0.186 | uut/FE_OFN56_n9407           |       SPEF | 109.193 | 0.016 |   2.381 | 
     | uut/U10101                   | B2 v -> ZN ^ | OAI222_X1 | 0.170 | uut/n10004                   |            |   2.024 | 0.260 |   2.640 | 
     | uut/U10100                   |              | INV_X1    | 0.170 | uut/n10004                   |       SPEF |   2.024 | 0.000 |   2.640 | 
     | uut/U10100                   | A ^ -> ZN v  | INV_X1    | 0.037 | uut/n10001                   |            |   1.734 | 0.044 |   2.685 | 
     | uut/U1321                    |              | OAI22_X1  | 0.037 | uut/n10001                   |       SPEF |   1.734 | 0.000 |   2.685 | 
     | uut/U1321                    | A1 v -> ZN ^ | OAI22_X1  | 0.235 | uut/FE_OFN70_cipherBuffer_41 |            |   8.661 | 0.243 |   2.927 | 
     | uut/FE_OFC70_cipherBuffer_41 |              | CLKBUF_X2 | 0.235 | uut/FE_OFN70_cipherBuffer_41 |       SPEF |   8.661 | 0.001 |   2.929 | 
     | uut/FE_OFC70_cipherBuffer_41 | A ^ -> Z ^   | CLKBUF_X2 | 0.196 | cipherBuffer[41]             |            |  47.869 | 0.336 |   3.265 | 
     | uut/U6569                    |              | NAND2_X2  | 0.196 | cipherBuffer[41]             |       SPEF |  47.869 | 0.002 |   3.267 | 
     | uut/U6569                    | A1 ^ -> ZN v | NAND2_X2  | 0.128 | uut/n1363                    |            |  46.565 | 0.235 |   3.501 | 
     | uut/U10957                   |              | NAND2_X1  | 0.129 | uut/n1363                    |       SPEF |  46.565 | 0.005 |   3.507 | 
     | uut/U10957                   | A1 v -> ZN ^ | NAND2_X1  | 0.315 | uut/n1461                    |            |  37.728 | 0.406 |   3.913 | 
     | uut/FE_DBTC17_n1461          |              | INV_X1    | 0.315 | uut/n1461                    |       SPEF |  37.728 | 0.002 |   3.915 | 
     | uut/FE_DBTC17_n1461          | A ^ -> ZN v  | INV_X1    | 0.127 | uut/FE_DBTN17_n1461          |            |  34.767 | 0.259 |   4.174 | 
     | uut/U4649                    |              | AOI22_X1  | 0.128 | uut/FE_DBTN17_n1461          |       SPEF |  34.767 | 0.001 |   4.175 | 
     | uut/U4649                    | B2 v -> ZN ^ | AOI22_X1  | 0.105 | uut/n1419                    |            |   2.488 | 0.241 |   4.416 | 
     | uut/U508                     |              | OAI21_X1  | 0.105 | uut/n1419                    |       SPEF |   2.488 | 0.000 |   4.416 | 
     | uut/U508                     | A ^ -> ZN v  | OAI21_X1  | 0.076 | uut/n1408                    |            |   1.727 | 0.078 |   4.494 | 
     | uut/U10919                   |              | AOI221_X1 | 0.076 | uut/n1408                    |       SPEF |   1.727 | 0.000 |   4.494 | 
     | uut/U10919                   | B1 v -> ZN ^ | AOI221_X1 | 0.236 | uut/n1406                    |            |   4.402 | 0.380 |   4.875 | 
     | uut/U503                     |              | OAI222_X1 | 0.236 | uut/n1406                    |       SPEF |   4.402 | 0.000 |   4.875 | 
     | uut/U503                     | C1 ^ -> ZN v | OAI222_X1 | 0.082 | uut/n1385                    |            |   3.264 | 0.170 |   5.045 | 
     | uut/U10813                   |              | AOI211_X1 | 0.082 | uut/n1385                    |       SPEF |   3.264 | 0.000 |   5.045 | 
     | uut/U10813                   | A v -> ZN ^  | AOI211_X1 | 0.186 | uut/n1334                    |            |   3.220 | 0.340 |   5.385 | 
     | uut/U479                     |              | NAND4_X1  | 0.186 | uut/n1334                    |       SPEF |   3.220 | 0.000 |   5.385 | 
     | uut/U479                     | A2 ^ -> ZN v | NAND4_X1  | 0.060 | uut/n10618                   |            |   1.252 | 0.125 |   5.510 | 
     | uut/sub_reg[45]              |              | DFF_X1    | 0.060 | uut/n10618                   |       SPEF |   1.252 | 0.000 |   5.510 | 
     +-----------------------------------------------------------------------------------------------------------------------------------------+ 
Path 9: MET Setup Check with Pin uut/sub_reg[21]/CK 
Endpoint:   uut/sub_reg[21]/D         (v) checked with  leading edge of 'CLK'
Beginpoint: uut/roundCounter_reg[0]/Q (^) triggered by  leading edge of 'CLK'
Path Groups: {CLK}
Analysis View: aes_av
Other End Arrival Time          0.000
- Setup                         0.186
+ Phase Shift                   5.700
= Required Time                 5.514
- Arrival Time                  5.500
= Slack Time                    0.015
     Clock Rise Edge                 0.000
     + Clock Network Latency (Ideal) 0.000
     = Beginpoint Arrival Time       0.000
     +-----------------------------------------------------------------------------------------------------------------------------------------+ 
     |           Instance           |     Arc      |   Cell    |  Slew |             Net              |    Arc     |  Load   | Delay | Arrival | 
     |                              |              |           |       |                              | Annotation |         |       |  Time   | 
     |------------------------------+--------------+-----------+-------+------------------------------+------------+---------+-------+---------| 
     | uut/roundCounter_reg[0]      | CK ^         |           | 0.000 | clock                        |            | 884.155 |       |   0.000 | 
     | uut/roundCounter_reg[0]      | CK ^ -> Q ^  | DFF_X1    | 0.109 | uut/roundCounter[0]          |            |  12.263 | 0.377 |   0.377 | 
     | uut/U11009                   |              | NOR2_X4   | 0.109 | uut/roundCounter[0]          |       SPEF |  12.263 | 0.000 |   0.377 | 
     | uut/U11009                   | A1 ^ -> ZN v | NOR2_X4   | 0.045 | uut/n7289                    |            |  47.451 | 0.095 |   0.472 | 
     | uut/U10980                   |              | INV_X1    | 0.045 | uut/n7289                    |       SPEF |  47.451 | 0.001 |   0.473 | 
     | uut/U10980                   | A v -> ZN ^  | INV_X1    | 0.322 | uut/n38                      |            |  39.713 | 0.368 |   0.841 | 
     | uut/U10979                   |              | NOR2_X2   | 0.322 | uut/n38                      |       SPEF |  39.713 | 0.002 |   0.843 | 
     | uut/U10979                   | A2 ^ -> ZN v | NOR2_X2   | 0.082 | uut/n9405                    |            |  14.823 | 0.127 |   0.970 | 
     | uut/U11054                   |              | INV_X8    | 0.082 | uut/n9405                    |       SPEF |  14.823 | 0.001 |   0.970 | 
     | uut/U11054                   | A v -> ZN ^  | INV_X8    | 0.123 | uut/n11194                   |            | 113.029 | 0.177 |   1.147 | 
     | uut/U2426                    |              | AND2_X2   | 0.123 | uut/n11194                   |       SPEF | 113.029 | 0.001 |   1.149 | 
     | uut/U2426                    | A2 ^ -> ZN ^ | AND2_X2   | 0.254 | uut/n29                      |            |  62.345 | 0.366 |   1.514 | 
     | uut/FE_OFC52_n29             |              | BUF_X4    | 0.254 | uut/n29                      |       SPEF |  62.345 | 0.006 |   1.520 | 
     | uut/FE_OFC52_n29             | A ^ -> Z ^   | BUF_X4    | 0.253 | uut/FE_OFN52_n29             |            | 123.281 | 0.345 |   1.865 | 
     | uut/U2427                    |              | INV_X8    | 0.254 | uut/FE_OFN52_n29             |       SPEF | 123.281 | 0.016 |   1.880 | 
     | uut/U2427                    | A ^ -> ZN v  | INV_X8    | 0.095 | uut/n9407                    |            | 130.542 | 0.141 |   2.021 | 
     | uut/U10434                   |              | OAI222_X1 | 0.103 | uut/n9407                    |       SPEF | 130.542 | 0.038 |   2.059 | 
     | uut/U10434                   | B2 v -> ZN ^ | OAI222_X1 | 0.166 | uut/n10238                   |            |   1.942 | 0.218 |   2.277 | 
     | uut/U10433                   |              | INV_X1    | 0.166 | uut/n10238                   |       SPEF |   1.942 | 0.000 |   2.277 | 
     | uut/U10433                   | A ^ -> ZN v  | INV_X1    | 0.036 | uut/n10235                   |            |   1.534 | 0.042 |   2.318 | 
     | uut/U10940                   |              | OAI22_X1  | 0.036 | uut/n10235                   |       SPEF |   1.534 | 0.000 |   2.318 | 
     | uut/U10940                   | A1 v -> ZN ^ | OAI22_X1  | 0.338 | uut/FE_OFN74_cipherBuffer_17 |            |  14.279 | 0.353 |   2.671 | 
     | uut/FE_OFC74_cipherBuffer_17 |              | CLKBUF_X2 | 0.338 | uut/FE_OFN74_cipherBuffer_17 |       SPEF |  14.279 | 0.003 |   2.674 | 
     | uut/FE_OFC74_cipherBuffer_17 | A ^ -> Z ^   | CLKBUF_X2 | 0.178 | cipherBuffer[17]             |            |  43.135 | 0.340 |   3.014 | 
     | uut/U3770                    |              | AND2_X2   | 0.178 | cipherBuffer[17]             |       SPEF |  43.135 | 0.004 |   3.018 | 
     | uut/U3770                    | A2 ^ -> ZN ^ | AND2_X2   | 0.204 | uut/n10869                   |            |  49.548 | 0.333 |   3.351 | 
     | uut/U3777                    |              | INV_X1    | 0.204 | uut/n10869                   |       SPEF |  49.548 | 0.001 |   3.351 | 
     | uut/U3777                    | A ^ -> ZN v  | INV_X1    | 0.112 | uut/n2504                    |            |  43.052 | 0.235 |   3.586 | 
     | uut/U9810                    |              | NAND2_X1  | 0.112 | uut/n2504                    |       SPEF |  43.052 | 0.001 |   3.587 | 
     | uut/U9810                    | A2 v -> ZN ^ | NAND2_X1  | 0.315 | uut/n2510                    |            |  37.665 | 0.404 |   3.991 | 
     | uut/FE_DBTC11_n2510          |              | INV_X1    | 0.315 | uut/n2510                    |       SPEF |  37.665 | 0.000 |   3.991 | 
     | uut/FE_DBTC11_n2510          | A ^ -> ZN v  | INV_X1    | 0.126 | uut/FE_DBTN11_n2510          |            |  33.868 | 0.256 |   4.247 | 
     | uut/U4475                    |              | AOI22_X1  | 0.126 | uut/FE_DBTN11_n2510          |       SPEF |  33.868 | 0.001 |   4.248 | 
     | uut/U4475                    | B2 v -> ZN ^ | AOI22_X1  | 0.103 | uut/n3861                    |            |   2.355 | 0.237 |   4.485 | 
     | uut/U2062                    |              | OAI21_X1  | 0.103 | uut/n3861                    |       SPEF |   2.355 | 0.000 |   4.485 | 
     | uut/U2062                    | A ^ -> ZN v  | OAI21_X1  | 0.057 | uut/n3854                    |            |   2.061 | 0.080 |   4.565 | 
     | uut/U10907                   |              | AOI221_X1 | 0.057 | uut/n3854                    |       SPEF |   2.061 | 0.000 |   4.565 | 
     | uut/U10907                   | B1 v -> ZN ^ | AOI221_X1 | 0.160 | uut/n3841                    |            |   1.738 | 0.286 |   4.851 | 
     | uut/U2053                    |              | OAI222_X1 | 0.160 | uut/n3841                    |       SPEF |   1.738 | 0.000 |   4.851 | 
     | uut/U2053                    | A1 ^ -> ZN v | OAI222_X1 | 0.061 | uut/n3840                    |            |   2.540 | 0.133 |   4.985 | 
     | uut/U2052                    |              | AOI221_X1 | 0.061 | uut/n3840                    |       SPEF |   2.540 | 0.000 |   4.985 | 
     | uut/U2052                    | A v -> ZN ^  | AOI221_X1 | 0.219 | uut/n3790                    |            |   3.758 | 0.360 |   5.344 | 
     | uut/U2028                    |              | NAND4_X1  | 0.219 | uut/n3790                    |       SPEF |   3.758 | 0.000 |   5.345 | 
     | uut/U2028                    | A2 ^ -> ZN v | NAND4_X1  | 0.071 | uut/n10657                   |            |   2.724 | 0.155 |   5.499 | 
     | uut/sub_reg[21]              |              | DFF_X1    | 0.071 | uut/n10657                   |       SPEF |   2.724 | 0.000 |   5.500 | 
     +-----------------------------------------------------------------------------------------------------------------------------------------+ 
Path 10: MET Setup Check with Pin uut/sub_reg[82]/CK 
Endpoint:   uut/sub_reg[82]/D         (v) checked with  leading edge of 'CLK'
Beginpoint: uut/roundCounter_reg[1]/Q (v) triggered by  leading edge of 'CLK'
Path Groups: {CLK}
Analysis View: aes_av
Other End Arrival Time          0.000
- Setup                         0.190
+ Phase Shift                   5.700
= Required Time                 5.510
- Arrival Time                  5.494
= Slack Time                    0.016
     Clock Rise Edge                 0.000
     + Clock Network Latency (Ideal) 0.000
     = Beginpoint Arrival Time       0.000
     +---------------------------------------------------------------------------------------------------------------------------+ 
     |        Instance         |     Arc      |   Cell    |  Slew |         Net         |    Arc     |  Load   | Delay | Arrival | 
     |                         |              |           |       |                     | Annotation |         |       |  Time   | 
     |-------------------------+--------------+-----------+-------+---------------------+------------+---------+-------+---------| 
     | uut/roundCounter_reg[1] | CK ^         |           | 0.000 | clock               |            | 884.155 |       |   0.000 | 
     | uut/roundCounter_reg[1] | CK ^ -> Q v  | DFF_X1    | 0.037 | uut/roundCounter[1] |            |  11.047 | 0.273 |   0.273 | 
     | uut/U11009              |              | NOR2_X4   | 0.037 | uut/roundCounter[1] |       SPEF |  11.047 | 0.000 |   0.273 | 
     | uut/U11009              | A2 v -> ZN ^ | NOR2_X4   | 0.248 | uut/n7289           |            |  51.680 | 0.321 |   0.595 | 
     | uut/U10980              |              | INV_X1    | 0.248 | uut/n7289           |       SPEF |  51.680 | 0.001 |   0.596 | 
     | uut/U10980              | A ^ -> ZN v  | INV_X1    | 0.113 | uut/n38             |            |  37.542 | 0.239 |   0.835 | 
     | uut/U10979              |              | NOR2_X2   | 0.114 | uut/n38             |       SPEF |  37.542 | 0.001 |   0.836 | 
     | uut/U10979              | A2 v -> ZN ^ | NOR2_X2   | 0.166 | uut/n9405           |            |  16.204 | 0.269 |   1.106 | 
     | uut/FE_OFC35_n9405      |              | CLKBUF_X3 | 0.166 | uut/n9405           |       SPEF |  16.204 | 0.001 |   1.106 | 
     | uut/FE_OFC35_n9405      | A ^ -> Z ^   | CLKBUF_X3 | 0.316 | uut/FE_OFN35_n9405  |            | 112.060 | 0.434 |   1.540 | 
     | uut/FE_OFC36_n9405      |              | CLKBUF_X2 | 0.316 | uut/FE_OFN35_n9405  |       SPEF | 112.060 | 0.003 |   1.543 | 
     | uut/FE_OFC36_n9405      | A ^ -> Z ^   | CLKBUF_X2 | 0.346 | uut/FE_OFN36_n9405  |            |  84.164 | 0.504 |   2.047 | 
     | uut/FE_OFC37_n9405      |              | CLKBUF_X2 | 0.346 | uut/FE_OFN36_n9405  |       SPEF |  84.164 | 0.010 |   2.058 | 
     | uut/FE_OFC37_n9405      | A ^ -> Z ^   | CLKBUF_X2 | 0.332 | uut/FE_OFN37_n9405  |            |  80.912 | 0.497 |   2.555 | 
     | uut/U3269               |              | AOI222_X1 | 0.332 | uut/FE_OFN37_n9405  |       SPEF |  80.912 | 0.009 |   2.563 | 
     | uut/U3269               | A2 ^ -> ZN v | AOI222_X1 | 0.086 | uut/n9596           |            |   1.925 | 0.110 |   2.674 | 
     | uut/U3268               |              | OAI22_X1  | 0.086 | uut/n9596           |       SPEF |   1.925 | 0.000 |   2.674 | 
     | uut/U3268               | B2 v -> ZN ^ | OAI22_X1  | 0.264 | uut/n11256          |            |  10.327 | 0.358 |   3.032 | 
     | uut/U6059               |              | INV_X2    | 0.264 | uut/n11256          |       SPEF |  10.327 | 0.001 |   3.032 | 
     | uut/U6059               | A ^ -> ZN v  | INV_X2    | 0.092 | uut/n2301           |            |  38.356 | 0.177 |   3.209 | 
     | uut/U9531               |              | INV_X1    | 0.092 | uut/n2301           |       SPEF |  38.356 | 0.002 |   3.212 | 
     | uut/U9531               | A v -> ZN ^  | INV_X1    | 0.339 | cipherBuffer[81]    |            |  42.243 | 0.413 |   3.625 | 
     | uut/U6285               |              | NAND2_X1  | 0.339 | cipherBuffer[81]    |       SPEF |  42.243 | 0.000 |   3.625 | 
     | uut/U6285               | A2 ^ -> ZN v | NAND2_X1  | 0.209 | uut/n2296           |            |  44.620 | 0.401 |   4.026 | 
     | uut/U6568               |              | INV_X1    | 0.209 | uut/n2296           |       SPEF |  44.620 | 0.003 |   4.029 | 
     | uut/U6568               | A v -> ZN ^  | INV_X1    | 0.323 | uut/n2307           |            |  40.107 | 0.470 |   4.499 | 
     | uut/U4013               |              | NOR2_X1   | 0.324 | uut/n2307           |       SPEF |  40.107 | 0.003 |   4.502 | 
     | uut/U4013               | A2 ^ -> ZN v | NOR2_X1   | 0.063 | uut/n5487           |            |   1.706 | 0.067 |   4.569 | 
     | uut/U4010               |              | AOI221_X1 | 0.063 | uut/n5487           |       SPEF |   1.706 | 0.000 |   4.569 | 
     | uut/U4010               | C1 v -> ZN ^ | AOI221_X1 | 0.234 | uut/n5483           |            |   4.345 | 0.276 |   4.845 | 
     | uut/U4002               |              | OAI221_X1 | 0.234 | uut/n5483           |       SPEF |   4.345 | 0.000 |   4.845 | 
     | uut/U4002               | B1 ^ -> ZN v | OAI221_X1 | 0.073 | uut/n5472           |            |   2.216 | 0.140 |   4.985 | 
     | uut/U10307              |              | NOR4_X1   | 0.073 | uut/n5472           |       SPEF |   2.216 | 0.000 |   4.985 | 
     | uut/U10307              | A3 v -> ZN ^ | NOR4_X1   | 0.214 | uut/n5469           |            |   2.992 | 0.376 |   5.361 | 
     | uut/U3992               |              | NAND4_X1  | 0.214 | uut/n5469           |       SPEF |   2.992 | 0.000 |   5.361 | 
     | uut/U3992               | A4 ^ -> ZN v | NAND4_X1  | 0.080 | uut/n10691          |            |   1.830 | 0.133 |   5.494 | 
     | uut/sub_reg[82]         |              | DFF_X1    | 0.080 | uut/n10691          |       SPEF |   1.830 | 0.000 |   5.494 | 
     +---------------------------------------------------------------------------------------------------------------------------+ 

