###############################################################
#  Generated by:      Cadence Innovus 18.10-p002_1
#  OS:                Linux x86_64(Host ID ensc-esil-17)
#  Generated on:      Tue Apr 20 17:38:09 2021
#  Design:            aes128keyWrapper
#  Command:           report_timing -net -format {instance arc cell slew net annotation load delay arrival} -max_paths 10 >  results/timing/07-postCtsOpt_setup.rpt
###############################################################
Path 1: MET Setup Check with Pin uut/sub_reg[123]/CK 
Endpoint:   uut/sub_reg[123]/D        (v) checked with  leading edge of 'CLK'
Beginpoint: uut/roundCounter_reg[3]/Q (^) triggered by  leading edge of 'CLK'
Path Groups: {CLK}
Analysis View: aes_av
Other End Arrival Time          0.000
- Setup                         0.191
+ Phase Shift                   5.700
= Required Time                 5.509
- Arrival Time                  5.487
= Slack Time                    0.022
     Clock Rise Edge                 0.000
     + Clock Network Latency (Ideal) 0.000
     = Beginpoint Arrival Time       0.000
     +---------------------------------------------------------------------------------------------------------------------------------------------+ 
     |            Instance            |     Arc      |   Cell    |  Slew |              Net               |    Arc     |  Load   | Delay | Arrival | 
     |                                |              |           |       |                                | Annotation |         |       |  Time   | 
     |--------------------------------+--------------+-----------+-------+--------------------------------+------------+---------+-------+---------| 
     | uut/roundCounter_reg[3]        | CK ^         |           | 0.000 | clock                          |            | 894.193 |       |   0.000 | 
     | uut/roundCounter_reg[3]        | CK ^ -> Q ^  | DFF_X1    | 0.113 | uut/roundCounter[3]            |            |  12.799 | 0.382 |   0.382 | 
     | uut/U11016                     |              | NAND2_X1  | 0.113 | uut/roundCounter[3]            |       SPEF |  12.799 | 0.000 |   0.382 | 
     | uut/U11016                     | A1 ^ -> ZN v | NAND2_X1  | 0.046 | uut/n7897                      |            |   5.199 | 0.090 |   0.472 | 
     | uut/U2417                      |              | NOR3_X1   | 0.046 | uut/n7897                      |       SPEF |   5.199 | 0.000 |   0.472 | 
     | uut/U2417                      | A1 v -> ZN ^ | NOR3_X1   | 0.142 | uut/n9455                      |            |   3.031 | 0.182 |   0.654 | 
     | uut/FE_OFC86_n9455             |              | BUF_X2    | 0.142 | uut/n9455                      |       SPEF |   3.031 | 0.000 |   0.654 | 
     | uut/FE_OFC86_n9455             | A ^ -> Z ^   | BUF_X2    | 0.224 | uut/FE_OFN38_n9455             |            |  52.134 | 0.307 |   0.961 | 
     | uut/FE_OFC88_n9455             |              | INV_X1    | 0.225 | uut/FE_OFN38_n9455             |       SPEF |  52.134 | 0.008 |   0.968 | 
     | uut/FE_OFC88_n9455             | A ^ -> ZN v  | INV_X1    | 0.081 | uut/FE_OFN45_n39               |            |  19.276 | 0.161 |   1.129 | 
     | uut/U2426                      |              | AND2_X2   | 0.081 | uut/FE_OFN45_n39               |       SPEF |  19.276 | 0.003 |   1.132 | 
     | uut/U2426                      | A1 v -> ZN v | AND2_X2   | 0.070 | uut/n29                        |            |  57.375 | 0.203 |   1.335 | 
     | uut/FE_OFC52_n29               |              | BUF_X4    | 0.070 | uut/n29                        |       SPEF |  57.375 | 0.004 |   1.339 | 
     | uut/FE_OFC52_n29               | A v -> Z v   | BUF_X4    | 0.069 | uut/FE_OFN52_n29               |            | 113.596 | 0.168 |   1.507 | 
     | uut/U2427                      |              | INV_X8    | 0.074 | uut/FE_OFN52_n29               |       SPEF | 113.596 | 0.022 |   1.529 | 
     | uut/U2427                      | A v -> ZN ^  | INV_X8    | 0.161 | uut/n9407                      |            | 145.696 | 0.207 |   1.736 | 
     | uut/FE_OFC56_n9407             |              | CLKBUF_X3 | 0.161 | uut/n9407                      |       SPEF | 145.696 | 0.006 |   1.743 | 
     | uut/FE_OFC56_n9407             | A ^ -> Z ^   | CLKBUF_X3 | 0.342 | uut/FE_OFN56_n9407             |            | 118.722 | 0.455 |   2.198 | 
     | uut/U10584                     |              | OAI222_X1 | 0.343 | uut/FE_OFN56_n9407             |       SPEF | 118.722 | 0.035 |   2.233 | 
     | uut/U10584                     | B2 ^ -> ZN v | OAI222_X1 | 0.077 | uut/n10343                     |            |   1.956 | 0.203 |   2.437 | 
     | uut/U10583                     |              | INV_X1    | 0.077 | uut/n10343                     |       SPEF |   1.956 | 0.000 |   2.437 | 
     | uut/U10583                     | A v -> ZN ^  | INV_X1    | 0.035 | uut/n10340                     |            |   2.074 | 0.076 |   2.512 | 
     | uut/U1103                      |              | OAI22_X1  | 0.035 | uut/n10340                     |       SPEF |   2.074 | 0.000 |   2.512 | 
     | uut/U1103                      | A1 ^ -> ZN v | OAI22_X1  | 0.038 | uut/FE_OFN61_cipherBuffer_121  |            |   1.530 | 0.045 |   2.558 | 
     | uut/FE_OFC61_cipherBuffer_121  |              | CLKBUF_X2 | 0.038 | uut/FE_OFN61_cipherBuffer_121  |       SPEF |   1.530 | 0.000 |   2.558 | 
     | uut/FE_OFC61_cipherBuffer_121  | A v -> Z v   | CLKBUF_X2 | 0.117 | cipherBuffer[121]              |            |  47.886 | 0.215 |   2.772 | 
     | uut/FE_DBTC55_cipherBuffer_121 |              | INV_X1    | 0.117 | cipherBuffer[121]              |       SPEF |  47.886 | 0.004 |   2.777 | 
     | uut/FE_DBTC55_cipherBuffer_121 | A v -> ZN ^  | INV_X1    | 0.336 | uut/FE_DBTN55_cipherBuffer_121 |            |  40.337 | 0.426 |   3.203 | 
     | uut/U10956                     |              | NAND2_X1  | 0.336 | uut/FE_DBTN55_cipherBuffer_121 |       SPEF |  40.337 | 0.003 |   3.206 | 
     | uut/U10956                     | A2 ^ -> ZN v | NAND2_X1  | 0.145 | uut/n6855                      |            |  27.870 | 0.303 |   3.509 | 
     | uut/U10955                     |              | INV_X1    | 0.145 | uut/n6855                      |       SPEF |  27.870 | 0.000 |   3.509 | 
     | uut/U10955                     | A v -> ZN ^  | INV_X1    | 0.356 | uut/n6849                      |            |  42.851 | 0.464 |   3.973 | 
     | uut/U6921                      |              | OAI22_X1  | 0.356 | uut/n6849                      |       SPEF |  42.851 | 0.001 |   3.974 | 
     | uut/U6921                      | B1 ^ -> ZN v | OAI22_X1  | 0.098 | uut/n7055                      |            |   6.059 | 0.176 |   4.150 | 
     | uut/U6870                      |              | AOI221_X1 | 0.098 | uut/n7055                      |       SPEF |   6.059 | 0.000 |   4.150 | 
     | uut/U6870                      | B2 v -> ZN ^ | AOI221_X1 | 0.173 | uut/n7054                      |            |   2.099 | 0.353 |   4.503 | 
     | uut/U6869                      |              | OAI221_X1 | 0.173 | uut/n7054                      |       SPEF |   2.099 | 0.000 |   4.504 | 
     | uut/U6869                      | A ^ -> ZN v  | OAI221_X1 | 0.097 | uut/n7044                      |            |   2.829 | 0.149 |   4.653 | 
     | uut/U5856                      |              | AOI222_X1 | 0.097 | uut/n7044                      |       SPEF |   2.829 | 0.000 |   4.653 | 
     | uut/U5856                      | A1 v -> ZN ^ | AOI222_X1 | 0.208 | uut/n7043                      |            |   2.567 | 0.264 |   4.916 | 
     | uut/U6862                      |              | OAI211_X1 | 0.208 | uut/n7043                      |       SPEF |   2.567 | 0.000 |   4.917 | 
     | uut/U6862                      | B ^ -> ZN v  | OAI211_X1 | 0.082 | uut/n7022                      |            |   2.009 | 0.128 |   5.045 | 
     | uut/U9787                      |              | NOR4_X1   | 0.082 | uut/n7022                      |       SPEF |   2.009 | 0.000 |   5.045 | 
     | uut/U9787                      | A1 v -> ZN ^ | NOR4_X1   | 0.265 | uut/n7021                      |            |   4.264 | 0.319 |   5.364 | 
     | uut/U6852                      |              | NAND4_X1  | 0.265 | uut/n7021                      |       SPEF |   4.264 | 0.000 |   5.365 | 
     | uut/U6852                      | A1 ^ -> ZN v | NAND4_X1  | 0.082 | uut/n10726                     |            |   1.249 | 0.122 |   5.487 | 
     | uut/sub_reg[123]               |              | DFF_X1    | 0.082 | uut/n10726                     |       SPEF |   1.249 | 0.000 |   5.487 | 
     +---------------------------------------------------------------------------------------------------------------------------------------------+ 
Path 2: MET Setup Check with Pin uut/sub_reg[67]/CK 
Endpoint:   uut/sub_reg[67]/D         (v) checked with  leading edge of 'CLK'
Beginpoint: uut/roundCounter_reg[1]/Q (v) triggered by  leading edge of 'CLK'
Path Groups: {CLK}
Analysis View: aes_av
Other End Arrival Time          0.000
- Setup                         0.188
+ Phase Shift                   5.700
= Required Time                 5.512
- Arrival Time                  5.471
= Slack Time                    0.042
     Clock Rise Edge                 0.000
     + Clock Network Latency (Ideal) 0.000
     = Beginpoint Arrival Time       0.000
     +-----------------------------------------------------------------------------------------------------------------------------------------+ 
     |           Instance           |     Arc      |   Cell    |  Slew |             Net              |    Arc     |  Load   | Delay | Arrival | 
     |                              |              |           |       |                              | Annotation |         |       |  Time   | 
     |------------------------------+--------------+-----------+-------+------------------------------+------------+---------+-------+---------| 
     | uut/roundCounter_reg[1]      | CK ^         |           | 0.000 | clock                        |            | 894.193 |       |   0.000 | 
     | uut/roundCounter_reg[1]      | CK ^ -> Q v  | DFF_X1    | 0.037 | uut/roundCounter[1]          |            |  11.170 | 0.273 |   0.273 | 
     | uut/U11009                   |              | NOR2_X4   | 0.037 | uut/roundCounter[1]          |       SPEF |  11.170 | 0.000 |   0.273 | 
     | uut/U11009                   | A2 v -> ZN ^ | NOR2_X4   | 0.128 | uut/n7289                    |            |  22.531 | 0.189 |   0.462 | 
     | uut/U10980                   |              | INV_X2    | 0.128 | uut/n7289                    |       SPEF |  22.531 | 0.002 |   0.463 | 
     | uut/U10980                   | A ^ -> ZN v  | INV_X2    | 0.059 | uut/n38                      |            |  38.029 | 0.121 |   0.584 | 
     | uut/U10979                   |              | NOR2_X2   | 0.059 | uut/n38                      |       SPEF |  38.029 | 0.003 |   0.586 | 
     | uut/U10979                   | A2 v -> ZN ^ | NOR2_X2   | 0.172 | uut/n9405                    |            |  16.176 | 0.249 |   0.835 | 
     | uut/FE_OFC35_n9405           |              | CLKBUF_X3 | 0.172 | uut/n9405                    |       SPEF |  16.176 | 0.001 |   0.836 | 
     | uut/FE_OFC35_n9405           | A ^ -> Z ^   | CLKBUF_X3 | 0.333 | uut/FE_OFN35_n9405           |            | 115.095 | 0.445 |   1.281 | 
     | uut/FE_OFC36_n9405           |              | CLKBUF_X2 | 0.333 | uut/FE_OFN35_n9405           |       SPEF | 115.095 | 0.003 |   1.285 | 
     | uut/FE_OFC36_n9405           | A ^ -> Z ^   | CLKBUF_X2 | 0.360 | uut/FE_OFN36_n9405           |            |  85.979 | 0.524 |   1.809 | 
     | uut/FE_OFC37_n9405           |              | CLKBUF_X2 | 0.360 | uut/FE_OFN36_n9405           |       SPEF |  85.979 | 0.009 |   1.817 | 
     | uut/FE_OFC37_n9405           | A ^ -> Z ^   | CLKBUF_X2 | 0.345 | uut/FE_OFN37_n9405           |            |  81.901 | 0.511 |   2.329 | 
     | uut/U9756                    |              | AOI22_X1  | 0.345 | uut/FE_OFN37_n9405           |       SPEF |  81.901 | 0.015 |   2.344 | 
     | uut/U9756                    | B1 ^ -> ZN v | AOI22_X1  | 0.094 | uut/n9736                    |            |   2.182 | 0.131 |   2.475 | 
     | uut/U1555                    |              | AOI22_X1  | 0.094 | uut/n9736                    |       SPEF |   2.182 | 0.000 |   2.475 | 
     | uut/U1555                    | B2 v -> ZN ^ | AOI22_X1  | 0.180 | uut/FE_OFN66_cipherBuffer_68 |            |   6.602 | 0.306 |   2.780 | 
     | uut/FE_OFC66_cipherBuffer_68 |              | BUF_X1    | 0.180 | uut/FE_OFN66_cipherBuffer_68 |       SPEF |   6.602 | 0.001 |   2.782 | 
     | uut/FE_OFC66_cipherBuffer_68 | A ^ -> Z ^   | BUF_X1    | 0.318 | cipherBuffer[68]             |            |  37.908 | 0.421 |   3.203 | 
     | uut/U3270                    |              | INV_X1    | 0.318 | cipherBuffer[68]             |       SPEF |  37.908 | 0.004 |   3.207 | 
     | uut/U3270                    | A ^ -> ZN v  | INV_X1    | 0.099 | uut/n1846                    |            |  16.908 | 0.175 |   3.382 | 
     | uut/U10730                   |              | NAND2_X1  | 0.099 | uut/n1846                    |       SPEF |  16.908 | 0.000 |   3.382 | 
     | uut/U10730                   | A2 v -> ZN ^ | NAND2_X1  | 0.114 | uut/n646                     |            |  11.760 | 0.187 |   3.569 | 
     | uut/U10724                   |              | INV_X1    | 0.114 | uut/n646                     |       SPEF |  11.760 | 0.000 |   3.570 | 
     | uut/U10724                   | A ^ -> ZN v  | INV_X1    | 0.059 | uut/n1811                    |            |  22.268 | 0.125 |   3.694 | 
     | uut/U5471                    |              | NAND2_X1  | 0.059 | uut/n1811                    |       SPEF |  22.268 | 0.000 |   3.694 | 
     | uut/U5471                    | A1 v -> ZN ^ | NAND2_X1  | 0.185 | uut/n1812                    |            |  20.587 | 0.230 |   3.924 | 
     | uut/FE_DBTC36_n1812          |              | INV_X1    | 0.185 | uut/n1812                    |       SPEF |  20.587 | 0.000 |   3.925 | 
     | uut/FE_DBTC36_n1812          | A ^ -> ZN v  | INV_X1    | 0.071 | uut/FE_DBTN36_n1812          |            |  18.885 | 0.146 |   4.070 | 
     | uut/U1543                    |              | OAI21_X1  | 0.071 | uut/FE_DBTN36_n1812          |       SPEF |  18.885 | 0.001 |   4.071 | 
     | uut/U1543                    | B2 v -> ZN ^ | OAI21_X1  | 0.074 | uut/n3138                    |            |   1.909 | 0.146 |   4.217 | 
     | uut/U1542                    |              | OAI21_X1  | 0.074 | uut/n3138                    |       SPEF |   1.909 | 0.000 |   4.217 | 
     | uut/U1542                    | A ^ -> ZN v  | OAI21_X1  | 0.088 | uut/n3137                    |            |   3.421 | 0.077 |   4.294 | 
     | uut/U10341                   |              | NOR3_X2   | 0.088 | uut/n3137                    |       SPEF |   3.421 | 0.000 |   4.294 | 
     | uut/U10341                   | A3 v -> ZN ^ | NOR3_X2   | 0.090 | uut/n3136                    |            |   2.119 | 0.207 |   4.501 | 
     | uut/U1540                    |              | OAI211_X1 | 0.090 | uut/n3136                    |       SPEF |   2.119 | 0.000 |   4.502 | 
     | uut/U1540                    | B ^ -> ZN v  | OAI211_X1 | 0.110 | uut/n3132                    |            |   4.694 | 0.119 |   4.621 | 
     | uut/U6182                    |              | AOI222_X2 | 0.110 | uut/n3132                    |       SPEF |   4.694 | 0.000 |   4.621 | 
     | uut/U6182                    | B1 v -> ZN ^ | AOI222_X2 | 0.169 | uut/n3130                    |            |   2.186 | 0.322 |   4.943 | 
     | uut/U1537                    |              | OAI211_X1 | 0.169 | uut/n3130                    |       SPEF |   2.186 | 0.000 |   4.943 | 
     | uut/U1537                    | B ^ -> ZN v  | OAI211_X1 | 0.086 | uut/n3118                    |            |   2.918 | 0.128 |   5.071 | 
     | uut/U10969                   |              | NOR4_X2   | 0.086 | uut/n3118                    |       SPEF |   2.918 | 0.000 |   5.071 | 
     | uut/U10969                   | A1 v -> ZN ^ | NOR4_X2   | 0.214 | uut/n3117                    |            |   5.890 | 0.265 |   5.336 | 
     | uut/U1524                    |              | NAND4_X1  | 0.214 | uut/n3117                    |       SPEF |   5.890 | 0.001 |   5.337 | 
     | uut/U1524                    | A4 ^ -> ZN v | NAND4_X1  | 0.075 | uut/n10645                   |            |   1.920 | 0.134 |   5.470 | 
     | uut/sub_reg[67]              |              | DFF_X1    | 0.075 | uut/n10645                   |       SPEF |   1.920 | 0.000 |   5.471 | 
     +-----------------------------------------------------------------------------------------------------------------------------------------+ 
Path 3: MET Setup Check with Pin uut/sub_reg[83]/CK 
Endpoint:   uut/sub_reg[83]/D         (v) checked with  leading edge of 'CLK'
Beginpoint: uut/roundCounter_reg[1]/Q (v) triggered by  leading edge of 'CLK'
Path Groups: {CLK}
Analysis View: aes_av
Other End Arrival Time          0.000
- Setup                         0.186
+ Phase Shift                   5.700
= Required Time                 5.514
- Arrival Time                  5.465
= Slack Time                    0.049
     Clock Rise Edge                 0.000
     + Clock Network Latency (Ideal) 0.000
     = Beginpoint Arrival Time       0.000
     +---------------------------------------------------------------------------------------------------------------------------+ 
     |        Instance         |     Arc      |   Cell    |  Slew |         Net         |    Arc     |  Load   | Delay | Arrival | 
     |                         |              |           |       |                     | Annotation |         |       |  Time   | 
     |-------------------------+--------------+-----------+-------+---------------------+------------+---------+-------+---------| 
     | uut/roundCounter_reg[1] | CK ^         |           | 0.000 | clock               |            | 894.193 |       |   0.000 | 
     | uut/roundCounter_reg[1] | CK ^ -> Q v  | DFF_X1    | 0.037 | uut/roundCounter[1] |            |  11.170 | 0.273 |   0.273 | 
     | uut/U11009              |              | NOR2_X4   | 0.037 | uut/roundCounter[1] |       SPEF |  11.170 | 0.000 |   0.273 | 
     | uut/U11009              | A2 v -> ZN ^ | NOR2_X4   | 0.128 | uut/n7289           |            |  22.531 | 0.189 |   0.462 | 
     | uut/U10980              |              | INV_X2    | 0.128 | uut/n7289           |       SPEF |  22.531 | 0.002 |   0.463 | 
     | uut/U10980              | A ^ -> ZN v  | INV_X2    | 0.059 | uut/n38             |            |  38.029 | 0.121 |   0.584 | 
     | uut/U10979              |              | NOR2_X2   | 0.059 | uut/n38             |       SPEF |  38.029 | 0.003 |   0.586 | 
     | uut/U10979              | A2 v -> ZN ^ | NOR2_X2   | 0.172 | uut/n9405           |            |  16.176 | 0.249 |   0.835 | 
     | uut/FE_OFC35_n9405      |              | CLKBUF_X3 | 0.172 | uut/n9405           |       SPEF |  16.176 | 0.001 |   0.836 | 
     | uut/FE_OFC35_n9405      | A ^ -> Z ^   | CLKBUF_X3 | 0.333 | uut/FE_OFN35_n9405  |            | 115.095 | 0.445 |   1.281 | 
     | uut/FE_OFC36_n9405      |              | CLKBUF_X2 | 0.333 | uut/FE_OFN35_n9405  |       SPEF | 115.095 | 0.003 |   1.285 | 
     | uut/FE_OFC36_n9405      | A ^ -> Z ^   | CLKBUF_X2 | 0.360 | uut/FE_OFN36_n9405  |            |  85.979 | 0.524 |   1.809 | 
     | uut/FE_OFC37_n9405      |              | CLKBUF_X2 | 0.360 | uut/FE_OFN36_n9405  |       SPEF |  85.979 | 0.009 |   1.817 | 
     | uut/FE_OFC37_n9405      | A ^ -> Z ^   | CLKBUF_X2 | 0.345 | uut/FE_OFN37_n9405  |            |  81.901 | 0.511 |   2.329 | 
     | uut/U10619              |              | AOI22_X1  | 0.345 | uut/FE_OFN37_n9405  |       SPEF |  81.901 | 0.013 |   2.341 | 
     | uut/U10619              | B1 ^ -> ZN v | AOI22_X1  | 0.092 | uut/n9605           |            |   1.686 | 0.124 |   2.465 | 
     | uut/U9574               |              | INV_X1    | 0.092 | uut/n9605           |       SPEF |   1.686 | 0.000 |   2.465 | 
     | uut/U9574               | A v -> ZN ^  | INV_X1    | 0.065 | uut/n9604           |            |   6.541 | 0.126 |   2.591 | 
     | uut/U11006              |              | OAI22_X4  | 0.065 | uut/n9604           |       SPEF |   6.541 | 0.000 |   2.591 | 
     | uut/U11006              | B2 ^ -> ZN v | OAI22_X4  | 0.101 | uut/n2364           |            |  60.424 | 0.134 |   2.725 | 
     | uut/U10864              |              | INV_X1    | 0.101 | uut/n2364           |       SPEF |  60.424 | 0.007 |   2.732 | 
     | uut/U10864              | A v -> ZN ^  | INV_X1    | 0.357 | cipherBuffer[80]    |            |  42.906 | 0.439 |   3.170 | 
     | uut/U10639              |              | NAND2_X1  | 0.357 | cipherBuffer[80]    |       SPEF |  42.906 | 0.000 |   3.171 | 
     | uut/U10639              | A1 ^ -> ZN v | NAND2_X1  | 0.193 | uut/n3661           |            |  35.160 | 0.368 |   3.539 | 
     | uut/U10906              |              | INV_X1    | 0.193 | uut/n3661           |       SPEF |  35.160 | 0.001 |   3.539 | 
     | uut/U10906              | A v -> ZN ^  | INV_X1    | 0.341 | uut/n2294           |            |  41.127 | 0.478 |   4.018 | 
     | uut/U2832               |              | OAI22_X1  | 0.341 | uut/n2294           |       SPEF |  41.127 | 0.002 |   4.020 | 
     | uut/U2832               | B1 ^ -> ZN v | OAI22_X1  | 0.107 | uut/n3693           |            |   5.653 | 0.169 |   4.189 | 
     | uut/U1976               |              | AOI221_X1 | 0.107 | uut/n3693           |       SPEF |   5.653 | 0.000 |   4.189 | 
     | uut/U1976               | B2 v -> ZN ^ | AOI221_X1 | 0.164 | uut/n3692           |            |   1.806 | 0.348 |   4.537 | 
     | uut/U1975               |              | OAI221_X1 | 0.164 | uut/n3692           |       SPEF |   1.806 | 0.000 |   4.537 | 
     | uut/U1975               | A ^ -> ZN v  | OAI221_X1 | 0.101 | uut/n3684           |            |   2.888 | 0.147 |   4.684 | 
     | uut/U10049              |              | AOI222_X1 | 0.101 | uut/n3684           |       SPEF |   2.888 | 0.000 |   4.684 | 
     | uut/U10049              | A1 v -> ZN ^ | AOI222_X1 | 0.195 | uut/n3683           |            |   2.140 | 0.252 |   4.936 | 
     | uut/U1971               |              | OAI221_X1 | 0.195 | uut/n3683           |       SPEF |   2.140 | 0.000 |   4.936 | 
     | uut/U1971               | A ^ -> ZN v  | OAI221_X1 | 0.097 | uut/n3650           |            |   3.033 | 0.158 |   5.095 | 
     | uut/U10158              |              | NOR4_X2   | 0.097 | uut/n3650           |       SPEF |   3.033 | 0.000 |   5.095 | 
     | uut/U10158              | A1 v -> ZN ^ | NOR4_X2   | 0.198 | uut/n3649           |            |   4.987 | 0.252 |   5.346 | 
     | uut/U1958               |              | NAND4_X1  | 0.198 | uut/n3649           |       SPEF |   4.987 | 0.001 |   5.347 | 
     | uut/U1958               | A1 ^ -> ZN v | NAND4_X1  | 0.072 | uut/n10655          |            |   1.589 | 0.118 |   5.465 | 
     | uut/sub_reg[83]         |              | DFF_X1    | 0.072 | uut/n10655          |       SPEF |   1.589 | 0.000 |   5.465 | 
     +---------------------------------------------------------------------------------------------------------------------------+ 
Path 4: MET Setup Check with Pin uut/sub_reg[69]/CK 
Endpoint:   uut/sub_reg[69]/D         (v) checked with  leading edge of 'CLK'
Beginpoint: uut/roundCounter_reg[1]/Q (v) triggered by  leading edge of 'CLK'
Path Groups: {CLK}
Analysis View: aes_av
Other End Arrival Time          0.000
- Setup                         0.182
+ Phase Shift                   5.700
= Required Time                 5.518
- Arrival Time                  5.454
= Slack Time                    0.064
     Clock Rise Edge                 0.000
     + Clock Network Latency (Ideal) 0.000
     = Beginpoint Arrival Time       0.000
     +-----------------------------------------------------------------------------------------------------------------------------------------+ 
     |           Instance           |     Arc      |   Cell    |  Slew |             Net              |    Arc     |  Load   | Delay | Arrival | 
     |                              |              |           |       |                              | Annotation |         |       |  Time   | 
     |------------------------------+--------------+-----------+-------+------------------------------+------------+---------+-------+---------| 
     | uut/roundCounter_reg[1]      | CK ^         |           | 0.000 | clock                        |            | 894.193 |       |   0.000 | 
     | uut/roundCounter_reg[1]      | CK ^ -> Q v  | DFF_X1    | 0.037 | uut/roundCounter[1]          |            |  11.170 | 0.273 |   0.273 | 
     | uut/U11009                   |              | NOR2_X4   | 0.037 | uut/roundCounter[1]          |       SPEF |  11.170 | 0.000 |   0.273 | 
     | uut/U11009                   | A2 v -> ZN ^ | NOR2_X4   | 0.128 | uut/n7289                    |            |  22.531 | 0.189 |   0.462 | 
     | uut/U10980                   |              | INV_X2    | 0.128 | uut/n7289                    |       SPEF |  22.531 | 0.002 |   0.463 | 
     | uut/U10980                   | A ^ -> ZN v  | INV_X2    | 0.059 | uut/n38                      |            |  38.029 | 0.121 |   0.584 | 
     | uut/U10979                   |              | NOR2_X2   | 0.059 | uut/n38                      |       SPEF |  38.029 | 0.003 |   0.586 | 
     | uut/U10979                   | A2 v -> ZN ^ | NOR2_X2   | 0.172 | uut/n9405                    |            |  16.176 | 0.249 |   0.835 | 
     | uut/FE_OFC35_n9405           |              | CLKBUF_X3 | 0.172 | uut/n9405                    |       SPEF |  16.176 | 0.001 |   0.836 | 
     | uut/FE_OFC35_n9405           | A ^ -> Z ^   | CLKBUF_X3 | 0.333 | uut/FE_OFN35_n9405           |            | 115.095 | 0.445 |   1.281 | 
     | uut/FE_OFC36_n9405           |              | CLKBUF_X2 | 0.333 | uut/FE_OFN35_n9405           |       SPEF | 115.095 | 0.003 |   1.285 | 
     | uut/FE_OFC36_n9405           | A ^ -> Z ^   | CLKBUF_X2 | 0.360 | uut/FE_OFN36_n9405           |            |  85.979 | 0.524 |   1.809 | 
     | uut/FE_OFC37_n9405           |              | CLKBUF_X2 | 0.360 | uut/FE_OFN36_n9405           |       SPEF |  85.979 | 0.009 |   1.817 | 
     | uut/FE_OFC37_n9405           | A ^ -> Z ^   | CLKBUF_X2 | 0.345 | uut/FE_OFN37_n9405           |            |  81.901 | 0.511 |   2.329 | 
     | uut/U9756                    |              | AOI22_X1  | 0.345 | uut/FE_OFN37_n9405           |       SPEF |  81.901 | 0.015 |   2.344 | 
     | uut/U9756                    | B1 ^ -> ZN v | AOI22_X1  | 0.094 | uut/n9736                    |            |   2.182 | 0.131 |   2.475 | 
     | uut/U1555                    |              | AOI22_X1  | 0.094 | uut/n9736                    |       SPEF |   2.182 | 0.000 |   2.475 | 
     | uut/U1555                    | B2 v -> ZN ^ | AOI22_X1  | 0.180 | uut/FE_OFN66_cipherBuffer_68 |            |   6.602 | 0.306 |   2.780 | 
     | uut/FE_OFC66_cipherBuffer_68 |              | BUF_X1    | 0.180 | uut/FE_OFN66_cipherBuffer_68 |       SPEF |   6.602 | 0.001 |   2.782 | 
     | uut/FE_OFC66_cipherBuffer_68 | A ^ -> Z ^   | BUF_X1    | 0.318 | cipherBuffer[68]             |            |  37.908 | 0.421 |   3.203 | 
     | uut/U3270                    |              | INV_X1    | 0.318 | cipherBuffer[68]             |       SPEF |  37.908 | 0.004 |   3.207 | 
     | uut/U3270                    | A ^ -> ZN v  | INV_X1    | 0.099 | uut/n1846                    |            |  16.908 | 0.175 |   3.382 | 
     | uut/U10730                   |              | NAND2_X1  | 0.099 | uut/n1846                    |       SPEF |  16.908 | 0.000 |   3.382 | 
     | uut/U10730                   | A2 v -> ZN ^ | NAND2_X1  | 0.114 | uut/n646                     |            |  11.760 | 0.187 |   3.569 | 
     | uut/U10724                   |              | INV_X1    | 0.114 | uut/n646                     |       SPEF |  11.760 | 0.000 |   3.570 | 
     | uut/U10724                   | A ^ -> ZN v  | INV_X1    | 0.059 | uut/n1811                    |            |  22.268 | 0.125 |   3.694 | 
     | uut/U5471                    |              | NAND2_X1  | 0.059 | uut/n1811                    |       SPEF |  22.268 | 0.000 |   3.694 | 
     | uut/U5471                    | A1 v -> ZN ^ | NAND2_X1  | 0.185 | uut/n1812                    |            |  20.587 | 0.230 |   3.924 | 
     | uut/FE_DBTC36_n1812          |              | INV_X1    | 0.185 | uut/n1812                    |       SPEF |  20.587 | 0.000 |   3.925 | 
     | uut/FE_DBTC36_n1812          | A ^ -> ZN v  | INV_X1    | 0.071 | uut/FE_DBTN36_n1812          |            |  18.885 | 0.146 |   4.070 | 
     | uut/U3697                    |              | AOI22_X1  | 0.071 | uut/FE_DBTN36_n1812          |       SPEF |  18.885 | 0.002 |   4.072 | 
     | uut/U3697                    | B2 v -> ZN ^ | AOI22_X1  | 0.176 | uut/n2095                    |            |   6.332 | 0.289 |   4.361 | 
     | uut/U890                     |              | OAI21_X1  | 0.176 | uut/n2095                    |       SPEF |   6.332 | 0.000 |   4.361 | 
     | uut/U890                     | A ^ -> ZN v  | OAI21_X1  | 0.088 | uut/n2089                    |            |   2.231 | 0.102 |   4.463 | 
     | uut/U887                     |              | AOI221_X1 | 0.088 | uut/n2089                    |       SPEF |   2.231 | 0.000 |   4.463 | 
     | uut/U887                     | B1 v -> ZN ^ | AOI221_X1 | 0.210 | uut/n2082                    |            |   3.407 | 0.358 |   4.820 | 
     | uut/U881                     |              | OAI221_X1 | 0.210 | uut/n2082                    |       SPEF |   3.407 | 0.000 |   4.821 | 
     | uut/U881                     | C1 ^ -> ZN v | OAI221_X1 | 0.068 | uut/n2080                    |            |   1.976 | 0.123 |   4.944 | 
     | uut/U880                     |              | AOI221_X1 | 0.068 | uut/n2080                    |       SPEF |   1.976 | 0.000 |   4.944 | 
     | uut/U880                     | A v -> ZN ^  | AOI221_X1 | 0.229 | uut/n2047                    |            |   4.120 | 0.374 |   5.318 | 
     | uut/U856                     |              | NAND4_X1  | 0.229 | uut/n2047                    |       SPEF |   4.120 | 0.000 |   5.319 | 
     | uut/U856                     | A2 ^ -> ZN v | NAND4_X1  | 0.064 | uut/n10628                   |            |   1.357 | 0.136 |   5.454 | 
     | uut/sub_reg[69]              |              | DFF_X1    | 0.064 | uut/n10628                   |       SPEF |   1.357 | 0.000 |   5.454 | 
     +-----------------------------------------------------------------------------------------------------------------------------------------+ 
Path 5: MET Setup Check with Pin uut/sub_reg[85]/CK 
Endpoint:   uut/sub_reg[85]/D         (v) checked with  leading edge of 'CLK'
Beginpoint: uut/roundCounter_reg[1]/Q (v) triggered by  leading edge of 'CLK'
Path Groups: {CLK}
Analysis View: aes_av
Other End Arrival Time          0.000
- Setup                         0.190
+ Phase Shift                   5.700
= Required Time                 5.510
- Arrival Time                  5.444
= Slack Time                    0.066
     Clock Rise Edge                 0.000
     + Clock Network Latency (Ideal) 0.000
     = Beginpoint Arrival Time       0.000
     +---------------------------------------------------------------------------------------------------------------------------+ 
     |        Instance         |     Arc      |   Cell    |  Slew |         Net         |    Arc     |  Load   | Delay | Arrival | 
     |                         |              |           |       |                     | Annotation |         |       |  Time   | 
     |-------------------------+--------------+-----------+-------+---------------------+------------+---------+-------+---------| 
     | uut/roundCounter_reg[1] | CK ^         |           | 0.000 | clock               |            | 894.193 |       |   0.000 | 
     | uut/roundCounter_reg[1] | CK ^ -> Q v  | DFF_X1    | 0.037 | uut/roundCounter[1] |            |  11.170 | 0.273 |   0.273 | 
     | uut/U11009              |              | NOR2_X4   | 0.037 | uut/roundCounter[1] |       SPEF |  11.170 | 0.000 |   0.273 | 
     | uut/U11009              | A2 v -> ZN ^ | NOR2_X4   | 0.128 | uut/n7289           |            |  22.531 | 0.189 |   0.462 | 
     | uut/U10980              |              | INV_X2    | 0.128 | uut/n7289           |       SPEF |  22.531 | 0.002 |   0.463 | 
     | uut/U10980              | A ^ -> ZN v  | INV_X2    | 0.059 | uut/n38             |            |  38.029 | 0.121 |   0.584 | 
     | uut/U10979              |              | NOR2_X2   | 0.059 | uut/n38             |       SPEF |  38.029 | 0.003 |   0.586 | 
     | uut/U10979              | A2 v -> ZN ^ | NOR2_X2   | 0.172 | uut/n9405           |            |  16.176 | 0.249 |   0.835 | 
     | uut/FE_OFC35_n9405      |              | CLKBUF_X3 | 0.172 | uut/n9405           |       SPEF |  16.176 | 0.001 |   0.836 | 
     | uut/FE_OFC35_n9405      | A ^ -> Z ^   | CLKBUF_X3 | 0.333 | uut/FE_OFN35_n9405  |            | 115.095 | 0.445 |   1.281 | 
     | uut/FE_OFC36_n9405      |              | CLKBUF_X2 | 0.333 | uut/FE_OFN35_n9405  |       SPEF | 115.095 | 0.003 |   1.285 | 
     | uut/FE_OFC36_n9405      | A ^ -> Z ^   | CLKBUF_X2 | 0.360 | uut/FE_OFN36_n9405  |            |  85.979 | 0.524 |   1.809 | 
     | uut/FE_OFC37_n9405      |              | CLKBUF_X2 | 0.360 | uut/FE_OFN36_n9405  |       SPEF |  85.979 | 0.009 |   1.817 | 
     | uut/FE_OFC37_n9405      | A ^ -> Z ^   | CLKBUF_X2 | 0.345 | uut/FE_OFN37_n9405  |            |  81.901 | 0.511 |   2.329 | 
     | uut/U10619              |              | AOI22_X1  | 0.345 | uut/FE_OFN37_n9405  |       SPEF |  81.901 | 0.013 |   2.341 | 
     | uut/U10619              | B1 ^ -> ZN v | AOI22_X1  | 0.092 | uut/n9605           |            |   1.686 | 0.124 |   2.465 | 
     | uut/U9574               |              | INV_X1    | 0.092 | uut/n9605           |       SPEF |   1.686 | 0.000 |   2.465 | 
     | uut/U9574               | A v -> ZN ^  | INV_X1    | 0.065 | uut/n9604           |            |   6.541 | 0.126 |   2.591 | 
     | uut/U11006              |              | OAI22_X4  | 0.065 | uut/n9604           |       SPEF |   6.541 | 0.000 |   2.591 | 
     | uut/U11006              | B2 ^ -> ZN v | OAI22_X4  | 0.101 | uut/n2364           |            |  60.424 | 0.134 |   2.725 | 
     | uut/U10864              |              | INV_X1    | 0.101 | uut/n2364           |       SPEF |  60.424 | 0.007 |   2.732 | 
     | uut/U10864              | A v -> ZN ^  | INV_X1    | 0.357 | cipherBuffer[80]    |            |  42.906 | 0.439 |   3.170 | 
     | uut/U10639              |              | NAND2_X1  | 0.357 | cipherBuffer[80]    |       SPEF |  42.906 | 0.000 |   3.171 | 
     | uut/U10639              | A1 ^ -> ZN v | NAND2_X1  | 0.193 | uut/n3661           |            |  35.160 | 0.368 |   3.539 | 
     | uut/U5127               |              | NAND2_X1  | 0.193 | uut/n3661           |       SPEF |  35.160 | 0.003 |   3.542 | 
     | uut/U5127               | A1 v -> ZN ^ | NAND2_X1  | 0.332 | uut/n2315           |            |  38.553 | 0.463 |   4.005 | 
     | uut/FE_DBTC14_n2315     |              | INV_X1    | 0.332 | uut/n2315           |       SPEF |  38.553 | 0.002 |   4.007 | 
     | uut/FE_DBTC14_n2315     | A ^ -> ZN v  | INV_X1    | 0.125 | uut/FE_DBTN14_n2315 |            |  31.871 | 0.248 |   4.255 | 
     | uut/U4345               |              | AOI22_X1  | 0.125 | uut/FE_DBTN14_n2315 |       SPEF |  31.871 | 0.000 |   4.256 | 
     | uut/U4345               | B2 v -> ZN ^ | AOI22_X1  | 0.111 | uut/n4653           |            |   2.700 | 0.246 |   4.501 | 
     | uut/U2980               |              | OAI21_X1  | 0.111 | uut/n4653           |       SPEF |   2.700 | 0.000 |   4.501 | 
     | uut/U2980               | A ^ -> ZN v  | OAI21_X1  | 0.078 | uut/n4646           |            |   1.988 | 0.082 |   4.583 | 
     | uut/U2977               |              | AOI221_X1 | 0.078 | uut/n4646           |       SPEF |   1.988 | 0.000 |   4.583 | 
     | uut/U2977               | B2 v -> ZN ^ | AOI221_X1 | 0.172 | uut/n4645           |            |   2.077 | 0.343 |   4.926 | 
     | uut/U2976               |              | INV_X1    | 0.172 | uut/n4645           |       SPEF |   2.077 | 0.000 |   4.926 | 
     | uut/U2976               | A ^ -> ZN v  | INV_X1    | 0.038 | uut/n4634           |            |   2.018 | 0.046 |   4.972 | 
     | uut/U2969               |              | AOI222_X1 | 0.038 | uut/n4634           |       SPEF |   2.018 | 0.000 |   4.973 | 
     | uut/U2969               | A2 v -> ZN ^ | AOI222_X1 | 0.262 | uut/n4602           |            |   4.541 | 0.330 |   5.302 | 
     | uut/U2947               |              | NAND4_X1  | 0.262 | uut/n4602           |       SPEF |   4.541 | 0.000 |   5.303 | 
     | uut/U2947               | A2 ^ -> ZN v | NAND4_X1  | 0.080 | uut/n10673          |            |   1.320 | 0.141 |   5.444 | 
     | uut/sub_reg[85]         |              | DFF_X1    | 0.080 | uut/n10673          |       SPEF |   1.320 | 0.000 |   5.444 | 
     +---------------------------------------------------------------------------------------------------------------------------+ 
Path 6: MET Setup Check with Pin uut/sub_reg[107]/CK 
Endpoint:   uut/sub_reg[107]/D        (v) checked with  leading edge of 'CLK'
Beginpoint: uut/roundCounter_reg[3]/Q (^) triggered by  leading edge of 'CLK'
Path Groups: {CLK}
Analysis View: aes_av
Other End Arrival Time          0.000
- Setup                         0.191
+ Phase Shift                   5.700
= Required Time                 5.509
- Arrival Time                  5.442
= Slack Time                    0.067
     Clock Rise Edge                 0.000
     + Clock Network Latency (Ideal) 0.000
     = Beginpoint Arrival Time       0.000
     +---------------------------------------------------------------------------------------------------------------------------------------------+ 
     |            Instance            |     Arc      |   Cell    |  Slew |              Net               |    Arc     |  Load   | Delay | Arrival | 
     |                                |              |           |       |                                | Annotation |         |       |  Time   | 
     |--------------------------------+--------------+-----------+-------+--------------------------------+------------+---------+-------+---------| 
     | uut/roundCounter_reg[3]        | CK ^         |           | 0.000 | clock                          |            | 894.193 |       |   0.000 | 
     | uut/roundCounter_reg[3]        | CK ^ -> Q ^  | DFF_X1    | 0.113 | uut/roundCounter[3]            |            |  12.799 | 0.382 |   0.381 | 
     | uut/U11016                     |              | NAND2_X1  | 0.113 | uut/roundCounter[3]            |       SPEF |  12.799 | 0.000 |   0.382 | 
     | uut/U11016                     | A1 ^ -> ZN v | NAND2_X1  | 0.046 | uut/n7897                      |            |   5.199 | 0.090 |   0.472 | 
     | uut/U2417                      |              | NOR3_X1   | 0.046 | uut/n7897                      |       SPEF |   5.199 | 0.000 |   0.472 | 
     | uut/U2417                      | A1 v -> ZN ^ | NOR3_X1   | 0.142 | uut/n9455                      |            |   3.031 | 0.182 |   0.654 | 
     | uut/FE_OFC86_n9455             |              | BUF_X2    | 0.142 | uut/n9455                      |       SPEF |   3.031 | 0.000 |   0.654 | 
     | uut/FE_OFC86_n9455             | A ^ -> Z ^   | BUF_X2    | 0.224 | uut/FE_OFN38_n9455             |            |  52.134 | 0.307 |   0.961 | 
     | uut/FE_OFC88_n9455             |              | INV_X1    | 0.225 | uut/FE_OFN38_n9455             |       SPEF |  52.134 | 0.008 |   0.968 | 
     | uut/FE_OFC88_n9455             | A ^ -> ZN v  | INV_X1    | 0.081 | uut/FE_OFN45_n39               |            |  19.276 | 0.161 |   1.129 | 
     | uut/U2426                      |              | AND2_X2   | 0.081 | uut/FE_OFN45_n39               |       SPEF |  19.276 | 0.003 |   1.132 | 
     | uut/U2426                      | A1 v -> ZN v | AND2_X2   | 0.070 | uut/n29                        |            |  57.375 | 0.203 |   1.335 | 
     | uut/FE_OFC52_n29               |              | BUF_X4    | 0.070 | uut/n29                        |       SPEF |  57.375 | 0.004 |   1.339 | 
     | uut/FE_OFC52_n29               | A v -> Z v   | BUF_X4    | 0.069 | uut/FE_OFN52_n29               |            | 113.596 | 0.168 |   1.507 | 
     | uut/U2427                      |              | INV_X8    | 0.074 | uut/FE_OFN52_n29               |       SPEF | 113.596 | 0.022 |   1.529 | 
     | uut/U2427                      | A v -> ZN ^  | INV_X8    | 0.161 | uut/n9407                      |            | 145.696 | 0.207 |   1.736 | 
     | uut/FE_OFC56_n9407             |              | CLKBUF_X3 | 0.161 | uut/n9407                      |       SPEF | 145.696 | 0.006 |   1.743 | 
     | uut/FE_OFC56_n9407             | A ^ -> Z ^   | CLKBUF_X3 | 0.342 | uut/FE_OFN56_n9407             |            | 118.722 | 0.455 |   2.198 | 
     | uut/U10802                     |              | OAI222_X1 | 0.343 | uut/FE_OFN56_n9407             |       SPEF | 118.722 | 0.030 |   2.228 | 
     | uut/U10802                     | B2 ^ -> ZN v | OAI222_X1 | 0.078 | uut/n10499                     |            |   2.069 | 0.205 |   2.433 | 
     | uut/U10801                     |              | INV_X1    | 0.078 | uut/n10499                     |       SPEF |   2.069 | 0.000 |   2.433 | 
     | uut/U10801                     | A v -> ZN ^  | INV_X1    | 0.034 | uut/n10496                     |            |   1.864 | 0.073 |   2.506 | 
     | uut/U916                       |              | OAI22_X1  | 0.034 | uut/n10496                     |       SPEF |   1.864 | 0.000 |   2.507 | 
     | uut/U916                       | A1 ^ -> ZN v | OAI22_X1  | 0.058 | uut/FE_OFN64_cipherBuffer_105  |            |   6.733 | 0.070 |   2.577 | 
     | uut/FE_OFC64_cipherBuffer_105  |              | CLKBUF_X2 | 0.058 | uut/FE_OFN64_cipherBuffer_105  |       SPEF |   6.733 | 0.001 |   2.578 | 
     | uut/FE_OFC64_cipherBuffer_105  | A v -> Z v   | CLKBUF_X2 | 0.114 | cipherBuffer[105]              |            |  46.767 | 0.223 |   2.801 | 
     | uut/FE_DBTC52_cipherBuffer_105 |              | INV_X1    | 0.115 | cipherBuffer[105]              |       SPEF |  46.767 | 0.006 |   2.808 | 
     | uut/FE_DBTC52_cipherBuffer_105 | A v -> ZN ^  | INV_X1    | 0.339 | uut/FE_DBTN52_cipherBuffer_105 |            |  40.683 | 0.428 |   3.235 | 
     | uut/U10994                     |              | NAND2_X1  | 0.339 | uut/FE_DBTN52_cipherBuffer_105 |       SPEF |  40.683 | 0.004 |   3.239 | 
     | uut/U10994                     | A2 ^ -> ZN v | NAND2_X1  | 0.158 | uut/n1529                      |            |  31.609 | 0.325 |   3.564 | 
     | uut/U9474                      |              | INV_X1    | 0.158 | uut/n1529                      |       SPEF |  31.609 | 0.001 |   3.564 | 
     | uut/U9474                      | A v -> ZN ^  | INV_X1    | 0.397 | uut/n884                       |            |  48.009 | 0.515 |   4.080 | 
     | uut/U3061                      |              | AOI22_X1  | 0.397 | uut/n884                       |       SPEF |  48.009 | 0.002 |   4.082 | 
     | uut/U3061                      | B2 ^ -> ZN v | AOI22_X1  | 0.100 | uut/n875                       |            |   4.680 | 0.177 |   4.258 | 
     | uut/U3059                      |              | AOI221_X1 | 0.100 | uut/n875                       |       SPEF |   4.680 | 0.000 |   4.259 | 
     | uut/U3059                      | B1 v -> ZN ^ | AOI221_X1 | 0.171 | uut/n4742                      |            |   2.052 | 0.320 |   4.579 | 
     | uut/U3058                      |              | INV_X1    | 0.171 | uut/n4742                      |       SPEF |   2.052 | 0.000 |   4.579 | 
     | uut/U3058                      | A ^ -> ZN v  | INV_X1    | 0.036 | uut/n4741                      |            |   1.547 | 0.041 |   4.619 | 
     | uut/U3057                      |              | AOI221_X1 | 0.036 | uut/n4741                      |       SPEF |   1.547 | 0.000 |   4.619 | 
     | uut/U3057                      | A v -> ZN ^  | AOI221_X1 | 0.194 | uut/n4729                      |            |   2.844 | 0.320 |   4.940 | 
     | uut/U3045                      |              | OAI221_X1 | 0.194 | uut/n4729                      |       SPEF |   2.844 | 0.000 |   4.940 | 
     | uut/U3045                      | C1 ^ -> ZN v | OAI221_X1 | 0.065 | uut/n4717                      |            |   1.975 | 0.120 |   5.060 | 
     | uut/U10775                     |              | NOR4_X1   | 0.065 | uut/n4717                      |       SPEF |   1.975 | 0.000 |   5.060 | 
     | uut/U10775                     | A1 v -> ZN ^ | NOR4_X1   | 0.201 | uut/n4716                      |            |   2.594 | 0.240 |   5.300 | 
     | uut/U3032                      |              | NAND4_X1  | 0.201 | uut/n4716                      |       SPEF |   2.594 | 0.000 |   5.300 | 
     | uut/U3032                      | A1 ^ -> ZN v | NAND4_X1  | 0.082 | uut/n10675                     |            |   3.062 | 0.142 |   5.441 | 
     | uut/sub_reg[107]               |              | DFF_X1    | 0.082 | uut/n10675                     |       SPEF |   3.062 | 0.000 |   5.442 | 
     +---------------------------------------------------------------------------------------------------------------------------------------------+ 
Path 7: MET Setup Check with Pin uut/sub_reg[125]/CK 
Endpoint:   uut/sub_reg[125]/D        (v) checked with  leading edge of 'CLK'
Beginpoint: uut/roundCounter_reg[3]/Q (^) triggered by  leading edge of 'CLK'
Path Groups: {CLK}
Analysis View: aes_av
Other End Arrival Time          0.000
- Setup                         0.180
+ Phase Shift                   5.700
= Required Time                 5.520
- Arrival Time                  5.445
= Slack Time                    0.075
     Clock Rise Edge                 0.000
     + Clock Network Latency (Ideal) 0.000
     = Beginpoint Arrival Time       0.000
     +---------------------------------------------------------------------------------------------------------------------------------------------+ 
     |            Instance            |     Arc      |   Cell    |  Slew |              Net               |    Arc     |  Load   | Delay | Arrival | 
     |                                |              |           |       |                                | Annotation |         |       |  Time   | 
     |--------------------------------+--------------+-----------+-------+--------------------------------+------------+---------+-------+---------| 
     | uut/roundCounter_reg[3]        | CK ^         |           | 0.000 | clock                          |            | 894.193 |       |   0.000 | 
     | uut/roundCounter_reg[3]        | CK ^ -> Q ^  | DFF_X1    | 0.113 | uut/roundCounter[3]            |            |  12.799 | 0.382 |   0.381 | 
     | uut/U11016                     |              | NAND2_X1  | 0.113 | uut/roundCounter[3]            |       SPEF |  12.799 | 0.000 |   0.382 | 
     | uut/U11016                     | A1 ^ -> ZN v | NAND2_X1  | 0.046 | uut/n7897                      |            |   5.199 | 0.090 |   0.472 | 
     | uut/U2417                      |              | NOR3_X1   | 0.046 | uut/n7897                      |       SPEF |   5.199 | 0.000 |   0.472 | 
     | uut/U2417                      | A1 v -> ZN ^ | NOR3_X1   | 0.142 | uut/n9455                      |            |   3.031 | 0.182 |   0.654 | 
     | uut/FE_OFC86_n9455             |              | BUF_X2    | 0.142 | uut/n9455                      |       SPEF |   3.031 | 0.000 |   0.654 | 
     | uut/FE_OFC86_n9455             | A ^ -> Z ^   | BUF_X2    | 0.224 | uut/FE_OFN38_n9455             |            |  52.134 | 0.307 |   0.961 | 
     | uut/FE_OFC88_n9455             |              | INV_X1    | 0.225 | uut/FE_OFN38_n9455             |       SPEF |  52.134 | 0.008 |   0.968 | 
     | uut/FE_OFC88_n9455             | A ^ -> ZN v  | INV_X1    | 0.081 | uut/FE_OFN45_n39               |            |  19.276 | 0.161 |   1.129 | 
     | uut/U2426                      |              | AND2_X2   | 0.081 | uut/FE_OFN45_n39               |       SPEF |  19.276 | 0.003 |   1.132 | 
     | uut/U2426                      | A1 v -> ZN v | AND2_X2   | 0.070 | uut/n29                        |            |  57.375 | 0.203 |   1.335 | 
     | uut/FE_OFC52_n29               |              | BUF_X4    | 0.070 | uut/n29                        |       SPEF |  57.375 | 0.004 |   1.339 | 
     | uut/FE_OFC52_n29               | A v -> Z v   | BUF_X4    | 0.069 | uut/FE_OFN52_n29               |            | 113.596 | 0.168 |   1.507 | 
     | uut/U2427                      |              | INV_X8    | 0.074 | uut/FE_OFN52_n29               |       SPEF | 113.596 | 0.022 |   1.529 | 
     | uut/U2427                      | A v -> ZN ^  | INV_X8    | 0.161 | uut/n9407                      |            | 145.696 | 0.207 |   1.736 | 
     | uut/FE_OFC56_n9407             |              | CLKBUF_X3 | 0.161 | uut/n9407                      |       SPEF | 145.696 | 0.006 |   1.743 | 
     | uut/FE_OFC56_n9407             | A ^ -> Z ^   | CLKBUF_X3 | 0.342 | uut/FE_OFN56_n9407             |            | 118.722 | 0.455 |   2.198 | 
     | uut/U10584                     |              | OAI222_X1 | 0.343 | uut/FE_OFN56_n9407             |       SPEF | 118.722 | 0.035 |   2.233 | 
     | uut/U10584                     | B2 ^ -> ZN v | OAI222_X1 | 0.077 | uut/n10343                     |            |   1.956 | 0.203 |   2.437 | 
     | uut/U10583                     |              | INV_X1    | 0.077 | uut/n10343                     |       SPEF |   1.956 | 0.000 |   2.437 | 
     | uut/U10583                     | A v -> ZN ^  | INV_X1    | 0.035 | uut/n10340                     |            |   2.074 | 0.076 |   2.512 | 
     | uut/U1103                      |              | OAI22_X1  | 0.035 | uut/n10340                     |       SPEF |   2.074 | 0.000 |   2.512 | 
     | uut/U1103                      | A1 ^ -> ZN v | OAI22_X1  | 0.038 | uut/FE_OFN61_cipherBuffer_121  |            |   1.530 | 0.045 |   2.558 | 
     | uut/FE_OFC61_cipherBuffer_121  |              | CLKBUF_X2 | 0.038 | uut/FE_OFN61_cipherBuffer_121  |       SPEF |   1.530 | 0.000 |   2.558 | 
     | uut/FE_OFC61_cipherBuffer_121  | A v -> Z v   | CLKBUF_X2 | 0.117 | cipherBuffer[121]              |            |  47.886 | 0.215 |   2.772 | 
     | uut/FE_DBTC55_cipherBuffer_121 |              | INV_X1    | 0.117 | cipherBuffer[121]              |       SPEF |  47.886 | 0.004 |   2.777 | 
     | uut/FE_DBTC55_cipherBuffer_121 | A v -> ZN ^  | INV_X1    | 0.336 | uut/FE_DBTN55_cipherBuffer_121 |            |  40.337 | 0.426 |   3.203 | 
     | uut/U10956                     |              | NAND2_X1  | 0.336 | uut/FE_DBTN55_cipherBuffer_121 |       SPEF |  40.337 | 0.003 |   3.206 | 
     | uut/U10956                     | A2 ^ -> ZN v | NAND2_X1  | 0.145 | uut/n6855                      |            |  27.870 | 0.303 |   3.509 | 
     | uut/U10744                     |              | NAND2_X1  | 0.145 | uut/n6855                      |       SPEF |  27.870 | 0.000 |   3.509 | 
     | uut/U10744                     | A1 v -> ZN ^ | NAND2_X1  | 0.323 | uut/n6869                      |            |  37.542 | 0.425 |   3.934 | 
     | uut/U10743                     |              | INV_X1    | 0.323 | uut/n6869                      |       SPEF |  37.542 | 0.001 |   3.935 | 
     | uut/U10743                     | A ^ -> ZN v  | INV_X1    | 0.124 | uut/n6852                      |            |  31.422 | 0.241 |   4.176 | 
     | uut/U6964                      |              | AOI22_X1  | 0.124 | uut/n6852                      |       SPEF |  31.422 | 0.001 |   4.177 | 
     | uut/U6964                      | B2 v -> ZN ^ | AOI22_X1  | 0.160 | uut/n7011                      |            |   5.461 | 0.299 |   4.476 | 
     | uut/U6849                      |              | OAI21_X1  | 0.160 | uut/n7011                      |       SPEF |   5.461 | 0.000 |   4.476 | 
     | uut/U6849                      | A ^ -> ZN v  | OAI21_X1  | 0.055 | uut/n7004                      |            |   1.041 | 0.088 |   4.564 | 
     | uut/U10405                     |              | AND2_X1   | 0.055 | uut/n7004                      |       SPEF |   1.041 | 0.000 |   4.564 | 
     | uut/U10405                     | A1 v -> ZN v | AND2_X1   | 0.019 | uut/n11138                     |            |   1.795 | 0.115 |   4.679 | 
     | uut/U10410                     |              | NOR3_X1   | 0.019 | uut/n11138                     |       SPEF |   1.795 | 0.000 |   4.679 | 
     | uut/U10410                     | A1 v -> ZN ^ | NOR3_X1   | 0.147 | uut/n6991                      |            |   3.210 | 0.178 |   4.857 | 
     | uut/U6840                      |              | OAI222_X1 | 0.147 | uut/n6991                      |       SPEF |   3.210 | 0.000 |   4.857 | 
     | uut/U6840                      | A1 ^ -> ZN v | OAI222_X1 | 0.057 | uut/n6990                      |            |   2.290 | 0.125 |   4.983 | 
     | uut/U10411                     |              | AOI221_X1 | 0.057 | uut/n6990                      |       SPEF |   2.290 | 0.000 |   4.983 | 
     | uut/U10411                     | A v -> ZN ^  | AOI221_X1 | 0.245 | uut/n6937                      |            |   4.696 | 0.387 |   5.370 | 
     | uut/U10395                     |              | NAND2_X1  | 0.245 | uut/n6937                      |       SPEF |   4.696 | 0.000 |   5.370 | 
     | uut/U10395                     | A1 ^ -> ZN v | NAND2_X1  | 0.060 | uut/n10725                     |            |   1.851 | 0.075 |   5.445 | 
     | uut/sub_reg[125]               |              | DFF_X1    | 0.060 | uut/n10725                     |       SPEF |   1.851 | 0.000 |   5.445 | 
     +---------------------------------------------------------------------------------------------------------------------------------------------+ 
Path 8: MET Setup Check with Pin uut/sub_reg[3]/CK 
Endpoint:   uut/sub_reg[3]/D          (v) checked with  leading edge of 'CLK'
Beginpoint: uut/roundCounter_reg[1]/Q (^) triggered by  leading edge of 'CLK'
Path Groups: {CLK}
Analysis View: aes_av
Other End Arrival Time          0.000
- Setup                         0.194
+ Phase Shift                   5.700
= Required Time                 5.506
- Arrival Time                  5.405
= Slack Time                    0.100
     Clock Rise Edge                 0.000
     + Clock Network Latency (Ideal) 0.000
     = Beginpoint Arrival Time       0.000
     +---------------------------------------------------------------------------------------------------------------------------------------+ 
     |          Instance           |     Arc      |   Cell    |  Slew |             Net             |    Arc     |  Load   | Delay | Arrival | 
     |                             |              |           |       |                             | Annotation |         |       |  Time   | 
     |-----------------------------+--------------+-----------+-------+-----------------------------+------------+---------+-------+---------| 
     | uut/roundCounter_reg[1]     | CK ^         |           | 0.000 | clock                       |            | 894.193 |       |   0.000 | 
     | uut/roundCounter_reg[1]     | CK ^ -> Q ^  | DFF_X1    | 0.106 | uut/roundCounter[1]         |            |  11.896 | 0.374 |   0.374 | 
     | uut/U11009                  |              | NOR2_X4   | 0.106 | uut/roundCounter[1]         |       SPEF |  11.896 | 0.000 |   0.375 | 
     | uut/U11009                  | A2 ^ -> ZN v | NOR2_X4   | 0.034 | uut/n7289                   |            |  20.636 | 0.068 |   0.443 | 
     | uut/U10980                  |              | INV_X2    | 0.034 | uut/n7289                   |       SPEF |  20.636 | 0.001 |   0.444 | 
     | uut/U10980                  | A v -> ZN ^  | INV_X2    | 0.173 | uut/n38                     |            |  40.200 | 0.205 |   0.649 | 
     | uut/U10979                  |              | NOR2_X2   | 0.173 | uut/n38                     |       SPEF |  40.200 | 0.003 |   0.651 | 
     | uut/U10979                  | A2 ^ -> ZN v | NOR2_X2   | 0.052 | uut/n9405                   |            |  14.794 | 0.098 |   0.750 | 
     | uut/U11054                  |              | INV_X8    | 0.052 | uut/n9405                   |       SPEF |  14.794 | 0.001 |   0.750 | 
     | uut/U11054                  | A v -> ZN ^  | INV_X8    | 0.131 | uut/n11194                  |            | 115.898 | 0.161 |   0.911 | 
     | uut/U2426                   |              | AND2_X2   | 0.131 | uut/n11194                  |       SPEF | 115.898 | 0.001 |   0.913 | 
     | uut/U2426                   | A2 ^ -> ZN ^ | AND2_X2   | 0.268 | uut/n29                     |            |  62.963 | 0.384 |   1.297 | 
     | uut/FE_OFC52_n29            |              | BUF_X4    | 0.268 | uut/n29                     |       SPEF |  62.963 | 0.005 |   1.302 | 
     | uut/FE_OFC52_n29            | A ^ -> Z ^   | BUF_X4    | 0.274 | uut/FE_OFN52_n29            |            | 125.502 | 0.359 |   1.660 | 
     | uut/U2427                   |              | INV_X8    | 0.274 | uut/FE_OFN52_n29            |       SPEF | 125.502 | 0.024 |   1.684 | 
     | uut/U2427                   | A ^ -> ZN v  | INV_X8    | 0.095 | uut/n9407                   |            | 132.689 | 0.154 |   1.838 | 
     | uut/U10397                  |              | OAI222_X1 | 0.097 | uut/n9407                   |       SPEF | 132.689 | 0.016 |   1.855 | 
     | uut/U10397                  | B2 v -> ZN ^ | OAI222_X1 | 0.176 | uut/n10213                  |            |   2.364 | 0.225 |   2.080 | 
     | uut/U10396                  |              | INV_X1    | 0.176 | uut/n10213                  |       SPEF |   2.364 | 0.000 |   2.080 | 
     | uut/U10396                  | A ^ -> ZN v  | INV_X1    | 0.038 | uut/n10210                  |            |   1.951 | 0.046 |   2.126 | 
     | uut/U10570                  |              | OAI22_X1  | 0.038 | uut/n10210                  |       SPEF |   1.951 | 0.000 |   2.126 | 
     | uut/U10570                  | A1 v -> ZN ^ | OAI22_X1  | 0.275 | uut/FE_OFN77_cipherBuffer_1 |            |  10.772 | 0.286 |   2.412 | 
     | uut/FE_OFC77_cipherBuffer_1 |              | BUF_X1    | 0.275 | uut/FE_OFN77_cipherBuffer_1 |       SPEF |  10.772 | 0.001 |   2.413 | 
     | uut/FE_OFC77_cipherBuffer_1 | A ^ -> Z ^   | BUF_X1    | 0.344 | cipherBuffer[1]             |            |  41.001 | 0.462 |   2.875 | 
     | uut/U4663                   |              | AND2_X2   | 0.344 | cipherBuffer[1]             |       SPEF |  41.001 | 0.004 |   2.879 | 
     | uut/U4663                   | A1 ^ -> ZN ^ | AND2_X2   | 0.275 | uut/n10887                  |            |  64.047 | 0.427 |   3.306 | 
     | uut/U6202                   |              | INV_X1    | 0.275 | uut/n10887                  |       SPEF |  64.047 | 0.014 |   3.320 | 
     | uut/U6202                   | A ^ -> ZN v  | INV_X1    | 0.115 | uut/n11119                  |            |  33.099 | 0.229 |   3.548 | 
     | uut/U5844                   |              | NAND2_X1  | 0.115 | uut/n11119                  |       SPEF |  33.099 | 0.001 |   3.549 | 
     | uut/U5844                   | A1 v -> ZN ^ | NAND2_X1  | 0.359 | uut/n1082                   |            |  41.903 | 0.444 |   3.993 | 
     | uut/U10335                  |              | INV_X2    | 0.359 | uut/n1082                   |       SPEF |  41.903 | 0.000 |   3.993 | 
     | uut/U10335                  | A ^ -> ZN v  | INV_X2    | 0.108 | uut/n959                    |            |  33.450 | 0.181 |   4.174 | 
     | uut/U609                    |              | AOI221_X1 | 0.109 | uut/n959                    |       SPEF |  33.450 | 0.003 |   4.177 | 
     | uut/U609                    | C1 v -> ZN ^ | AOI221_X1 | 0.186 | uut/n1620                   |            |   2.549 | 0.244 |   4.421 | 
     | uut/U608                    |              | OAI221_X1 | 0.186 | uut/n1620                   |       SPEF |   2.549 | 0.000 |   4.421 | 
     | uut/U608                    | A ^ -> ZN v  | OAI221_X1 | 0.082 | uut/n1614                   |            |   2.929 | 0.154 |   4.575 | 
     | uut/U605                    |              | AOI222_X1 | 0.082 | uut/n1614                   |       SPEF |   2.929 | 0.000 |   4.575 | 
     | uut/U605                    | A2 v -> ZN ^ | AOI222_X1 | 0.183 | uut/n1613                   |            |   1.733 | 0.262 |   4.837 | 
     | uut/U604                    |              | OAI221_X1 | 0.183 | uut/n1613                   |       SPEF |   1.733 | 0.000 |   4.837 | 
     | uut/U604                    | A ^ -> ZN v  | OAI221_X1 | 0.057 | uut/n1588                   |            |   2.684 | 0.151 |   4.988 | 
     | uut/U10556                  |              | NOR4_X1   | 0.057 | uut/n1588                   |       SPEF |   2.684 | 0.000 |   4.988 | 
     | uut/U10556                  | A1 v -> ZN ^ | NOR4_X1   | 0.220 | uut/n1587                   |            |   3.068 | 0.259 |   5.247 | 
     | uut/U591                    |              | NAND4_X1  | 0.220 | uut/n1587                   |       SPEF |   3.068 | 0.000 |   5.247 | 
     | uut/U591                    | A4 ^ -> ZN v | NAND4_X1  | 0.088 | uut/n10621                  |            |   3.897 | 0.158 |   5.405 | 
     | uut/sub_reg[3]              |              | DFF_X1    | 0.088 | uut/n10621                  |       SPEF |   3.897 | 0.000 |   5.405 | 
     +---------------------------------------------------------------------------------------------------------------------------------------+ 
Path 9: MET Setup Check with Pin load_reg/CK 
Endpoint:   load_reg/D         (v) checked with  leading edge of 'CLK'
Beginpoint: keyCount_reg[31]/Q (v) triggered by  leading edge of 'CLK'
Path Groups: {CLK}
Analysis View: aes_av
Other End Arrival Time          0.000
- Setup                         0.166
+ Phase Shift                   5.700
= Required Time                 5.534
- Arrival Time                  5.425
= Slack Time                    0.109
     Clock Rise Edge                 0.000
     + Clock Network Latency (Ideal) 0.000
     = Beginpoint Arrival Time       0.000
     +------------------------------------------------------------------------------------------------------------+ 
     |     Instance     |     Arc      |   Cell   |  Slew |     Net      |    Arc     |  Load   | Delay | Arrival | 
     |                  |              |          |       |              | Annotation |         |       |  Time   | 
     |------------------+--------------+----------+-------+--------------+------------+---------+-------+---------| 
     | keyCount_reg[31] | CK ^         |          | 0.000 | clock        |            | 894.193 |       |   0.000 | 
     | keyCount_reg[31] | CK ^ -> Q v  | DFF_X1   | 0.025 | keyCount[31] |            |   4.904 | 0.253 |   0.253 | 
     | C5397            |              | OR2_X1   | 0.025 | keyCount[31] |       SPEF |   4.904 | 0.000 |   0.253 | 
     | C5397            | A2 v -> ZN v | OR2_X1   | 0.029 | N3392        |            |   1.056 | 0.182 |   0.435 | 
     | C5398            |              | OR2_X1   | 0.029 | N3392        |       SPEF |   1.056 | 0.000 |   0.435 | 
     | C5398            | A2 v -> ZN v | OR2_X1   | 0.030 | N3393        |            |   1.465 | 0.188 |   0.623 | 
     | C5399            |              | OR2_X1   | 0.030 | N3393        |       SPEF |   1.465 | 0.000 |   0.623 | 
     | C5399            | A2 v -> ZN v | OR2_X1   | 0.030 | N3394        |            |   1.304 | 0.187 |   0.810 | 
     | C5400            |              | OR2_X1   | 0.030 | N3394        |       SPEF |   1.304 | 0.000 |   0.810 | 
     | C5400            | A2 v -> ZN v | OR2_X1   | 0.030 | N3395        |            |   1.261 | 0.186 |   0.997 | 
     | C5401            |              | OR2_X1   | 0.030 | N3395        |       SPEF |   1.261 | 0.000 |   0.997 | 
     | C5401            | A2 v -> ZN v | OR2_X1   | 0.030 | N3396        |            |   1.260 | 0.186 |   1.183 | 
     | C5402            |              | OR2_X1   | 0.030 | N3396        |       SPEF |   1.260 | 0.000 |   1.183 | 
     | C5402            | A2 v -> ZN v | OR2_X1   | 0.030 | N3397        |            |   1.424 | 0.188 |   1.371 | 
     | C5403            |              | OR2_X1   | 0.030 | N3397        |       SPEF |   1.424 | 0.000 |   1.371 | 
     | C5403            | A2 v -> ZN v | OR2_X1   | 0.029 | N3398        |            |   1.038 | 0.184 |   1.556 | 
     | C5404            |              | OR2_X1   | 0.029 | N3398        |       SPEF |   1.038 | 0.000 |   1.556 | 
     | C5404            | A2 v -> ZN v | OR2_X1   | 0.030 | N3399        |            |   1.359 | 0.187 |   1.743 | 
     | C5405            |              | OR2_X1   | 0.030 | N3399        |       SPEF |   1.359 | 0.000 |   1.743 | 
     | C5405            | A2 v -> ZN v | OR2_X1   | 0.029 | N3400        |            |   1.207 | 0.186 |   1.929 | 
     | C5406            |              | OR2_X1   | 0.029 | N3400        |       SPEF |   1.207 | 0.000 |   1.929 | 
     | C5406            | A2 v -> ZN v | OR2_X1   | 0.030 | N3401        |            |   1.386 | 0.188 |   2.116 | 
     | C5407            |              | OR2_X1   | 0.030 | N3401        |       SPEF |   1.386 | 0.000 |   2.117 | 
     | C5407            | A2 v -> ZN v | OR2_X1   | 0.029 | N3402        |            |   1.035 | 0.184 |   2.301 | 
     | C5408            |              | OR2_X1   | 0.029 | N3402        |       SPEF |   1.035 | 0.000 |   2.301 | 
     | C5408            | A2 v -> ZN v | OR2_X1   | 0.030 | N3403        |            |   1.299 | 0.186 |   2.487 | 
     | C5409            |              | OR2_X1   | 0.030 | N3403        |       SPEF |   1.299 | 0.000 |   2.487 | 
     | C5409            | A2 v -> ZN v | OR2_X1   | 0.031 | N3404        |            |   1.722 | 0.190 |   2.678 | 
     | U5488            |              | NOR2_X1  | 0.031 | N3404        |       SPEF |   1.722 | 0.000 |   2.678 | 
     | U5488            | A2 v -> ZN ^ | NOR2_X1  | 0.057 | n4803        |            |   1.601 | 0.106 |   2.784 | 
     | U5489            |              | AND2_X1  | 0.057 | n4803        |       SPEF |   1.601 | 0.000 |   2.784 | 
     | U5489            | A2 ^ -> ZN ^ | AND2_X1  | 0.029 | n4810        |            |   1.967 | 0.109 |   2.893 | 
     | U5497            |              | AND2_X1  | 0.029 | n4810        |       SPEF |   1.967 | 0.000 |   2.893 | 
     | U5497            | A2 ^ -> ZN ^ | AND2_X1  | 0.030 | n4812        |            |   2.108 | 0.097 |   2.991 | 
     | U5495            |              | NAND2_X1 | 0.030 | n4812        |       SPEF |   2.108 | 0.000 |   2.991 | 
     | U5495            | A2 ^ -> ZN v | NAND2_X1 | 0.014 | N3408        |            |   1.245 | 0.037 |   3.027 | 
     | C5414            |              | OR2_X1   | 0.014 | N3408        |       SPEF |   1.245 | 0.000 |   3.027 | 
     | C5414            | A2 v -> ZN v | OR2_X1   | 0.032 | N3409        |            |   2.129 | 0.185 |   3.213 | 
     | U5482            |              | NOR2_X1  | 0.032 | N3409        |       SPEF |   2.129 | 0.000 |   3.213 | 
     | U5482            | A2 v -> ZN ^ | NOR2_X1  | 0.122 | n4795        |            |   5.224 | 0.179 |   3.392 | 
     | U5480            |              | NAND2_X1 | 0.122 | n4795        |       SPEF |   5.224 | 0.000 |   3.392 | 
     | U5480            | A2 ^ -> ZN v | NAND2_X1 | 0.024 | N3411        |            |   1.127 | 0.062 |   3.454 | 
     | C5417            |              | OR2_X1   | 0.024 | N3411        |       SPEF |   1.127 | 0.000 |   3.454 | 
     | C5417            | A2 v -> ZN v | OR2_X1   | 0.030 | N3412        |            |   1.275 | 0.184 |   3.638 | 
     | C5418            |              | OR2_X1   | 0.030 | N3412        |       SPEF |   1.275 | 0.000 |   3.638 | 
     | C5418            | A2 v -> ZN v | OR2_X1   | 0.030 | N3413        |            |   1.304 | 0.187 |   3.824 | 
     | C5419            |              | OR2_X1   | 0.030 | N3413        |       SPEF |   1.304 | 0.000 |   3.824 | 
     | C5419            | A2 v -> ZN v | OR2_X1   | 0.030 | N3414        |            |   1.452 | 0.188 |   4.013 | 
     | C5420            |              | OR2_X1   | 0.030 | N3414        |       SPEF |   1.452 | 0.000 |   4.013 | 
     | C5420            | A2 v -> ZN v | OR2_X1   | 0.030 | N3415        |            |   1.388 | 0.188 |   4.201 | 
     | C5421            |              | OR2_X1   | 0.030 | N3415        |       SPEF |   1.388 | 0.000 |   4.201 | 
     | C5421            | A2 v -> ZN v | OR2_X1   | 0.029 | N3416        |            |   1.049 | 0.185 |   4.386 | 
     | C5422            |              | OR2_X1   | 0.029 | N3416        |       SPEF |   1.049 | 0.000 |   4.386 | 
     | C5422            | A2 v -> ZN v | OR2_X1   | 0.031 | N3417        |            |   1.718 | 0.190 |   4.576 | 
     | U5485            |              | NOR2_X1  | 0.031 | N3417        |       SPEF |   1.718 | 0.000 |   4.576 | 
     | U5485            | A2 v -> ZN ^ | NOR2_X1  | 0.067 | n4797        |            |   2.150 | 0.117 |   4.693 | 
     | U5483            |              | NAND2_X1 | 0.067 | n4797        |       SPEF |   2.150 | 0.000 |   4.693 | 
     | U5483            | A2 ^ -> ZN v | NAND2_X1 | 0.018 | N3419        |            |   1.436 | 0.051 |   4.745 | 
     | C5425            |              | OR2_X1   | 0.018 | N3419        |       SPEF |   1.436 | 0.000 |   4.745 | 
     | C5425            | A2 v -> ZN v | OR2_X1   | 0.032 | N3420        |            |   2.285 | 0.189 |   4.933 | 
     | U5487            |              | NOR2_X1  | 0.032 | N3420        |       SPEF |   2.285 | 0.000 |   4.933 | 
     | U5487            | A2 v -> ZN ^ | NOR2_X1  | 0.051 | n4800        |            |   1.253 | 0.101 |   5.034 | 
     | U5486            |              | AND2_X1  | 0.051 | n4800        |       SPEF |   1.253 | 0.000 |   5.034 | 
     | U5486            | A2 ^ -> ZN ^ | AND2_X1  | 0.023 | n4798        |            |   1.123 | 0.098 |   5.132 | 
     | C6862            |              | AND2_X1  | 0.023 | n4798        |       SPEF |   1.123 | 0.000 |   5.132 | 
     | C6862            | A1 ^ -> ZN ^ | AND2_X1  | 0.030 | N2677        |            |   2.132 | 0.091 |   5.223 | 
     | U5504            |              | NOR2_X1  | 0.030 | N2677        |       SPEF |   2.132 | 0.000 |   5.223 | 
     | U5504            | A1 ^ -> ZN v | NOR2_X1  | 0.025 | n4818        |            |   2.053 | 0.027 |   5.250 | 
     | U5503            |              | MUX2_X1  | 0.025 | n4818        |       SPEF |   2.053 | 0.000 |   5.250 | 
     | U5503            | S v -> Z v   | MUX2_X1  | 0.033 | n4442        |            |   1.318 | 0.175 |   5.425 | 
     | load_reg         |              | DFF_X1   | 0.033 | n4442        |       SPEF |   1.318 | 0.000 |   5.425 | 
     +------------------------------------------------------------------------------------------------------------+ 
Path 10: MET Setup Check with Pin uut/sub_reg[109]/CK 
Endpoint:   uut/sub_reg[109]/D        (v) checked with  leading edge of 'CLK'
Beginpoint: uut/roundCounter_reg[1]/Q (^) triggered by  leading edge of 'CLK'
Path Groups: {CLK}
Analysis View: aes_av
Other End Arrival Time          0.000
- Setup                         0.184
+ Phase Shift                   5.700
= Required Time                 5.516
- Arrival Time                  5.383
= Slack Time                    0.134
     Clock Rise Edge                 0.000
     + Clock Network Latency (Ideal) 0.000
     = Beginpoint Arrival Time       0.000
     +---------------------------------------------------------------------------------------------------------------------------------------------+ 
     |            Instance            |     Arc      |   Cell    |  Slew |              Net               |    Arc     |  Load   | Delay | Arrival | 
     |                                |              |           |       |                                | Annotation |         |       |  Time   | 
     |--------------------------------+--------------+-----------+-------+--------------------------------+------------+---------+-------+---------| 
     | uut/roundCounter_reg[1]        | CK ^         |           | 0.000 | clock                          |            | 894.193 |       |   0.000 | 
     | uut/roundCounter_reg[1]        | CK ^ -> Q ^  | DFF_X1    | 0.106 | uut/roundCounter[1]            |            |  11.896 | 0.374 |   0.374 | 
     | uut/U11009                     |              | NOR2_X4   | 0.106 | uut/roundCounter[1]            |       SPEF |  11.896 | 0.000 |   0.375 | 
     | uut/U11009                     | A2 ^ -> ZN v | NOR2_X4   | 0.034 | uut/n7289                      |            |  20.636 | 0.068 |   0.443 | 
     | uut/U10980                     |              | INV_X2    | 0.034 | uut/n7289                      |       SPEF |  20.636 | 0.001 |   0.444 | 
     | uut/U10980                     | A v -> ZN ^  | INV_X2    | 0.173 | uut/n38                        |            |  40.200 | 0.205 |   0.649 | 
     | uut/U10979                     |              | NOR2_X2   | 0.173 | uut/n38                        |       SPEF |  40.200 | 0.003 |   0.652 | 
     | uut/U10979                     | A2 ^ -> ZN v | NOR2_X2   | 0.052 | uut/n9405                      |            |  14.794 | 0.098 |   0.750 | 
     | uut/U11054                     |              | INV_X8    | 0.052 | uut/n9405                      |       SPEF |  14.794 | 0.001 |   0.750 | 
     | uut/U11054                     | A v -> ZN ^  | INV_X8    | 0.131 | uut/n11194                     |            | 115.898 | 0.161 |   0.912 | 
     | uut/U2426                      |              | AND2_X2   | 0.131 | uut/n11194                     |       SPEF | 115.898 | 0.001 |   0.913 | 
     | uut/U2426                      | A2 ^ -> ZN ^ | AND2_X2   | 0.268 | uut/n29                        |            |  62.963 | 0.384 |   1.297 | 
     | uut/FE_OFC52_n29               |              | BUF_X4    | 0.268 | uut/n29                        |       SPEF |  62.963 | 0.005 |   1.302 | 
     | uut/FE_OFC52_n29               | A ^ -> Z ^   | BUF_X4    | 0.274 | uut/FE_OFN52_n29               |            | 125.502 | 0.359 |   1.660 | 
     | uut/U2427                      |              | INV_X8    | 0.274 | uut/FE_OFN52_n29               |       SPEF | 125.502 | 0.024 |   1.685 | 
     | uut/U2427                      | A ^ -> ZN v  | INV_X8    | 0.095 | uut/n9407                      |            | 132.689 | 0.154 |   1.838 | 
     | uut/FE_OFC56_n9407             |              | CLKBUF_X3 | 0.095 | uut/n9407                      |       SPEF | 132.689 | 0.006 |   1.844 | 
     | uut/FE_OFC56_n9407             | A v -> Z v   | CLKBUF_X3 | 0.178 | uut/FE_OFN56_n9407             |            | 108.422 | 0.313 |   2.157 | 
     | uut/U10802                     |              | OAI222_X1 | 0.181 | uut/FE_OFN56_n9407             |       SPEF | 108.422 | 0.027 |   2.185 | 
     | uut/U10802                     | B2 v -> ZN ^ | OAI222_X1 | 0.176 | uut/n10499                     |            |   2.236 | 0.263 |   2.447 | 
     | uut/U10801                     |              | INV_X1    | 0.176 | uut/n10499                     |       SPEF |   2.236 | 0.000 |   2.447 | 
     | uut/U10801                     | A ^ -> ZN v  | INV_X1    | 0.037 | uut/n10496                     |            |   1.657 | 0.042 |   2.489 | 
     | uut/U916                       |              | OAI22_X1  | 0.037 | uut/n10496                     |       SPEF |   1.657 | 0.000 |   2.489 | 
     | uut/U916                       | A1 v -> ZN ^ | OAI22_X1  | 0.205 | uut/FE_OFN64_cipherBuffer_105  |            |   6.945 | 0.211 |   2.701 | 
     | uut/FE_OFC64_cipherBuffer_105  |              | CLKBUF_X2 | 0.205 | uut/FE_OFN64_cipherBuffer_105  |       SPEF |   6.945 | 0.001 |   2.702 | 
     | uut/FE_OFC64_cipherBuffer_105  | A ^ -> Z ^   | CLKBUF_X2 | 0.216 | cipherBuffer[105]              |            |  50.485 | 0.345 |   3.047 | 
     | uut/FE_DBTC52_cipherBuffer_105 |              | INV_X1    | 0.216 | cipherBuffer[105]              |       SPEF |  50.485 | 0.007 |   3.054 | 
     | uut/FE_DBTC52_cipherBuffer_105 | A ^ -> ZN v  | INV_X1    | 0.105 | uut/FE_DBTN52_cipherBuffer_105 |            |  37.155 | 0.217 |   3.271 | 
     | uut/U10994                     |              | NAND2_X1  | 0.105 | uut/FE_DBTN52_cipherBuffer_105 |       SPEF |  37.155 | 0.003 |   3.274 | 
     | uut/U10994                     | A2 v -> ZN ^ | NAND2_X1  | 0.298 | uut/n1529                      |            |  34.305 | 0.381 |   3.655 | 
     | uut/U9981                      |              | NAND2_X2  | 0.298 | uut/n1529                      |       SPEF |  34.305 | 0.001 |   3.656 | 
     | uut/U9981                      | A2 ^ -> ZN v | NAND2_X2  | 0.101 | uut/n917                       |            |  32.829 | 0.221 |   3.877 | 
     | uut/FE_DBTC27_n917             |              | INV_X1    | 0.101 | uut/n917                       |       SPEF |  32.829 | 0.001 |   3.878 | 
     | uut/FE_DBTC27_n917             | A v -> ZN ^  | INV_X1    | 0.328 | uut/FE_DBTN27_n917             |            |  39.365 | 0.408 |   4.286 | 
     | uut/U3560                      |              | NOR2_X1   | 0.328 | uut/FE_DBTN27_n917             |       SPEF |  39.365 | 0.003 |   4.289 | 
     | uut/U3560                      | A2 ^ -> ZN v | NOR2_X1   | 0.080 | uut/n2889                      |            |   6.408 | 0.116 |   4.405 | 
     | uut/U1332                      |              | AOI211_X1 | 0.080 | uut/n2889                      |       SPEF |   6.408 | 0.000 |   4.406 | 
     | uut/U1332                      | B v -> ZN ^  | AOI211_X1 | 0.201 | uut/n2930                      |            |   3.687 | 0.339 |   4.745 | 
     | uut/U1331                      |              | NAND4_X1  | 0.201 | uut/n2930                      |       SPEF |   3.687 | 0.000 |   4.745 | 
     | uut/U1331                      | A4 ^ -> ZN v | NAND4_X1  | 0.068 | uut/n2906                      |            |   2.486 | 0.138 |   4.883 | 
     | uut/U1319                      |              | AOI221_X1 | 0.068 | uut/n2906                      |       SPEF |   2.486 | 0.000 |   4.883 | 
     | uut/U1319                      | B2 v -> ZN ^ | AOI221_X1 | 0.185 | uut/n2875                      |            |   2.539 | 0.352 |   5.236 | 
     | uut/U1297                      |              | NAND4_X1  | 0.185 | uut/n2875                      |       SPEF |   2.539 | 0.000 |   5.236 | 
     | uut/U1297                      | A2 ^ -> ZN v | NAND4_X1  | 0.068 | uut/n10640                     |            |   2.748 | 0.147 |   5.382 | 
     | uut/sub_reg[109]               |              | DFF_X1    | 0.068 | uut/n10640                     |       SPEF |   2.748 | 0.000 |   5.383 | 
     +---------------------------------------------------------------------------------------------------------------------------------------------+ 

