###############################################################
#  Generated by:      Cadence Innovus 18.10-p002_1
#  OS:                Linux x86_64(Host ID ensc-esil-17)
#  Generated on:      Tue Apr 20 17:40:22 2021
#  Design:            aes128keyWrapper
#  Command:           report_timing -net -format {instance arc cell slew net annotation load delay arrival} -max_paths 10 > results/timing/09-finishing.setup.rpt
###############################################################
Path 1: MET Setup Check with Pin load_reg/CK 
Endpoint:   load_reg/D         (v) checked with  leading edge of 'CLK'
Beginpoint: keyCount_reg[31]/Q (v) triggered by  leading edge of 'CLK'
Path Groups: {CLK}
Analysis View: aes_av
Other End Arrival Time          0.000
- Setup                         0.166
+ Phase Shift                   5.700
= Required Time                 5.534
- Arrival Time                  5.375
= Slack Time                    0.159
     Clock Rise Edge                 0.000
     + Clock Network Latency (Ideal) 0.000
     = Beginpoint Arrival Time       0.000
     +------------------------------------------------------------------------------------------------------------+ 
     |     Instance     |     Arc      |   Cell   |  Slew |     Net      |    Arc     |  Load   | Delay | Arrival | 
     |                  |              |          |       |              | Annotation |         |       |  Time   | 
     |------------------+--------------+----------+-------+--------------+------------+---------+-------+---------| 
     | keyCount_reg[31] | CK ^         |          | 0.000 | clock        |            | 868.245 |       |   0.000 | 
     | keyCount_reg[31] | CK ^ -> Q v  | DFF_X1   | 0.025 | keyCount[31] |            |   4.751 | 0.252 |   0.252 | 
     | C5397            |              | OR2_X1   | 0.025 | keyCount[31] |       SPEF |   4.751 | 0.000 |   0.252 | 
     | C5397            | A2 v -> ZN v | OR2_X1   | 0.029 | N3392        |            |   1.000 | 0.181 |   0.434 | 
     | C5398            |              | OR2_X1   | 0.029 | N3392        |       SPEF |   1.000 | 0.000 |   0.434 | 
     | C5398            | A2 v -> ZN v | OR2_X1   | 0.030 | N3393        |            |   1.367 | 0.187 |   0.621 | 
     | C5399            |              | OR2_X1   | 0.030 | N3393        |       SPEF |   1.367 | 0.000 |   0.621 | 
     | C5399            | A2 v -> ZN v | OR2_X1   | 0.029 | N3394        |            |   1.103 | 0.185 |   0.806 | 
     | C5400            |              | OR2_X1   | 0.029 | N3394        |       SPEF |   1.103 | 0.000 |   0.806 | 
     | C5400            | A2 v -> ZN v | OR2_X1   | 0.029 | N3395        |            |   1.206 | 0.186 |   0.991 | 
     | C5401            |              | OR2_X1   | 0.029 | N3395        |       SPEF |   1.206 | 0.000 |   0.991 | 
     | C5401            | A2 v -> ZN v | OR2_X1   | 0.029 | N3396        |            |   1.192 | 0.186 |   1.177 | 
     | C5402            |              | OR2_X1   | 0.029 | N3396        |       SPEF |   1.192 | 0.000 |   1.177 | 
     | C5402            | A2 v -> ZN v | OR2_X1   | 0.030 | N3397        |            |   1.252 | 0.186 |   1.363 | 
     | C5403            |              | OR2_X1   | 0.030 | N3397        |       SPEF |   1.252 | 0.000 |   1.363 | 
     | C5403            | A2 v -> ZN v | OR2_X1   | 0.029 | N3398        |            |   0.994 | 0.184 |   1.547 | 
     | C5404            |              | OR2_X1   | 0.029 | N3398        |       SPEF |   0.994 | 0.000 |   1.547 | 
     | C5404            | A2 v -> ZN v | OR2_X1   | 0.029 | N3399        |            |   1.145 | 0.185 |   1.732 | 
     | C5405            |              | OR2_X1   | 0.029 | N3399        |       SPEF |   1.145 | 0.000 |   1.732 | 
     | C5405            | A2 v -> ZN v | OR2_X1   | 0.029 | N3400        |            |   1.100 | 0.185 |   1.916 | 
     | C5406            |              | OR2_X1   | 0.029 | N3400        |       SPEF |   1.100 | 0.000 |   1.916 | 
     | C5406            | A2 v -> ZN v | OR2_X1   | 0.030 | N3401        |            |   1.235 | 0.186 |   2.102 | 
     | C5407            |              | OR2_X1   | 0.030 | N3401        |       SPEF |   1.235 | 0.000 |   2.102 | 
     | C5407            | A2 v -> ZN v | OR2_X1   | 0.029 | N3402        |            |   1.011 | 0.184 |   2.286 | 
     | C5408            |              | OR2_X1   | 0.029 | N3402        |       SPEF |   1.011 | 0.000 |   2.286 | 
     | C5408            | A2 v -> ZN v | OR2_X1   | 0.030 | N3403        |            |   1.251 | 0.186 |   2.472 | 
     | C5409            |              | OR2_X1   | 0.030 | N3403        |       SPEF |   1.251 | 0.000 |   2.472 | 
     | C5409            | A2 v -> ZN v | OR2_X1   | 0.031 | N3404        |            |   1.671 | 0.190 |   2.662 | 
     | U5488            |              | NOR2_X1  | 0.031 | N3404        |       SPEF |   1.671 | 0.000 |   2.662 | 
     | U5488            | A2 v -> ZN ^ | NOR2_X1  | 0.054 | n4803        |            |   1.396 | 0.102 |   2.764 | 
     | U5489            |              | AND2_X1  | 0.054 | n4803        |       SPEF |   1.396 | 0.000 |   2.764 | 
     | U5489            | A2 ^ -> ZN ^ | AND2_X1  | 0.028 | n4810        |            |   1.861 | 0.106 |   2.870 | 
     | U5497            |              | AND2_X1  | 0.028 | n4810        |       SPEF |   1.861 | 0.000 |   2.870 | 
     | U5497            | A2 ^ -> ZN ^ | AND2_X1  | 0.029 | n4812        |            |   1.989 | 0.096 |   2.966 | 
     | U5495            |              | NAND2_X1 | 0.029 | n4812        |       SPEF |   1.989 | 0.000 |   2.966 | 
     | U5495            | A2 ^ -> ZN v | NAND2_X1 | 0.014 | N3408        |            |   1.078 | 0.035 |   3.002 | 
     | C5414            |              | OR2_X1   | 0.014 | N3408        |       SPEF |   1.078 | 0.000 |   3.002 | 
     | C5414            | A2 v -> ZN v | OR2_X1   | 0.032 | N3409        |            |   2.017 | 0.184 |   3.186 | 
     | U5482            |              | NOR2_X1  | 0.032 | N3409        |       SPEF |   2.017 | 0.000 |   3.186 | 
     | U5482            | A2 v -> ZN ^ | NOR2_X1  | 0.118 | n4795        |            |   5.029 | 0.175 |   3.361 | 
     | U5480            |              | NAND2_X1 | 0.118 | n4795        |       SPEF |   5.029 | 0.000 |   3.361 | 
     | U5480            | A2 ^ -> ZN v | NAND2_X1 | 0.024 | N3411        |            |   1.113 | 0.061 |   3.422 | 
     | C5417            |              | OR2_X1   | 0.024 | N3411        |       SPEF |   1.113 | 0.000 |   3.422 | 
     | C5417            | A2 v -> ZN v | OR2_X1   | 0.029 | N3412        |            |   1.108 | 0.182 |   3.604 | 
     | C5418            |              | OR2_X1   | 0.029 | N3412        |       SPEF |   1.108 | 0.000 |   3.604 | 
     | C5418            | A2 v -> ZN v | OR2_X1   | 0.029 | N3413        |            |   1.184 | 0.185 |   3.789 | 
     | C5419            |              | OR2_X1   | 0.029 | N3413        |       SPEF |   1.184 | 0.000 |   3.789 | 
     | C5419            | A2 v -> ZN v | OR2_X1   | 0.030 | N3414        |            |   1.332 | 0.187 |   3.976 | 
     | C5420            |              | OR2_X1   | 0.030 | N3414        |       SPEF |   1.332 | 0.000 |   3.976 | 
     | C5420            | A2 v -> ZN v | OR2_X1   | 0.029 | N3415        |            |   1.225 | 0.186 |   4.162 | 
     | C5421            |              | OR2_X1   | 0.029 | N3415        |       SPEF |   1.225 | 0.000 |   4.162 | 
     | C5421            | A2 v -> ZN v | OR2_X1   | 0.029 | N3416        |            |   1.012 | 0.184 |   4.346 | 
     | C5422            |              | OR2_X1   | 0.029 | N3416        |       SPEF |   1.012 | 0.000 |   4.346 | 
     | C5422            | A2 v -> ZN v | OR2_X1   | 0.031 | N3417        |            |   1.647 | 0.189 |   4.535 | 
     | U5485            |              | NOR2_X1  | 0.031 | N3417        |       SPEF |   1.647 | 0.000 |   4.535 | 
     | U5485            | A2 v -> ZN ^ | NOR2_X1  | 0.067 | n4797        |            |   2.127 | 0.117 |   4.652 | 
     | U5483            |              | NAND2_X1 | 0.067 | n4797        |       SPEF |   2.127 | 0.000 |   4.652 | 
     | U5483            | A2 ^ -> ZN v | NAND2_X1 | 0.018 | N3419        |            |   1.261 | 0.050 |   4.702 | 
     | C5425            |              | OR2_X1   | 0.018 | N3419        |       SPEF |   1.261 | 0.000 |   4.702 | 
     | C5425            | A2 v -> ZN v | OR2_X1   | 0.032 | N3420        |            |   2.096 | 0.187 |   4.889 | 
     | U5487            |              | NOR2_X1  | 0.032 | N3420        |       SPEF |   2.096 | 0.000 |   4.889 | 
     | U5487            | A2 v -> ZN ^ | NOR2_X1  | 0.052 | n4800        |            |   1.280 | 0.101 |   4.990 | 
     | U5486            |              | AND2_X1  | 0.052 | n4800        |       SPEF |   1.280 | 0.000 |   4.990 | 
     | U5486            | A2 ^ -> ZN ^ | AND2_X1  | 0.022 | n4798        |            |   1.079 | 0.097 |   5.088 | 
     | C6862            |              | AND2_X1  | 0.022 | n4798        |       SPEF |   1.079 | 0.000 |   5.088 | 
     | C6862            | A1 ^ -> ZN ^ | AND2_X1  | 0.028 | N2677        |            |   1.838 | 0.089 |   5.176 | 
     | U5504            |              | NOR2_X1  | 0.028 | N2677        |       SPEF |   1.838 | 0.000 |   5.176 | 
     | U5504            | A1 ^ -> ZN v | NOR2_X1  | 0.024 | n4818        |            |   1.994 | 0.025 |   5.201 | 
     | U5503            |              | MUX2_X1  | 0.024 | n4818        |       SPEF |   1.994 | 0.000 |   5.202 | 
     | U5503            | S v -> Z v   | MUX2_X1  | 0.033 | n4442        |            |   1.168 | 0.173 |   5.375 | 
     | load_reg         |              | DFF_X1   | 0.033 | n4442        |       SPEF |   1.168 | 0.000 |   5.375 | 
     +------------------------------------------------------------------------------------------------------------+ 
Path 2: MET Setup Check with Pin uut/sub_reg[85]/CK 
Endpoint:   uut/sub_reg[85]/D         (v) checked with  leading edge of 'CLK'
Beginpoint: uut/roundCounter_reg[1]/Q (v) triggered by  leading edge of 'CLK'
Path Groups: {CLK}
Analysis View: aes_av
Other End Arrival Time          0.000
- Setup                         0.189
+ Phase Shift                   5.700
= Required Time                 5.511
- Arrival Time                  5.349
= Slack Time                    0.161
     Clock Rise Edge                 0.000
     + Clock Network Latency (Ideal) 0.000
     = Beginpoint Arrival Time       0.000
     +---------------------------------------------------------------------------------------------------------------------------+ 
     |        Instance         |     Arc      |   Cell    |  Slew |         Net         |    Arc     |  Load   | Delay | Arrival | 
     |                         |              |           |       |                     | Annotation |         |       |  Time   | 
     |-------------------------+--------------+-----------+-------+---------------------+------------+---------+-------+---------| 
     | uut/roundCounter_reg[1] | CK ^         |           | 0.000 | clock               |            | 868.245 |       |   0.000 | 
     | uut/roundCounter_reg[1] | CK ^ -> Q v  | DFF_X1    | 0.036 | uut/roundCounter[1] |            |  11.007 | 0.272 |   0.272 | 
     | uut/U11009              |              | NOR2_X4   | 0.036 | uut/roundCounter[1] |       SPEF |  11.007 | 0.000 |   0.272 | 
     | uut/U11009              | A2 v -> ZN ^ | NOR2_X4   | 0.124 | uut/n7289           |            |  21.486 | 0.184 |   0.456 | 
     | uut/U10980              |              | INV_X2    | 0.124 | uut/n7289           |       SPEF |  21.486 | 0.002 |   0.457 | 
     | uut/U10980              | A ^ -> ZN v  | INV_X2    | 0.055 | uut/n38             |            |  34.482 | 0.113 |   0.571 | 
     | uut/U10979              |              | NOR2_X2   | 0.055 | uut/n38             |       SPEF |  34.482 | 0.002 |   0.573 | 
     | uut/U10979              | A2 v -> ZN ^ | NOR2_X2   | 0.169 | uut/n9405           |            |  15.863 | 0.244 |   0.817 | 
     | uut/FE_OFC35_n9405      |              | CLKBUF_X3 | 0.169 | uut/n9405           |       SPEF |  15.863 | 0.001 |   0.818 | 
     | uut/FE_OFC35_n9405      | A ^ -> Z ^   | CLKBUF_X3 | 0.306 | uut/FE_OFN35_n9405  |            | 106.760 | 0.430 |   1.248 | 
     | uut/FE_OFC36_n9405      |              | CLKBUF_X2 | 0.306 | uut/FE_OFN35_n9405  |       SPEF | 106.760 | 0.005 |   1.252 | 
     | uut/FE_OFC36_n9405      | A ^ -> Z ^   | CLKBUF_X2 | 0.341 | uut/FE_OFN36_n9405  |            |  81.179 | 0.498 |   1.750 | 
     | uut/FE_OFC37_n9405      |              | CLKBUF_X2 | 0.342 | uut/FE_OFN36_n9405  |       SPEF |  81.179 | 0.010 |   1.760 | 
     | uut/FE_OFC37_n9405      | A ^ -> Z ^   | CLKBUF_X2 | 0.337 | uut/FE_OFN37_n9405  |            |  79.437 | 0.495 |   2.256 | 
     | uut/U10619              |              | AOI22_X1  | 0.337 | uut/FE_OFN37_n9405  |       SPEF |  79.437 | 0.018 |   2.273 | 
     | uut/U10619              | B1 ^ -> ZN v | AOI22_X1  | 0.090 | uut/n9605           |            |   1.631 | 0.122 |   2.395 | 
     | uut/U9574               |              | INV_X1    | 0.090 | uut/n9605           |       SPEF |   1.631 | 0.000 |   2.395 | 
     | uut/U9574               | A v -> ZN ^  | INV_X1    | 0.064 | uut/n9604           |            |   6.448 | 0.124 |   2.519 | 
     | uut/U11006              |              | OAI22_X4  | 0.064 | uut/n9604           |       SPEF |   6.448 | 0.000 |   2.519 | 
     | uut/U11006              | B2 ^ -> ZN v | OAI22_X4  | 0.100 | uut/n2364           |            |  58.330 | 0.128 |   2.648 | 
     | uut/U10864              |              | INV_X1    | 0.101 | uut/n2364           |       SPEF |  58.330 | 0.013 |   2.660 | 
     | uut/U10864              | A v -> ZN ^  | INV_X1    | 0.353 | cipherBuffer[80]    |            |  42.348 | 0.433 |   3.094 | 
     | uut/U10639              |              | NAND2_X1  | 0.353 | cipherBuffer[80]    |       SPEF |  42.348 | 0.000 |   3.094 | 
     | uut/U10639              | A1 ^ -> ZN v | NAND2_X1  | 0.184 | uut/n3661           |            |  32.663 | 0.352 |   3.446 | 
     | uut/U5127               |              | NAND2_X1  | 0.184 | uut/n3661           |       SPEF |  32.663 | 0.003 |   3.449 | 
     | uut/U5127               | A1 v -> ZN ^ | NAND2_X1  | 0.350 | uut/n2315           |            |  40.763 | 0.475 |   3.925 | 
     | uut/FE_DBTC14_n2315     |              | INV_X1    | 0.350 | uut/n2315           |       SPEF |  40.763 | 0.000 |   3.925 | 
     | uut/FE_DBTC14_n2315     | A ^ -> ZN v  | INV_X1    | 0.130 | uut/FE_DBTN14_n2315 |            |  31.620 | 0.254 |   4.179 | 
     | uut/U4345               |              | AOI22_X1  | 0.130 | uut/FE_DBTN14_n2315 |       SPEF |  31.620 | 0.001 |   4.179 | 
     | uut/U4345               | B2 v -> ZN ^ | AOI22_X1  | 0.113 | uut/n4653           |            |   2.836 | 0.250 |   4.430 | 
     | uut/U2980               |              | OAI21_X1  | 0.113 | uut/n4653           |       SPEF |   2.836 | 0.000 |   4.430 | 
     | uut/U2980               | A ^ -> ZN v  | OAI21_X1  | 0.077 | uut/n4646           |            |   1.654 | 0.080 |   4.510 | 
     | uut/U2977               |              | AOI221_X1 | 0.077 | uut/n4646           |       SPEF |   1.654 | 0.000 |   4.510 | 
     | uut/U2977               | B2 v -> ZN ^ | AOI221_X1 | 0.165 | uut/n4645           |            |   1.836 | 0.334 |   4.844 | 
     | uut/U2976               |              | INV_X1    | 0.165 | uut/n4645           |       SPEF |   1.836 | 0.000 |   4.844 | 
     | uut/U2976               | A ^ -> ZN v  | INV_X1    | 0.037 | uut/n4634           |            |   2.008 | 0.046 |   4.890 | 
     | uut/U2969               |              | AOI222_X1 | 0.037 | uut/n4634           |       SPEF |   2.008 | 0.000 |   4.890 | 
     | uut/U2969               | A2 v -> ZN ^ | AOI222_X1 | 0.256 | uut/n4602           |            |   4.321 | 0.322 |   5.212 | 
     | uut/U2947               |              | NAND4_X1  | 0.256 | uut/n4602           |       SPEF |   4.321 | 0.000 |   5.213 | 
     | uut/U2947               | A2 ^ -> ZN v | NAND4_X1  | 0.078 | uut/n10673          |            |   1.139 | 0.137 |   5.349 | 
     | uut/sub_reg[85]         |              | DFF_X1    | 0.078 | uut/n10673          |       SPEF |   1.139 | 0.000 |   5.349 | 
     +---------------------------------------------------------------------------------------------------------------------------+ 
Path 3: MET Setup Check with Pin uut/sub_reg[67]/CK 
Endpoint:   uut/sub_reg[67]/D         (v) checked with  leading edge of 'CLK'
Beginpoint: uut/roundCounter_reg[1]/Q (v) triggered by  leading edge of 'CLK'
Path Groups: {CLK}
Analysis View: aes_av
Other End Arrival Time          0.000
- Setup                         0.186
+ Phase Shift                   5.700
= Required Time                 5.514
- Arrival Time                  5.332
= Slack Time                    0.182
     Clock Rise Edge                 0.000
     + Clock Network Latency (Ideal) 0.000
     = Beginpoint Arrival Time       0.000
     +-----------------------------------------------------------------------------------------------------------------------------------------+ 
     |           Instance           |     Arc      |   Cell    |  Slew |             Net              |    Arc     |  Load   | Delay | Arrival | 
     |                              |              |           |       |                              | Annotation |         |       |  Time   | 
     |------------------------------+--------------+-----------+-------+------------------------------+------------+---------+-------+---------| 
     | uut/roundCounter_reg[1]      | CK ^         |           | 0.000 | clock                        |            | 868.245 |       |   0.000 | 
     | uut/roundCounter_reg[1]      | CK ^ -> Q v  | DFF_X1    | 0.036 | uut/roundCounter[1]          |            |  11.007 | 0.272 |   0.272 | 
     | uut/U11009                   |              | NOR2_X4   | 0.036 | uut/roundCounter[1]          |       SPEF |  11.007 | 0.000 |   0.272 | 
     | uut/U11009                   | A2 v -> ZN ^ | NOR2_X4   | 0.124 | uut/n7289                    |            |  21.486 | 0.184 |   0.456 | 
     | uut/U10980                   |              | INV_X2    | 0.124 | uut/n7289                    |       SPEF |  21.486 | 0.002 |   0.457 | 
     | uut/U10980                   | A ^ -> ZN v  | INV_X2    | 0.055 | uut/n38                      |            |  34.482 | 0.113 |   0.571 | 
     | uut/U10979                   |              | NOR2_X2   | 0.055 | uut/n38                      |       SPEF |  34.482 | 0.002 |   0.573 | 
     | uut/U10979                   | A2 v -> ZN ^ | NOR2_X2   | 0.169 | uut/n9405                    |            |  15.863 | 0.244 |   0.817 | 
     | uut/FE_OFC35_n9405           |              | CLKBUF_X3 | 0.169 | uut/n9405                    |       SPEF |  15.863 | 0.001 |   0.818 | 
     | uut/FE_OFC35_n9405           | A ^ -> Z ^   | CLKBUF_X3 | 0.306 | uut/FE_OFN35_n9405           |            | 106.760 | 0.430 |   1.248 | 
     | uut/FE_OFC36_n9405           |              | CLKBUF_X2 | 0.306 | uut/FE_OFN35_n9405           |       SPEF | 106.760 | 0.005 |   1.252 | 
     | uut/FE_OFC36_n9405           | A ^ -> Z ^   | CLKBUF_X2 | 0.341 | uut/FE_OFN36_n9405           |            |  81.179 | 0.498 |   1.750 | 
     | uut/FE_OFC37_n9405           |              | CLKBUF_X2 | 0.342 | uut/FE_OFN36_n9405           |       SPEF |  81.179 | 0.010 |   1.760 | 
     | uut/FE_OFC37_n9405           | A ^ -> Z ^   | CLKBUF_X2 | 0.337 | uut/FE_OFN37_n9405           |            |  79.437 | 0.495 |   2.256 | 
     | uut/U9756                    |              | AOI22_X1  | 0.337 | uut/FE_OFN37_n9405           |       SPEF |  79.437 | 0.018 |   2.273 | 
     | uut/U9756                    | B1 ^ -> ZN v | AOI22_X1  | 0.091 | uut/n9736                    |            |   1.779 | 0.124 |   2.398 | 
     | uut/U1555                    |              | AOI22_X1  | 0.091 | uut/n9736                    |       SPEF |   1.779 | 0.000 |   2.398 | 
     | uut/U1555                    | B2 v -> ZN ^ | AOI22_X1  | 0.181 | uut/FE_OFN66_cipherBuffer_68 |            |   6.643 | 0.305 |   2.702 | 
     | uut/FE_OFC66_cipherBuffer_68 |              | BUF_X1    | 0.181 | uut/FE_OFN66_cipherBuffer_68 |       SPEF |   6.643 | 0.000 |   2.703 | 
     | uut/FE_OFC66_cipherBuffer_68 | A ^ -> Z ^   | BUF_X1    | 0.312 | cipherBuffer[68]             |            |  37.176 | 0.415 |   3.118 | 
     | uut/U3270                    |              | INV_X1    | 0.312 | cipherBuffer[68]             |       SPEF |  37.176 | 0.006 |   3.124 | 
     | uut/U3270                    | A ^ -> ZN v  | INV_X1    | 0.098 | uut/n1846                    |            |  17.373 | 0.176 |   3.300 | 
     | uut/U10730                   |              | NAND2_X1  | 0.098 | uut/n1846                    |       SPEF |  17.373 | 0.000 |   3.300 | 
     | uut/U10730                   | A2 v -> ZN ^ | NAND2_X1  | 0.109 | uut/n646                     |            |  11.195 | 0.182 |   3.482 | 
     | uut/U10724                   |              | INV_X1    | 0.109 | uut/n646                     |       SPEF |  11.195 | 0.000 |   3.483 | 
     | uut/U10724                   | A ^ -> ZN v  | INV_X1    | 0.056 | uut/n1811                    |            |  20.860 | 0.118 |   3.601 | 
     | uut/U5471                    |              | NAND2_X1  | 0.056 | uut/n1811                    |       SPEF |  20.860 | 0.000 |   3.601 | 
     | uut/U5471                    | A1 v -> ZN ^ | NAND2_X1  | 0.173 | uut/n1812                    |            |  19.027 | 0.215 |   3.816 | 
     | uut/FE_DBTC36_n1812          |              | INV_X1    | 0.173 | uut/n1812                    |       SPEF |  19.027 | 0.001 |   3.816 | 
     | uut/FE_DBTC36_n1812          | A ^ -> ZN v  | INV_X1    | 0.067 | uut/FE_DBTN36_n1812          |            |  18.164 | 0.138 |   3.955 | 
     | uut/U1543                    |              | OAI21_X1  | 0.067 | uut/FE_DBTN36_n1812          |       SPEF |  18.164 | 0.000 |   3.955 | 
     | uut/U1543                    | B2 v -> ZN ^ | OAI21_X1  | 0.072 | uut/n3138                    |            |   1.768 | 0.141 |   4.096 | 
     | uut/U1542                    |              | OAI21_X1  | 0.072 | uut/n3138                    |       SPEF |   1.768 | 0.000 |   4.096 | 
     | uut/U1542                    | A ^ -> ZN v  | OAI21_X1  | 0.089 | uut/n3137                    |            |   3.304 | 0.076 |   4.172 | 
     | uut/U10341                   |              | NOR3_X2   | 0.089 | uut/n3137                    |       SPEF |   3.304 | 0.000 |   4.172 | 
     | uut/U10341                   | A3 v -> ZN ^ | NOR3_X2   | 0.088 | uut/n3136                    |            |   1.982 | 0.205 |   4.377 | 
     | uut/U1540                    |              | OAI211_X1 | 0.088 | uut/n3136                    |       SPEF |   1.982 | 0.000 |   4.377 | 
     | uut/U1540                    | B ^ -> ZN v  | OAI211_X1 | 0.112 | uut/n3132                    |            |   4.566 | 0.117 |   4.495 | 
     | uut/U6182                    |              | AOI222_X2 | 0.112 | uut/n3132                    |       SPEF |   4.566 | 0.000 |   4.495 | 
     | uut/U6182                    | B1 v -> ZN ^ | AOI222_X2 | 0.165 | uut/n3130                    |            |   1.936 | 0.319 |   4.814 | 
     | uut/U1537                    |              | OAI211_X1 | 0.165 | uut/n3130                    |       SPEF |   1.936 | 0.000 |   4.814 | 
     | uut/U1537                    | B ^ -> ZN v  | OAI211_X1 | 0.086 | uut/n3118                    |            |   2.803 | 0.126 |   4.940 | 
     | uut/U10969                   |              | NOR4_X2   | 0.086 | uut/n3118                    |       SPEF |   2.803 | 0.000 |   4.940 | 
     | uut/U10969                   | A1 v -> ZN ^ | NOR4_X2   | 0.213 | uut/n3117                    |            |   5.806 | 0.263 |   5.202 | 
     | uut/U1524                    |              | NAND4_X1  | 0.213 | uut/n3117                    |       SPEF |   5.806 | 0.000 |   5.203 | 
     | uut/U1524                    | A4 ^ -> ZN v | NAND4_X1  | 0.072 | uut/n10645                   |            |   1.580 | 0.129 |   5.332 | 
     | uut/sub_reg[67]              |              | DFF_X1    | 0.072 | uut/n10645                   |       SPEF |   1.580 | 0.000 |   5.332 | 
     +-----------------------------------------------------------------------------------------------------------------------------------------+ 
Path 4: MET Setup Check with Pin uut/sub_reg[69]/CK 
Endpoint:   uut/sub_reg[69]/D         (v) checked with  leading edge of 'CLK'
Beginpoint: uut/roundCounter_reg[1]/Q (v) triggered by  leading edge of 'CLK'
Path Groups: {CLK}
Analysis View: aes_av
Other End Arrival Time          0.000
- Setup                         0.182
+ Phase Shift                   5.700
= Required Time                 5.518
- Arrival Time                  5.328
= Slack Time                    0.190
     Clock Rise Edge                 0.000
     + Clock Network Latency (Ideal) 0.000
     = Beginpoint Arrival Time       0.000
     +---------------------------------------------------------------------------------------------------------------------------+ 
     |        Instance         |     Arc      |   Cell    |  Slew |         Net         |    Arc     |  Load   | Delay | Arrival | 
     |                         |              |           |       |                     | Annotation |         |       |  Time   | 
     |-------------------------+--------------+-----------+-------+---------------------+------------+---------+-------+---------| 
     | uut/roundCounter_reg[1] | CK ^         |           | 0.000 | clock               |            | 868.245 |       |   0.000 | 
     | uut/roundCounter_reg[1] | CK ^ -> Q v  | DFF_X1    | 0.036 | uut/roundCounter[1] |            |  11.007 | 0.272 |   0.272 | 
     | uut/U11009              |              | NOR2_X4   | 0.036 | uut/roundCounter[1] |       SPEF |  11.007 | 0.000 |   0.272 | 
     | uut/U11009              | A2 v -> ZN ^ | NOR2_X4   | 0.124 | uut/n7289           |            |  21.486 | 0.184 |   0.456 | 
     | uut/U10980              |              | INV_X2    | 0.124 | uut/n7289           |       SPEF |  21.486 | 0.002 |   0.457 | 
     | uut/U10980              | A ^ -> ZN v  | INV_X2    | 0.055 | uut/n38             |            |  34.482 | 0.113 |   0.571 | 
     | uut/U10979              |              | NOR2_X2   | 0.055 | uut/n38             |       SPEF |  34.482 | 0.002 |   0.573 | 
     | uut/U10979              | A2 v -> ZN ^ | NOR2_X2   | 0.169 | uut/n9405           |            |  15.863 | 0.244 |   0.817 | 
     | uut/FE_OFC35_n9405      |              | CLKBUF_X3 | 0.169 | uut/n9405           |       SPEF |  15.863 | 0.001 |   0.818 | 
     | uut/FE_OFC35_n9405      | A ^ -> Z ^   | CLKBUF_X3 | 0.306 | uut/FE_OFN35_n9405  |            | 106.760 | 0.430 |   1.247 | 
     | uut/FE_OFC36_n9405      |              | CLKBUF_X2 | 0.306 | uut/FE_OFN35_n9405  |       SPEF | 106.760 | 0.005 |   1.252 | 
     | uut/FE_OFC36_n9405      | A ^ -> Z ^   | CLKBUF_X2 | 0.341 | uut/FE_OFN36_n9405  |            |  81.179 | 0.498 |   1.750 | 
     | uut/FE_OFC37_n9405      |              | CLKBUF_X2 | 0.342 | uut/FE_OFN36_n9405  |       SPEF |  81.179 | 0.010 |   1.760 | 
     | uut/FE_OFC37_n9405      | A ^ -> Z ^   | CLKBUF_X2 | 0.337 | uut/FE_OFN37_n9405  |            |  79.437 | 0.495 |   2.255 | 
     | uut/U7213               |              | AOI22_X1  | 0.337 | uut/FE_OFN37_n9405  |       SPEF |  79.437 | 0.018 |   2.273 | 
     | uut/U7213               | B1 ^ -> ZN v | AOI22_X1  | 0.090 | uut/n9771           |            |   1.706 | 0.123 |   2.397 | 
     | uut/U9813               |              | INV_X1    | 0.090 | uut/n9771           |       SPEF |   1.706 | 0.000 |   2.397 | 
     | uut/U9813               | A v -> ZN ^  | INV_X1    | 0.064 | uut/n9770           |            |   6.458 | 0.124 |   2.521 | 
     | uut/U10968              |              | OAI22_X4  | 0.064 | uut/n9770           |       SPEF |   6.458 | 0.000 |   2.521 | 
     | uut/U10968              | B1 ^ -> ZN v | OAI22_X4  | 0.092 | uut/n237            |            |  51.224 | 0.120 |   2.641 | 
     | uut/U9449               |              | INV_X2    | 0.092 | uut/n237            |       SPEF |  51.224 | 0.005 |   2.645 | 
     | uut/U9449               | A v -> ZN ^  | INV_X2    | 0.211 | cipherBuffer[64]    |            |  49.742 | 0.280 |   2.925 | 
     | uut/U10869              |              | NAND2_X1  | 0.211 | cipherBuffer[64]    |       SPEF |  49.742 | 0.005 |   2.930 | 
     | uut/U10869              | A1 ^ -> ZN v | NAND2_X1  | 0.169 | uut/n180            |            |  34.450 | 0.293 |   3.223 | 
     | uut/U10982              |              | NAND2_X1  | 0.169 | uut/n180            |       SPEF |  34.450 | 0.000 |   3.223 | 
     | uut/U10982              | A2 v -> ZN ^ | NAND2_X1  | 0.354 | uut/n222            |            |  41.348 | 0.479 |   3.702 | 
     | uut/FE_DBTC37_n222      |              | INV_X1    | 0.354 | uut/n222            |       SPEF |  41.348 | 0.001 |   3.703 | 
     | uut/FE_DBTC37_n222      | A ^ -> ZN v  | INV_X1    | 0.128 | uut/FE_DBTN37_n222  |            |  30.417 | 0.250 |   3.953 | 
     | uut/U3697               |              | AOI22_X1  | 0.128 | uut/FE_DBTN37_n222  |       SPEF |  30.417 | 0.002 |   3.955 | 
     | uut/U3697               | B1 v -> ZN ^ | AOI22_X1  | 0.177 | uut/n2095           |            |   6.378 | 0.299 |   4.254 | 
     | uut/U890                |              | OAI21_X1  | 0.177 | uut/n2095           |       SPEF |   6.378 | 0.000 |   4.254 | 
     | uut/U890                | A ^ -> ZN v  | OAI21_X1  | 0.085 | uut/n2089           |            |   1.942 | 0.099 |   4.354 | 
     | uut/U887                |              | AOI221_X1 | 0.085 | uut/n2089           |       SPEF |   1.942 | 0.000 |   4.354 | 
     | uut/U887                | B1 v -> ZN ^ | AOI221_X1 | 0.193 | uut/n2082           |            |   2.816 | 0.337 |   4.691 | 
     | uut/U881                |              | OAI221_X1 | 0.193 | uut/n2082           |       SPEF |   2.816 | 0.000 |   4.691 | 
     | uut/U881                | C1 ^ -> ZN v | OAI221_X1 | 0.064 | uut/n2080           |            |   1.928 | 0.119 |   4.811 | 
     | uut/U880                |              | AOI221_X1 | 0.064 | uut/n2080           |       SPEF |   1.928 | 0.000 |   4.811 | 
     | uut/U880                | A v -> ZN ^  | AOI221_X1 | 0.236 | uut/n2047           |            |   4.383 | 0.381 |   5.191 | 
     | uut/U856                |              | NAND4_X1  | 0.236 | uut/n2047           |       SPEF |   4.383 | 0.000 |   5.192 | 
     | uut/U856                | A2 ^ -> ZN v | NAND4_X1  | 0.064 | uut/n10628          |            |   1.268 | 0.136 |   5.328 | 
     | uut/sub_reg[69]         |              | DFF_X1    | 0.064 | uut/n10628          |       SPEF |   1.268 | 0.000 |   5.328 | 
     +---------------------------------------------------------------------------------------------------------------------------+ 
Path 5: MET Setup Check with Pin uut/sub_reg[83]/CK 
Endpoint:   uut/sub_reg[83]/D         (v) checked with  leading edge of 'CLK'
Beginpoint: uut/roundCounter_reg[1]/Q (v) triggered by  leading edge of 'CLK'
Path Groups: {CLK}
Analysis View: aes_av
Other End Arrival Time          0.000
- Setup                         0.185
+ Phase Shift                   5.700
= Required Time                 5.515
- Arrival Time                  5.322
= Slack Time                    0.193
     Clock Rise Edge                 0.000
     + Clock Network Latency (Ideal) 0.000
     = Beginpoint Arrival Time       0.000
     +---------------------------------------------------------------------------------------------------------------------------+ 
     |        Instance         |     Arc      |   Cell    |  Slew |         Net         |    Arc     |  Load   | Delay | Arrival | 
     |                         |              |           |       |                     | Annotation |         |       |  Time   | 
     |-------------------------+--------------+-----------+-------+---------------------+------------+---------+-------+---------| 
     | uut/roundCounter_reg[1] | CK ^         |           | 0.000 | clock               |            | 868.245 |       |   0.000 | 
     | uut/roundCounter_reg[1] | CK ^ -> Q v  | DFF_X1    | 0.036 | uut/roundCounter[1] |            |  11.007 | 0.272 |   0.272 | 
     | uut/U11009              |              | NOR2_X4   | 0.036 | uut/roundCounter[1] |       SPEF |  11.007 | 0.000 |   0.272 | 
     | uut/U11009              | A2 v -> ZN ^ | NOR2_X4   | 0.124 | uut/n7289           |            |  21.486 | 0.184 |   0.456 | 
     | uut/U10980              |              | INV_X2    | 0.124 | uut/n7289           |       SPEF |  21.486 | 0.002 |   0.457 | 
     | uut/U10980              | A ^ -> ZN v  | INV_X2    | 0.055 | uut/n38             |            |  34.482 | 0.113 |   0.571 | 
     | uut/U10979              |              | NOR2_X2   | 0.055 | uut/n38             |       SPEF |  34.482 | 0.002 |   0.573 | 
     | uut/U10979              | A2 v -> ZN ^ | NOR2_X2   | 0.169 | uut/n9405           |            |  15.863 | 0.244 |   0.817 | 
     | uut/FE_OFC35_n9405      |              | CLKBUF_X3 | 0.169 | uut/n9405           |       SPEF |  15.863 | 0.001 |   0.818 | 
     | uut/FE_OFC35_n9405      | A ^ -> Z ^   | CLKBUF_X3 | 0.306 | uut/FE_OFN35_n9405  |            | 106.760 | 0.430 |   1.247 | 
     | uut/FE_OFC36_n9405      |              | CLKBUF_X2 | 0.306 | uut/FE_OFN35_n9405  |       SPEF | 106.760 | 0.005 |   1.252 | 
     | uut/FE_OFC36_n9405      | A ^ -> Z ^   | CLKBUF_X2 | 0.341 | uut/FE_OFN36_n9405  |            |  81.179 | 0.498 |   1.750 | 
     | uut/FE_OFC37_n9405      |              | CLKBUF_X2 | 0.342 | uut/FE_OFN36_n9405  |       SPEF |  81.179 | 0.010 |   1.760 | 
     | uut/FE_OFC37_n9405      | A ^ -> Z ^   | CLKBUF_X2 | 0.337 | uut/FE_OFN37_n9405  |            |  79.437 | 0.495 |   2.255 | 
     | uut/U10619              |              | AOI22_X1  | 0.337 | uut/FE_OFN37_n9405  |       SPEF |  79.437 | 0.018 |   2.273 | 
     | uut/U10619              | B1 ^ -> ZN v | AOI22_X1  | 0.090 | uut/n9605           |            |   1.631 | 0.122 |   2.395 | 
     | uut/U9574               |              | INV_X1    | 0.090 | uut/n9605           |       SPEF |   1.631 | 0.000 |   2.395 | 
     | uut/U9574               | A v -> ZN ^  | INV_X1    | 0.064 | uut/n9604           |            |   6.448 | 0.124 |   2.519 | 
     | uut/U11006              |              | OAI22_X4  | 0.064 | uut/n9604           |       SPEF |   6.448 | 0.000 |   2.519 | 
     | uut/U11006              | B2 ^ -> ZN v | OAI22_X4  | 0.100 | uut/n2364           |            |  58.330 | 0.128 |   2.648 | 
     | uut/U10864              |              | INV_X1    | 0.101 | uut/n2364           |       SPEF |  58.330 | 0.013 |   2.660 | 
     | uut/U10864              | A v -> ZN ^  | INV_X1    | 0.353 | cipherBuffer[80]    |            |  42.348 | 0.433 |   3.093 | 
     | uut/U10639              |              | NAND2_X1  | 0.353 | cipherBuffer[80]    |       SPEF |  42.348 | 0.000 |   3.093 | 
     | uut/U10639              | A1 ^ -> ZN v | NAND2_X1  | 0.184 | uut/n3661           |            |  32.663 | 0.352 |   3.446 | 
     | uut/U10906              |              | INV_X1    | 0.184 | uut/n3661           |       SPEF |  32.663 | 0.000 |   3.446 | 
     | uut/U10906              | A v -> ZN ^  | INV_X1    | 0.332 | uut/n2294           |            |  39.885 | 0.462 |   3.908 | 
     | uut/U2832               |              | OAI22_X1  | 0.332 | uut/n2294           |       SPEF |  39.885 | 0.003 |   3.911 | 
     | uut/U2832               | B1 ^ -> ZN v | OAI22_X1  | 0.104 | uut/n3693           |            |   5.431 | 0.165 |   4.076 | 
     | uut/U1976               |              | AOI221_X1 | 0.104 | uut/n3693           |       SPEF |   5.431 | 0.000 |   4.076 | 
     | uut/U1976               | B2 v -> ZN ^ | AOI221_X1 | 0.163 | uut/n3692           |            |   1.759 | 0.345 |   4.421 | 
     | uut/U1975               |              | OAI221_X1 | 0.163 | uut/n3692           |       SPEF |   1.759 | 0.000 |   4.421 | 
     | uut/U1975               | A ^ -> ZN v  | OAI221_X1 | 0.097 | uut/n3684           |            |   2.382 | 0.141 |   4.563 | 
     | uut/U10049              |              | AOI222_X1 | 0.097 | uut/n3684           |       SPEF |   2.382 | 0.000 |   4.563 | 
     | uut/U10049              | A1 v -> ZN ^ | AOI222_X1 | 0.186 | uut/n3683           |            |   1.846 | 0.240 |   4.803 | 
     | uut/U1971               |              | OAI221_X1 | 0.186 | uut/n3683           |       SPEF |   1.846 | 0.000 |   4.803 | 
     | uut/U1971               | A ^ -> ZN v  | OAI221_X1 | 0.095 | uut/n3650           |            |   2.938 | 0.155 |   4.958 | 
     | uut/U10158              |              | NOR4_X2   | 0.095 | uut/n3650           |       SPEF |   2.938 | 0.000 |   4.958 | 
     | uut/U10158              | A1 v -> ZN ^ | NOR4_X2   | 0.196 | uut/n3649           |            |   4.903 | 0.249 |   5.207 | 
     | uut/U1958               |              | NAND4_X1  | 0.196 | uut/n3649           |       SPEF |   4.903 | 0.000 |   5.207 | 
     | uut/U1958               | A1 ^ -> ZN v | NAND4_X1  | 0.070 | uut/n10655          |            |   1.423 | 0.115 |   5.322 | 
     | uut/sub_reg[83]         |              | DFF_X1    | 0.070 | uut/n10655          |       SPEF |   1.423 | 0.000 |   5.322 | 
     +---------------------------------------------------------------------------------------------------------------------------+ 
Path 6: MET Setup Check with Pin uut/sub_reg[123]/CK 
Endpoint:   uut/sub_reg[123]/D        (v) checked with  leading edge of 'CLK'
Beginpoint: uut/roundCounter_reg[3]/Q (^) triggered by  leading edge of 'CLK'
Path Groups: {CLK}
Analysis View: aes_av
Other End Arrival Time          0.000
- Setup                         0.188
+ Phase Shift                   5.700
= Required Time                 5.512
- Arrival Time                  5.319
= Slack Time                    0.193
     Clock Rise Edge                 0.000
     + Clock Network Latency (Ideal) 0.000
     = Beginpoint Arrival Time       0.000
     +---------------------------------------------------------------------------------------------------------------------------------------------+ 
     |            Instance            |     Arc      |   Cell    |  Slew |              Net               |    Arc     |  Load   | Delay | Arrival | 
     |                                |              |           |       |                                | Annotation |         |       |  Time   | 
     |--------------------------------+--------------+-----------+-------+--------------------------------+------------+---------+-------+---------| 
     | uut/roundCounter_reg[3]        | CK ^         |           | 0.000 | clock                          |            | 868.245 |       |   0.000 | 
     | uut/roundCounter_reg[3]        | CK ^ -> Q ^  | DFF_X1    | 0.111 | uut/roundCounter[3]            |            |  12.540 | 0.380 |   0.379 | 
     | uut/U11016                     |              | NAND2_X1  | 0.111 | uut/roundCounter[3]            |       SPEF |  12.540 | 0.000 |   0.380 | 
     | uut/U11016                     | A1 ^ -> ZN v | NAND2_X1  | 0.045 | uut/n7897                      |            |   4.980 | 0.088 |   0.467 | 
     | uut/U2417                      |              | NOR3_X1   | 0.045 | uut/n7897                      |       SPEF |   4.980 | 0.000 |   0.467 | 
     | uut/U2417                      | A1 v -> ZN ^ | NOR3_X1   | 0.123 | uut/n9455                      |            |   2.363 | 0.160 |   0.628 | 
     | uut/FE_OFC86_n9455             |              | BUF_X2    | 0.123 | uut/n9455                      |       SPEF |   2.363 | 0.000 |   0.628 | 
     | uut/FE_OFC86_n9455             | A ^ -> Z ^   | BUF_X2    | 0.207 | uut/FE_OFN38_n9455             |            |  47.907 | 0.286 |   0.913 | 
     | uut/FE_OFC88_n9455             |              | INV_X1    | 0.207 | uut/FE_OFN38_n9455             |       SPEF |  47.907 | 0.006 |   0.920 | 
     | uut/FE_OFC88_n9455             | A ^ -> ZN v  | INV_X1    | 0.076 | uut/FE_OFN45_n39               |            |  17.743 | 0.147 |   1.066 | 
     | uut/U2426                      |              | AND2_X2   | 0.076 | uut/FE_OFN45_n39               |       SPEF |  17.743 | 0.003 |   1.069 | 
     | uut/U2426                      | A1 v -> ZN v | AND2_X2   | 0.065 | uut/n29                        |            |  52.125 | 0.191 |   1.260 | 
     | uut/FE_OFC52_n29               |              | BUF_X4    | 0.066 | uut/n29                        |       SPEF |  52.125 | 0.010 |   1.270 | 
     | uut/FE_OFC52_n29               | A v -> Z v   | BUF_X4    | 0.065 | uut/FE_OFN52_n29               |            | 105.573 | 0.158 |   1.428 | 
     | uut/U2427                      |              | INV_X8    | 0.071 | uut/FE_OFN52_n29               |       SPEF | 105.573 | 0.024 |   1.452 | 
     | uut/U2427                      | A v -> ZN ^  | INV_X8    | 0.160 | uut/n9407                      |            | 139.493 | 0.178 |   1.630 | 
     | uut/FE_OFC56_n9407             |              | CLKBUF_X3 | 0.165 | uut/n9407                      |       SPEF | 139.493 | 0.022 |   1.652 | 
     | uut/FE_OFC56_n9407             | A ^ -> Z ^   | CLKBUF_X3 | 0.331 | uut/FE_OFN56_n9407             |            | 115.020 | 0.447 |   2.099 | 
     | uut/U10584                     |              | OAI222_X1 | 0.333 | uut/FE_OFN56_n9407             |       SPEF | 115.020 | 0.037 |   2.136 | 
     | uut/U10584                     | B2 ^ -> ZN v | OAI222_X1 | 0.074 | uut/n10343                     |            |   1.703 | 0.198 |   2.333 | 
     | uut/U10583                     |              | INV_X1    | 0.074 | uut/n10343                     |       SPEF |   1.703 | 0.000 |   2.333 | 
     | uut/U10583                     | A v -> ZN ^  | INV_X1    | 0.033 | uut/n10340                     |            |   1.871 | 0.072 |   2.405 | 
     | uut/U1103                      |              | OAI22_X1  | 0.033 | uut/n10340                     |       SPEF |   1.871 | 0.000 |   2.405 | 
     | uut/U1103                      | A1 ^ -> ZN v | OAI22_X1  | 0.040 | uut/FE_OFN61_cipherBuffer_121  |            |   1.433 | 0.044 |   2.449 | 
     | uut/FE_OFC61_cipherBuffer_121  |              | CLKBUF_X2 | 0.040 | uut/FE_OFN61_cipherBuffer_121  |       SPEF |   1.433 | 0.000 |   2.449 | 
     | uut/FE_OFC61_cipherBuffer_121  | A v -> Z v   | CLKBUF_X2 | 0.111 | cipherBuffer[121]              |            |  45.565 | 0.211 |   2.660 | 
     | uut/FE_DBTC55_cipherBuffer_121 |              | INV_X1    | 0.111 | cipherBuffer[121]              |       SPEF |  45.565 | 0.003 |   2.663 | 
     | uut/FE_DBTC55_cipherBuffer_121 | A v -> ZN ^  | INV_X1    | 0.328 | uut/FE_DBTN55_cipherBuffer_121 |            |  39.467 | 0.414 |   3.077 | 
     | uut/U10956                     |              | NAND2_X1  | 0.328 | uut/FE_DBTN55_cipherBuffer_121 |       SPEF |  39.467 | 0.003 |   3.080 | 
     | uut/U10956                     | A2 ^ -> ZN v | NAND2_X1  | 0.146 | uut/n6855                      |            |  28.214 | 0.300 |   3.380 | 
     | uut/U10955                     |              | INV_X1    | 0.146 | uut/n6855                      |       SPEF |  28.214 | 0.000 |   3.380 | 
     | uut/U10955                     | A v -> ZN ^  | INV_X1    | 0.363 | uut/n6849                      |            |  43.879 | 0.473 |   3.853 | 
     | uut/U6921                      |              | OAI22_X1  | 0.363 | uut/n6849                      |       SPEF |  43.879 | 0.001 |   3.854 | 
     | uut/U6921                      | B1 ^ -> ZN v | OAI22_X1  | 0.100 | uut/n7055                      |            |   6.442 | 0.181 |   4.035 | 
     | uut/U6870                      |              | AOI221_X1 | 0.100 | uut/n7055                      |       SPEF |   6.442 | 0.000 |   4.035 | 
     | uut/U6870                      | B2 v -> ZN ^ | AOI221_X1 | 0.171 | uut/n7054                      |            |   2.028 | 0.352 |   4.387 | 
     | uut/U6869                      |              | OAI221_X1 | 0.171 | uut/n7054                      |       SPEF |   2.028 | 0.000 |   4.387 | 
     | uut/U6869                      | A ^ -> ZN v  | OAI221_X1 | 0.093 | uut/n7044                      |            |   2.401 | 0.144 |   4.531 | 
     | uut/U5856                      |              | AOI222_X1 | 0.093 | uut/n7044                      |       SPEF |   2.401 | 0.000 |   4.531 | 
     | uut/U5856                      | A1 v -> ZN ^ | AOI222_X1 | 0.208 | uut/n7043                      |            |   2.597 | 0.263 |   4.794 | 
     | uut/U6862                      |              | OAI211_X1 | 0.208 | uut/n7043                      |       SPEF |   2.597 | 0.000 |   4.794 | 
     | uut/U6862                      | B ^ -> ZN v  | OAI211_X1 | 0.077 | uut/n7022                      |            |   1.554 | 0.124 |   4.918 | 
     | uut/U9787                      |              | NOR4_X1   | 0.077 | uut/n7022                      |       SPEF |   1.554 | 0.000 |   4.918 | 
     | uut/U9787                      | A1 v -> ZN ^ | NOR4_X1   | 0.234 | uut/n7021                      |            |   3.461 | 0.283 |   5.201 | 
     | uut/U6852                      |              | NAND4_X1  | 0.234 | uut/n7021                      |       SPEF |   3.461 | 0.000 |   5.201 | 
     | uut/U6852                      | A1 ^ -> ZN v | NAND4_X1  | 0.076 | uut/n10726                     |            |   1.260 | 0.118 |   5.319 | 
     | uut/sub_reg[123]               |              | DFF_X1    | 0.076 | uut/n10726                     |       SPEF |   1.260 | 0.000 |   5.319 | 
     +---------------------------------------------------------------------------------------------------------------------------------------------+ 
Path 7: MET Setup Check with Pin uut/sub_reg[107]/CK 
Endpoint:   uut/sub_reg[107]/D        (v) checked with  leading edge of 'CLK'
Beginpoint: uut/roundCounter_reg[3]/Q (^) triggered by  leading edge of 'CLK'
Path Groups: {CLK}
Analysis View: aes_av
Other End Arrival Time          0.000
- Setup                         0.188
+ Phase Shift                   5.700
= Required Time                 5.512
- Arrival Time                  5.271
= Slack Time                    0.241
     Clock Rise Edge                 0.000
     + Clock Network Latency (Ideal) 0.000
     = Beginpoint Arrival Time       0.000
     +---------------------------------------------------------------------------------------------------------------------------------------------+ 
     |            Instance            |     Arc      |   Cell    |  Slew |              Net               |    Arc     |  Load   | Delay | Arrival | 
     |                                |              |           |       |                                | Annotation |         |       |  Time   | 
     |--------------------------------+--------------+-----------+-------+--------------------------------+------------+---------+-------+---------| 
     | uut/roundCounter_reg[3]        | CK ^         |           | 0.000 | clock                          |            | 868.245 |       |   0.000 | 
     | uut/roundCounter_reg[3]        | CK ^ -> Q ^  | DFF_X1    | 0.111 | uut/roundCounter[3]            |            |  12.540 | 0.380 |   0.380 | 
     | uut/U11016                     |              | NAND2_X1  | 0.111 | uut/roundCounter[3]            |       SPEF |  12.540 | 0.000 |   0.380 | 
     | uut/U11016                     | A1 ^ -> ZN v | NAND2_X1  | 0.045 | uut/n7897                      |            |   4.980 | 0.088 |   0.467 | 
     | uut/U2417                      |              | NOR3_X1   | 0.045 | uut/n7897                      |       SPEF |   4.980 | 0.000 |   0.468 | 
     | uut/U2417                      | A1 v -> ZN ^ | NOR3_X1   | 0.123 | uut/n9455                      |            |   2.363 | 0.160 |   0.628 | 
     | uut/FE_OFC86_n9455             |              | BUF_X2    | 0.123 | uut/n9455                      |       SPEF |   2.363 | 0.000 |   0.628 | 
     | uut/FE_OFC86_n9455             | A ^ -> Z ^   | BUF_X2    | 0.207 | uut/FE_OFN38_n9455             |            |  47.907 | 0.286 |   0.914 | 
     | uut/FE_OFC88_n9455             |              | INV_X1    | 0.207 | uut/FE_OFN38_n9455             |       SPEF |  47.907 | 0.006 |   0.920 | 
     | uut/FE_OFC88_n9455             | A ^ -> ZN v  | INV_X1    | 0.076 | uut/FE_OFN45_n39               |            |  17.743 | 0.147 |   1.066 | 
     | uut/U2426                      |              | AND2_X2   | 0.076 | uut/FE_OFN45_n39               |       SPEF |  17.743 | 0.003 |   1.069 | 
     | uut/U2426                      | A1 v -> ZN v | AND2_X2   | 0.065 | uut/n29                        |            |  52.125 | 0.191 |   1.260 | 
     | uut/FE_OFC52_n29               |              | BUF_X4    | 0.066 | uut/n29                        |       SPEF |  52.125 | 0.010 |   1.270 | 
     | uut/FE_OFC52_n29               | A v -> Z v   | BUF_X4    | 0.065 | uut/FE_OFN52_n29               |            | 105.573 | 0.158 |   1.428 | 
     | uut/U2427                      |              | INV_X8    | 0.071 | uut/FE_OFN52_n29               |       SPEF | 105.573 | 0.024 |   1.452 | 
     | uut/U2427                      | A v -> ZN ^  | INV_X8    | 0.160 | uut/n9407                      |            | 139.493 | 0.178 |   1.630 | 
     | uut/FE_OFC56_n9407             |              | CLKBUF_X3 | 0.165 | uut/n9407                      |       SPEF | 139.493 | 0.022 |   1.652 | 
     | uut/FE_OFC56_n9407             | A ^ -> Z ^   | CLKBUF_X3 | 0.331 | uut/FE_OFN56_n9407             |            | 115.020 | 0.447 |   2.099 | 
     | uut/U10802                     |              | OAI222_X1 | 0.333 | uut/FE_OFN56_n9407             |       SPEF | 115.020 | 0.028 |   2.127 | 
     | uut/U10802                     | B2 ^ -> ZN v | OAI222_X1 | 0.075 | uut/n10499                     |            |   1.784 | 0.199 |   2.325 | 
     | uut/U10801                     |              | INV_X1    | 0.075 | uut/n10499                     |       SPEF |   1.784 | 0.000 |   2.326 | 
     | uut/U10801                     | A v -> ZN ^  | INV_X1    | 0.033 | uut/n10496                     |            |   1.800 | 0.071 |   2.397 | 
     | uut/U916                       |              | OAI22_X1  | 0.033 | uut/n10496                     |       SPEF |   1.800 | 0.000 |   2.397 | 
     | uut/U916                       | A1 ^ -> ZN v | OAI22_X1  | 0.062 | uut/FE_OFN64_cipherBuffer_105  |            |   7.891 | 0.076 |   2.472 | 
     | uut/FE_OFC64_cipherBuffer_105  |              | CLKBUF_X2 | 0.062 | uut/FE_OFN64_cipherBuffer_105  |       SPEF |   7.891 | 0.001 |   2.473 | 
     | uut/FE_OFC64_cipherBuffer_105  | A v -> Z v   | CLKBUF_X2 | 0.110 | cipherBuffer[105]              |            |  44.864 | 0.221 |   2.694 | 
     | uut/FE_DBTC52_cipherBuffer_105 |              | INV_X1    | 0.110 | cipherBuffer[105]              |       SPEF |  44.864 | 0.007 |   2.702 | 
     | uut/FE_DBTC52_cipherBuffer_105 | A v -> ZN ^  | INV_X1    | 0.345 | uut/FE_DBTN52_cipherBuffer_105 |            |  41.330 | 0.430 |   3.132 | 
     | uut/U10994                     |              | NAND2_X1  | 0.345 | uut/FE_DBTN52_cipherBuffer_105 |       SPEF |  41.330 | 0.005 |   3.137 | 
     | uut/U10994                     | A2 ^ -> ZN v | NAND2_X1  | 0.155 | uut/n1529                      |            |  30.501 | 0.320 |   3.457 | 
     | uut/U9474                      |              | INV_X1    | 0.155 | uut/n1529                      |       SPEF |  30.501 | 0.000 |   3.458 | 
     | uut/U9474                      | A v -> ZN ^  | INV_X1    | 0.386 | uut/n884                       |            |  46.629 | 0.502 |   3.960 | 
     | uut/U3061                      |              | AOI22_X1  | 0.386 | uut/n884                       |       SPEF |  46.629 | 0.003 |   3.963 | 
     | uut/U3061                      | B2 ^ -> ZN v | AOI22_X1  | 0.097 | uut/n875                       |            |   4.503 | 0.173 |   4.136 | 
     | uut/U3059                      |              | AOI221_X1 | 0.097 | uut/n875                       |       SPEF |   4.503 | 0.000 |   4.136 | 
     | uut/U3059                      | B1 v -> ZN ^ | AOI221_X1 | 0.168 | uut/n4742                      |            |   1.922 | 0.314 |   4.450 | 
     | uut/U3058                      |              | INV_X1    | 0.168 | uut/n4742                      |       SPEF |   1.922 | 0.000 |   4.450 | 
     | uut/U3058                      | A ^ -> ZN v  | INV_X1    | 0.036 | uut/n4741                      |            |   1.623 | 0.041 |   4.492 | 
     | uut/U3057                      |              | AOI221_X1 | 0.036 | uut/n4741                      |       SPEF |   1.623 | 0.000 |   4.492 | 
     | uut/U3057                      | A v -> ZN ^  | AOI221_X1 | 0.188 | uut/n4729                      |            |   2.631 | 0.313 |   4.805 | 
     | uut/U3045                      |              | OAI221_X1 | 0.188 | uut/n4729                      |       SPEF |   2.631 | 0.000 |   4.805 | 
     | uut/U3045                      | C1 ^ -> ZN v | OAI221_X1 | 0.063 | uut/n4717                      |            |   1.868 | 0.118 |   4.923 | 
     | uut/U10775                     |              | NOR4_X1   | 0.063 | uut/n4717                      |       SPEF |   1.868 | 0.000 |   4.923 | 
     | uut/U10775                     | A1 v -> ZN ^ | NOR4_X1   | 0.184 | uut/n4716                      |            |   2.144 | 0.219 |   5.142 | 
     | uut/U3032                      |              | NAND4_X1  | 0.184 | uut/n4716                      |       SPEF |   2.144 | 0.000 |   5.142 | 
     | uut/U3032                      | A1 ^ -> ZN v | NAND4_X1  | 0.076 | uut/n10675                     |            |   2.464 | 0.129 |   5.271 | 
     | uut/sub_reg[107]               |              | DFF_X1    | 0.076 | uut/n10675                     |       SPEF |   2.464 | 0.000 |   5.271 | 
     +---------------------------------------------------------------------------------------------------------------------------------------------+ 
Path 8: MET Setup Check with Pin uut/sub_reg[3]/CK 
Endpoint:   uut/sub_reg[3]/D          (v) checked with  leading edge of 'CLK'
Beginpoint: uut/roundCounter_reg[0]/Q (^) triggered by  leading edge of 'CLK'
Path Groups: {CLK}
Analysis View: aes_av
Other End Arrival Time          0.000
- Setup                         0.190
+ Phase Shift                   5.700
= Required Time                 5.510
- Arrival Time                  5.261
= Slack Time                    0.248
     Clock Rise Edge                 0.000
     + Clock Network Latency (Ideal) 0.000
     = Beginpoint Arrival Time       0.000
     +---------------------------------------------------------------------------------------------------------------------------------------+ 
     |          Instance           |     Arc      |   Cell    |  Slew |             Net             |    Arc     |  Load   | Delay | Arrival | 
     |                             |              |           |       |                             | Annotation |         |       |  Time   | 
     |-----------------------------+--------------+-----------+-------+-----------------------------+------------+---------+-------+---------| 
     | uut/roundCounter_reg[0]     | CK ^         |           | 0.000 | clock                       |            | 868.245 |       |   0.000 | 
     | uut/roundCounter_reg[0]     | CK ^ -> Q ^  | DFF_X1    | 0.109 | uut/roundCounter[0]         |            |  12.318 | 0.378 |   0.378 | 
     | uut/U11009                  |              | NOR2_X4   | 0.109 | uut/roundCounter[0]         |       SPEF |  12.318 | 0.000 |   0.378 | 
     | uut/U11009                  | A1 ^ -> ZN v | NOR2_X4   | 0.034 | uut/n7289                   |            |  19.591 | 0.063 |   0.441 | 
     | uut/U10980                  |              | INV_X2    | 0.034 | uut/n7289                   |       SPEF |  19.591 | 0.001 |   0.442 | 
     | uut/U10980                  | A v -> ZN ^  | INV_X2    | 0.159 | uut/n38                     |            |  36.654 | 0.190 |   0.633 | 
     | uut/U10979                  |              | NOR2_X2   | 0.159 | uut/n38                     |       SPEF |  36.654 | 0.002 |   0.635 | 
     | uut/U10979                  | A2 ^ -> ZN v | NOR2_X2   | 0.049 | uut/n9405                   |            |  14.482 | 0.094 |   0.728 | 
     | uut/U11054                  |              | INV_X8    | 0.049 | uut/n9405                   |       SPEF |  14.482 | 0.001 |   0.730 | 
     | uut/U11054                  | A v -> ZN ^  | INV_X8    | 0.124 | uut/n11194                  |            | 107.675 | 0.145 |   0.875 | 
     | uut/U2426                   |              | AND2_X2   | 0.124 | uut/n11194                  |       SPEF | 107.675 | 0.000 |   0.875 | 
     | uut/U2426                   | A2 ^ -> ZN ^ | AND2_X2   | 0.248 | uut/n29                     |            |  57.713 | 0.358 |   1.233 | 
     | uut/FE_OFC52_n29            |              | BUF_X4    | 0.248 | uut/n29                     |       SPEF |  57.713 | 0.011 |   1.244 | 
     | uut/FE_OFC52_n29            | A ^ -> Z ^   | BUF_X4    | 0.259 | uut/FE_OFN52_n29            |            | 117.479 | 0.337 |   1.581 | 
     | uut/U2427                   |              | INV_X8    | 0.260 | uut/FE_OFN52_n29            |       SPEF | 117.479 | 0.027 |   1.608 | 
     | uut/U2427                   | A ^ -> ZN v  | INV_X8    | 0.097 | uut/n9407                   |            | 126.486 | 0.130 |   1.738 | 
     | uut/U10397                  |              | OAI222_X1 | 0.109 | uut/n9407                   |       SPEF | 126.486 | 0.049 |   1.787 | 
     | uut/U10397                  | B2 v -> ZN ^ | OAI222_X1 | 0.166 | uut/n10213                  |            |   1.831 | 0.220 |   2.007 | 
     | uut/U10396                  |              | INV_X1    | 0.166 | uut/n10213                  |       SPEF |   1.831 | 0.000 |   2.007 | 
     | uut/U10396                  | A ^ -> ZN v  | INV_X1    | 0.036 | uut/n10210                  |            |   1.626 | 0.041 |   2.049 | 
     | uut/U10570                  |              | OAI22_X1  | 0.036 | uut/n10210                  |       SPEF |   1.626 | 0.000 |   2.049 | 
     | uut/U10570                  | A1 v -> ZN ^ | OAI22_X1  | 0.301 | uut/FE_OFN77_cipherBuffer_1 |            |  12.176 | 0.312 |   2.361 | 
     | uut/FE_OFC77_cipherBuffer_1 |              | BUF_X1    | 0.301 | uut/FE_OFN77_cipherBuffer_1 |       SPEF |  12.176 | 0.001 |   2.362 | 
     | uut/FE_OFC77_cipherBuffer_1 | A ^ -> Z ^   | BUF_X1    | 0.317 | cipherBuffer[1]             |            |  37.748 | 0.439 |   2.802 | 
     | uut/U4663                   |              | AND2_X2   | 0.317 | cipherBuffer[1]             |       SPEF |  37.748 | 0.003 |   2.805 | 
     | uut/U4663                   | A1 ^ -> ZN ^ | AND2_X2   | 0.266 | uut/n10887                  |            |  61.818 | 0.415 |   3.220 | 
     | uut/U6202                   |              | INV_X1    | 0.266 | uut/n10887                  |       SPEF |  61.818 | 0.011 |   3.231 | 
     | uut/U6202                   | A ^ -> ZN v  | INV_X1    | 0.109 | uut/n11119                  |            |  32.236 | 0.225 |   3.456 | 
     | uut/U5844                   |              | NAND2_X1  | 0.109 | uut/n11119                  |       SPEF |  32.236 | 0.000 |   3.457 | 
     | uut/U5844                   | A1 v -> ZN ^ | NAND2_X1  | 0.347 | uut/n1082                   |            |  40.451 | 0.428 |   3.885 | 
     | uut/U10335                  |              | INV_X2    | 0.347 | uut/n1082                   |       SPEF |  40.451 | 0.000 |   3.885 | 
     | uut/U10335                  | A ^ -> ZN v  | INV_X2    | 0.105 | uut/n959                    |            |  33.655 | 0.182 |   4.066 | 
     | uut/U609                    |              | AOI221_X1 | 0.105 | uut/n959                    |       SPEF |  33.655 | 0.002 |   4.068 | 
     | uut/U609                    | C1 v -> ZN ^ | AOI221_X1 | 0.176 | uut/n1620                   |            |   2.189 | 0.231 |   4.299 | 
     | uut/U608                    |              | OAI221_X1 | 0.176 | uut/n1620                   |       SPEF |   2.189 | 0.000 |   4.299 | 
     | uut/U608                    | A ^ -> ZN v  | OAI221_X1 | 0.077 | uut/n1614                   |            |   2.557 | 0.147 |   4.446 | 
     | uut/U605                    |              | AOI222_X1 | 0.077 | uut/n1614                   |       SPEF |   2.557 | 0.000 |   4.447 | 
     | uut/U605                    | A2 v -> ZN ^ | AOI222_X1 | 0.189 | uut/n1613                   |            |   1.943 | 0.266 |   4.713 | 
     | uut/U604                    |              | OAI221_X1 | 0.189 | uut/n1613                   |       SPEF |   1.943 | 0.000 |   4.713 | 
     | uut/U604                    | A ^ -> ZN v  | OAI221_X1 | 0.061 | uut/n1588                   |            |   3.118 | 0.157 |   4.870 | 
     | uut/U10556                  |              | NOR4_X1   | 0.061 | uut/n1588                   |       SPEF |   3.118 | 0.000 |   4.870 | 
     | uut/U10556                  | A1 v -> ZN ^ | NOR4_X1   | 0.209 | uut/n1587                   |            |   2.769 | 0.247 |   5.117 | 
     | uut/U591                    |              | NAND4_X1  | 0.209 | uut/n1587                   |       SPEF |   2.769 | 0.000 |   5.117 | 
     | uut/U591                    | A4 ^ -> ZN v | NAND4_X1  | 0.080 | uut/n10621                  |            |   2.841 | 0.144 |   5.261 | 
     | uut/sub_reg[3]              |              | DFF_X1    | 0.080 | uut/n10621                  |       SPEF |   2.841 | 0.000 |   5.261 | 
     +---------------------------------------------------------------------------------------------------------------------------------------+ 
Path 9: MET Setup Check with Pin uut/sub_reg[125]/CK 
Endpoint:   uut/sub_reg[125]/D        (v) checked with  leading edge of 'CLK'
Beginpoint: uut/roundCounter_reg[3]/Q (^) triggered by  leading edge of 'CLK'
Path Groups: {CLK}
Analysis View: aes_av
Other End Arrival Time          0.000
- Setup                         0.178
+ Phase Shift                   5.700
= Required Time                 5.522
- Arrival Time                  5.274
= Slack Time                    0.249
     Clock Rise Edge                 0.000
     + Clock Network Latency (Ideal) 0.000
     = Beginpoint Arrival Time       0.000
     +---------------------------------------------------------------------------------------------------------------------------------------------+ 
     |            Instance            |     Arc      |   Cell    |  Slew |              Net               |    Arc     |  Load   | Delay | Arrival | 
     |                                |              |           |       |                                | Annotation |         |       |  Time   | 
     |--------------------------------+--------------+-----------+-------+--------------------------------+------------+---------+-------+---------| 
     | uut/roundCounter_reg[3]        | CK ^         |           | 0.000 | clock                          |            | 868.245 |       |   0.000 | 
     | uut/roundCounter_reg[3]        | CK ^ -> Q ^  | DFF_X1    | 0.111 | uut/roundCounter[3]            |            |  12.540 | 0.380 |   0.380 | 
     | uut/U11016                     |              | NAND2_X1  | 0.111 | uut/roundCounter[3]            |       SPEF |  12.540 | 0.000 |   0.380 | 
     | uut/U11016                     | A1 ^ -> ZN v | NAND2_X1  | 0.045 | uut/n7897                      |            |   4.980 | 0.088 |   0.467 | 
     | uut/U2417                      |              | NOR3_X1   | 0.045 | uut/n7897                      |       SPEF |   4.980 | 0.000 |   0.468 | 
     | uut/U2417                      | A1 v -> ZN ^ | NOR3_X1   | 0.123 | uut/n9455                      |            |   2.363 | 0.160 |   0.628 | 
     | uut/FE_OFC86_n9455             |              | BUF_X2    | 0.123 | uut/n9455                      |       SPEF |   2.363 | 0.000 |   0.628 | 
     | uut/FE_OFC86_n9455             | A ^ -> Z ^   | BUF_X2    | 0.207 | uut/FE_OFN38_n9455             |            |  47.907 | 0.286 |   0.914 | 
     | uut/FE_OFC88_n9455             |              | INV_X1    | 0.207 | uut/FE_OFN38_n9455             |       SPEF |  47.907 | 0.006 |   0.920 | 
     | uut/FE_OFC88_n9455             | A ^ -> ZN v  | INV_X1    | 0.076 | uut/FE_OFN45_n39               |            |  17.743 | 0.147 |   1.066 | 
     | uut/U2426                      |              | AND2_X2   | 0.076 | uut/FE_OFN45_n39               |       SPEF |  17.743 | 0.003 |   1.069 | 
     | uut/U2426                      | A1 v -> ZN v | AND2_X2   | 0.065 | uut/n29                        |            |  52.125 | 0.191 |   1.260 | 
     | uut/FE_OFC52_n29               |              | BUF_X4    | 0.066 | uut/n29                        |       SPEF |  52.125 | 0.010 |   1.270 | 
     | uut/FE_OFC52_n29               | A v -> Z v   | BUF_X4    | 0.065 | uut/FE_OFN52_n29               |            | 105.573 | 0.158 |   1.428 | 
     | uut/U2427                      |              | INV_X8    | 0.071 | uut/FE_OFN52_n29               |       SPEF | 105.573 | 0.024 |   1.452 | 
     | uut/U2427                      | A v -> ZN ^  | INV_X8    | 0.160 | uut/n9407                      |            | 139.493 | 0.178 |   1.630 | 
     | uut/FE_OFC56_n9407             |              | CLKBUF_X3 | 0.165 | uut/n9407                      |       SPEF | 139.493 | 0.022 |   1.652 | 
     | uut/FE_OFC56_n9407             | A ^ -> Z ^   | CLKBUF_X3 | 0.331 | uut/FE_OFN56_n9407             |            | 115.020 | 0.447 |   2.099 | 
     | uut/U10584                     |              | OAI222_X1 | 0.333 | uut/FE_OFN56_n9407             |       SPEF | 115.020 | 0.037 |   2.136 | 
     | uut/U10584                     | B2 ^ -> ZN v | OAI222_X1 | 0.074 | uut/n10343                     |            |   1.703 | 0.198 |   2.333 | 
     | uut/U10583                     |              | INV_X1    | 0.074 | uut/n10343                     |       SPEF |   1.703 | 0.000 |   2.333 | 
     | uut/U10583                     | A v -> ZN ^  | INV_X1    | 0.033 | uut/n10340                     |            |   1.871 | 0.072 |   2.405 | 
     | uut/U1103                      |              | OAI22_X1  | 0.033 | uut/n10340                     |       SPEF |   1.871 | 0.000 |   2.405 | 
     | uut/U1103                      | A1 ^ -> ZN v | OAI22_X1  | 0.040 | uut/FE_OFN61_cipherBuffer_121  |            |   1.433 | 0.044 |   2.449 | 
     | uut/FE_OFC61_cipherBuffer_121  |              | CLKBUF_X2 | 0.040 | uut/FE_OFN61_cipherBuffer_121  |       SPEF |   1.433 | 0.000 |   2.449 | 
     | uut/FE_OFC61_cipherBuffer_121  | A v -> Z v   | CLKBUF_X2 | 0.111 | cipherBuffer[121]              |            |  45.565 | 0.211 |   2.660 | 
     | uut/FE_DBTC55_cipherBuffer_121 |              | INV_X1    | 0.111 | cipherBuffer[121]              |       SPEF |  45.565 | 0.003 |   2.663 | 
     | uut/FE_DBTC55_cipherBuffer_121 | A v -> ZN ^  | INV_X1    | 0.328 | uut/FE_DBTN55_cipherBuffer_121 |            |  39.467 | 0.414 |   3.077 | 
     | uut/U10956                     |              | NAND2_X1  | 0.328 | uut/FE_DBTN55_cipherBuffer_121 |       SPEF |  39.467 | 0.003 |   3.080 | 
     | uut/U10956                     | A2 ^ -> ZN v | NAND2_X1  | 0.146 | uut/n6855                      |            |  28.214 | 0.300 |   3.380 | 
     | uut/U10744                     |              | NAND2_X1  | 0.146 | uut/n6855                      |       SPEF |  28.214 | 0.000 |   3.380 | 
     | uut/U10744                     | A1 v -> ZN ^ | NAND2_X1  | 0.311 | uut/n6869                      |            |  36.057 | 0.412 |   3.793 | 
     | uut/U10743                     |              | INV_X1    | 0.311 | uut/n6869                      |       SPEF |  36.057 | 0.001 |   3.794 | 
     | uut/U10743                     | A ^ -> ZN v  | INV_X1    | 0.119 | uut/n6852                      |            |  30.607 | 0.234 |   4.028 | 
     | uut/U6964                      |              | AOI22_X1  | 0.119 | uut/n6852                      |       SPEF |  30.607 | 0.001 |   4.028 | 
     | uut/U6964                      | B2 v -> ZN ^ | AOI22_X1  | 0.177 | uut/n7011                      |            |   6.401 | 0.315 |   4.344 | 
     | uut/U6849                      |              | OAI21_X1  | 0.177 | uut/n7011                      |       SPEF |   6.401 | 0.001 |   4.344 | 
     | uut/U6849                      | A ^ -> ZN v  | OAI21_X1  | 0.054 | uut/n7004                      |            |   1.004 | 0.090 |   4.435 | 
     | uut/U10405                     |              | AND2_X1   | 0.054 | uut/n7004                      |       SPEF |   1.004 | 0.000 |   4.435 | 
     | uut/U10405                     | A1 v -> ZN v | AND2_X1   | 0.018 | uut/n11138                     |            |   1.697 | 0.115 |   4.549 | 
     | uut/U10410                     |              | NOR3_X1   | 0.018 | uut/n11138                     |       SPEF |   1.697 | 0.000 |   4.549 | 
     | uut/U10410                     | A1 v -> ZN ^ | NOR3_X1   | 0.137 | uut/n6991                      |            |   2.877 | 0.167 |   4.716 | 
     | uut/U6840                      |              | OAI222_X1 | 0.137 | uut/n6991                      |       SPEF |   2.877 | 0.000 |   4.717 | 
     | uut/U6840                      | A1 ^ -> ZN v | OAI222_X1 | 0.054 | uut/n6990                      |            |   1.982 | 0.119 |   4.836 | 
     | uut/U10411                     |              | AOI221_X1 | 0.054 | uut/n6990                      |       SPEF |   1.982 | 0.000 |   4.836 | 
     | uut/U10411                     | A v -> ZN ^  | AOI221_X1 | 0.228 | uut/n6937                      |            |   4.109 | 0.367 |   5.203 | 
     | uut/U10395                     |              | NAND2_X1  | 0.228 | uut/n6937                      |       SPEF |   4.109 | 0.000 |   5.203 | 
     | uut/U10395                     | A1 ^ -> ZN v | NAND2_X1  | 0.056 | uut/n10725                     |            |   1.632 | 0.070 |   5.274 | 
     | uut/sub_reg[125]               |              | DFF_X1    | 0.056 | uut/n10725                     |       SPEF |   1.632 | 0.000 |   5.274 | 
     +---------------------------------------------------------------------------------------------------------------------------------------------+ 
Path 10: MET Setup Check with Pin uut/sub_reg[84]/CK 
Endpoint:   uut/sub_reg[84]/D         (v) checked with  leading edge of 'CLK'
Beginpoint: uut/roundCounter_reg[1]/Q (v) triggered by  leading edge of 'CLK'
Path Groups: {CLK}
Analysis View: aes_av
Other End Arrival Time          0.000
- Setup                         0.183
+ Phase Shift                   5.700
= Required Time                 5.517
- Arrival Time                  5.252
= Slack Time                    0.266
     Clock Rise Edge                 0.000
     + Clock Network Latency (Ideal) 0.000
     = Beginpoint Arrival Time       0.000
     +---------------------------------------------------------------------------------------------------------------------------+ 
     |        Instance         |     Arc      |   Cell    |  Slew |         Net         |    Arc     |  Load   | Delay | Arrival | 
     |                         |              |           |       |                     | Annotation |         |       |  Time   | 
     |-------------------------+--------------+-----------+-------+---------------------+------------+---------+-------+---------| 
     | uut/roundCounter_reg[1] | CK ^         |           | 0.000 | clock               |            | 868.245 |       |   0.000 | 
     | uut/roundCounter_reg[1] | CK ^ -> Q v  | DFF_X1    | 0.036 | uut/roundCounter[1] |            |  11.007 | 0.272 |   0.272 | 
     | uut/U11009              |              | NOR2_X4   | 0.036 | uut/roundCounter[1] |       SPEF |  11.007 | 0.000 |   0.272 | 
     | uut/U11009              | A2 v -> ZN ^ | NOR2_X4   | 0.124 | uut/n7289           |            |  21.486 | 0.184 |   0.456 | 
     | uut/U10980              |              | INV_X2    | 0.124 | uut/n7289           |       SPEF |  21.486 | 0.002 |   0.457 | 
     | uut/U10980              | A ^ -> ZN v  | INV_X2    | 0.055 | uut/n38             |            |  34.482 | 0.113 |   0.571 | 
     | uut/U10979              |              | NOR2_X2   | 0.055 | uut/n38             |       SPEF |  34.482 | 0.002 |   0.573 | 
     | uut/U10979              | A2 v -> ZN ^ | NOR2_X2   | 0.169 | uut/n9405           |            |  15.863 | 0.244 |   0.817 | 
     | uut/FE_OFC35_n9405      |              | CLKBUF_X3 | 0.169 | uut/n9405           |       SPEF |  15.863 | 0.001 |   0.818 | 
     | uut/FE_OFC35_n9405      | A ^ -> Z ^   | CLKBUF_X3 | 0.306 | uut/FE_OFN35_n9405  |            | 106.760 | 0.430 |   1.248 | 
     | uut/FE_OFC36_n9405      |              | CLKBUF_X2 | 0.306 | uut/FE_OFN35_n9405  |       SPEF | 106.760 | 0.005 |   1.252 | 
     | uut/FE_OFC36_n9405      | A ^ -> Z ^   | CLKBUF_X2 | 0.341 | uut/FE_OFN36_n9405  |            |  81.179 | 0.498 |   1.750 | 
     | uut/FE_OFC37_n9405      |              | CLKBUF_X2 | 0.342 | uut/FE_OFN36_n9405  |       SPEF |  81.179 | 0.010 |   1.760 | 
     | uut/FE_OFC37_n9405      | A ^ -> Z ^   | CLKBUF_X2 | 0.337 | uut/FE_OFN37_n9405  |            |  79.437 | 0.495 |   2.256 | 
     | uut/U10619              |              | AOI22_X1  | 0.337 | uut/FE_OFN37_n9405  |       SPEF |  79.437 | 0.018 |   2.273 | 
     | uut/U10619              | B1 ^ -> ZN v | AOI22_X1  | 0.090 | uut/n9605           |            |   1.631 | 0.122 |   2.395 | 
     | uut/U9574               |              | INV_X1    | 0.090 | uut/n9605           |       SPEF |   1.631 | 0.000 |   2.395 | 
     | uut/U9574               | A v -> ZN ^  | INV_X1    | 0.064 | uut/n9604           |            |   6.448 | 0.124 |   2.519 | 
     | uut/U11006              |              | OAI22_X4  | 0.064 | uut/n9604           |       SPEF |   6.448 | 0.000 |   2.519 | 
     | uut/U11006              | B2 ^ -> ZN v | OAI22_X4  | 0.100 | uut/n2364           |            |  58.330 | 0.128 |   2.648 | 
     | uut/U10864              |              | INV_X1    | 0.101 | uut/n2364           |       SPEF |  58.330 | 0.013 |   2.660 | 
     | uut/U10864              | A v -> ZN ^  | INV_X1    | 0.353 | cipherBuffer[80]    |            |  42.348 | 0.433 |   3.094 | 
     | uut/U10639              |              | NAND2_X1  | 0.353 | cipherBuffer[80]    |       SPEF |  42.348 | 0.000 |   3.094 | 
     | uut/U10639              | A1 ^ -> ZN v | NAND2_X1  | 0.184 | uut/n3661           |            |  32.663 | 0.352 |   3.446 | 
     | uut/U5127               |              | NAND2_X1  | 0.184 | uut/n3661           |       SPEF |  32.663 | 0.003 |   3.449 | 
     | uut/U5127               | A1 v -> ZN ^ | NAND2_X1  | 0.350 | uut/n2315           |            |  40.763 | 0.475 |   3.925 | 
     | uut/FE_DBTC14_n2315     |              | INV_X1    | 0.350 | uut/n2315           |       SPEF |  40.763 | 0.000 |   3.925 | 
     | uut/FE_DBTC14_n2315     | A ^ -> ZN v  | INV_X1    | 0.130 | uut/FE_DBTN14_n2315 |            |  31.620 | 0.254 |   4.179 | 
     | uut/U6585               |              | NAND2_X1  | 0.130 | uut/FE_DBTN14_n2315 |       SPEF |  31.620 | 0.001 |   4.180 | 
     | uut/U6585               | A2 v -> ZN ^ | NAND2_X1  | 0.072 | uut/n2334           |            |   5.575 | 0.154 |   4.334 | 
     | uut/U1027               |              | NAND4_X1  | 0.072 | uut/n2334           |       SPEF |   5.575 | 0.000 |   4.334 | 
     | uut/U1027               | A1 ^ -> ZN v | NAND4_X1  | 0.057 | uut/n2332           |            |   2.663 | 0.094 |   4.428 | 
     | uut/U1026               |              | AOI221_X1 | 0.057 | uut/n2332           |       SPEF |   2.663 | 0.000 |   4.428 | 
     | uut/U1026               | C2 v -> ZN ^ | AOI221_X1 | 0.220 | uut/n2329           |            |   3.744 | 0.290 |   4.718 | 
     | uut/U1025               |              | NAND2_X1  | 0.220 | uut/n2329           |       SPEF |   3.744 | 0.000 |   4.718 | 
     | uut/U1025               | A2 ^ -> ZN v | NAND2_X1  | 0.047 | uut/n2319           |            |   1.733 | 0.082 |   4.801 | 
     | uut/U1022               |              | AOI211_X1 | 0.047 | uut/n2319           |       SPEF |   1.733 | 0.000 |   4.801 | 
     | uut/U1022               | C2 v -> ZN ^ | AOI211_X1 | 0.249 | uut/n2281           |            |   5.482 | 0.305 |   5.105 | 
     | uut/U1010               |              | NAND4_X1  | 0.249 | uut/n2281           |       SPEF |   5.482 | 0.001 |   5.106 | 
     | uut/U1010               | A3 ^ -> ZN v | NAND4_X1  | 0.065 | uut/n10632          |            |   1.893 | 0.146 |   5.252 | 
     | uut/sub_reg[84]         |              | DFF_X1    | 0.065 | uut/n10632          |       SPEF |   1.893 | 0.000 |   5.252 | 
     +---------------------------------------------------------------------------------------------------------------------------+ 

